[1.094s] Invoking command in 'C:\dev\ros2_ws\build\examples_rclcpp_minimal_client': C:\Python38\Scripts\cmake.EXE C:\dev\ros2_ws\src\examples\rclcpp\services\minimal_client -DCMAKE_INSTALL_PREFIX=C:\dev\ros2_ws\install -G Visual Studio 17 2022
[5.813s] -- Selecting Windows SDK version 10.0.19041.0 to target Windows 10.0.22000.
[5.813s] -- The C compiler identification is MSVC 19.30.30705.0
[7.360s] -- The CXX compiler identification is MSVC 19.30.30705.0
[7.360s] -- Detecting C compiler ABI info
[8.985s] -- Detecting C compiler ABI info - done
[9.032s] -- Check for working C compiler: C:/Program Files/Microsoft Visual Studio/2022/Community/VC/Tools/MSVC/14.30.30705/bin/Hostx64/x64/cl.exe - skipped
[9.032s] -- Detecting C compile features
[9.047s] -- Detecting C compile features - done
[9.063s] -- Detecting CXX compiler ABI info
[11.407s] -- Detecting CXX compiler ABI info - done
[11.454s] -- Check for working CXX compiler: C:/Program Files/Microsoft Visual Studio/2022/Community/VC/Tools/MSVC/14.30.30705/bin/Hostx64/x64/cl.exe - skipped
[11.469s] -- Detecting CXX compile features
[11.469s] -- Detecting CXX compile features - done
[11.500s] -- Found ament_cmake: 1.3.3 (C:/dev/ros2/ros2-windows/share/ament_cmake/cmake)
[18.657s] -- Found Python3: C:/Python38/python.exe (found version "3.8.3") found components: Interpreter 
[19.235s] -- Found example_interfaces: 0.9.3 (C:/dev/ros2/ros2-windows/share/example_interfaces/cmake)
[20.750s] -- Found rosidl_generator_c: 3.1.4 (C:/dev/ros2/ros2-windows/share/rosidl_generator_c/cmake)
[20.922s] -- Found rosidl_adapter: 3.1.4 (C:/dev/ros2/ros2-windows/share/rosidl_adapter/cmake)
[21.532s] -- Found rosidl_generator_cpp: 3.1.4 (C:/dev/ros2/ros2-windows/share/rosidl_generator_cpp/cmake)
[21.954s] -- Using all available rosidl_typesupport_c: rosidl_typesupport_fastrtps_c;rosidl_typesupport_introspection_c
[22.657s] -- Using all available rosidl_typesupport_cpp: rosidl_typesupport_fastrtps_cpp;rosidl_typesupport_introspection_cpp
[23.735s] -- Found rclcpp: 16.0.3 (C:/dev/ros2/ros2-windows/share/rclcpp/cmake)
[24.110s] -- Found rmw_implementation_cmake: 6.1.1 (C:/dev/ros2/ros2-windows/share/rmw_implementation_cmake/cmake)
[24.125s] -- Found rmw_fastrtps_cpp: 6.2.2 (C:/dev/ros2/ros2-windows/share/rmw_fastrtps_cpp/cmake)
[24.829s] -- Found FastRTPS: C:/dev/ros2/ros2-windows/include  
[24.938s] -- Using RMW implementation 'rmw_fastrtps_cpp' as default
[25.204s] -- Performing Test CMAKE_HAVE_LIBC_PTHREAD
[27.047s] -- Performing Test CMAKE_HAVE_LIBC_PTHREAD - Failed
[27.047s] -- Looking for pthread_create in pthreads
[29.204s] -- Looking for pthread_create in pthreads - not found
[29.204s] -- Looking for pthread_create in pthread
[31.469s] -- Looking for pthread_create in pthread - not found
[31.469s] -- Found Threads: TRUE  
[32.516s] -- Found ament_lint_auto: 0.12.5 (C:/dev/ros2/ros2-windows/share/ament_lint_auto/cmake)
[33.141s] -- Added test 'copyright' to check source files copyright and LICENSE
[33.157s] -- Added test 'cppcheck' to perform static code analysis on C / C++ code
[33.157s] -- Configured cppcheck include dirs: 
[33.157s] -- Configured cppcheck exclude dirs and/or files: 
[33.188s] -- Added test 'cpplint' to check C / C++ code against the Google style
[33.188s] -- Configured cpplint exclude dirs and/or files: 
[33.204s] -- Added test 'lint_cmake' to check CMake code style
[33.219s] -- Added test 'uncrustify' to check C / C++ code style
[33.219s] -- Configured uncrustify additional arguments: 
[33.235s] -- Added test 'xmllint' to check XML markup files
[33.313s] -- Configuring done (32.0s)
[34.579s] -- Generating done (1.2s)
[34.641s] -- Build files have been written to: C:/dev/ros2_ws/build/examples_rclcpp_minimal_client
[34.735s] Invoked command in 'C:\dev\ros2_ws\build\examples_rclcpp_minimal_client' returned '0': C:\Python38\Scripts\cmake.EXE C:\dev\ros2_ws\src\examples\rclcpp\services\minimal_client -DCMAKE_INSTALL_PREFIX=C:\dev\ros2_ws\install -G Visual Studio 17 2022
[34.735s] Invoking command in 'C:\dev\ros2_ws\build\examples_rclcpp_minimal_client': CL=/MP C:\Python38\Scripts\cmake.EXE --build C:\dev\ros2_ws\build\examples_rclcpp_minimal_client --config Release
[35.610s] Microsoft (R) Build Engine version 17.0.0+c9eb9dd64 for .NET Framework
[35.610s] Copyright (C) Microsoft Corporation. All rights reserved.
[35.610s] 
[36.407s]   Checking Build System
[36.875s]   Building Custom Rule C:/dev/ros2_ws/src/examples/rclcpp/services/minimal_client/CMakeLists.txt
[37.266s]   main.cpp
[52.375s]   client_main.vcxproj -> C:\dev\ros2_ws\build\examples_rclcpp_minimal_client\Release\client_main.exe
[52.563s]   Building Custom Rule C:/dev/ros2_ws/src/examples/rclcpp/services/minimal_client/CMakeLists.txt
[53.094s] Invoked command in 'C:\dev\ros2_ws\build\examples_rclcpp_minimal_client' returned '0': CL=/MP C:\Python38\Scripts\cmake.EXE --build C:\dev\ros2_ws\build\examples_rclcpp_minimal_client --config Release
[53.094s] Invoking command in 'C:\dev\ros2_ws\build\examples_rclcpp_minimal_client': C:\Python38\Scripts\cmake.EXE --install C:\dev\ros2_ws\build\examples_rclcpp_minimal_client --config Release
[53.766s] -- Installing: C:/dev/ros2_ws/install/lib/examples_rclcpp_minimal_client/client_main.exe
[53.766s] -- Installing: C:/dev/ros2_ws/install/share/ament_index/resource_index/package_run_dependencies/examples_rclcpp_minimal_client
[53.766s] -- Installing: C:/dev/ros2_ws/install/share/ament_index/resource_index/parent_prefix_path/examples_rclcpp_minimal_client
[53.766s] -- Installing: C:/dev/ros2_ws/install/share/examples_rclcpp_minimal_client/environment/ament_prefix_path.bat
[53.766s] -- Installing: C:/dev/ros2_ws/install/share/examples_rclcpp_minimal_client/environment/ament_prefix_path.dsv
[53.766s] -- Installing: C:/dev/ros2_ws/install/share/examples_rclcpp_minimal_client/environment/path.bat
[53.766s] -- Installing: C:/dev/ros2_ws/install/share/examples_rclcpp_minimal_client/environment/path.dsv
[53.766s] -- Installing: C:/dev/ros2_ws/install/share/examples_rclcpp_minimal_client/local_setup.bat
[53.766s] -- Installing: C:/dev/ros2_ws/install/share/examples_rclcpp_minimal_client/local_setup.dsv
[53.766s] -- Installing: C:/dev/ros2_ws/install/share/examples_rclcpp_minimal_client/package.dsv
[53.766s] -- Installing: C:/dev/ros2_ws/install/share/ament_index/resource_index/packages/examples_rclcpp_minimal_client
[53.766s] -- Installing: C:/dev/ros2_ws/install/share/examples_rclcpp_minimal_client/cmake/examples_rclcpp_minimal_clientConfig.cmake
[53.766s] -- Installing: C:/dev/ros2_ws/install/share/examples_rclcpp_minimal_client/cmake/examples_rclcpp_minimal_clientConfig-version.cmake
[53.766s] -- Installing: C:/dev/ros2_ws/install/share/examples_rclcpp_minimal_client/package.xml
[53.782s] Invoked command in 'C:\dev\ros2_ws\build\examples_rclcpp_minimal_client' returned '0': C:\Python38\Scripts\cmake.EXE --install C:\dev\ros2_ws\build\examples_rclcpp_minimal_client --config Release
