[0.094s] Invoking command in 'C:\dev\ros2_ws\build\my_package': C:\Program Files\CMake\bin\cmake.EXE C:\dev\ros2_ws\src\my_package -DCMAKE_INSTALL_PREFIX=C:\dev\ros2_ws\install
[0.125s] -- Selecting Windows SDK version 10.0.19041.0 to target Windows 10.0.22000.
[0.140s] -- Found ament_cmake: 1.3.3 (C:/dev/ros2/ros2-windows/share/ament_cmake/cmake)
[0.734s] -- Found ament_lint_auto: 0.12.5 (C:/dev/ros2/ros2-windows/share/ament_lint_auto/cmake)
[0.875s] Traceback (most recent call last):
[0.875s]   File "C:\dev\ros2\ros2-windows\share\ament_cmake_core\cmake\core\package_xml_2_cmake.py", line 22, in <module>
[0.875s]     from catkin_pkg.package import parse_package_string
[0.875s] ModuleNotFoundError: No module named 'catkin_pkg'
[0.875s] CMake Error at C:/dev/ros2/ros2-windows/share/ament_cmake_core/cmake/core/ament_package_xml.cmake:95 (message):
[0.875s]   execute_process(C:/Program
[0.875s]   Files/WindowsApps/PythonSoftwareFoundation.Python.3.10_3.10.2800.0_x64__qbz5n2kfra8p0/python3.10.exe
[0.875s]   C:/dev/ros2/ros2-windows/share/ament_cmake_core/cmake/core/package_xml_2_cmake.py
[0.875s]   C:/dev/ros2_ws/src/my_package/package.xml
[0.875s]   C:/dev/ros2_ws/build/my_package/ament_cmake_core/package.cmake) returned
[0.875s]   error code 1
[0.890s] Call Stack (most recent call first):
[0.890s]   C:/dev/ros2/ros2-windows/share/ament_cmake_core/cmake/core/ament_package_xml.cmake:49 (_ament_package_xml)
[0.890s]   C:/dev/ros2/ros2-windows/share/ament_lint_auto/cmake/ament_lint_auto_find_test_dependencies.cmake:31 (ament_package_xml)
[0.890s]   CMakeLists.txt:32 (ament_lint_auto_find_test_dependencies)
[0.890s] 
[0.890s] 
[0.890s] -- Configuring incomplete, errors occurred!
[0.890s] See also "C:/dev/ros2_ws/build/my_package/CMakeFiles/CMakeOutput.log".
[0.890s] Invoked command in 'C:\dev\ros2_ws\build\my_package' returned '1': C:\Program Files\CMake\bin\cmake.EXE C:\dev\ros2_ws\src\my_package -DCMAKE_INSTALL_PREFIX=C:\dev\ros2_ws\install
