[2.735s] Invoking command in 'C:\SET-BETA-Spring2023\ros2_ws\src\shoulder_mvmt': PYTHONPATH=C:\SET-BETA-Spring2023\ros2_ws\build\shoulder_mvmt\prefix_override;C:\SET-BETA-Spring2023\ros2_ws\install\Lib\site-packages;%PYTHONPATH% c:\python38\python.exe setup.py egg_info --egg-base ..\..\build\shoulder_mvmt build --build-base C:\SET-BETA-Spring2023\ros2_ws\build\shoulder_mvmt\build install --record C:\SET-BETA-Spring2023\ros2_ws\build\shoulder_mvmt\install.log --single-version-externally-managed
[3.360s] running egg_info
[3.360s] writing ..\..\build\shoulder_mvmt\shoulder_mvmt.egg-info\PKG-INFO
[3.360s] writing dependency_links to ..\..\build\shoulder_mvmt\shoulder_mvmt.egg-info\dependency_links.txt
[3.360s] writing entry points to ..\..\build\shoulder_mvmt\shoulder_mvmt.egg-info\entry_points.txt
[3.360s] writing requirements to ..\..\build\shoulder_mvmt\shoulder_mvmt.egg-info\requires.txt
[3.360s] writing top-level names to ..\..\build\shoulder_mvmt\shoulder_mvmt.egg-info\top_level.txt
[3.406s] reading manifest file '..\..\build\shoulder_mvmt\shoulder_mvmt.egg-info\SOURCES.txt'
[3.422s] writing manifest file '..\..\build\shoulder_mvmt\shoulder_mvmt.egg-info\SOURCES.txt'
[3.422s] running build
[3.422s] running build_py
[3.422s] copying shoulder_mvmt\shoulder_servos.py -> C:\SET-BETA-Spring2023\ros2_ws\build\shoulder_mvmt\build\lib\shoulder_mvmt
[3.438s] running install
[3.438s] running install_lib
[3.438s] copying C:\SET-BETA-Spring2023\ros2_ws\build\shoulder_mvmt\build\lib\shoulder_mvmt\shoulder_servos.py -> C:\SET-BETA-Spring2023\ros2_ws\install\Lib\site-packages\shoulder_mvmt
[3.438s] byte-compiling C:\SET-BETA-Spring2023\ros2_ws\install\Lib\site-packages\shoulder_mvmt\shoulder_servos.py to shoulder_servos.cpython-38.pyc
[3.438s] running install_data
[3.453s] copying package.xml -> C:\SET-BETA-Spring2023\ros2_ws\install\share\shoulder_mvmt
[3.453s] running install_egg_info
[3.453s] removing 'C:\SET-BETA-Spring2023\ros2_ws\install\Lib\site-packages\shoulder_mvmt-0.0.0-py3.8.egg-info' (and everything under it)
[3.453s] Copying ..\..\build\shoulder_mvmt\shoulder_mvmt.egg-info to C:\SET-BETA-Spring2023\ros2_ws\install\Lib\site-packages\shoulder_mvmt-0.0.0-py3.8.egg-info
[3.485s] running install_scripts
[3.531s] Installing shoulder_servos-script.py script to C:\SET-BETA-Spring2023\ros2_ws\install\lib\shoulder_mvmt
[3.531s] Installing shoulder_servos.exe script to C:\SET-BETA-Spring2023\ros2_ws\install\lib\shoulder_mvmt
[3.531s] writing list of installed files to 'C:\SET-BETA-Spring2023\ros2_ws\build\shoulder_mvmt\install.log'
[3.578s] Invoked command in 'C:\SET-BETA-Spring2023\ros2_ws\src\shoulder_mvmt' returned '0': PYTHONPATH=C:\SET-BETA-Spring2023\ros2_ws\build\shoulder_mvmt\prefix_override;C:\SET-BETA-Spring2023\ros2_ws\install\Lib\site-packages;%PYTHONPATH% c:\python38\python.exe setup.py egg_info --egg-base ..\..\build\shoulder_mvmt build --build-base C:\SET-BETA-Spring2023\ros2_ws\build\shoulder_mvmt\build install --record C:\SET-BETA-Spring2023\ros2_ws\build\shoulder_mvmt\install.log --single-version-externally-managed
