[2.969s] Invoking command in 'C:\SET-BETA-Spring2023\ros2_ws\src\publisher': PYTHONPATH=C:\SET-BETA-Spring2023\ros2_ws\build\publisher\prefix_override;C:\SET-BETA-Spring2023\ros2_ws\install\Lib\site-packages;%PYTHONPATH% c:\python38\python.exe setup.py egg_info --egg-base ..\..\build\publisher build --build-base C:\SET-BETA-Spring2023\ros2_ws\build\publisher\build install --record C:\SET-BETA-Spring2023\ros2_ws\build\publisher\install.log --single-version-externally-managed
[3.578s] running egg_info
[3.594s] creating ..\..\build\publisher\publisher.egg-info
[3.594s] writing ..\..\build\publisher\publisher.egg-info\PKG-INFO
[3.594s] writing dependency_links to ..\..\build\publisher\publisher.egg-info\dependency_links.txt
[3.594s] writing entry points to ..\..\build\publisher\publisher.egg-info\entry_points.txt
[3.594s] writing requirements to ..\..\build\publisher\publisher.egg-info\requires.txt
[3.594s] writing top-level names to ..\..\build\publisher\publisher.egg-info\top_level.txt
[3.594s] writing manifest file '..\..\build\publisher\publisher.egg-info\SOURCES.txt'
[3.640s] reading manifest file '..\..\build\publisher\publisher.egg-info\SOURCES.txt'
[3.640s] writing manifest file '..\..\build\publisher\publisher.egg-info\SOURCES.txt'
[3.640s] running build
[3.640s] running build_py
[3.640s] creating C:\SET-BETA-Spring2023\ros2_ws\build\publisher\build
[3.640s] creating C:\SET-BETA-Spring2023\ros2_ws\build\publisher\build\lib
[3.640s] creating C:\SET-BETA-Spring2023\ros2_ws\build\publisher\build\lib\publisher
[3.640s] copying publisher\publisher_function.py -> C:\SET-BETA-Spring2023\ros2_ws\build\publisher\build\lib\publisher
[3.656s] copying publisher\shoulder_servos.py -> C:\SET-BETA-Spring2023\ros2_ws\build\publisher\build\lib\publisher
[3.672s] copying publisher\subscriber.py -> C:\SET-BETA-Spring2023\ros2_ws\build\publisher\build\lib\publisher
[3.672s] copying publisher\__init__.py -> C:\SET-BETA-Spring2023\ros2_ws\build\publisher\build\lib\publisher
[3.672s] running install
[3.672s] running install_lib
[3.687s] creating C:\SET-BETA-Spring2023\ros2_ws\install\Lib\site-packages\publisher
[3.687s] copying C:\SET-BETA-Spring2023\ros2_ws\build\publisher\build\lib\publisher\publisher_function.py -> C:\SET-BETA-Spring2023\ros2_ws\install\Lib\site-packages\publisher
[3.687s] copying C:\SET-BETA-Spring2023\ros2_ws\build\publisher\build\lib\publisher\shoulder_servos.py -> C:\SET-BETA-Spring2023\ros2_ws\install\Lib\site-packages\publisher
[3.687s] copying C:\SET-BETA-Spring2023\ros2_ws\build\publisher\build\lib\publisher\subscriber.py -> C:\SET-BETA-Spring2023\ros2_ws\install\Lib\site-packages\publisher
[3.687s] copying C:\SET-BETA-Spring2023\ros2_ws\build\publisher\build\lib\publisher\__init__.py -> C:\SET-BETA-Spring2023\ros2_ws\install\Lib\site-packages\publisher
[3.687s] byte-compiling C:\SET-BETA-Spring2023\ros2_ws\install\Lib\site-packages\publisher\publisher_function.py to publisher_function.cpython-38.pyc
[3.703s] byte-compiling C:\SET-BETA-Spring2023\ros2_ws\install\Lib\site-packages\publisher\shoulder_servos.py to shoulder_servos.cpython-38.pyc
[3.703s] byte-compiling C:\SET-BETA-Spring2023\ros2_ws\install\Lib\site-packages\publisher\subscriber.py to subscriber.cpython-38.pyc
[3.703s] byte-compiling C:\SET-BETA-Spring2023\ros2_ws\install\Lib\site-packages\publisher\__init__.py to __init__.cpython-38.pyc
[3.703s] running install_data
[3.703s] copying resource\publisher -> C:\SET-BETA-Spring2023\ros2_ws\install\share\ament_index\resource_index\packages
[3.703s] copying package.xml -> C:\SET-BETA-Spring2023\ros2_ws\install\share\publisher
[3.719s] running install_egg_info
[3.719s] Copying ..\..\build\publisher\publisher.egg-info to C:\SET-BETA-Spring2023\ros2_ws\install\Lib\site-packages\publisher-0.0.0-py3.8.egg-info
[3.750s] running install_scripts
[3.797s] Installing listener-script.py script to C:\SET-BETA-Spring2023\ros2_ws\install\lib\publisher
[3.797s] Installing listener.exe script to C:\SET-BETA-Spring2023\ros2_ws\install\lib\publisher
[3.797s] Installing servos-script.py script to C:\SET-BETA-Spring2023\ros2_ws\install\lib\publisher
[3.797s] Installing servos.exe script to C:\SET-BETA-Spring2023\ros2_ws\install\lib\publisher
[3.797s] Installing talker-script.py script to C:\SET-BETA-Spring2023\ros2_ws\install\lib\publisher
[3.797s] Installing talker.exe script to C:\SET-BETA-Spring2023\ros2_ws\install\lib\publisher
[3.797s] writing list of installed files to 'C:\SET-BETA-Spring2023\ros2_ws\build\publisher\install.log'
[3.953s] Invoked command in 'C:\SET-BETA-Spring2023\ros2_ws\src\publisher' returned '0': PYTHONPATH=C:\SET-BETA-Spring2023\ros2_ws\build\publisher\prefix_override;C:\SET-BETA-Spring2023\ros2_ws\install\Lib\site-packages;%PYTHONPATH% c:\python38\python.exe setup.py egg_info --egg-base ..\..\build\publisher build --build-base C:\SET-BETA-Spring2023\ros2_ws\build\publisher\build install --record C:\SET-BETA-Spring2023\ros2_ws\build\publisher\install.log --single-version-externally-managed
