-- Selecting Windows SDK version 10.0.19041.0 to target Windows 10.0.22000.
-- Found ament_cmake: 1.3.3 (C:/dev/ros2/ros2-windows/share/ament_cmake/cmake)
-- Found Python3: C:/Python38/python.exe (found version "3.8.3") found components: Interpreter 
-- Found ament_lint_auto: 0.12.5 (C:/dev/ros2/ros2-windows/share/ament_lint_auto/cmake)
-- Added test 'cppcheck' to perform static code analysis on C / C++ code
-- Configured cppcheck include dirs: $<BUILD_INTERFACE:C:/dev/ros2_ws/src/my_package/include>
-- Configured cppcheck exclude dirs and/or files: 
-- Added test 'lint_cmake' to check CMake code style
-- Added test 'uncrustify' to check C / C++ code style
-- Configured uncrustify additional arguments: 
-- Added test 'xmllint' to check XML markup files
-- Configuring done (8.8s)
-- Generating done (0.1s)
-- Build files have been written to: C:/dev/ros2_ws/build/my_package
Microsoft (R) Build Engine version 17.0.0+c9eb9dd64 for .NET Framework
Copyright (C) Microsoft Corporation. All rights reserved.

  Checking Build System
  Building Custom Rule C:/dev/ros2_ws/src/my_package/CMakeLists.txt
  my_node.cpp
  my_node.vcxproj -> C:\dev\ros2_ws\build\my_package\Release\my_node.exe
  Building Custom Rule C:/dev/ros2_ws/src/my_package/CMakeLists.txt
-- Installing: C:/dev/ros2_ws/install/lib/my_package/my_node.exe
-- Installing: C:/dev/ros2_ws/install/share/ament_index/resource_index/package_run_dependencies/my_package
-- Installing: C:/dev/ros2_ws/install/share/ament_index/resource_index/parent_prefix_path/my_package
-- Installing: C:/dev/ros2_ws/install/share/my_package/environment/ament_prefix_path.bat
-- Installing: C:/dev/ros2_ws/install/share/my_package/environment/ament_prefix_path.dsv
-- Installing: C:/dev/ros2_ws/install/share/my_package/environment/path.bat
-- Installing: C:/dev/ros2_ws/install/share/my_package/environment/path.dsv
-- Installing: C:/dev/ros2_ws/install/share/my_package/local_setup.bat
-- Installing: C:/dev/ros2_ws/install/share/my_package/local_setup.dsv
-- Installing: C:/dev/ros2_ws/install/share/my_package/package.dsv
-- Installing: C:/dev/ros2_ws/install/share/ament_index/resource_index/packages/my_package
-- Installing: C:/dev/ros2_ws/install/share/my_package/cmake/my_packageConfig.cmake
-- Installing: C:/dev/ros2_ws/install/share/my_package/cmake/my_packageConfig-version.cmake
-- Installing: C:/dev/ros2_ws/install/share/my_package/package.xml
