[1.750s] Invoking command in 'C:\dev\ros2_ws\build\my_package': C:\Python38\Scripts\cmake.EXE C:\dev\ros2_ws\src\my_package -DCMAKE_INSTALL_PREFIX=C:\dev\ros2_ws\install
[1.891s] -- Selecting Windows SDK version 10.0.19041.0 to target Windows 10.0.22000.
[1.922s] -- Found ament_cmake: 1.3.3 (C:/dev/ros2/ros2-windows/share/ament_cmake/cmake)
[9.828s] -- Found Python3: C:/Python38/python.exe (found version "3.8.3") found components: Interpreter 
[10.188s] -- Found ament_lint_auto: 0.12.5 (C:/dev/ros2/ros2-windows/share/ament_lint_auto/cmake)
[10.594s] -- Added test 'cppcheck' to perform static code analysis on C / C++ code
[10.594s] -- Configured cppcheck include dirs: $<BUILD_INTERFACE:C:/dev/ros2_ws/src/my_package/include>
[10.594s] -- Configured cppcheck exclude dirs and/or files: 
[10.609s] -- Added test 'lint_cmake' to check CMake code style
[10.609s] -- Added test 'uncrustify' to check C / C++ code style
[10.609s] -- Configured uncrustify additional arguments: 
[10.625s] -- Added test 'xmllint' to check XML markup files
[10.672s] -- Configuring done (8.8s)
[10.797s] -- Generating done (0.1s)
[10.844s] -- Build files have been written to: C:/dev/ros2_ws/build/my_package
[10.891s] Invoked command in 'C:\dev\ros2_ws\build\my_package' returned '0': C:\Python38\Scripts\cmake.EXE C:\dev\ros2_ws\src\my_package -DCMAKE_INSTALL_PREFIX=C:\dev\ros2_ws\install
[10.891s] Invoking command in 'C:\dev\ros2_ws\build\my_package': CL=/MP C:\Python38\Scripts\cmake.EXE --build C:\dev\ros2_ws\build\my_package --config Release
[11.313s] Microsoft (R) Build Engine version 17.0.0+c9eb9dd64 for .NET Framework
[11.313s] Copyright (C) Microsoft Corporation. All rights reserved.
[11.313s] 
[12.203s]   Checking Build System
[12.531s]   Building Custom Rule C:/dev/ros2_ws/src/my_package/CMakeLists.txt
[12.813s]   my_node.cpp
[13.391s]   my_node.vcxproj -> C:\dev\ros2_ws\build\my_package\Release\my_node.exe
[13.500s]   Building Custom Rule C:/dev/ros2_ws/src/my_package/CMakeLists.txt
[13.656s] Invoked command in 'C:\dev\ros2_ws\build\my_package' returned '0': CL=/MP C:\Python38\Scripts\cmake.EXE --build C:\dev\ros2_ws\build\my_package --config Release
[13.953s] Invoking command in 'C:\dev\ros2_ws\build\my_package': C:\Python38\Scripts\cmake.EXE --install C:\dev\ros2_ws\build\my_package --config Release
[14.234s] -- Installing: C:/dev/ros2_ws/install/lib/my_package/my_node.exe
[14.250s] -- Installing: C:/dev/ros2_ws/install/share/ament_index/resource_index/package_run_dependencies/my_package
[14.297s] -- Installing: C:/dev/ros2_ws/install/share/ament_index/resource_index/parent_prefix_path/my_package
[14.297s] -- Installing: C:/dev/ros2_ws/install/share/my_package/environment/ament_prefix_path.bat
[14.297s] -- Installing: C:/dev/ros2_ws/install/share/my_package/environment/ament_prefix_path.dsv
[14.297s] -- Installing: C:/dev/ros2_ws/install/share/my_package/environment/path.bat
[14.328s] -- Installing: C:/dev/ros2_ws/install/share/my_package/environment/path.dsv
[14.328s] -- Installing: C:/dev/ros2_ws/install/share/my_package/local_setup.bat
[14.359s] -- Installing: C:/dev/ros2_ws/install/share/my_package/local_setup.dsv
[14.391s] -- Installing: C:/dev/ros2_ws/install/share/my_package/package.dsv
[14.391s] -- Installing: C:/dev/ros2_ws/install/share/ament_index/resource_index/packages/my_package
[14.406s] -- Installing: C:/dev/ros2_ws/install/share/my_package/cmake/my_packageConfig.cmake
[14.422s] -- Installing: C:/dev/ros2_ws/install/share/my_package/cmake/my_packageConfig-version.cmake
[14.422s] -- Installing: C:/dev/ros2_ws/install/share/my_package/package.xml
[14.484s] Invoked command in 'C:\dev\ros2_ws\build\my_package' returned '0': C:\Python38\Scripts\cmake.EXE --install C:\dev\ros2_ws\build\my_package --config Release
