[0.281s] Invoking command in 'C:\dev\ros2_ws\build\pkg': C:\Python38\Scripts\cmake.EXE C:\dev\ros2_ws\src\pkg -DCMAKE_INSTALL_PREFIX=C:\dev\ros2_ws\install -G Visual Studio 17 2022
[1.078s] -- Selecting Windows SDK version 10.0.19041.0 to target Windows 10.0.22000.
[4.859s] -- The C compiler identification is MSVC 19.30.30705.0
[6.203s] -- The CXX compiler identification is MSVC 19.30.30705.0
[6.250s] -- Detecting C compiler ABI info
[7.968s] -- Detecting C compiler ABI info - done
[8.015s] -- Check for working C compiler: C:/Program Files/Microsoft Visual Studio/2022/Community/VC/Tools/MSVC/14.30.30705/bin/Hostx64/x64/cl.exe - skipped
[8.031s] -- Detecting C compile features
[8.031s] -- Detecting C compile features - done
[8.046s] -- Detecting CXX compiler ABI info
[10.234s] -- Detecting CXX compiler ABI info - done
[10.281s] -- Check for working CXX compiler: C:/Program Files/Microsoft Visual Studio/2022/Community/VC/Tools/MSVC/14.30.30705/bin/Hostx64/x64/cl.exe - skipped
[10.281s] -- Detecting CXX compile features
[10.281s] -- Detecting CXX compile features - done
[10.312s] -- Found ament_cmake: 1.3.3 (C:/dev/ros2/ros2-windows/share/ament_cmake/cmake)
[19.859s] -- Found Python3: C:/Python38/python.exe (found version "3.8.3") found components: Interpreter 
[21.484s] -- Found ament_lint_auto: 0.12.5 (C:/dev/ros2/ros2-windows/share/ament_lint_auto/cmake)
[23.453s] -- Added test 'lint_cmake' to check CMake code style
[23.500s] -- Added test 'xmllint' to check XML markup files
[23.671s] -- Configuring done (22.6s)
[24.453s] -- Generating done (0.4s)
[24.453s] -- Build files have been written to: C:/dev/ros2_ws/build/pkg
[24.640s] Invoked command in 'C:\dev\ros2_ws\build\pkg' returned '0': C:\Python38\Scripts\cmake.EXE C:\dev\ros2_ws\src\pkg -DCMAKE_INSTALL_PREFIX=C:\dev\ros2_ws\install -G Visual Studio 17 2022
[24.656s] Invoking command in 'C:\dev\ros2_ws\build\pkg': CL=/MP C:\Python38\Scripts\cmake.EXE --build C:\dev\ros2_ws\build\pkg --config Release
[26.500s] Microsoft (R) Build Engine version 17.0.0+c9eb9dd64 for .NET Framework
[26.500s] Copyright (C) Microsoft Corporation. All rights reserved.
[26.500s] 
[29.531s]   Checking Build System
[30.828s]   Building Custom Rule C:/dev/ros2_ws/src/pkg/CMakeLists.txt
[30.984s] Invoked command in 'C:\dev\ros2_ws\build\pkg' returned '0': CL=/MP C:\Python38\Scripts\cmake.EXE --build C:\dev\ros2_ws\build\pkg --config Release
[31.000s] Invoking command in 'C:\dev\ros2_ws\build\pkg': C:\Python38\Scripts\cmake.EXE --install C:\dev\ros2_ws\build\pkg --config Release
[31.250s] -- Installing: C:/dev/ros2_ws/install/share/ament_index/resource_index/package_run_dependencies/pkg
[31.250s] -- Installing: C:/dev/ros2_ws/install/share/ament_index/resource_index/parent_prefix_path/pkg
[31.265s] -- Installing: C:/dev/ros2_ws/install/share/pkg/environment/ament_prefix_path.bat
[31.265s] -- Installing: C:/dev/ros2_ws/install/share/pkg/environment/ament_prefix_path.dsv
[31.265s] -- Installing: C:/dev/ros2_ws/install/share/pkg/environment/path.bat
[31.265s] -- Installing: C:/dev/ros2_ws/install/share/pkg/environment/path.dsv
[31.281s] -- Installing: C:/dev/ros2_ws/install/share/pkg/local_setup.bat
[31.296s] -- Installing: C:/dev/ros2_ws/install/share/pkg/local_setup.dsv
[31.312s] -- Installing: C:/dev/ros2_ws/install/share/pkg/package.dsv
[31.312s] -- Installing: C:/dev/ros2_ws/install/share/ament_index/resource_index/packages/pkg
[31.328s] -- Installing: C:/dev/ros2_ws/install/share/pkg/cmake/pkgConfig.cmake
[31.328s] -- Installing: C:/dev/ros2_ws/install/share/pkg/cmake/pkgConfig-version.cmake
[31.328s] -- Installing: C:/dev/ros2_ws/install/share/pkg/package.xml
[31.390s] Invoked command in 'C:\dev\ros2_ws\build\pkg' returned '0': C:\Python38\Scripts\cmake.EXE --install C:\dev\ros2_ws\build\pkg --config Release
