[2.906s] Invoking command in 'C:\SET-BETA-Spring2023\ros2_ws\src\publisher': PYTHONPATH=C:\SET-BETA-Spring2023\ros2_ws\build\publisher\prefix_override;C:\SET-BETA-Spring2023\ros2_ws\install\Lib\site-packages;%PYTHONPATH% c:\python38\python.exe setup.py egg_info --egg-base ..\..\build\publisher build --build-base C:\SET-BETA-Spring2023\ros2_ws\build\publisher\build install --record C:\SET-BETA-Spring2023\ros2_ws\build\publisher\install.log --single-version-externally-managed
[3.516s] running egg_info
[3.516s] writing ..\..\build\publisher\publisher.egg-info\PKG-INFO
[3.516s] writing dependency_links to ..\..\build\publisher\publisher.egg-info\dependency_links.txt
[3.516s] writing entry points to ..\..\build\publisher\publisher.egg-info\entry_points.txt
[3.531s] writing requirements to ..\..\build\publisher\publisher.egg-info\requires.txt
[3.531s] writing top-level names to ..\..\build\publisher\publisher.egg-info\top_level.txt
[3.562s] reading manifest file '..\..\build\publisher\publisher.egg-info\SOURCES.txt'
[3.562s] writing manifest file '..\..\build\publisher\publisher.egg-info\SOURCES.txt'
[3.562s] running build
[3.562s] running build_py
[3.578s] copying publisher\publisher_function.py -> C:\SET-BETA-Spring2023\ros2_ws\build\publisher\build\lib\publisher
[3.578s] copying publisher\wheel_drive.py -> C:\SET-BETA-Spring2023\ros2_ws\build\publisher\build\lib\publisher
[3.594s] running install
[3.594s] running install_lib
[3.594s] copying C:\SET-BETA-Spring2023\ros2_ws\build\publisher\build\lib\publisher\publisher_function.py -> C:\SET-BETA-Spring2023\ros2_ws\install\Lib\site-packages\publisher
[3.594s] copying C:\SET-BETA-Spring2023\ros2_ws\build\publisher\build\lib\publisher\wheel_drive.py -> C:\SET-BETA-Spring2023\ros2_ws\install\Lib\site-packages\publisher
[3.594s] byte-compiling C:\SET-BETA-Spring2023\ros2_ws\install\Lib\site-packages\publisher\publisher_function.py to publisher_function.cpython-38.pyc
[3.609s] byte-compiling C:\SET-BETA-Spring2023\ros2_ws\install\Lib\site-packages\publisher\wheel_drive.py to wheel_drive.cpython-38.pyc
[3.609s] running install_data
[3.609s] running install_egg_info
[3.625s] removing 'C:\SET-BETA-Spring2023\ros2_ws\install\Lib\site-packages\publisher-0.0.0-py3.8.egg-info' (and everything under it)
[3.625s] Copying ..\..\build\publisher\publisher.egg-info to C:\SET-BETA-Spring2023\ros2_ws\install\Lib\site-packages\publisher-0.0.0-py3.8.egg-info
[3.641s] running install_scripts
[3.687s] Installing listener-script.py script to C:\SET-BETA-Spring2023\ros2_ws\install\lib\publisher
[3.687s] Installing listener.exe script to C:\SET-BETA-Spring2023\ros2_ws\install\lib\publisher
[3.687s] Installing servos-script.py script to C:\SET-BETA-Spring2023\ros2_ws\install\lib\publisher
[3.687s] Installing servos.exe script to C:\SET-BETA-Spring2023\ros2_ws\install\lib\publisher
[3.703s] Installing talker-script.py script to C:\SET-BETA-Spring2023\ros2_ws\install\lib\publisher
[3.703s] Installing talker.exe script to C:\SET-BETA-Spring2023\ros2_ws\install\lib\publisher
[3.703s] Installing wheels-script.py script to C:\SET-BETA-Spring2023\ros2_ws\install\lib\publisher
[3.703s] Installing wheels.exe script to C:\SET-BETA-Spring2023\ros2_ws\install\lib\publisher
[3.703s] writing list of installed files to 'C:\SET-BETA-Spring2023\ros2_ws\build\publisher\install.log'
[3.844s] Invoked command in 'C:\SET-BETA-Spring2023\ros2_ws\src\publisher' returned '0': PYTHONPATH=C:\SET-BETA-Spring2023\ros2_ws\build\publisher\prefix_override;C:\SET-BETA-Spring2023\ros2_ws\install\Lib\site-packages;%PYTHONPATH% c:\python38\python.exe setup.py egg_info --egg-base ..\..\build\publisher build --build-base C:\SET-BETA-Spring2023\ros2_ws\build\publisher\build install --record C:\SET-BETA-Spring2023\ros2_ws\build\publisher\install.log --single-version-externally-managed
