[0.000000] (-) TimerEvent: {}
[0.000000] (-) JobUnselected: {'identifier': 'examples_rclcpp_async_client'}
[0.000000] (-) JobUnselected: {'identifier': 'examples_rclcpp_cbg_executor'}
[0.000000] (-) JobUnselected: {'identifier': 'examples_rclcpp_minimal_action_client'}
[0.000000] (-) JobUnselected: {'identifier': 'examples_rclcpp_minimal_action_server'}
[0.000000] (-) JobUnselected: {'identifier': 'examples_rclcpp_minimal_client'}
[0.000000] (-) JobUnselected: {'identifier': 'examples_rclcpp_minimal_composition'}
[0.000000] (-) JobUnselected: {'identifier': 'examples_rclcpp_minimal_publisher'}
[0.000000] (-) JobUnselected: {'identifier': 'examples_rclcpp_minimal_service'}
[0.000000] (-) JobUnselected: {'identifier': 'examples_rclcpp_minimal_subscriber'}
[0.000000] (-) JobUnselected: {'identifier': 'examples_rclcpp_minimal_timer'}
[0.000000] (-) JobUnselected: {'identifier': 'examples_rclcpp_multithreaded_executor'}
[0.000000] (-) JobUnselected: {'identifier': 'examples_rclcpp_wait_set'}
[0.000000] (-) JobUnselected: {'identifier': 'examples_rclpy_executors'}
[0.000000] (-) JobUnselected: {'identifier': 'examples_rclpy_guard_conditions'}
[0.000000] (-) JobUnselected: {'identifier': 'examples_rclpy_minimal_action_client'}
[0.000000] (-) JobUnselected: {'identifier': 'examples_rclpy_minimal_action_server'}
[0.000000] (-) JobUnselected: {'identifier': 'examples_rclpy_minimal_client'}
[0.000000] (-) JobUnselected: {'identifier': 'examples_rclpy_minimal_publisher'}
[0.000000] (-) JobUnselected: {'identifier': 'examples_rclpy_minimal_service'}
[0.000000] (-) JobUnselected: {'identifier': 'examples_rclpy_minimal_subscriber'}
[0.000000] (-) JobUnselected: {'identifier': 'examples_rclpy_pointcloud_publisher'}
[0.000000] (-) JobUnselected: {'identifier': 'launch_testing_examples'}
[0.000000] (-) JobUnselected: {'identifier': 'new_package'}
[0.000000] (-) JobUnselected: {'identifier': 'pkg'}
[0.000000] (my_package) JobQueued: {'identifier': 'my_package', 'dependencies': OrderedDict()}
[0.000000] (my_package) JobStarted: {'identifier': 'my_package'}
[0.109000] (my_package) JobProgress: {'identifier': 'my_package', 'progress': 'cmake'}
[0.109000] (-) TimerEvent: {}
[0.109000] (my_package) Command: {'cmd': ['C:\\Python38\\Scripts\\cmake.EXE', 'C:\\dev\\ros2_ws\\src\\my_package', '-DCMAKE_INSTALL_PREFIX=C:\\dev\\ros2_ws\\install'], 'cwd': 'C:\\dev\\ros2_ws\\build\\my_package', 'env': OrderedDict([('ALLUSERSPROFILE', 'C:\\ProgramData'), ('AMENT_PREFIX_PATH', 'C:\\dev\\ros2\\ros2-windows'), ('APPDATA', 'C:\\Users\\maxma\\AppData\\Roaming'), ('ChocolateyInstall', 'C:\\ProgramData\\chocolatey'), ('ChocolateyLastPathUpdate', '133219389049248558'), ('CMAKE_PREFIX_PATH', 'C:\\dev\\ros2\\ros2-windows'), ('COLCON', '1'), ('COLCON_PREFIX_PATH', 'C:\\dev\\ros2_ws\\install\\;C:\\dev\\ros2\\ros2-windows\\'), ('CommandPromptType', 'Cross'), ('CommonProgramFiles', 'C:\\Program Files\\Common Files'), ('CommonProgramFiles(x86)', 'C:\\Program Files (x86)\\Common Files'), ('CommonProgramW6432', 'C:\\Program Files\\Common Files'), ('COMPUTERNAME', 'DESKTOP-SVAIPN0'), ('ComSpec', 'C:\\Windows\\system32\\cmd.exe'), ('DevEnvDir', 'C:\\Program Files\\Microsoft Visual Studio\\2022\\Community\\Common7\\IDE\\'), ('DriverData', 'C:\\Windows\\System32\\Drivers\\DriverData'), ('ExtensionSdkDir', 'C:\\Program Files (x86)\\Microsoft SDKs\\Windows Kits\\10\\ExtensionSDKs'), ('Framework40Version', 'v4.0'), ('FrameworkDir', 'C:\\Windows\\Microsoft.NET\\Framework\\'), ('FrameworkDir32', 'C:\\Windows\\Microsoft.NET\\Framework\\'), ('FrameworkDir64', 'C:\\Windows\\Microsoft.NET\\Framework64\\'), ('FrameworkVersion', 'v4.0.30319'), ('FrameworkVersion32', 'v4.0.30319'), ('FrameworkVersion64', 'v4.0.30319'), ('GOOGLE_APPLICATION_CREDENTIALS', 'C:\\source\\SwamphacksIX\\project_name\\authorization.json'), ('HOMEDRIVE', 'C:'), ('HOMEPATH', '\\Users\\maxma'), ('INCLUDE', 'C:\\Program Files\\Microsoft Visual Studio\\2022\\Community\\VC\\Tools\\MSVC\\14.30.30705\\ATLMFC\\include;C:\\Program Files\\Microsoft Visual Studio\\2022\\Community\\VC\\Tools\\MSVC\\14.30.30705\\include;C:\\Program Files (x86)\\Windows Kits\\10\\include\\10.0.19041.0\\ucrt;C:\\Program Files (x86)\\Windows Kits\\10\\\\include\\10.0.19041.0\\\\shared;C:\\Program Files (x86)\\Windows Kits\\10\\\\include\\10.0.19041.0\\\\um;C:\\Program Files (x86)\\Windows Kits\\10\\\\include\\10.0.19041.0\\\\winrt;C:\\Program Files (x86)\\Windows Kits\\10\\\\include\\10.0.19041.0\\\\cppwinrt'), ('LIB', 'C:\\Program Files\\Microsoft Visual Studio\\2022\\Community\\VC\\Tools\\MSVC\\14.30.30705\\ATLMFC\\lib\\x64;C:\\Program Files\\Microsoft Visual Studio\\2022\\Community\\VC\\Tools\\MSVC\\14.30.30705\\lib\\x64;C:\\Program Files (x86)\\Windows Kits\\10\\lib\\10.0.19041.0\\ucrt\\x64;C:\\Program Files (x86)\\Windows Kits\\10\\\\lib\\10.0.19041.0\\\\um\\x64'), ('LIBPATH', 'C:\\Program Files\\Microsoft Visual Studio\\2022\\Community\\VC\\Tools\\MSVC\\14.30.30705\\ATLMFC\\lib\\x64;C:\\Program Files\\Microsoft Visual Studio\\2022\\Community\\VC\\Tools\\MSVC\\14.30.30705\\lib\\x64;C:\\Program Files\\Microsoft Visual Studio\\2022\\Community\\VC\\Tools\\MSVC\\14.30.30705\\lib\\x86\\store\\references;C:\\Program Files (x86)\\Windows Kits\\10\\UnionMetadata\\10.0.19041.0;C:\\Program Files (x86)\\Windows Kits\\10\\References\\10.0.19041.0;C:\\Windows\\Microsoft.NET\\Framework\\v4.0.30319'), ('LOCALAPPDATA', 'C:\\Users\\maxma\\AppData\\Local'), ('LOGONSERVER', '\\\\DESKTOP-SVAIPN0'), ('mingw', 'C:\\msys64\\mingw64\\bin\\msys64'), ('NUMBER_OF_PROCESSORS', '16'), ('OneDrive', 'C:\\Users\\maxma\\OneDrive'), ('OpenCV_DIR', 'C:\\opencv'), ('OPENSSL_CONF', 'C:\\Program Files\\OpenSSL-Win64\\bin\\openssl.cfg'), ('OS', 'Windows_NT'), ('Path', 'C:\\Program Files\\Microsoft Visual Studio\\2022\\Community\\Common7\\IDE\\\\Extensions\\Microsoft\\IntelliCode\\CLI;C:\\Program Files\\Microsoft Visual Studio\\2022\\Community\\VC\\Tools\\MSVC\\14.30.30705\\bin\\HostX86\\x64;C:\\Program Files\\Microsoft Visual Studio\\2022\\Community\\VC\\Tools\\MSVC\\14.30.30705\\bin\\HostX86\\x86;C:\\Program Files\\Microsoft Visual Studio\\2022\\Community\\Common7\\IDE\\VC\\VCPackages;C:\\Program Files\\Microsoft Visual Studio\\2022\\Community\\Common7\\IDE\\CommonExtensions\\Microsoft\\TestWindow;C:\\Program Files\\Microsoft Visual Studio\\2022\\Community\\Common7\\IDE\\CommonExtensions\\Microsoft\\TeamFoundation\\Team Explorer;C:\\Program Files\\Microsoft Visual Studio\\2022\\Community\\MSBuild\\Current\\bin\\Roslyn;C:\\Program Files\\Microsoft Visual Studio\\2022\\Community\\Team Tools\\Performance Tools\\x64;C:\\Program Files\\Microsoft Visual Studio\\2022\\Community\\Team Tools\\Performance Tools;C:\\Program Files (x86)\\Windows Kits\\10\\bin\\10.0.19041.0\\\\x86;C:\\Program Files (x86)\\Windows Kits\\10\\bin\\\\x86;C:\\Program Files\\Microsoft Visual Studio\\2022\\Community\\\\MSBuild\\Current\\Bin\\amd64;C:\\Windows\\Microsoft.NET\\Framework\\v4.0.30319;C:\\Program Files\\Microsoft Visual Studio\\2022\\Community\\Common7\\IDE\\;C:\\Program Files\\Microsoft Visual Studio\\2022\\Community\\Common7\\Tools\\;C:\\dev\\ros2\\ros2-windows\\opt\\yaml_cpp_vendor\\bin;C:\\dev\\ros2\\ros2-windows\\opt\\rviz_ogre_vendor\\bin;C:\\dev\\ros2\\ros2-windows\\opt\\rviz_assimp_vendor\\bin;C:\\dev\\ros2\\ros2-windows\\opt\\libcurl_vendor\\bin;C:\\dev\\ros2\\ros2-windows\\Scripts;C:\\dev\\ros2\\ros2-windows\\bin;C:\\Python38\\Scripts\\;C:\\Python38\\;C:\\Windows\\system32;C:\\Windows;C:\\Windows\\System32\\Wbem;C:\\Windows\\System32\\WindowsPowerShell\\v1.0\\;C:\\Windows\\System32\\OpenSSH\\;C:\\msys64\\mingw64\\bin;C:\\Program Files\\dotnet\\;C:\\Program Files\\Docker\\Docker\\resources\\bin;C:\\ProgramData\\DockerDesktop\\version-bin;C:\\Program Files\\nodejs\\;C:\\ProgramData\\chocolatey\\bin;C:\\Program Files\\OpenSSL-Win64\\bin\\;C:\\Program Files\\CMake\\bin\\;C:\\Program Files\\Graphviz\\bin;C:\\Program Files\\PuTTY\\;C:\\Ruby32-x64\\bin;C:\\Users\\maxma\\AppData\\Local\\Microsoft\\WindowsApps;C:\\Users\\maxma\\AppData\\Local\\GitHubDesktop\\bin;C:\\intelFPGA_lite\\19.1\\modelsim_ase\\win32aloem;C:\\Users\\maxma\\AppData\\Roaming\\npm;C:\\Program Files\\Microsoft Visual Studio\\2022\\Community\\Common7\\IDE\\CommonExtensions\\Microsoft\\CMake\\CMake\\bin;C:\\Program Files\\Microsoft Visual Studio\\2022\\Community\\Common7\\IDE\\CommonExtensions\\Microsoft\\CMake\\Ninja'), ('PATHEXT', '.COM;.EXE;.BAT;.CMD;.VBS;.VBE;.JS;.JSE;.WSF;.WSH;.MSC;.PY;.PYW;.RB;.RBW'), ('PKG_CONFIG_PATH', 'C:\\dev\\ros2\\ros2-windows\\lib\\pkgconfig'), ('Platform', 'x64'), ('PROCESSOR_ARCHITECTURE', 'AMD64'), ('PROCESSOR_IDENTIFIER', 'AMD64 Family 23 Model 104 Stepping 1, AuthenticAMD'), ('PROCESSOR_LEVEL', '23'), ('PROCESSOR_REVISION', '6801'), ('ProgramData', 'C:\\ProgramData'), ('ProgramFiles', 'C:\\Program Files'), ('ProgramFiles(x86)', 'C:\\Program Files (x86)'), ('ProgramW6432', 'C:\\Program Files'), ('PROMPT', '$P$G'), ('PSModulePath', 'C:\\Users\\maxma\\Documents\\WindowsPowerShell\\Modules;C:\\Users\\maxma\\AppData\\Local\\Google\\Cloud SDK\\google-cloud-sdk\\platform\\PowerShell'), ('PUBLIC', 'C:\\Users\\Public'), ('PYTHONPATH', 'C:\\ci\\ws\\install\\lib\\python3.8\\dist-packages;C:\\dev\\ros2\\ros2-windows\\Lib\\site-packages'), ('QSYS_ROOTDIR', 'C:\\intelFPGA_lite\\19.1\\quartus\\sopc_builder\\bin'), ('Qt5_DIR', 'C:\\Qt\\Qt5.12.12\\5.12.12\\msvc2017_64'), ('QT_QPA_PLATFORM_PLUGIN_PATH', 'C:\\Qt\\Qt5.12.12\\5.12.12\\msvc2017\\plugins\\platforms'), ('QUARTUS_ROOTDIR', 'C:\\intelFPGA_lite\\19.1\\quartus'), ('ROS_DISTRO', 'humble'), ('ROS_LOCALHOST_ONLY', '0'), ('ROS_PYTHON_VERSION', '3'), ('ROS_VERSION', '2'), ('SOPC_KIT_NIOS2', 'C:\\intelFPGA_lite\\19.1\\nios2eds'), ('SystemDrive', 'C:'), ('SystemRoot', 'C:\\Windows'), ('TEMP', 'C:\\Users\\maxma\\AppData\\Local\\Temp'), ('TMP', 'C:\\Users\\maxma\\AppData\\Local\\Temp'), ('UCRTVersion', '10.0.19041.0'), ('UniversalCRTSdkDir', 'C:\\Program Files (x86)\\Windows Kits\\10\\'), ('USERDOMAIN', 'DESKTOP-SVAIPN0'), ('USERDOMAIN_ROAMINGPROFILE', 'DESKTOP-SVAIPN0'), ('USERNAME', 'maxma'), ('USERPROFILE', 'C:\\Users\\maxma'), ('VCIDEInstallDir', 'C:\\Program Files\\Microsoft Visual Studio\\2022\\Community\\Common7\\IDE\\VC\\'), ('VCINSTALLDIR', 'C:\\Program Files\\Microsoft Visual Studio\\2022\\Community\\VC\\'), ('VCToolsInstallDir', 'C:\\Program Files\\Microsoft Visual Studio\\2022\\Community\\VC\\Tools\\MSVC\\14.30.30705\\'), ('VCToolsRedistDir', 'C:\\Program Files\\Microsoft Visual Studio\\2022\\Community\\VC\\Redist\\MSVC\\14.30.30704\\'), ('VCToolsVersion', '14.30.30705'), ('VisualStudioVersion', '17.0'), ('VS170COMNTOOLS', 'C:\\Program Files\\Microsoft Visual Studio\\2022\\Community\\Common7\\Tools\\'), ('VSCMD_ARG_app_plat', 'Desktop'), ('VSCMD_ARG_HOST_ARCH', 'x86'), ('VSCMD_ARG_TGT_ARCH', 'x64'), ('VSCMD_VER', '17.0.1'), ('VSINSTALLDIR', 'C:\\Program Files\\Microsoft Visual Studio\\2022\\Community\\'), ('windir', 'C:\\Windows'), ('WindowsLibPath', 'C:\\Program Files (x86)\\Windows Kits\\10\\UnionMetadata\\10.0.19041.0;C:\\Program Files (x86)\\Windows Kits\\10\\References\\10.0.19041.0'), ('WindowsSdkBinPath', 'C:\\Program Files (x86)\\Windows Kits\\10\\bin\\'), ('WindowsSdkDir', 'C:\\Program Files (x86)\\Windows Kits\\10\\'), ('WindowsSDKLibVersion', '10.0.19041.0\\'), ('WindowsSdkVerBinPath', 'C:\\Program Files (x86)\\Windows Kits\\10\\bin\\10.0.19041.0\\'), ('WindowsSDKVersion', '10.0.19041.0\\'), ('__DOTNET_ADD_32BIT', '1'), ('__DOTNET_ADD_64BIT', '1'), ('__DOTNET_PREFERRED_BITNESS', '32'), ('__VSCMD_PREINIT_PATH', 'C:\\dev\\ros2\\ros2-windows\\opt\\yaml_cpp_vendor\\bin;C:\\dev\\ros2\\ros2-windows\\opt\\rviz_ogre_vendor\\bin;C:\\dev\\ros2\\ros2-windows\\opt\\rviz_assimp_vendor\\bin;C:\\dev\\ros2\\ros2-windows\\opt\\libcurl_vendor\\bin;C:\\dev\\ros2\\ros2-windows\\Scripts;C:\\dev\\ros2\\ros2-windows\\bin;C:\\Python38\\Scripts\\;C:\\Python38\\;C:\\Windows\\system32;C:\\Windows;C:\\Windows\\System32\\Wbem;C:\\Windows\\System32\\WindowsPowerShell\\v1.0\\;C:\\Windows\\System32\\OpenSSH\\;C:\\msys64\\mingw64\\bin;C:\\Program Files\\dotnet\\;C:\\Program Files\\Docker\\Docker\\resources\\bin;C:\\ProgramData\\DockerDesktop\\version-bin;C:\\Program Files\\nodejs\\;C:\\ProgramData\\chocolatey\\bin;C:\\Program Files\\OpenSSL-Win64\\bin\\;C:\\Program Files\\CMake\\bin\\;C:\\Program Files\\Graphviz\\bin;C:\\Program Files\\PuTTY\\;C:\\Ruby32-x64\\bin;C:\\Users\\maxma\\AppData\\Local\\Microsoft\\WindowsApps;C:\\Users\\maxma\\AppData\\Local\\GitHubDesktop\\bin;C:\\intelFPGA_lite\\19.1\\modelsim_ase\\win32aloem;C:\\Users\\maxma\\AppData\\Roaming\\npm'), ('__VSCMD_script_err_count', '0')]), 'shell': False}
[0.218000] (-) TimerEvent: {}
[0.328000] (-) TimerEvent: {}
[0.375000] (my_package) StdoutLine: {'line': b'-- Selecting Windows SDK version 10.0.19041.0 to target Windows 10.0.22000.\n'}
[0.437000] (-) TimerEvent: {}
[0.547000] (-) TimerEvent: {}
[0.656000] (-) TimerEvent: {}
[0.765000] (-) TimerEvent: {}
[0.875000] (-) TimerEvent: {}
[0.984000] (-) TimerEvent: {}
[1.093000] (-) TimerEvent: {}
[1.203000] (-) TimerEvent: {}
[1.312000] (-) TimerEvent: {}
[1.422000] (-) TimerEvent: {}
[1.531000] (-) TimerEvent: {}
[1.640000] (-) TimerEvent: {}
[1.750000] (-) TimerEvent: {}
[1.843000] (my_package) StdoutLine: {'line': b'-- The C compiler identification is MSVC 19.30.30705.0\n'}
[1.859000] (-) TimerEvent: {}
[1.984000] (-) TimerEvent: {}
[2.093000] (-) TimerEvent: {}
[2.203000] (-) TimerEvent: {}
[2.312000] (-) TimerEvent: {}
[2.422000] (-) TimerEvent: {}
[2.531000] (-) TimerEvent: {}
[2.640000] (-) TimerEvent: {}
[2.640000] (my_package) StdoutLine: {'line': b'-- The CXX compiler identification is MSVC 19.30.30705.0\n'}
[2.750000] (-) TimerEvent: {}
[2.781000] (my_package) StdoutLine: {'line': b'-- Detecting C compiler ABI info\n'}
[2.859000] (-) TimerEvent: {}
[2.968000] (-) TimerEvent: {}
[3.078000] (-) TimerEvent: {}
[3.187000] (-) TimerEvent: {}
[3.297000] (-) TimerEvent: {}
[3.406000] (-) TimerEvent: {}
[3.515000] (-) TimerEvent: {}
[3.578000] (my_package) StdoutLine: {'line': b'-- Detecting C compiler ABI info - done\n'}
[3.593000] (my_package) StdoutLine: {'line': b'-- Check for working C compiler: C:/Program Files/Microsoft Visual Studio/2022/Community/VC/Tools/MSVC/14.30.30705/bin/Hostx64/x64/cl.exe - skipped\n'}
[3.593000] (my_package) StdoutLine: {'line': b'-- Detecting C compile features\n'}
[3.609000] (my_package) StdoutLine: {'line': b'-- Detecting C compile features - done\n'}
[3.625000] (-) TimerEvent: {}
[3.640000] (my_package) StdoutLine: {'line': b'-- Detecting CXX compiler ABI info\n'}
[3.734000] (-) TimerEvent: {}
[3.843000] (-) TimerEvent: {}
[3.953000] (-) TimerEvent: {}
[4.062000] (-) TimerEvent: {}
[4.172000] (-) TimerEvent: {}
[4.281000] (-) TimerEvent: {}
[4.390000] (-) TimerEvent: {}
[4.406000] (my_package) StdoutLine: {'line': b'-- Detecting CXX compiler ABI info - done\n'}
[4.422000] (my_package) StdoutLine: {'line': b'-- Check for working CXX compiler: C:/Program Files/Microsoft Visual Studio/2022/Community/VC/Tools/MSVC/14.30.30705/bin/Hostx64/x64/cl.exe - skipped\n'}
[4.422000] (my_package) StdoutLine: {'line': b'-- Detecting CXX compile features\n'}
[4.422000] (my_package) StdoutLine: {'line': b'-- Detecting CXX compile features - done\n'}
[4.437000] (my_package) StdoutLine: {'line': b'-- Found ament_cmake: 1.3.3 (C:/dev/ros2/ros2-windows/share/ament_cmake/cmake)\n'}
[4.500000] (-) TimerEvent: {}
[4.609000] (-) TimerEvent: {}
[4.718000] (-) TimerEvent: {}
[4.828000] (-) TimerEvent: {}
[4.953000] (-) TimerEvent: {}
[5.062000] (-) TimerEvent: {}
[5.172000] (-) TimerEvent: {}
[5.281000] (-) TimerEvent: {}
[5.390000] (-) TimerEvent: {}
[5.500000] (-) TimerEvent: {}
[5.609000] (-) TimerEvent: {}
[5.718000] (-) TimerEvent: {}
[5.828000] (-) TimerEvent: {}
[5.937000] (-) TimerEvent: {}
[6.047000] (-) TimerEvent: {}
[6.156000] (-) TimerEvent: {}
[6.265000] (-) TimerEvent: {}
[6.375000] (-) TimerEvent: {}
[6.484000] (-) TimerEvent: {}
[6.593000] (-) TimerEvent: {}
[6.703000] (-) TimerEvent: {}
[6.734000] (my_package) StdoutLine: {'line': b'-- Found ament_lint_auto: 0.12.5 (C:/dev/ros2/ros2-windows/share/ament_lint_auto/cmake)\n'}
[6.812000] (-) TimerEvent: {}
[6.875000] (my_package) StderrLine: {'line': b'Traceback (most recent call last):\r\n'}
[6.875000] (my_package) StderrLine: {'line': b'  File "C:\\dev\\ros2\\ros2-windows\\share\\ament_cmake_core\\cmake\\core\\package_xml_2_cmake.py", line 22, in <module>\r\n'}
[6.875000] (my_package) StderrLine: {'line': b'    from catkin_pkg.package import parse_package_string\r\n'}
[6.875000] (my_package) StderrLine: {'line': b"ModuleNotFoundError: No module named 'catkin_pkg'\r\n"}
[6.890000] (my_package) StderrLine: {'line': b'CMake Error at C:/dev/ros2/ros2-windows/share/ament_cmake_core/cmake/core/ament_package_xml.cmake:95 (message):\n'}
[6.890000] (my_package) StderrLine: {'line': b'  execute_process(C:/Program\n'}
[6.890000] (my_package) StderrLine: {'line': b'  Files/WindowsApps/PythonSoftwareFoundation.Python.3.10_3.10.2800.0_x64__qbz5n2kfra8p0/python3.10.exe\n'}
[6.890000] (my_package) StderrLine: {'line': b'  C:/dev/ros2/ros2-windows/share/ament_cmake_core/cmake/core/package_xml_2_cmake.py\n'}
[6.890000] (my_package) StderrLine: {'line': b'  C:/dev/ros2_ws/src/my_package/package.xml\n'}
[6.890000] (my_package) StderrLine: {'line': b'  C:/dev/ros2_ws/build/my_package/ament_cmake_core/package.cmake) returned\n'}
[6.890000] (my_package) StderrLine: {'line': b'  error code 1\n'}
[6.890000] (my_package) StderrLine: {'line': b'Call Stack (most recent call first):\n'}
[6.890000] (my_package) StderrLine: {'line': b'  C:/dev/ros2/ros2-windows/share/ament_cmake_core/cmake/core/ament_package_xml.cmake:49 (_ament_package_xml)\n'}
[6.890000] (my_package) StderrLine: {'line': b'  C:/dev/ros2/ros2-windows/share/ament_lint_auto/cmake/ament_lint_auto_find_test_dependencies.cmake:31 (ament_package_xml)\n'}
[6.890000] (my_package) StderrLine: {'line': b'  CMakeLists.txt:32 (ament_lint_auto_find_test_dependencies)\n'}
[6.890000] (my_package) StderrLine: {'line': b'\n'}
[6.890000] (my_package) StderrLine: {'line': b'\n'}
[6.890000] (my_package) StdoutLine: {'line': b'-- Configuring incomplete, errors occurred!\n'}
[6.906000] (my_package) CommandEnded: {'returncode': 1}
[6.922000] (-) TimerEvent: {}
[6.937000] (my_package) JobEnded: {'identifier': 'my_package', 'rc': 1}
[6.953000] (-) EventReactorShutdown: {}
