running egg_info
writing ..\..\build\publisher\publisher.egg-info\PKG-INFO
writing dependency_links to ..\..\build\publisher\publisher.egg-info\dependency_links.txt
writing entry points to ..\..\build\publisher\publisher.egg-info\entry_points.txt
writing requirements to ..\..\build\publisher\publisher.egg-info\requires.txt
writing top-level names to ..\..\build\publisher\publisher.egg-info\top_level.txt
reading manifest file '..\..\build\publisher\publisher.egg-info\SOURCES.txt'
writing manifest file '..\..\build\publisher\publisher.egg-info\SOURCES.txt'
running build
running build_py
running install
running install_lib
copying C:\SET-BETA-Spring2023\ros2_ws\build\publisher\build\lib\publisher\publisher_function.py -> C:\SET-BETA-Spring2023\ros2_ws\install\Lib\site-packages\publisher
copying C:\SET-BETA-Spring2023\ros2_ws\build\publisher\build\lib\publisher\wheel_drive.py -> C:\SET-BETA-Spring2023\ros2_ws\install\Lib\site-packages\publisher
copying C:\SET-BETA-Spring2023\ros2_ws\build\publisher\build\lib\publisher\wheel_movements.py -> C:\SET-BETA-Spring2023\ros2_ws\install\Lib\site-packages\publisher
byte-compiling C:\SET-BETA-Spring2023\ros2_ws\install\Lib\site-packages\publisher\publisher_function.py to publisher_function.cpython-38.pyc
byte-compiling C:\SET-BETA-Spring2023\ros2_ws\install\Lib\site-packages\publisher\wheel_drive.py to wheel_drive.cpython-38.pyc
byte-compiling C:\SET-BETA-Spring2023\ros2_ws\install\Lib\site-packages\publisher\wheel_movements.py to wheel_movements.cpython-38.pyc
running install_data
running install_egg_info
removing 'C:\SET-BETA-Spring2023\ros2_ws\install\Lib\site-packages\publisher-0.0.0-py3.8.egg-info' (and everything under it)
Copying ..\..\build\publisher\publisher.egg-info to C:\SET-BETA-Spring2023\ros2_ws\install\Lib\site-packages\publisher-0.0.0-py3.8.egg-info
running install_scripts
Installing listener-script.py script to C:\SET-BETA-Spring2023\ros2_ws\install\lib\publisher
Installing listener.exe script to C:\SET-BETA-Spring2023\ros2_ws\install\lib\publisher
Installing servos-script.py script to C:\SET-BETA-Spring2023\ros2_ws\install\lib\publisher
Installing servos.exe script to C:\SET-BETA-Spring2023\ros2_ws\install\lib\publisher
Installing talker-script.py script to C:\SET-BETA-Spring2023\ros2_ws\install\lib\publisher
Installing talker.exe script to C:\SET-BETA-Spring2023\ros2_ws\install\lib\publisher
writing list of installed files to 'C:\SET-BETA-Spring2023\ros2_ws\build\publisher\install.log'
