c:\SET-BETA-Spring2023\ros2_ws\install\Lib\site-packages\publisher\publisher_function.py
c:\SET-BETA-Spring2023\ros2_ws\install\Lib\site-packages\publisher\shoulder_servos.py
c:\SET-BETA-Spring2023\ros2_ws\install\Lib\site-packages\publisher\subscriber.py
c:\SET-BETA-Spring2023\ros2_ws\install\Lib\site-packages\publisher\wheel_drive.py
c:\SET-BETA-Spring2023\ros2_ws\install\Lib\site-packages\publisher\wheel_movements.py
c:\SET-BETA-Spring2023\ros2_ws\install\Lib\site-packages\publisher\__init__.py
c:\SET-BETA-Spring2023\ros2_ws\install\Lib\site-packages\publisher\__pycache__\publisher_function.cpython-38.pyc
c:\SET-BETA-Spring2023\ros2_ws\install\Lib\site-packages\publisher\__pycache__\shoulder_servos.cpython-38.pyc
c:\SET-BETA-Spring2023\ros2_ws\install\Lib\site-packages\publisher\__pycache__\subscriber.cpython-38.pyc
c:\SET-BETA-Spring2023\ros2_ws\install\Lib\site-packages\publisher\__pycache__\wheel_drive.cpython-38.pyc
c:\SET-BETA-Spring2023\ros2_ws\install\Lib\site-packages\publisher\__pycache__\wheel_movements.cpython-38.pyc
c:\SET-BETA-Spring2023\ros2_ws\install\Lib\site-packages\publisher\__pycache__\__init__.cpython-38.pyc
c:\SET-BETA-Spring2023\ros2_ws\install\share\ament_index\resource_index\packages\publisher
c:\SET-BETA-Spring2023\ros2_ws\install\share\publisher\package.xml
c:\SET-BETA-Spring2023\ros2_ws\install\Lib\site-packages\publisher-0.0.0-py3.8.egg-info\dependency_links.txt
c:\SET-BETA-Spring2023\ros2_ws\install\Lib\site-packages\publisher-0.0.0-py3.8.egg-info\entry_points.txt
c:\SET-BETA-Spring2023\ros2_ws\install\Lib\site-packages\publisher-0.0.0-py3.8.egg-info\PKG-INFO
c:\SET-BETA-Spring2023\ros2_ws\install\Lib\site-packages\publisher-0.0.0-py3.8.egg-info\requires.txt
c:\SET-BETA-Spring2023\ros2_ws\install\Lib\site-packages\publisher-0.0.0-py3.8.egg-info\SOURCES.txt
c:\SET-BETA-Spring2023\ros2_ws\install\Lib\site-packages\publisher-0.0.0-py3.8.egg-info\top_level.txt
c:\SET-BETA-Spring2023\ros2_ws\install\Lib\site-packages\publisher-0.0.0-py3.8.egg-info\zip-safe
c:\SET-BETA-Spring2023\ros2_ws\install\lib\publisher\listener-script.py
c:\SET-BETA-Spring2023\ros2_ws\install\lib\publisher\listener.exe
c:\SET-BETA-Spring2023\ros2_ws\install\lib\publisher\servos-script.py
c:\SET-BETA-Spring2023\ros2_ws\install\lib\publisher\servos.exe
c:\SET-BETA-Spring2023\ros2_ws\install\lib\publisher\talker-script.py
c:\SET-BETA-Spring2023\ros2_ws\install\lib\publisher\talker.exe
c:\SET-BETA-Spring2023\ros2_ws\install\lib\publisher\wheels-script.py
c:\SET-BETA-Spring2023\ros2_ws\install\lib\publisher\wheels.exe
