running egg_info
creating ..\..\..\..\..\build\examples_rclpy_minimal_service\examples_rclpy_minimal_service.egg-info
writing ..\..\..\..\..\build\examples_rclpy_minimal_service\examples_rclpy_minimal_service.egg-info\PKG-INFO
writing dependency_links to ..\..\..\..\..\build\examples_rclpy_minimal_service\examples_rclpy_minimal_service.egg-info\dependency_links.txt
writing entry points to ..\..\..\..\..\build\examples_rclpy_minimal_service\examples_rclpy_minimal_service.egg-info\entry_points.txt
writing requirements to ..\..\..\..\..\build\examples_rclpy_minimal_service\examples_rclpy_minimal_service.egg-info\requires.txt
writing top-level names to ..\..\..\..\..\build\examples_rclpy_minimal_service\examples_rclpy_minimal_service.egg-info\top_level.txt
writing manifest file '..\..\..\..\..\build\examples_rclpy_minimal_service\examples_rclpy_minimal_service.egg-info\SOURCES.txt'
reading manifest file '..\..\..\..\..\build\examples_rclpy_minimal_service\examples_rclpy_minimal_service.egg-info\SOURCES.txt'
writing manifest file '..\..\..\..\..\build\examples_rclpy_minimal_service\examples_rclpy_minimal_service.egg-info\SOURCES.txt'
running build
running build_py
creating C:\dev\ros2_ws\build\examples_rclpy_minimal_service\build
creating C:\dev\ros2_ws\build\examples_rclpy_minimal_service\build\lib
creating C:\dev\ros2_ws\build\examples_rclpy_minimal_service\build\lib\examples_rclpy_minimal_service
copying examples_rclpy_minimal_service\service.py -> C:\dev\ros2_ws\build\examples_rclpy_minimal_service\build\lib\examples_rclpy_minimal_service
copying examples_rclpy_minimal_service\service_member_function.py -> C:\dev\ros2_ws\build\examples_rclpy_minimal_service\build\lib\examples_rclpy_minimal_service
copying examples_rclpy_minimal_service\__init__.py -> C:\dev\ros2_ws\build\examples_rclpy_minimal_service\build\lib\examples_rclpy_minimal_service
running install
running install_lib
creating C:\dev\ros2_ws\install\Lib\site-packages\examples_rclpy_minimal_service
copying C:\dev\ros2_ws\build\examples_rclpy_minimal_service\build\lib\examples_rclpy_minimal_service\service.py -> C:\dev\ros2_ws\install\Lib\site-packages\examples_rclpy_minimal_service
copying C:\dev\ros2_ws\build\examples_rclpy_minimal_service\build\lib\examples_rclpy_minimal_service\service_member_function.py -> C:\dev\ros2_ws\install\Lib\site-packages\examples_rclpy_minimal_service
copying C:\dev\ros2_ws\build\examples_rclpy_minimal_service\build\lib\examples_rclpy_minimal_service\__init__.py -> C:\dev\ros2_ws\install\Lib\site-packages\examples_rclpy_minimal_service
byte-compiling C:\dev\ros2_ws\install\Lib\site-packages\examples_rclpy_minimal_service\service.py to service.cpython-38.pyc
byte-compiling C:\dev\ros2_ws\install\Lib\site-packages\examples_rclpy_minimal_service\service_member_function.py to service_member_function.cpython-38.pyc
byte-compiling C:\dev\ros2_ws\install\Lib\site-packages\examples_rclpy_minimal_service\__init__.py to __init__.cpython-38.pyc
running install_data
copying resource\examples_rclpy_minimal_service -> C:\dev\ros2_ws\install\share\ament_index\resource_index\packages
copying package.xml -> C:\dev\ros2_ws\install\share\examples_rclpy_minimal_service
running install_egg_info
Copying ..\..\..\..\..\build\examples_rclpy_minimal_service\examples_rclpy_minimal_service.egg-info to C:\dev\ros2_ws\install\Lib\site-packages\examples_rclpy_minimal_service-0.17.1-py3.8.egg-info
running install_scripts
Installing service-script.py script to C:\dev\ros2_ws\install\lib\examples_rclpy_minimal_service
Installing service.exe script to C:\dev\ros2_ws\install\lib\examples_rclpy_minimal_service
Installing service_member_function-script.py script to C:\dev\ros2_ws\install\lib\examples_rclpy_minimal_service
Installing service_member_function.exe script to C:\dev\ros2_ws\install\lib\examples_rclpy_minimal_service
writing list of installed files to 'C:\dev\ros2_ws\build\examples_rclpy_minimal_service\install.log'
