[0.625s] Invoking command in 'C:\dev\ros2_ws\build\examples_rclcpp_multithreaded_executor': C:\Python38\Scripts\cmake.EXE C:\dev\ros2_ws\src\examples\rclcpp\executors\multithreaded_executor -DCMAKE_INSTALL_PREFIX=C:\dev\ros2_ws\install -G Visual Studio 17 2022
[5.281s] -- Selecting Windows SDK version 10.0.19041.0 to target Windows 10.0.22000.
[5.297s] -- The C compiler identification is MSVC 19.30.30705.0
[6.828s] -- The CXX compiler identification is MSVC 19.30.30705.0
[6.828s] -- Detecting C compiler ABI info
[8.172s] -- Detecting C compiler ABI info - done
[8.218s] -- Check for working C compiler: C:/Program Files/Microsoft Visual Studio/2022/Community/VC/Tools/MSVC/14.30.30705/bin/Hostx64/x64/cl.exe - skipped
[8.234s] -- Detecting C compile features
[8.234s] -- Detecting C compile features - done
[8.265s] -- Detecting CXX compiler ABI info
[10.968s] -- Detecting CXX compiler ABI info - done
[11.015s] -- Check for working CXX compiler: C:/Program Files/Microsoft Visual Studio/2022/Community/VC/Tools/MSVC/14.30.30705/bin/Hostx64/x64/cl.exe - skipped
[11.031s] -- Detecting CXX compile features
[11.047s] -- Detecting CXX compile features - done
[11.047s] -- Found ament_cmake: 1.3.3 (C:/dev/ros2/ros2-windows/share/ament_cmake/cmake)
[18.906s] -- Found Python3: C:/Python38/python.exe (found version "3.8.3") found components: Interpreter 
[19.484s] -- Found rclcpp: 16.0.3 (C:/dev/ros2/ros2-windows/share/rclcpp/cmake)
[20.218s] -- Found rosidl_generator_c: 3.1.4 (C:/dev/ros2/ros2-windows/share/rosidl_generator_c/cmake)
[20.390s] -- Found rosidl_adapter: 3.1.4 (C:/dev/ros2/ros2-windows/share/rosidl_adapter/cmake)
[21.000s] -- Found rosidl_generator_cpp: 3.1.4 (C:/dev/ros2/ros2-windows/share/rosidl_generator_cpp/cmake)
[21.422s] -- Using all available rosidl_typesupport_c: rosidl_typesupport_fastrtps_c;rosidl_typesupport_introspection_c
[22.125s] -- Using all available rosidl_typesupport_cpp: rosidl_typesupport_fastrtps_cpp;rosidl_typesupport_introspection_cpp
[22.859s] -- Found rmw_implementation_cmake: 6.1.1 (C:/dev/ros2/ros2-windows/share/rmw_implementation_cmake/cmake)
[22.859s] -- Found rmw_fastrtps_cpp: 6.2.2 (C:/dev/ros2/ros2-windows/share/rmw_fastrtps_cpp/cmake)
[24.312s] -- Found FastRTPS: C:/dev/ros2/ros2-windows/include  
[24.422s] -- Using RMW implementation 'rmw_fastrtps_cpp' as default
[24.672s] -- Performing Test CMAKE_HAVE_LIBC_PTHREAD
[26.437s] -- Performing Test CMAKE_HAVE_LIBC_PTHREAD - Failed
[26.437s] -- Looking for pthread_create in pthreads
[28.765s] -- Looking for pthread_create in pthreads - not found
[28.765s] -- Looking for pthread_create in pthread
[30.718s] -- Looking for pthread_create in pthread - not found
[30.718s] -- Found Threads: TRUE  
[32.015s] -- Found std_msgs: 4.2.3 (C:/dev/ros2/ros2-windows/share/std_msgs/cmake)
[32.609s] -- Found ament_lint_auto: 0.12.5 (C:/dev/ros2/ros2-windows/share/ament_lint_auto/cmake)
[33.187s] -- Added test 'copyright' to check source files copyright and LICENSE
[33.187s] -- Added test 'cppcheck' to perform static code analysis on C / C++ code
[33.187s] -- Configured cppcheck include dirs: 
[33.187s] -- Configured cppcheck exclude dirs and/or files: 
[33.203s] -- Added test 'cpplint' to check C / C++ code against the Google style
[33.203s] -- Configured cpplint exclude dirs and/or files: 
[33.218s] -- Added test 'lint_cmake' to check CMake code style
[33.218s] -- Added test 'uncrustify' to check C / C++ code style
[33.218s] -- Configured uncrustify additional arguments: 
[33.234s] -- Added test 'xmllint' to check XML markup files
[33.297s] -- Configuring done (32.4s)
[33.922s] -- Generating done (0.5s)
[33.968s] -- Build files have been written to: C:/dev/ros2_ws/build/examples_rclcpp_multithreaded_executor
[34.062s] Invoked command in 'C:\dev\ros2_ws\build\examples_rclcpp_multithreaded_executor' returned '0': C:\Python38\Scripts\cmake.EXE C:\dev\ros2_ws\src\examples\rclcpp\executors\multithreaded_executor -DCMAKE_INSTALL_PREFIX=C:\dev\ros2_ws\install -G Visual Studio 17 2022
[34.062s] Invoking command in 'C:\dev\ros2_ws\build\examples_rclcpp_multithreaded_executor': CL=/MP C:\Python38\Scripts\cmake.EXE --build C:\dev\ros2_ws\build\examples_rclcpp_multithreaded_executor --config Release
[34.703s] Microsoft (R) Build Engine version 17.0.0+c9eb9dd64 for .NET Framework
[34.703s] Copyright (C) Microsoft Corporation. All rights reserved.
[34.703s] 
[35.828s]   Checking Build System
[36.265s]   Building Custom Rule C:/dev/ros2_ws/src/examples/rclcpp/executors/multithreaded_executor/CMakeLists.txt
[36.656s]   multithreaded_executor.cpp
[57.718s]   multithreaded_executor.vcxproj -> C:\dev\ros2_ws\build\examples_rclcpp_multithreaded_executor\Release\multithreaded_executor.exe
[57.843s]   Building Custom Rule C:/dev/ros2_ws/src/examples/rclcpp/executors/multithreaded_executor/CMakeLists.txt
[58.125s] Invoked command in 'C:\dev\ros2_ws\build\examples_rclcpp_multithreaded_executor' returned '0': CL=/MP C:\Python38\Scripts\cmake.EXE --build C:\dev\ros2_ws\build\examples_rclcpp_multithreaded_executor --config Release
[58.125s] Invoking command in 'C:\dev\ros2_ws\build\examples_rclcpp_multithreaded_executor': C:\Python38\Scripts\cmake.EXE --install C:\dev\ros2_ws\build\examples_rclcpp_multithreaded_executor --config Release
[60.078s] -- Installing: C:/dev/ros2_ws/install/lib/examples_rclcpp_multithreaded_executor/multithreaded_executor.exe
[60.093s] -- Installing: C:/dev/ros2_ws/install/share/ament_index/resource_index/package_run_dependencies/examples_rclcpp_multithreaded_executor
[60.093s] -- Installing: C:/dev/ros2_ws/install/share/ament_index/resource_index/parent_prefix_path/examples_rclcpp_multithreaded_executor
[60.125s] -- Installing: C:/dev/ros2_ws/install/share/examples_rclcpp_multithreaded_executor/environment/ament_prefix_path.bat
[60.125s] -- Installing: C:/dev/ros2_ws/install/share/examples_rclcpp_multithreaded_executor/environment/ament_prefix_path.dsv
[60.125s] -- Installing: C:/dev/ros2_ws/install/share/examples_rclcpp_multithreaded_executor/environment/path.bat
[60.140s] -- Installing: C:/dev/ros2_ws/install/share/examples_rclcpp_multithreaded_executor/environment/path.dsv
[60.140s] -- Installing: C:/dev/ros2_ws/install/share/examples_rclcpp_multithreaded_executor/local_setup.bat
[60.140s] -- Installing: C:/dev/ros2_ws/install/share/examples_rclcpp_multithreaded_executor/local_setup.dsv
[60.156s] -- Installing: C:/dev/ros2_ws/install/share/examples_rclcpp_multithreaded_executor/package.dsv
[60.172s] -- Installing: C:/dev/ros2_ws/install/share/ament_index/resource_index/packages/examples_rclcpp_multithreaded_executor
[60.187s] -- Installing: C:/dev/ros2_ws/install/share/examples_rclcpp_multithreaded_executor/cmake/examples_rclcpp_multithreaded_executorConfig.cmake
[60.187s] -- Installing: C:/dev/ros2_ws/install/share/examples_rclcpp_multithreaded_executor/cmake/examples_rclcpp_multithreaded_executorConfig-version.cmake
[60.203s] -- Installing: C:/dev/ros2_ws/install/share/examples_rclcpp_multithreaded_executor/package.xml
[60.250s] Invoked command in 'C:\dev\ros2_ws\build\examples_rclcpp_multithreaded_executor' returned '0': C:\Python38\Scripts\cmake.EXE --install C:\dev\ros2_ws\build\examples_rclcpp_multithreaded_executor --config Release
