[0.562s] Invoking command in 'C:\dev\ros2_ws\build\examples_rclcpp_wait_set': C:\Python38\Scripts\cmake.EXE C:\dev\ros2_ws\src\examples\rclcpp\wait_set -DCMAKE_INSTALL_PREFIX=C:\dev\ros2_ws\install -G Visual Studio 17 2022
[5.219s] -- Selecting Windows SDK version 10.0.19041.0 to target Windows 10.0.22000.
[5.219s] -- The C compiler identification is MSVC 19.30.30705.0
[6.750s] -- The CXX compiler identification is MSVC 19.30.30705.0
[6.750s] -- Detecting C compiler ABI info
[8.250s] -- Detecting C compiler ABI info - done
[8.312s] -- Check for working C compiler: C:/Program Files/Microsoft Visual Studio/2022/Community/VC/Tools/MSVC/14.30.30705/bin/Hostx64/x64/cl.exe - skipped
[8.312s] -- Detecting C compile features
[8.328s] -- Detecting C compile features - done
[8.344s] -- Detecting CXX compiler ABI info
[11.125s] -- Detecting CXX compiler ABI info - done
[11.172s] -- Check for working CXX compiler: C:/Program Files/Microsoft Visual Studio/2022/Community/VC/Tools/MSVC/14.30.30705/bin/Hostx64/x64/cl.exe - skipped
[11.172s] -- Detecting CXX compile features
[11.172s] -- Detecting CXX compile features - done
[11.203s] -- Found ament_cmake: 1.3.3 (C:/dev/ros2/ros2-windows/share/ament_cmake/cmake)
[19.937s] -- Found Python3: C:/Python38/python.exe (found version "3.8.3") found components: Interpreter 
[20.531s] -- Found example_interfaces: 0.9.3 (C:/dev/ros2/ros2-windows/share/example_interfaces/cmake)
[20.922s] -- Found rosidl_generator_c: 3.1.4 (C:/dev/ros2/ros2-windows/share/rosidl_generator_c/cmake)
[20.922s] -- Found rosidl_adapter: 3.1.4 (C:/dev/ros2/ros2-windows/share/rosidl_adapter/cmake)
[20.922s] -- Found rosidl_generator_cpp: 3.1.4 (C:/dev/ros2/ros2-windows/share/rosidl_generator_cpp/cmake)
[21.344s] -- Using all available rosidl_typesupport_c: rosidl_typesupport_fastrtps_c;rosidl_typesupport_introspection_c
[22.047s] -- Using all available rosidl_typesupport_cpp: rosidl_typesupport_fastrtps_cpp;rosidl_typesupport_introspection_cpp
[23.125s] -- Found rclcpp: 16.0.3 (C:/dev/ros2/ros2-windows/share/rclcpp/cmake)
[23.500s] -- Found rmw_implementation_cmake: 6.1.1 (C:/dev/ros2/ros2-windows/share/rmw_implementation_cmake/cmake)
[23.531s] -- Found rmw_fastrtps_cpp: 6.2.2 (C:/dev/ros2/ros2-windows/share/rmw_fastrtps_cpp/cmake)
[24.219s] -- Found FastRTPS: C:/dev/ros2/ros2-windows/include  
[24.328s] -- Using RMW implementation 'rmw_fastrtps_cpp' as default
[24.594s] -- Performing Test CMAKE_HAVE_LIBC_PTHREAD
[26.515s] -- Performing Test CMAKE_HAVE_LIBC_PTHREAD - Failed
[26.531s] -- Looking for pthread_create in pthreads
[28.734s] -- Looking for pthread_create in pthreads - not found
[28.734s] -- Looking for pthread_create in pthread
[30.953s] -- Looking for pthread_create in pthread - not found
[30.953s] -- Found Threads: TRUE  
[31.937s] -- Found rclcpp_components: 16.0.3 (C:/dev/ros2/ros2-windows/share/rclcpp_components/cmake)
[33.047s] -- Found std_msgs: 4.2.3 (C:/dev/ros2/ros2-windows/share/std_msgs/cmake)
[33.297s] -- Found ament_lint_auto: 0.12.5 (C:/dev/ros2/ros2-windows/share/ament_lint_auto/cmake)
[33.812s] -- Added test 'copyright' to check source files copyright and LICENSE
[33.844s] -- Added test 'cppcheck' to perform static code analysis on C / C++ code
[33.844s] -- Configured cppcheck include dirs: C:/dev/ros2_ws/src/examples/rclcpp/wait_set/include
[33.844s] -- Configured cppcheck exclude dirs and/or files: 
[33.859s] -- Added test 'cpplint' to check C / C++ code against the Google style
[33.859s] -- Configured cpplint exclude dirs and/or files: 
[33.875s] -- Added test 'lint_cmake' to check CMake code style
[33.890s] -- Added test 'uncrustify' to check C / C++ code style
[33.890s] -- Configured uncrustify additional arguments: 
[33.890s] -- Added test 'xmllint' to check XML markup files
[34.000s] -- Configuring done (33.1s)
[36.906s] -- Generating done (2.8s)
[36.953s] -- Build files have been written to: C:/dev/ros2_ws/build/examples_rclcpp_wait_set
[37.078s] Invoked command in 'C:\dev\ros2_ws\build\examples_rclcpp_wait_set' returned '0': C:\Python38\Scripts\cmake.EXE C:\dev\ros2_ws\src\examples\rclcpp\wait_set -DCMAKE_INSTALL_PREFIX=C:\dev\ros2_ws\install -G Visual Studio 17 2022
[37.078s] Invoking command in 'C:\dev\ros2_ws\build\examples_rclcpp_wait_set': CL=/MP C:\Python38\Scripts\cmake.EXE --build C:\dev\ros2_ws\build\examples_rclcpp_wait_set --config Release
[37.672s] Microsoft (R) Build Engine version 17.0.0+c9eb9dd64 for .NET Framework
[37.672s] Copyright (C) Microsoft Corporation. All rights reserved.
[37.672s] 
[38.859s]   Checking Build System
[39.437s]   Building Custom Rule C:/dev/ros2_ws/src/examples/rclcpp/wait_set/CMakeLists.txt
[40.390s]   executor_random_order.cpp
[61.047s]   executor_random_order.vcxproj -> C:\dev\ros2_ws\build\examples_rclcpp_wait_set\Release\executor_random_order.exe
[61.219s]   Building Custom Rule C:/dev/ros2_ws/src/examples/rclcpp/wait_set/CMakeLists.txt
[61.375s]   listener.cpp
[74.969s]      Creating library C:/dev/ros2_ws/build/examples_rclcpp_wait_set/Release/listener.lib and object C:/dev/ros2_ws/build/examples_rclcpp_wait_set/Release/listener.exp
[75.078s]   listener.vcxproj -> C:\dev\ros2_ws\build\examples_rclcpp_wait_set\Release\listener.dll
[75.281s]   Building Custom Rule C:/dev/ros2_ws/src/examples/rclcpp/wait_set/CMakeLists.txt
[75.531s]   static_wait_set.cpp
[86.531s]   static_wait_set.vcxproj -> C:\dev\ros2_ws\build\examples_rclcpp_wait_set\Release\static_wait_set.exe
[86.625s]   Building Custom Rule C:/dev/ros2_ws/src/examples/rclcpp/wait_set/CMakeLists.txt
[86.875s]   talker.cpp
[92.344s]      Creating library C:/dev/ros2_ws/build/examples_rclcpp_wait_set/Release/talker.lib and object C:/dev/ros2_ws/build/examples_rclcpp_wait_set/Release/talker.exp
[92.422s]   talker.vcxproj -> C:\dev\ros2_ws\build\examples_rclcpp_wait_set\Release\talker.dll
[92.515s]   Building Custom Rule C:/dev/ros2_ws/src/examples/rclcpp/wait_set/CMakeLists.txt
[92.625s]   thread_safe_wait_set.cpp
[100.156s]   thread_safe_wait_set.vcxproj -> C:\dev\ros2_ws\build\examples_rclcpp_wait_set\Release\thread_safe_wait_set.exe
[100.234s]   Building Custom Rule C:/dev/ros2_ws/src/examples/rclcpp/wait_set/CMakeLists.txt
[100.344s]   wait_set.cpp
[107.265s]   wait_set.vcxproj -> C:\dev\ros2_ws\build\examples_rclcpp_wait_set\Release\wait_set.exe
[107.344s]   Building Custom Rule C:/dev/ros2_ws/src/examples/rclcpp/wait_set/CMakeLists.txt
[107.453s]   wait_set_composed.cpp
[111.781s]   wait_set_composed.vcxproj -> C:\dev\ros2_ws\build\examples_rclcpp_wait_set\Release\wait_set_composed.exe
[111.859s]   Building Custom Rule C:/dev/ros2_ws/src/examples/rclcpp/wait_set/CMakeLists.txt
[111.969s]   node_main_wait_set_listener.cpp
[116.375s]   wait_set_listener.vcxproj -> C:\dev\ros2_ws\build\examples_rclcpp_wait_set\Release\wait_set_listener.exe
[116.484s]   Building Custom Rule C:/dev/ros2_ws/src/examples/rclcpp/wait_set/CMakeLists.txt
[116.578s]   wait_set_random_order.cpp
[122.922s]   wait_set_random_order.vcxproj -> C:\dev\ros2_ws\build\examples_rclcpp_wait_set\Release\wait_set_random_order.exe
[123.000s]   Building Custom Rule C:/dev/ros2_ws/src/examples/rclcpp/wait_set/CMakeLists.txt
[123.109s]   node_main_wait_set_talker.cpp
[127.422s]   wait_set_talker.vcxproj -> C:\dev\ros2_ws\build\examples_rclcpp_wait_set\Release\wait_set_talker.exe
[127.500s]   Building Custom Rule C:/dev/ros2_ws/src/examples/rclcpp/wait_set/CMakeLists.txt
[127.625s]   wait_set_topics_and_timer.cpp
[136.750s]   wait_set_topics_and_timer.vcxproj -> C:\dev\ros2_ws\build\examples_rclcpp_wait_set\Release\wait_set_topics_and_timer.exe
[136.828s]   Building Custom Rule C:/dev/ros2_ws/src/examples/rclcpp/wait_set/CMakeLists.txt
[136.922s]   wait_set_topics_with_different_rates.cpp
[142.937s]   wait_set_topics_with_different_rates.vcxproj -> C:\dev\ros2_ws\build\examples_rclcpp_wait_set\Release\wait_set_topics_with_different_rates.exe
[143.000s]   Building Custom Rule C:/dev/ros2_ws/src/examples/rclcpp/wait_set/CMakeLists.txt
[143.094s] Invoked command in 'C:\dev\ros2_ws\build\examples_rclcpp_wait_set' returned '0': CL=/MP C:\Python38\Scripts\cmake.EXE --build C:\dev\ros2_ws\build\examples_rclcpp_wait_set --config Release
[143.094s] Invoking command in 'C:\dev\ros2_ws\build\examples_rclcpp_wait_set': C:\Python38\Scripts\cmake.EXE --install C:\dev\ros2_ws\build\examples_rclcpp_wait_set --config Release
[143.219s] -- Installing: C:/dev/ros2_ws/install/lib/examples_rclcpp_wait_set/wait_set_talker.exe
[143.234s] -- Installing: C:/dev/ros2_ws/install/lib/examples_rclcpp_wait_set/wait_set_listener.exe
[143.234s] -- Installing: C:/dev/ros2_ws/install/lib/talker.lib
[143.250s] -- Installing: C:/dev/ros2_ws/install/bin/talker.dll
[143.265s] -- Installing: C:/dev/ros2_ws/install/lib/listener.lib
[143.281s] -- Installing: C:/dev/ros2_ws/install/bin/listener.dll
[143.297s] -- Installing: C:/dev/ros2_ws/install/lib/examples_rclcpp_wait_set/wait_set.exe
[143.328s] -- Installing: C:/dev/ros2_ws/install/lib/examples_rclcpp_wait_set/static_wait_set.exe
[143.344s] -- Installing: C:/dev/ros2_ws/install/lib/examples_rclcpp_wait_set/thread_safe_wait_set.exe
[143.359s] -- Installing: C:/dev/ros2_ws/install/lib/examples_rclcpp_wait_set/wait_set_topics_and_timer.exe
[143.375s] -- Installing: C:/dev/ros2_ws/install/lib/examples_rclcpp_wait_set/wait_set_random_order.exe
[143.390s] -- Installing: C:/dev/ros2_ws/install/lib/examples_rclcpp_wait_set/executor_random_order.exe
[143.422s] -- Installing: C:/dev/ros2_ws/install/lib/examples_rclcpp_wait_set/wait_set_topics_with_different_rates.exe
[143.437s] -- Installing: C:/dev/ros2_ws/install/lib/examples_rclcpp_wait_set/wait_set_composed.exe
[143.437s] -- Installing: C:/dev/ros2_ws/install/share/ament_index/resource_index/package_run_dependencies/examples_rclcpp_wait_set
[143.437s] -- Installing: C:/dev/ros2_ws/install/share/ament_index/resource_index/parent_prefix_path/examples_rclcpp_wait_set
[143.437s] -- Installing: C:/dev/ros2_ws/install/share/examples_rclcpp_wait_set/environment/ament_prefix_path.bat
[143.453s] -- Installing: C:/dev/ros2_ws/install/share/examples_rclcpp_wait_set/environment/ament_prefix_path.dsv
[143.453s] -- Installing: C:/dev/ros2_ws/install/share/examples_rclcpp_wait_set/environment/path.bat
[143.453s] -- Installing: C:/dev/ros2_ws/install/share/examples_rclcpp_wait_set/environment/path.dsv
[143.453s] -- Installing: C:/dev/ros2_ws/install/share/examples_rclcpp_wait_set/local_setup.bat
[143.453s] -- Installing: C:/dev/ros2_ws/install/share/examples_rclcpp_wait_set/local_setup.dsv
[143.469s] -- Installing: C:/dev/ros2_ws/install/share/examples_rclcpp_wait_set/package.dsv
[143.469s] -- Installing: C:/dev/ros2_ws/install/share/ament_index/resource_index/packages/examples_rclcpp_wait_set
[143.469s] -- Installing: C:/dev/ros2_ws/install/share/ament_index/resource_index/rclcpp_components/examples_rclcpp_wait_set
[143.484s] -- Installing: C:/dev/ros2_ws/install/share/examples_rclcpp_wait_set/cmake/examples_rclcpp_wait_setConfig.cmake
[143.484s] -- Installing: C:/dev/ros2_ws/install/share/examples_rclcpp_wait_set/cmake/examples_rclcpp_wait_setConfig-version.cmake
[143.484s] -- Installing: C:/dev/ros2_ws/install/share/examples_rclcpp_wait_set/package.xml
[143.500s] Invoked command in 'C:\dev\ros2_ws\build\examples_rclcpp_wait_set' returned '0': C:\Python38\Scripts\cmake.EXE --install C:\dev\ros2_ws\build\examples_rclcpp_wait_set --config Release
