[0.109s] Invoking command in 'C:\dev\ros2_ws\build\my_package': C:\Python38\Scripts\cmake.EXE C:\dev\ros2_ws\src\my_package -DCMAKE_INSTALL_PREFIX=C:\dev\ros2_ws\install
[0.375s] -- Selecting Windows SDK version 10.0.19041.0 to target Windows 10.0.22000.
[1.843s] -- The C compiler identification is MSVC 19.30.30705.0
[2.640s] -- The CXX compiler identification is MSVC 19.30.30705.0
[2.781s] -- Detecting C compiler ABI info
[3.578s] -- Detecting C compiler ABI info - done
[3.593s] -- Check for working C compiler: C:/Program Files/Microsoft Visual Studio/2022/Community/VC/Tools/MSVC/14.30.30705/bin/Hostx64/x64/cl.exe - skipped
[3.593s] -- Detecting C compile features
[3.609s] -- Detecting C compile features - done
[3.640s] -- Detecting CXX compiler ABI info
[4.406s] -- Detecting CXX compiler ABI info - done
[4.422s] -- Check for working CXX compiler: C:/Program Files/Microsoft Visual Studio/2022/Community/VC/Tools/MSVC/14.30.30705/bin/Hostx64/x64/cl.exe - skipped
[4.422s] -- Detecting CXX compile features
[4.422s] -- Detecting CXX compile features - done
[4.437s] -- Found ament_cmake: 1.3.3 (C:/dev/ros2/ros2-windows/share/ament_cmake/cmake)
[6.734s] -- Found ament_lint_auto: 0.12.5 (C:/dev/ros2/ros2-windows/share/ament_lint_auto/cmake)
[6.875s] Traceback (most recent call last):
[6.875s]   File "C:\dev\ros2\ros2-windows\share\ament_cmake_core\cmake\core\package_xml_2_cmake.py", line 22, in <module>
[6.875s]     from catkin_pkg.package import parse_package_string
[6.875s] ModuleNotFoundError: No module named 'catkin_pkg'
[6.890s] CMake Error at C:/dev/ros2/ros2-windows/share/ament_cmake_core/cmake/core/ament_package_xml.cmake:95 (message):
[6.890s]   execute_process(C:/Program
[6.890s]   Files/WindowsApps/PythonSoftwareFoundation.Python.3.10_3.10.2800.0_x64__qbz5n2kfra8p0/python3.10.exe
[6.890s]   C:/dev/ros2/ros2-windows/share/ament_cmake_core/cmake/core/package_xml_2_cmake.py
[6.890s]   C:/dev/ros2_ws/src/my_package/package.xml
[6.890s]   C:/dev/ros2_ws/build/my_package/ament_cmake_core/package.cmake) returned
[6.890s]   error code 1
[6.890s] Call Stack (most recent call first):
[6.890s]   C:/dev/ros2/ros2-windows/share/ament_cmake_core/cmake/core/ament_package_xml.cmake:49 (_ament_package_xml)
[6.890s]   C:/dev/ros2/ros2-windows/share/ament_lint_auto/cmake/ament_lint_auto_find_test_dependencies.cmake:31 (ament_package_xml)
[6.890s]   CMakeLists.txt:32 (ament_lint_auto_find_test_dependencies)
[6.890s] 
[6.890s] 
[6.890s] -- Configuring incomplete, errors occurred!
[6.906s] Invoked command in 'C:\dev\ros2_ws\build\my_package' returned '1': C:\Python38\Scripts\cmake.EXE C:\dev\ros2_ws\src\my_package -DCMAKE_INSTALL_PREFIX=C:\dev\ros2_ws\install
