[2.641s] Invoking command in 'C:\SET-BETA-Spring2023\ros2_ws\src\publisher': PYTHONPATH=C:\SET-BETA-Spring2023\ros2_ws\build\publisher\prefix_override;C:\SET-BETA-Spring2023\ros2_ws\install\Lib\site-packages;%PYTHONPATH% c:\python38\python.exe setup.py egg_info --egg-base ..\..\build\publisher build --build-base C:\SET-BETA-Spring2023\ros2_ws\build\publisher\build install --record C:\SET-BETA-Spring2023\ros2_ws\build\publisher\install.log --single-version-externally-managed
[3.266s] running egg_info
[3.266s] writing ..\..\build\publisher\publisher.egg-info\PKG-INFO
[3.266s] writing dependency_links to ..\..\build\publisher\publisher.egg-info\dependency_links.txt
[3.266s] writing entry points to ..\..\build\publisher\publisher.egg-info\entry_points.txt
[3.266s] writing requirements to ..\..\build\publisher\publisher.egg-info\requires.txt
[3.266s] writing top-level names to ..\..\build\publisher\publisher.egg-info\top_level.txt
[3.313s] reading manifest file '..\..\build\publisher\publisher.egg-info\SOURCES.txt'
[3.313s] writing manifest file '..\..\build\publisher\publisher.egg-info\SOURCES.txt'
[3.313s] running build
[3.313s] running build_py
[3.313s] running install
[3.313s] running install_lib
[3.313s] running install_data
[3.328s] running install_egg_info
[3.328s] removing 'C:\SET-BETA-Spring2023\ros2_ws\install\Lib\site-packages\publisher-0.0.0-py3.8.egg-info' (and everything under it)
[3.328s] Copying ..\..\build\publisher\publisher.egg-info to C:\SET-BETA-Spring2023\ros2_ws\install\Lib\site-packages\publisher-0.0.0-py3.8.egg-info
[3.344s] running install_scripts
[3.391s] Installing listener-script.py script to C:\SET-BETA-Spring2023\ros2_ws\install\lib\publisher
[3.391s] Installing listener.exe script to C:\SET-BETA-Spring2023\ros2_ws\install\lib\publisher
[3.391s] Installing servos-script.py script to C:\SET-BETA-Spring2023\ros2_ws\install\lib\publisher
[3.406s] Installing servos.exe script to C:\SET-BETA-Spring2023\ros2_ws\install\lib\publisher
[3.406s] error: [Errno 13] Permission denied: 'C:\\SET-BETA-Spring2023\\ros2_ws\\install\\lib\\publisher\\servos.exe'
[3.531s] Invoked command in 'C:\SET-BETA-Spring2023\ros2_ws\src\publisher' returned '1': PYTHONPATH=C:\SET-BETA-Spring2023\ros2_ws\build\publisher\prefix_override;C:\SET-BETA-Spring2023\ros2_ws\install\Lib\site-packages;%PYTHONPATH% c:\python38\python.exe setup.py egg_info --egg-base ..\..\build\publisher build --build-base C:\SET-BETA-Spring2023\ros2_ws\build\publisher\build install --record C:\SET-BETA-Spring2023\ros2_ws\build\publisher\install.log --single-version-externally-managed
