[2.765s] Invoking command in 'C:\SET-BETA-Spring2023\ros2_ws\src\publisher': PYTHONPATH=C:\SET-BETA-Spring2023\ros2_ws\build\publisher\prefix_override;C:\SET-BETA-Spring2023\ros2_ws\install\Lib\site-packages;%PYTHONPATH% c:\python38\python.exe setup.py egg_info --egg-base ..\..\build\publisher build --build-base C:\SET-BETA-Spring2023\ros2_ws\build\publisher\build install --record C:\SET-BETA-Spring2023\ros2_ws\build\publisher\install.log --single-version-externally-managed
[3.406s] running egg_info
[3.406s] writing ..\..\build\publisher\publisher.egg-info\PKG-INFO
[3.406s] writing dependency_links to ..\..\build\publisher\publisher.egg-info\dependency_links.txt
[3.406s] writing entry points to ..\..\build\publisher\publisher.egg-info\entry_points.txt
[3.406s] writing requirements to ..\..\build\publisher\publisher.egg-info\requires.txt
[3.406s] writing top-level names to ..\..\build\publisher\publisher.egg-info\top_level.txt
[3.453s] reading manifest file '..\..\build\publisher\publisher.egg-info\SOURCES.txt'
[3.468s] writing manifest file '..\..\build\publisher\publisher.egg-info\SOURCES.txt'
[3.468s] running build
[3.468s] running build_py
[3.468s] copying publisher\wheel_drive.py -> C:\SET-BETA-Spring2023\ros2_ws\build\publisher\build\lib\publisher
[3.468s] running install
[3.484s] running install_lib
[3.484s] copying C:\SET-BETA-Spring2023\ros2_ws\build\publisher\build\lib\publisher\wheel_drive.py -> C:\SET-BETA-Spring2023\ros2_ws\install\Lib\site-packages\publisher
[3.484s] byte-compiling C:\SET-BETA-Spring2023\ros2_ws\install\Lib\site-packages\publisher\wheel_drive.py to wheel_drive.cpython-38.pyc
[3.500s] running install_data
[3.500s] running install_egg_info
[3.500s] removing 'C:\SET-BETA-Spring2023\ros2_ws\install\Lib\site-packages\publisher-0.0.0-py3.8.egg-info' (and everything under it)
[3.515s] Copying ..\..\build\publisher\publisher.egg-info to C:\SET-BETA-Spring2023\ros2_ws\install\Lib\site-packages\publisher-0.0.0-py3.8.egg-info
[3.531s] running install_scripts
[3.578s] Installing listener-script.py script to C:\SET-BETA-Spring2023\ros2_ws\install\lib\publisher
[3.578s] Installing listener.exe script to C:\SET-BETA-Spring2023\ros2_ws\install\lib\publisher
[3.578s] Installing servos-script.py script to C:\SET-BETA-Spring2023\ros2_ws\install\lib\publisher
[3.578s] Installing servos.exe script to C:\SET-BETA-Spring2023\ros2_ws\install\lib\publisher
[3.593s] Installing talker-script.py script to C:\SET-BETA-Spring2023\ros2_ws\install\lib\publisher
[3.593s] Installing talker.exe script to C:\SET-BETA-Spring2023\ros2_ws\install\lib\publisher
[3.593s] error: [Errno 13] Permission denied: 'C:\\SET-BETA-Spring2023\\ros2_ws\\install\\lib\\publisher\\talker.exe'
[3.703s] Invoked command in 'C:\SET-BETA-Spring2023\ros2_ws\src\publisher' returned '1': PYTHONPATH=C:\SET-BETA-Spring2023\ros2_ws\build\publisher\prefix_override;C:\SET-BETA-Spring2023\ros2_ws\install\Lib\site-packages;%PYTHONPATH% c:\python38\python.exe setup.py egg_info --egg-base ..\..\build\publisher build --build-base C:\SET-BETA-Spring2023\ros2_ws\build\publisher\build install --record C:\SET-BETA-Spring2023\ros2_ws\build\publisher\install.log --single-version-externally-managed
