[3.656s] Invoking command in 'C:\SET-BETA-Spring2023\ros2_ws\src\shoulder_mvmt': PYTHONPATH=C:\SET-BETA-Spring2023\ros2_ws\build\shoulder_mvmt\prefix_override;C:\SET-BETA-Spring2023\ros2_ws\install\Lib\site-packages;%PYTHONPATH% c:\python38\python.exe setup.py egg_info --egg-base ..\..\build\shoulder_mvmt build --build-base C:\SET-BETA-Spring2023\ros2_ws\build\shoulder_mvmt\build install --record C:\SET-BETA-Spring2023\ros2_ws\build\shoulder_mvmt\install.log --single-version-externally-managed
[4.265s] running egg_info
[4.265s] writing ..\..\build\shoulder_mvmt\shoulder_mvmt.egg-info\PKG-INFO
[4.265s] writing dependency_links to ..\..\build\shoulder_mvmt\shoulder_mvmt.egg-info\dependency_links.txt
[4.265s] writing entry points to ..\..\build\shoulder_mvmt\shoulder_mvmt.egg-info\entry_points.txt
[4.265s] writing requirements to ..\..\build\shoulder_mvmt\shoulder_mvmt.egg-info\requires.txt
[4.265s] writing top-level names to ..\..\build\shoulder_mvmt\shoulder_mvmt.egg-info\top_level.txt
[4.312s] reading manifest file '..\..\build\shoulder_mvmt\shoulder_mvmt.egg-info\SOURCES.txt'
[4.312s] writing manifest file '..\..\build\shoulder_mvmt\shoulder_mvmt.egg-info\SOURCES.txt'
[4.312s] running build
[4.312s] running build_py
[4.312s] running install
[4.312s] running install_lib
[4.312s] running install_data
[4.312s] running install_egg_info
[4.328s] removing 'C:\SET-BETA-Spring2023\ros2_ws\install\Lib\site-packages\shoulder_mvmt-0.0.0-py3.8.egg-info' (and everything under it)
[4.328s] Copying ..\..\build\shoulder_mvmt\shoulder_mvmt.egg-info to C:\SET-BETA-Spring2023\ros2_ws\install\Lib\site-packages\shoulder_mvmt-0.0.0-py3.8.egg-info
[4.343s] running install_scripts
[4.375s] Installing shoulder_servos-script.py script to C:\SET-BETA-Spring2023\ros2_ws\install\lib\shoulder_mvmt
[4.375s] Installing shoulder_servos.exe script to C:\SET-BETA-Spring2023\ros2_ws\install\lib\shoulder_mvmt
[4.375s] writing list of installed files to 'C:\SET-BETA-Spring2023\ros2_ws\build\shoulder_mvmt\install.log'
[4.422s] Invoked command in 'C:\SET-BETA-Spring2023\ros2_ws\src\shoulder_mvmt' returned '0': PYTHONPATH=C:\SET-BETA-Spring2023\ros2_ws\build\shoulder_mvmt\prefix_override;C:\SET-BETA-Spring2023\ros2_ws\install\Lib\site-packages;%PYTHONPATH% c:\python38\python.exe setup.py egg_info --egg-base ..\..\build\shoulder_mvmt build --build-base C:\SET-BETA-Spring2023\ros2_ws\build\shoulder_mvmt\build install --record C:\SET-BETA-Spring2023\ros2_ws\build\shoulder_mvmt\install.log --single-version-externally-managed
