[2.062s] Invoking command in 'C:\SET-BETA-Spring2023\ros2_ws\src\publisher': PYTHONPATH=C:\SET-BETA-Spring2023\ros2_ws\build\publisher\prefix_override;C:\SET-BETA-Spring2023\ros2_ws\install\Lib\site-packages;%PYTHONPATH% c:\python38\python.exe setup.py egg_info --egg-base ..\..\build\publisher build --build-base C:\SET-BETA-Spring2023\ros2_ws\build\publisher\build install --record C:\SET-BETA-Spring2023\ros2_ws\build\publisher\install.log --single-version-externally-managed
[2.531s] running egg_info
[2.531s] writing ..\..\build\publisher\publisher.egg-info\PKG-INFO
[2.531s] writing dependency_links to ..\..\build\publisher\publisher.egg-info\dependency_links.txt
[2.531s] writing entry points to ..\..\build\publisher\publisher.egg-info\entry_points.txt
[2.531s] writing requirements to ..\..\build\publisher\publisher.egg-info\requires.txt
[2.531s] writing top-level names to ..\..\build\publisher\publisher.egg-info\top_level.txt
[2.562s] reading manifest file '..\..\build\publisher\publisher.egg-info\SOURCES.txt'
[2.562s] writing manifest file '..\..\build\publisher\publisher.egg-info\SOURCES.txt'
[2.562s] running build
[2.562s] running build_py
[2.562s] running install
[2.562s] running install_lib
[2.578s] running install_data
[2.578s] running install_egg_info
[2.578s] removing 'C:\SET-BETA-Spring2023\ros2_ws\install\Lib\site-packages\publisher-0.0.0-py3.8.egg-info' (and everything under it)
[2.578s] Copying ..\..\build\publisher\publisher.egg-info to C:\SET-BETA-Spring2023\ros2_ws\install\Lib\site-packages\publisher-0.0.0-py3.8.egg-info
[2.609s] running install_scripts
[2.640s] Installing listener-script.py script to C:\SET-BETA-Spring2023\ros2_ws\install\lib\publisher
[2.640s] Installing listener.exe script to C:\SET-BETA-Spring2023\ros2_ws\install\lib\publisher
[2.640s] Installing servos-script.py script to C:\SET-BETA-Spring2023\ros2_ws\install\lib\publisher
[2.640s] Installing servos.exe script to C:\SET-BETA-Spring2023\ros2_ws\install\lib\publisher
[2.640s] Installing talker-script.py script to C:\SET-BETA-Spring2023\ros2_ws\install\lib\publisher
[2.640s] Installing talker.exe script to C:\SET-BETA-Spring2023\ros2_ws\install\lib\publisher
[2.640s] Installing wheels-script.py script to C:\SET-BETA-Spring2023\ros2_ws\install\lib\publisher
[2.640s] Installing wheels.exe script to C:\SET-BETA-Spring2023\ros2_ws\install\lib\publisher
[2.656s] writing list of installed files to 'C:\SET-BETA-Spring2023\ros2_ws\build\publisher\install.log'
[2.765s] Invoked command in 'C:\SET-BETA-Spring2023\ros2_ws\src\publisher' returned '0': PYTHONPATH=C:\SET-BETA-Spring2023\ros2_ws\build\publisher\prefix_override;C:\SET-BETA-Spring2023\ros2_ws\install\Lib\site-packages;%PYTHONPATH% c:\python38\python.exe setup.py egg_info --egg-base ..\..\build\publisher build --build-base C:\SET-BETA-Spring2023\ros2_ws\build\publisher\build install --record C:\SET-BETA-Spring2023\ros2_ws\build\publisher\install.log --single-version-externally-managed
