running egg_info
writing ..\..\build\shoulder_mvmt\shoulder_mvmt.egg-info\PKG-INFO
writing dependency_links to ..\..\build\shoulder_mvmt\shoulder_mvmt.egg-info\dependency_links.txt
writing entry points to ..\..\build\shoulder_mvmt\shoulder_mvmt.egg-info\entry_points.txt
writing requirements to ..\..\build\shoulder_mvmt\shoulder_mvmt.egg-info\requires.txt
writing top-level names to ..\..\build\shoulder_mvmt\shoulder_mvmt.egg-info\top_level.txt
reading manifest file '..\..\build\shoulder_mvmt\shoulder_mvmt.egg-info\SOURCES.txt'
writing manifest file '..\..\build\shoulder_mvmt\shoulder_mvmt.egg-info\SOURCES.txt'
running build
running build_py
running install
running install_lib
running install_data
running install_egg_info
removing 'c:\SET-BETA-Spring2023\ros2_ws\install\Lib\site-packages\shoulder_mvmt-0.0.0-py3.8.egg-info' (and everything under it)
Copying ..\..\build\shoulder_mvmt\shoulder_mvmt.egg-info to c:\SET-BETA-Spring2023\ros2_ws\install\Lib\site-packages\shoulder_mvmt-0.0.0-py3.8.egg-info
running install_scripts
Installing shoulder_servos-script.py script to c:\SET-BETA-Spring2023\ros2_ws\install\lib\shoulder_mvmt
Installing shoulder_servos.exe script to c:\SET-BETA-Spring2023\ros2_ws\install\lib\shoulder_mvmt
writing list of installed files to 'c:\SET-BETA-Spring2023\ros2_ws\build\shoulder_mvmt\install.log'
