running egg_info
creating ..\..\..\..\build\examples_rclpy_guard_conditions\examples_rclpy_guard_conditions.egg-info
writing ..\..\..\..\build\examples_rclpy_guard_conditions\examples_rclpy_guard_conditions.egg-info\PKG-INFO
writing dependency_links to ..\..\..\..\build\examples_rclpy_guard_conditions\examples_rclpy_guard_conditions.egg-info\dependency_links.txt
writing entry points to ..\..\..\..\build\examples_rclpy_guard_conditions\examples_rclpy_guard_conditions.egg-info\entry_points.txt
writing requirements to ..\..\..\..\build\examples_rclpy_guard_conditions\examples_rclpy_guard_conditions.egg-info\requires.txt
writing top-level names to ..\..\..\..\build\examples_rclpy_guard_conditions\examples_rclpy_guard_conditions.egg-info\top_level.txt
writing manifest file '..\..\..\..\build\examples_rclpy_guard_conditions\examples_rclpy_guard_conditions.egg-info\SOURCES.txt'
reading manifest file '..\..\..\..\build\examples_rclpy_guard_conditions\examples_rclpy_guard_conditions.egg-info\SOURCES.txt'
writing manifest file '..\..\..\..\build\examples_rclpy_guard_conditions\examples_rclpy_guard_conditions.egg-info\SOURCES.txt'
running build
running build_py
creating C:\dev\ros2_ws\build\examples_rclpy_guard_conditions\build
creating C:\dev\ros2_ws\build\examples_rclpy_guard_conditions\build\lib
creating C:\dev\ros2_ws\build\examples_rclpy_guard_conditions\build\lib\examples_rclpy_guard_conditions
copying examples_rclpy_guard_conditions\trigger_guard_condition.py -> C:\dev\ros2_ws\build\examples_rclpy_guard_conditions\build\lib\examples_rclpy_guard_conditions
copying examples_rclpy_guard_conditions\__init__.py -> C:\dev\ros2_ws\build\examples_rclpy_guard_conditions\build\lib\examples_rclpy_guard_conditions
running install
running install_lib
creating C:\dev\ros2_ws\install\Lib\site-packages\examples_rclpy_guard_conditions
copying C:\dev\ros2_ws\build\examples_rclpy_guard_conditions\build\lib\examples_rclpy_guard_conditions\trigger_guard_condition.py -> C:\dev\ros2_ws\install\Lib\site-packages\examples_rclpy_guard_conditions
copying C:\dev\ros2_ws\build\examples_rclpy_guard_conditions\build\lib\examples_rclpy_guard_conditions\__init__.py -> C:\dev\ros2_ws\install\Lib\site-packages\examples_rclpy_guard_conditions
byte-compiling C:\dev\ros2_ws\install\Lib\site-packages\examples_rclpy_guard_conditions\trigger_guard_condition.py to trigger_guard_condition.cpython-38.pyc
byte-compiling C:\dev\ros2_ws\install\Lib\site-packages\examples_rclpy_guard_conditions\__init__.py to __init__.cpython-38.pyc
running install_data
creating C:\dev\ros2_ws\install\share\ament_index
creating C:\dev\ros2_ws\install\share\ament_index\resource_index
creating C:\dev\ros2_ws\install\share\ament_index\resource_index\packages
copying resource\examples_rclpy_guard_conditions -> C:\dev\ros2_ws\install\share\ament_index\resource_index\packages
copying package.xml -> C:\dev\ros2_ws\install\share\examples_rclpy_guard_conditions
running install_egg_info
Copying ..\..\..\..\build\examples_rclpy_guard_conditions\examples_rclpy_guard_conditions.egg-info to C:\dev\ros2_ws\install\Lib\site-packages\examples_rclpy_guard_conditions-0.17.1-py3.8.egg-info
running install_scripts
Installing trigger_guard_condition-script.py script to C:\dev\ros2_ws\install\lib\examples_rclpy_guard_conditions
Installing trigger_guard_condition.exe script to C:\dev\ros2_ws\install\lib\examples_rclpy_guard_conditions
writing list of installed files to 'C:\dev\ros2_ws\build\examples_rclpy_guard_conditions\install.log'
