[9.422s] Invoking command in 'C:\dev\ros2_ws\src\examples\rclpy\guard_conditions': PYTHONPATH=C:\dev\ros2_ws\build\examples_rclpy_guard_conditions\prefix_override;C:\dev\ros2_ws\install\Lib\site-packages;%PYTHONPATH% c:\python38\python.exe setup.py egg_info --egg-base ..\..\..\..\build\examples_rclpy_guard_conditions build --build-base C:\dev\ros2_ws\build\examples_rclpy_guard_conditions\build install --record C:\dev\ros2_ws\build\examples_rclpy_guard_conditions\install.log --single-version-externally-managed
[10.797s] running egg_info
[10.812s] creating ..\..\..\..\build\examples_rclpy_guard_conditions\examples_rclpy_guard_conditions.egg-info
[10.812s] writing ..\..\..\..\build\examples_rclpy_guard_conditions\examples_rclpy_guard_conditions.egg-info\PKG-INFO
[10.812s] writing dependency_links to ..\..\..\..\build\examples_rclpy_guard_conditions\examples_rclpy_guard_conditions.egg-info\dependency_links.txt
[10.812s] writing entry points to ..\..\..\..\build\examples_rclpy_guard_conditions\examples_rclpy_guard_conditions.egg-info\entry_points.txt
[10.843s] writing requirements to ..\..\..\..\build\examples_rclpy_guard_conditions\examples_rclpy_guard_conditions.egg-info\requires.txt
[10.843s] writing top-level names to ..\..\..\..\build\examples_rclpy_guard_conditions\examples_rclpy_guard_conditions.egg-info\top_level.txt
[10.843s] writing manifest file '..\..\..\..\build\examples_rclpy_guard_conditions\examples_rclpy_guard_conditions.egg-info\SOURCES.txt'
[10.922s] reading manifest file '..\..\..\..\build\examples_rclpy_guard_conditions\examples_rclpy_guard_conditions.egg-info\SOURCES.txt'
[10.922s] writing manifest file '..\..\..\..\build\examples_rclpy_guard_conditions\examples_rclpy_guard_conditions.egg-info\SOURCES.txt'
[10.937s] running build
[10.937s] running build_py
[10.937s] creating C:\dev\ros2_ws\build\examples_rclpy_guard_conditions\build
[10.937s] creating C:\dev\ros2_ws\build\examples_rclpy_guard_conditions\build\lib
[10.937s] creating C:\dev\ros2_ws\build\examples_rclpy_guard_conditions\build\lib\examples_rclpy_guard_conditions
[10.937s] copying examples_rclpy_guard_conditions\trigger_guard_condition.py -> C:\dev\ros2_ws\build\examples_rclpy_guard_conditions\build\lib\examples_rclpy_guard_conditions
[10.937s] copying examples_rclpy_guard_conditions\__init__.py -> C:\dev\ros2_ws\build\examples_rclpy_guard_conditions\build\lib\examples_rclpy_guard_conditions
[10.937s] running install
[10.937s] running install_lib
[10.953s] creating C:\dev\ros2_ws\install\Lib\site-packages\examples_rclpy_guard_conditions
[10.953s] copying C:\dev\ros2_ws\build\examples_rclpy_guard_conditions\build\lib\examples_rclpy_guard_conditions\trigger_guard_condition.py -> C:\dev\ros2_ws\install\Lib\site-packages\examples_rclpy_guard_conditions
[10.968s] copying C:\dev\ros2_ws\build\examples_rclpy_guard_conditions\build\lib\examples_rclpy_guard_conditions\__init__.py -> C:\dev\ros2_ws\install\Lib\site-packages\examples_rclpy_guard_conditions
[10.968s] byte-compiling C:\dev\ros2_ws\install\Lib\site-packages\examples_rclpy_guard_conditions\trigger_guard_condition.py to trigger_guard_condition.cpython-38.pyc
[10.984s] byte-compiling C:\dev\ros2_ws\install\Lib\site-packages\examples_rclpy_guard_conditions\__init__.py to __init__.cpython-38.pyc
[10.984s] running install_data
[10.984s] creating C:\dev\ros2_ws\install\share\ament_index
[10.984s] creating C:\dev\ros2_ws\install\share\ament_index\resource_index
[11.000s] creating C:\dev\ros2_ws\install\share\ament_index\resource_index\packages
[11.000s] copying resource\examples_rclpy_guard_conditions -> C:\dev\ros2_ws\install\share\ament_index\resource_index\packages
[11.000s] copying package.xml -> C:\dev\ros2_ws\install\share\examples_rclpy_guard_conditions
[11.000s] running install_egg_info
[11.015s] Copying ..\..\..\..\build\examples_rclpy_guard_conditions\examples_rclpy_guard_conditions.egg-info to C:\dev\ros2_ws\install\Lib\site-packages\examples_rclpy_guard_conditions-0.17.1-py3.8.egg-info
[11.093s] running install_scripts
[11.156s] Installing trigger_guard_condition-script.py script to C:\dev\ros2_ws\install\lib\examples_rclpy_guard_conditions
[11.156s] Installing trigger_guard_condition.exe script to C:\dev\ros2_ws\install\lib\examples_rclpy_guard_conditions
[11.172s] writing list of installed files to 'C:\dev\ros2_ws\build\examples_rclpy_guard_conditions\install.log'
[11.265s] Invoked command in 'C:\dev\ros2_ws\src\examples\rclpy\guard_conditions' returned '0': PYTHONPATH=C:\dev\ros2_ws\build\examples_rclpy_guard_conditions\prefix_override;C:\dev\ros2_ws\install\Lib\site-packages;%PYTHONPATH% c:\python38\python.exe setup.py egg_info --egg-base ..\..\..\..\build\examples_rclpy_guard_conditions build --build-base C:\dev\ros2_ws\build\examples_rclpy_guard_conditions\build install --record C:\dev\ros2_ws\build\examples_rclpy_guard_conditions\install.log --single-version-externally-managed
