running egg_info
creating ..\..\..\..\build\examples_rclpy_executors\examples_rclpy_executors.egg-info
writing ..\..\..\..\build\examples_rclpy_executors\examples_rclpy_executors.egg-info\PKG-INFO
writing dependency_links to ..\..\..\..\build\examples_rclpy_executors\examples_rclpy_executors.egg-info\dependency_links.txt
writing entry points to ..\..\..\..\build\examples_rclpy_executors\examples_rclpy_executors.egg-info\entry_points.txt
writing requirements to ..\..\..\..\build\examples_rclpy_executors\examples_rclpy_executors.egg-info\requires.txt
writing top-level names to ..\..\..\..\build\examples_rclpy_executors\examples_rclpy_executors.egg-info\top_level.txt
writing manifest file '..\..\..\..\build\examples_rclpy_executors\examples_rclpy_executors.egg-info\SOURCES.txt'
reading manifest file '..\..\..\..\build\examples_rclpy_executors\examples_rclpy_executors.egg-info\SOURCES.txt'
writing manifest file '..\..\..\..\build\examples_rclpy_executors\examples_rclpy_executors.egg-info\SOURCES.txt'
running build
running build_py
creating C:\dev\ros2_ws\build\examples_rclpy_executors\build
creating C:\dev\ros2_ws\build\examples_rclpy_executors\build\lib
creating C:\dev\ros2_ws\build\examples_rclpy_executors\build\lib\examples_rclpy_executors
copying examples_rclpy_executors\callback_group.py -> C:\dev\ros2_ws\build\examples_rclpy_executors\build\lib\examples_rclpy_executors
copying examples_rclpy_executors\composed.py -> C:\dev\ros2_ws\build\examples_rclpy_executors\build\lib\examples_rclpy_executors
copying examples_rclpy_executors\custom_callback_group.py -> C:\dev\ros2_ws\build\examples_rclpy_executors\build\lib\examples_rclpy_executors
copying examples_rclpy_executors\custom_executor.py -> C:\dev\ros2_ws\build\examples_rclpy_executors\build\lib\examples_rclpy_executors
copying examples_rclpy_executors\listener.py -> C:\dev\ros2_ws\build\examples_rclpy_executors\build\lib\examples_rclpy_executors
copying examples_rclpy_executors\talker.py -> C:\dev\ros2_ws\build\examples_rclpy_executors\build\lib\examples_rclpy_executors
copying examples_rclpy_executors\__init__.py -> C:\dev\ros2_ws\build\examples_rclpy_executors\build\lib\examples_rclpy_executors
running install
running install_lib
creating C:\dev\ros2_ws\install\Lib\site-packages\examples_rclpy_executors
copying C:\dev\ros2_ws\build\examples_rclpy_executors\build\lib\examples_rclpy_executors\callback_group.py -> C:\dev\ros2_ws\install\Lib\site-packages\examples_rclpy_executors
copying C:\dev\ros2_ws\build\examples_rclpy_executors\build\lib\examples_rclpy_executors\composed.py -> C:\dev\ros2_ws\install\Lib\site-packages\examples_rclpy_executors
copying C:\dev\ros2_ws\build\examples_rclpy_executors\build\lib\examples_rclpy_executors\custom_callback_group.py -> C:\dev\ros2_ws\install\Lib\site-packages\examples_rclpy_executors
copying C:\dev\ros2_ws\build\examples_rclpy_executors\build\lib\examples_rclpy_executors\custom_executor.py -> C:\dev\ros2_ws\install\Lib\site-packages\examples_rclpy_executors
copying C:\dev\ros2_ws\build\examples_rclpy_executors\build\lib\examples_rclpy_executors\listener.py -> C:\dev\ros2_ws\install\Lib\site-packages\examples_rclpy_executors
copying C:\dev\ros2_ws\build\examples_rclpy_executors\build\lib\examples_rclpy_executors\talker.py -> C:\dev\ros2_ws\install\Lib\site-packages\examples_rclpy_executors
copying C:\dev\ros2_ws\build\examples_rclpy_executors\build\lib\examples_rclpy_executors\__init__.py -> C:\dev\ros2_ws\install\Lib\site-packages\examples_rclpy_executors
byte-compiling C:\dev\ros2_ws\install\Lib\site-packages\examples_rclpy_executors\callback_group.py to callback_group.cpython-38.pyc
byte-compiling C:\dev\ros2_ws\install\Lib\site-packages\examples_rclpy_executors\composed.py to composed.cpython-38.pyc
byte-compiling C:\dev\ros2_ws\install\Lib\site-packages\examples_rclpy_executors\custom_callback_group.py to custom_callback_group.cpython-38.pyc
byte-compiling C:\dev\ros2_ws\install\Lib\site-packages\examples_rclpy_executors\custom_executor.py to custom_executor.cpython-38.pyc
byte-compiling C:\dev\ros2_ws\install\Lib\site-packages\examples_rclpy_executors\listener.py to listener.cpython-38.pyc
byte-compiling C:\dev\ros2_ws\install\Lib\site-packages\examples_rclpy_executors\talker.py to talker.cpython-38.pyc
byte-compiling C:\dev\ros2_ws\install\Lib\site-packages\examples_rclpy_executors\__init__.py to __init__.cpython-38.pyc
running install_data
copying resource\examples_rclpy_executors -> C:\dev\ros2_ws\install\share\ament_index\resource_index\packages
copying package.xml -> C:\dev\ros2_ws\install\share\examples_rclpy_executors
running install_egg_info
Copying ..\..\..\..\build\examples_rclpy_executors\examples_rclpy_executors.egg-info to C:\dev\ros2_ws\install\Lib\site-packages\examples_rclpy_executors-0.17.1-py3.8.egg-info
running install_scripts
Installing callback_group-script.py script to C:\dev\ros2_ws\install\lib\examples_rclpy_executors
Installing callback_group.exe script to C:\dev\ros2_ws\install\lib\examples_rclpy_executors
Installing composed-script.py script to C:\dev\ros2_ws\install\lib\examples_rclpy_executors
Installing composed.exe script to C:\dev\ros2_ws\install\lib\examples_rclpy_executors
Installing custom_callback_group-script.py script to C:\dev\ros2_ws\install\lib\examples_rclpy_executors
Installing custom_callback_group.exe script to C:\dev\ros2_ws\install\lib\examples_rclpy_executors
Installing custom_executor-script.py script to C:\dev\ros2_ws\install\lib\examples_rclpy_executors
Installing custom_executor.exe script to C:\dev\ros2_ws\install\lib\examples_rclpy_executors
Installing listener-script.py script to C:\dev\ros2_ws\install\lib\examples_rclpy_executors
Installing listener.exe script to C:\dev\ros2_ws\install\lib\examples_rclpy_executors
Installing talker-script.py script to C:\dev\ros2_ws\install\lib\examples_rclpy_executors
Installing talker.exe script to C:\dev\ros2_ws\install\lib\examples_rclpy_executors
writing list of installed files to 'C:\dev\ros2_ws\build\examples_rclpy_executors\install.log'
