[2.609s] Invoking command in 'C:\SET-BETA-Spring2023\ros2_ws\src\publisher': PYTHONPATH=C:\SET-BETA-Spring2023\ros2_ws\build\publisher\prefix_override;C:\SET-BETA-Spring2023\ros2_ws\install\Lib\site-packages;%PYTHONPATH% c:\python38\python.exe setup.py egg_info --egg-base ..\..\build\publisher build --build-base C:\SET-BETA-Spring2023\ros2_ws\build\publisher\build install --record C:\SET-BETA-Spring2023\ros2_ws\build\publisher\install.log --single-version-externally-managed
[3.234s] running egg_info
[3.234s] writing ..\..\build\publisher\publisher.egg-info\PKG-INFO
[3.234s] writing dependency_links to ..\..\build\publisher\publisher.egg-info\dependency_links.txt
[3.234s] writing entry points to ..\..\build\publisher\publisher.egg-info\entry_points.txt
[3.234s] writing requirements to ..\..\build\publisher\publisher.egg-info\requires.txt
[3.234s] writing top-level names to ..\..\build\publisher\publisher.egg-info\top_level.txt
[3.281s] reading manifest file '..\..\build\publisher\publisher.egg-info\SOURCES.txt'
[3.281s] writing manifest file '..\..\build\publisher\publisher.egg-info\SOURCES.txt'
[3.281s] running build
[3.281s] running build_py
[3.296s] running install
[3.296s] running install_lib
[3.296s] running install_data
[3.296s] running install_egg_info
[3.312s] removing 'C:\SET-BETA-Spring2023\ros2_ws\install\Lib\site-packages\publisher-0.0.0-py3.8.egg-info' (and everything under it)
[3.312s] Copying ..\..\build\publisher\publisher.egg-info to C:\SET-BETA-Spring2023\ros2_ws\install\Lib\site-packages\publisher-0.0.0-py3.8.egg-info
[3.328s] running install_scripts
[3.375s] Installing listener-script.py script to C:\SET-BETA-Spring2023\ros2_ws\install\lib\publisher
[3.375s] Installing listener.exe script to C:\SET-BETA-Spring2023\ros2_ws\install\lib\publisher
[3.375s] Installing servos-script.py script to C:\SET-BETA-Spring2023\ros2_ws\install\lib\publisher
[3.375s] Installing servos.exe script to C:\SET-BETA-Spring2023\ros2_ws\install\lib\publisher
[3.375s] Installing talker-script.py script to C:\SET-BETA-Spring2023\ros2_ws\install\lib\publisher
[3.375s] Installing talker.exe script to C:\SET-BETA-Spring2023\ros2_ws\install\lib\publisher
[3.375s] error: [Errno 13] Permission denied: 'C:\\SET-BETA-Spring2023\\ros2_ws\\install\\lib\\publisher\\talker.exe'
[3.515s] Invoked command in 'C:\SET-BETA-Spring2023\ros2_ws\src\publisher' returned '1': PYTHONPATH=C:\SET-BETA-Spring2023\ros2_ws\build\publisher\prefix_override;C:\SET-BETA-Spring2023\ros2_ws\install\Lib\site-packages;%PYTHONPATH% c:\python38\python.exe setup.py egg_info --egg-base ..\..\build\publisher build --build-base C:\SET-BETA-Spring2023\ros2_ws\build\publisher\build install --record C:\SET-BETA-Spring2023\ros2_ws\build\publisher\install.log --single-version-externally-managed
