[1.906s] Invoking command in 'C:\SET-BETA-Spring2023\ros2_ws\src\shoulder_mvmt': PYTHONPATH=C:\SET-BETA-Spring2023\ros2_ws\build\shoulder_mvmt\prefix_override;C:\SET-BETA-Spring2023\ros2_ws\install\Lib\site-packages;%PYTHONPATH% c:\python38\python.exe setup.py egg_info --egg-base ..\..\build\shoulder_mvmt build --build-base C:\SET-BETA-Spring2023\ros2_ws\build\shoulder_mvmt\build install --record C:\SET-BETA-Spring2023\ros2_ws\build\shoulder_mvmt\install.log --single-version-externally-managed
[2.359s] running egg_info
[2.359s] writing ..\..\build\shoulder_mvmt\shoulder_mvmt.egg-info\PKG-INFO
[2.359s] writing dependency_links to ..\..\build\shoulder_mvmt\shoulder_mvmt.egg-info\dependency_links.txt
[2.375s] writing entry points to ..\..\build\shoulder_mvmt\shoulder_mvmt.egg-info\entry_points.txt
[2.375s] writing requirements to ..\..\build\shoulder_mvmt\shoulder_mvmt.egg-info\requires.txt
[2.375s] writing top-level names to ..\..\build\shoulder_mvmt\shoulder_mvmt.egg-info\top_level.txt
[2.406s] reading manifest file '..\..\build\shoulder_mvmt\shoulder_mvmt.egg-info\SOURCES.txt'
[2.406s] writing manifest file '..\..\build\shoulder_mvmt\shoulder_mvmt.egg-info\SOURCES.txt'
[2.406s] running build
[2.406s] running build_py
[2.406s] running install
[2.406s] running install_lib
[2.406s] running install_data
[2.406s] running install_egg_info
[2.422s] removing 'C:\SET-BETA-Spring2023\ros2_ws\install\Lib\site-packages\shoulder_mvmt-0.0.0-py3.8.egg-info' (and everything under it)
[2.422s] Copying ..\..\build\shoulder_mvmt\shoulder_mvmt.egg-info to C:\SET-BETA-Spring2023\ros2_ws\install\Lib\site-packages\shoulder_mvmt-0.0.0-py3.8.egg-info
[2.438s] running install_scripts
[2.484s] Installing shoulder_servos-script.py script to C:\SET-BETA-Spring2023\ros2_ws\install\lib\shoulder_mvmt
[2.484s] Installing shoulder_servos.exe script to C:\SET-BETA-Spring2023\ros2_ws\install\lib\shoulder_mvmt
[2.484s] writing list of installed files to 'C:\SET-BETA-Spring2023\ros2_ws\build\shoulder_mvmt\install.log'
[2.516s] Invoked command in 'C:\SET-BETA-Spring2023\ros2_ws\src\shoulder_mvmt' returned '0': PYTHONPATH=C:\SET-BETA-Spring2023\ros2_ws\build\shoulder_mvmt\prefix_override;C:\SET-BETA-Spring2023\ros2_ws\install\Lib\site-packages;%PYTHONPATH% c:\python38\python.exe setup.py egg_info --egg-base ..\..\build\shoulder_mvmt build --build-base C:\SET-BETA-Spring2023\ros2_ws\build\shoulder_mvmt\build install --record C:\SET-BETA-Spring2023\ros2_ws\build\shoulder_mvmt\install.log --single-version-externally-managed
