[1.361s] [34mcolcon[0m [1;30mDEBUG[0m [32mCommand line arguments: ['C:\\Python38\\Scripts\\colcon', 'build', '--merge-install'][0m
[1.362s] [34mcolcon[0m [1;30mDEBUG[0m [32mParsed command line arguments: Namespace(ament_cmake_args=None, base_paths=['.'], build_base='build', catkin_cmake_args=None, catkin_skip_building_tests=False, cmake_args=None, cmake_clean_cache=False, cmake_clean_first=False, cmake_force_configure=False, cmake_target=None, cmake_target_skip_unavailable=False, continue_on_error=False, event_handlers=None, executor='parallel', ignore_user_meta=False, install_base='install', log_base=None, log_level=None, main=<bound method BuildVerb.main of <colcon_core.verb.build.BuildVerb object at 0x0000021A47A4E970>>, merge_install=True, metas=['./colcon.meta'], packages_above=None, packages_above_and_dependencies=None, packages_above_depth=None, packages_end=None, packages_ignore=None, packages_ignore_regex=None, packages_select=None, packages_select_build_failed=False, packages_select_by_dep=None, packages_select_regex=None, packages_select_test_failures=False, packages_skip=None, packages_skip_build_finished=False, packages_skip_by_dep=None, packages_skip_regex=None, packages_skip_test_passed=False, packages_skip_up_to=None, packages_start=None, packages_up_to=None, packages_up_to_regex=None, parallel_workers=16, paths=None, symlink_install=False, test_result_base=None, verb_extension=<colcon_core.verb.build.BuildVerb object at 0x0000021A47A4E970>, verb_name='build', verb_parser=<colcon_defaults.argument_parser.defaults.DefaultArgumentsDecorator object at 0x0000021A47A4EE50>)[0m
[1.487s] [34mcolcon.colcon_core.package_discovery[0m [1;30mLevel 1[0m discover_packages(colcon_meta) check parameters
[1.488s] [34mcolcon.colcon_core.package_discovery[0m [1;30mLevel 1[0m discover_packages(recursive) check parameters
[1.488s] [34mcolcon.colcon_core.package_discovery[0m [1;30mLevel 1[0m discover_packages(ignore) check parameters
[1.488s] [34mcolcon.colcon_core.package_discovery[0m [1;30mLevel 1[0m discover_packages(path) check parameters
[1.488s] [34mcolcon.colcon_core.package_discovery[0m [1;30mLevel 1[0m discover_packages(colcon_meta) discover
[1.488s] [34mcolcon.colcon_core.package_discovery[0m [1;30mLevel 1[0m discover_packages(recursive) discover
[1.488s] [34mcolcon.colcon_core.package_discovery[0m [1;30mINFO[0m Crawling recursively for packages in 'c:\SET-BETA-Spring2023\ros2_ws'
[1.489s] [34mcolcon.colcon_core.package_identification[0m [1;30mLevel 1[0m _identify(.) by extensions ['ignore', 'ignore_ament_install']
[1.489s] [34mcolcon.colcon_core.package_identification[0m [1;30mLevel 1[0m _identify(.) by extension 'ignore'
[1.489s] [34mcolcon.colcon_core.package_identification[0m [1;30mLevel 1[0m _identify(.) by extension 'ignore_ament_install'
[1.489s] [34mcolcon.colcon_core.package_identification[0m [1;30mLevel 1[0m _identify(.) by extensions ['colcon_pkg']
[1.489s] [34mcolcon.colcon_core.package_identification[0m [1;30mLevel 1[0m _identify(.) by extension 'colcon_pkg'
[1.489s] [34mcolcon.colcon_core.package_identification[0m [1;30mLevel 1[0m _identify(.) by extensions ['colcon_meta']
[1.489s] [34mcolcon.colcon_core.package_identification[0m [1;30mLevel 1[0m _identify(.) by extension 'colcon_meta'
[1.490s] [34mcolcon.colcon_core.package_identification[0m [1;30mLevel 1[0m _identify(.) by extensions ['ros']
[1.490s] [34mcolcon.colcon_core.package_identification[0m [1;30mLevel 1[0m _identify(.) by extension 'ros'
[1.549s] [34mcolcon.colcon_core.package_identification[0m [1;30mLevel 1[0m _identify(.) by extensions ['cmake', 'python']
[1.549s] [34mcolcon.colcon_core.package_identification[0m [1;30mLevel 1[0m _identify(.) by extension 'cmake'
[1.550s] [34mcolcon.colcon_core.package_identification[0m [1;30mLevel 1[0m _identify(.) by extension 'python'
[1.550s] [34mcolcon.colcon_core.package_identification[0m [1;30mLevel 1[0m _identify(.) by extensions ['python_setup_py']
[1.550s] [34mcolcon.colcon_core.package_identification[0m [1;30mLevel 1[0m _identify(.) by extension 'python_setup_py'
[1.550s] [34mcolcon.colcon_core.package_identification[0m [1;30mLevel 1[0m _identify(build) by extensions ['ignore', 'ignore_ament_install']
[1.551s] [34mcolcon.colcon_core.package_identification[0m [1;30mLevel 1[0m _identify(build) by extension 'ignore'
[1.551s] [34mcolcon.colcon_core.package_identification[0m [1;30mLevel 1[0m _identify(build) ignored
[1.551s] [34mcolcon.colcon_core.package_identification[0m [1;30mLevel 1[0m _identify(install) by extensions ['ignore', 'ignore_ament_install']
[1.551s] [34mcolcon.colcon_core.package_identification[0m [1;30mLevel 1[0m _identify(install) by extension 'ignore'
[1.551s] [34mcolcon.colcon_core.package_identification[0m [1;30mLevel 1[0m _identify(install) ignored
[1.552s] [34mcolcon.colcon_core.package_identification[0m [1;30mLevel 1[0m _identify(log) by extensions ['ignore', 'ignore_ament_install']
[1.553s] [34mcolcon.colcon_core.package_identification[0m [1;30mLevel 1[0m _identify(log) by extension 'ignore'
[1.553s] [34mcolcon.colcon_core.package_identification[0m [1;30mLevel 1[0m _identify(log) ignored
[1.554s] [34mcolcon.colcon_core.package_identification[0m [1;30mLevel 1[0m _identify(src) by extensions ['ignore', 'ignore_ament_install']
[1.554s] [34mcolcon.colcon_core.package_identification[0m [1;30mLevel 1[0m _identify(src) by extension 'ignore'
[1.554s] [34mcolcon.colcon_core.package_identification[0m [1;30mLevel 1[0m _identify(src) by extension 'ignore_ament_install'
[1.555s] [34mcolcon.colcon_core.package_identification[0m [1;30mLevel 1[0m _identify(src) by extensions ['colcon_pkg']
[1.555s] [34mcolcon.colcon_core.package_identification[0m [1;30mLevel 1[0m _identify(src) by extension 'colcon_pkg'
[1.555s] [34mcolcon.colcon_core.package_identification[0m [1;30mLevel 1[0m _identify(src) by extensions ['colcon_meta']
[1.555s] [34mcolcon.colcon_core.package_identification[0m [1;30mLevel 1[0m _identify(src) by extension 'colcon_meta'
[1.555s] [34mcolcon.colcon_core.package_identification[0m [1;30mLevel 1[0m _identify(src) by extensions ['ros']
[1.555s] [34mcolcon.colcon_core.package_identification[0m [1;30mLevel 1[0m _identify(src) by extension 'ros'
[1.556s] [34mcolcon.colcon_core.package_identification[0m [1;30mLevel 1[0m _identify(src) by extensions ['cmake', 'python']
[1.556s] [34mcolcon.colcon_core.package_identification[0m [1;30mLevel 1[0m _identify(src) by extension 'cmake'
[1.556s] [34mcolcon.colcon_core.package_identification[0m [1;30mLevel 1[0m _identify(src) by extension 'python'
[1.556s] [34mcolcon.colcon_core.package_identification[0m [1;30mLevel 1[0m _identify(src) by extensions ['python_setup_py']
[1.556s] [34mcolcon.colcon_core.package_identification[0m [1;30mLevel 1[0m _identify(src) by extension 'python_setup_py'
[1.557s] [34mcolcon.colcon_core.package_identification[0m [1;30mLevel 1[0m _identify(src\keyboard) by extensions ['ignore', 'ignore_ament_install']
[1.557s] [34mcolcon.colcon_core.package_identification[0m [1;30mLevel 1[0m _identify(src\keyboard) by extension 'ignore'
[1.557s] [34mcolcon.colcon_core.package_identification[0m [1;30mLevel 1[0m _identify(src\keyboard) by extension 'ignore_ament_install'
[1.557s] [34mcolcon.colcon_core.package_identification[0m [1;30mLevel 1[0m _identify(src\keyboard) by extensions ['colcon_pkg']
[1.557s] [34mcolcon.colcon_core.package_identification[0m [1;30mLevel 1[0m _identify(src\keyboard) by extension 'colcon_pkg'
[1.557s] [34mcolcon.colcon_core.package_identification[0m [1;30mLevel 1[0m _identify(src\keyboard) by extensions ['colcon_meta']
[1.557s] [34mcolcon.colcon_core.package_identification[0m [1;30mLevel 1[0m _identify(src\keyboard) by extension 'colcon_meta'
[1.558s] [34mcolcon.colcon_core.package_identification[0m [1;30mLevel 1[0m _identify(src\keyboard) by extensions ['ros']
[1.558s] [34mcolcon.colcon_core.package_identification[0m [1;30mLevel 1[0m _identify(src\keyboard) by extension 'ros'
[1.559s] [34mcolcon.colcon_core.package_identification[0m [1;30mLevel 1[0m _identify(src\keyboard) by extensions ['cmake', 'python']
[1.559s] [34mcolcon.colcon_core.package_identification[0m [1;30mLevel 1[0m _identify(src\keyboard) by extension 'cmake'
[1.559s] [34mcolcon.colcon_core.package_identification[0m [1;30mLevel 1[0m _identify(src\keyboard) by extension 'python'
[1.560s] [34mcolcon.colcon_core.package_identification[0m [1;30mLevel 1[0m _identify(src\keyboard) by extensions ['python_setup_py']
[1.560s] [34mcolcon.colcon_core.package_identification[0m [1;30mLevel 1[0m _identify(src\keyboard) by extension 'python_setup_py'
[1.560s] [34mcolcon.colcon_core.package_identification[0m [1;30mLevel 1[0m _identify(src\publisher) by extensions ['ignore', 'ignore_ament_install']
[1.561s] [34mcolcon.colcon_core.package_identification[0m [1;30mLevel 1[0m _identify(src\publisher) by extension 'ignore'
[1.561s] [34mcolcon.colcon_core.package_identification[0m [1;30mLevel 1[0m _identify(src\publisher) by extension 'ignore_ament_install'
[1.561s] [34mcolcon.colcon_core.package_identification[0m [1;30mLevel 1[0m _identify(src\publisher) by extensions ['colcon_pkg']
[1.561s] [34mcolcon.colcon_core.package_identification[0m [1;30mLevel 1[0m _identify(src\publisher) by extension 'colcon_pkg'
[1.561s] [34mcolcon.colcon_core.package_identification[0m [1;30mLevel 1[0m _identify(src\publisher) by extensions ['colcon_meta']
[1.561s] [34mcolcon.colcon_core.package_identification[0m [1;30mLevel 1[0m _identify(src\publisher) by extension 'colcon_meta'
[1.562s] [34mcolcon.colcon_core.package_identification[0m [1;30mLevel 1[0m _identify(src\publisher) by extensions ['ros']
[1.562s] [34mcolcon.colcon_core.package_identification[0m [1;30mLevel 1[0m _identify(src\publisher) by extension 'ros'
[1.570s] [34mcolcon.colcon_core.package_identification[0m [1;30mDEBUG[0m [32mPackage 'src\publisher' with type 'ros.ament_python' and name 'publisher'[0m
[1.570s] [34mcolcon.colcon_core.package_identification[0m [1;30mLevel 1[0m _identify(src\shoulder_mvmt) by extensions ['ignore', 'ignore_ament_install']
[1.571s] [34mcolcon.colcon_core.package_identification[0m [1;30mLevel 1[0m _identify(src\shoulder_mvmt) by extension 'ignore'
[1.571s] [34mcolcon.colcon_core.package_identification[0m [1;30mLevel 1[0m _identify(src\shoulder_mvmt) by extension 'ignore_ament_install'
[1.571s] [34mcolcon.colcon_core.package_identification[0m [1;30mLevel 1[0m _identify(src\shoulder_mvmt) by extensions ['colcon_pkg']
[1.571s] [34mcolcon.colcon_core.package_identification[0m [1;30mLevel 1[0m _identify(src\shoulder_mvmt) by extension 'colcon_pkg'
[1.571s] [34mcolcon.colcon_core.package_identification[0m [1;30mLevel 1[0m _identify(src\shoulder_mvmt) by extensions ['colcon_meta']
[1.571s] [34mcolcon.colcon_core.package_identification[0m [1;30mLevel 1[0m _identify(src\shoulder_mvmt) by extension 'colcon_meta'
[1.571s] [34mcolcon.colcon_core.package_identification[0m [1;30mLevel 1[0m _identify(src\shoulder_mvmt) by extensions ['ros']
[1.572s] [34mcolcon.colcon_core.package_identification[0m [1;30mLevel 1[0m _identify(src\shoulder_mvmt) by extension 'ros'
[1.573s] [34mcolcon.colcon_core.package_identification[0m [1;30mDEBUG[0m [32mFound ROS schema reference in package manifest in 'src\shoulder_mvmt'[0m
[1.574s] [34mcolcon.colcon_core.package_identification[0m [1;30mWARNING[0m [33mFailed to parse ROS package manifest in 'src\shoulder_mvmt': The "maintainer" tag must have the attribute "email"[0m
[1.575s] [34mcolcon.colcon_core.package_identification[0m [1;30mLevel 1[0m _identify(src\shoulder_mvmt) by extensions ['cmake', 'python']
[1.575s] [34mcolcon.colcon_core.package_identification[0m [1;30mLevel 1[0m _identify(src\shoulder_mvmt) by extension 'cmake'
[1.575s] [34mcolcon.colcon_core.package_identification[0m [1;30mLevel 1[0m _identify(src\shoulder_mvmt) by extension 'python'
[1.576s] [34mcolcon.colcon_core.package_identification[0m [1;30mDEBUG[0m [32mPython package in 'src\shoulder_mvmt' passes arguments to the setup() function which requires a different identification extension than 'python'[0m
[1.576s] [34mcolcon.colcon_core.package_identification[0m [1;30mLevel 1[0m _identify(src\shoulder_mvmt) by extensions ['python_setup_py']
[1.576s] [34mcolcon.colcon_core.package_identification[0m [1;30mLevel 1[0m _identify(src\shoulder_mvmt) by extension 'python_setup_py'
[2.306s] [34mcolcon.colcon_core.package_identification[0m [1;30mDEBUG[0m [32mPackage 'src\shoulder_mvmt' with type 'python' and name 'shoulder_mvmt'[0m
[2.306s] [34mcolcon.colcon_core.package_discovery[0m [1;30mLevel 1[0m discover_packages(recursive) using defaults
[2.306s] [34mcolcon.colcon_core.package_discovery[0m [1;30mLevel 1[0m discover_packages(ignore) discover
[2.306s] [34mcolcon.colcon_core.package_discovery[0m [1;30mLevel 1[0m discover_packages(ignore) using defaults
[2.306s] [34mcolcon.colcon_core.package_discovery[0m [1;30mLevel 1[0m discover_packages(path) discover
[2.307s] [34mcolcon.colcon_core.package_discovery[0m [1;30mLevel 1[0m discover_packages(path) using defaults
[2.414s] [34mcolcon.colcon_core.verb[0m [1;30mLevel 5[0m set package 'publisher' build argument 'cmake_args' from command line to 'None'
[2.414s] [34mcolcon.colcon_core.verb[0m [1;30mLevel 5[0m set package 'publisher' build argument 'cmake_target' from command line to 'None'
[2.414s] [34mcolcon.colcon_core.verb[0m [1;30mLevel 5[0m set package 'publisher' build argument 'cmake_target_skip_unavailable' from command line to 'False'
[2.414s] [34mcolcon.colcon_core.verb[0m [1;30mLevel 5[0m set package 'publisher' build argument 'cmake_clean_cache' from command line to 'False'
[2.414s] [34mcolcon.colcon_core.verb[0m [1;30mLevel 5[0m set package 'publisher' build argument 'cmake_clean_first' from command line to 'False'
[2.414s] [34mcolcon.colcon_core.verb[0m [1;30mLevel 5[0m set package 'publisher' build argument 'cmake_force_configure' from command line to 'False'
[2.414s] [34mcolcon.colcon_core.verb[0m [1;30mLevel 5[0m set package 'publisher' build argument 'ament_cmake_args' from command line to 'None'
[2.414s] [34mcolcon.colcon_core.verb[0m [1;30mLevel 5[0m set package 'publisher' build argument 'catkin_cmake_args' from command line to 'None'
[2.414s] [34mcolcon.colcon_core.verb[0m [1;30mLevel 5[0m set package 'publisher' build argument 'catkin_skip_building_tests' from command line to 'False'
[2.414s] [34mcolcon.colcon_core.verb[0m [1;30mDEBUG[0m [32mBuilding package 'publisher' with the following arguments: {'ament_cmake_args': None, 'build_base': 'c:\\SET-BETA-Spring2023\\ros2_ws\\build\\publisher', 'catkin_cmake_args': None, 'catkin_skip_building_tests': False, 'cmake_args': None, 'cmake_clean_cache': False, 'cmake_clean_first': False, 'cmake_force_configure': False, 'cmake_target': None, 'cmake_target_skip_unavailable': False, 'install_base': 'c:\\SET-BETA-Spring2023\\ros2_ws\\install', 'merge_install': True, 'path': 'c:\\SET-BETA-Spring2023\\ros2_ws\\src\\publisher', 'symlink_install': False, 'test_result_base': None}[0m
[2.429s] [34mcolcon.colcon_core.verb[0m [1;30mLevel 5[0m set package 'shoulder_mvmt' build argument 'cmake_args' from command line to 'None'
[2.430s] [34mcolcon.colcon_core.verb[0m [1;30mLevel 5[0m set package 'shoulder_mvmt' build argument 'cmake_target' from command line to 'None'
[2.430s] [34mcolcon.colcon_core.verb[0m [1;30mLevel 5[0m set package 'shoulder_mvmt' build argument 'cmake_target_skip_unavailable' from command line to 'False'
[2.430s] [34mcolcon.colcon_core.verb[0m [1;30mLevel 5[0m set package 'shoulder_mvmt' build argument 'cmake_clean_cache' from command line to 'False'
[2.430s] [34mcolcon.colcon_core.verb[0m [1;30mLevel 5[0m set package 'shoulder_mvmt' build argument 'cmake_clean_first' from command line to 'False'
[2.430s] [34mcolcon.colcon_core.verb[0m [1;30mLevel 5[0m set package 'shoulder_mvmt' build argument 'cmake_force_configure' from command line to 'False'
[2.430s] [34mcolcon.colcon_core.verb[0m [1;30mLevel 5[0m set package 'shoulder_mvmt' build argument 'ament_cmake_args' from command line to 'None'
[2.430s] [34mcolcon.colcon_core.verb[0m [1;30mLevel 5[0m set package 'shoulder_mvmt' build argument 'catkin_cmake_args' from command line to 'None'
[2.430s] [34mcolcon.colcon_core.verb[0m [1;30mLevel 5[0m set package 'shoulder_mvmt' build argument 'catkin_skip_building_tests' from command line to 'False'
[2.430s] [34mcolcon.colcon_core.verb[0m [1;30mDEBUG[0m [32mBuilding package 'shoulder_mvmt' with the following arguments: {'ament_cmake_args': None, 'build_base': 'c:\\SET-BETA-Spring2023\\ros2_ws\\build\\shoulder_mvmt', 'catkin_cmake_args': None, 'catkin_skip_building_tests': False, 'cmake_args': None, 'cmake_clean_cache': False, 'cmake_clean_first': False, 'cmake_force_configure': False, 'cmake_target': None, 'cmake_target_skip_unavailable': False, 'install_base': 'c:\\SET-BETA-Spring2023\\ros2_ws\\install', 'merge_install': True, 'path': 'c:\\SET-BETA-Spring2023\\ros2_ws\\src\\shoulder_mvmt', 'symlink_install': False, 'test_result_base': None}[0m
[2.434s] [34mcolcon.colcon_core.executor[0m [1;30mINFO[0m Executing jobs using 'parallel' executor
[2.461s] [34mcolcon.colcon_parallel_executor.executor.parallel[0m [1;30mDEBUG[0m [32mrun_until_complete[0m
[2.462s] [34mcolcon.colcon_ros.task.ament_python.build[0m [1;30mINFO[0m Building ROS package in 'c:\SET-BETA-Spring2023\ros2_ws\src\publisher' with build type 'ament_python'
[2.462s] [34mcolcon.colcon_core.shell[0m [1;30mLevel 1[0m create_environment_hook('publisher', 'ament_prefix_path')
[2.478s] [34mcolcon.colcon_core.plugin_system[0m [1;30mINFO[0m Skipping extension 'colcon_core.shell.sh': Not used on Windows systems
[2.479s] [34mcolcon.colcon_core.shell[0m [1;30mINFO[0m Creating environment hook 'c:\SET-BETA-Spring2023\ros2_ws\install\share\publisher\hook\ament_prefix_path.ps1'
[2.482s] [34mcolcon.colcon_core.shell[0m [1;30mINFO[0m Creating environment hook 'c:\SET-BETA-Spring2023\ros2_ws\install\share\publisher\hook\ament_prefix_path.bat'
[2.485s] [34mcolcon.colcon_core.shell[0m [1;30mINFO[0m Creating environment descriptor 'c:\SET-BETA-Spring2023\ros2_ws\install\share\publisher\hook\ament_prefix_path.dsv'
[2.495s] [34mcolcon.colcon_core.shell[0m [1;30mINFO[0m Skip shell extension 'powershell' for command environment: Not usable outside of PowerShell
[2.630s] [34mcolcon.colcon_core.task.python.build[0m [1;30mINFO[0m Building Python package in 'c:\SET-BETA-Spring2023\ros2_ws\src\shoulder_mvmt'
[2.640s] [34mcolcon.colcon_core.shell[0m [1;30mINFO[0m Skip shell extension 'powershell' for command environment: Not usable outside of PowerShell
[3.390s] [34mcolcon.colcon_core.task.python.build[0m [1;30mINFO[0m Building Python package in 'c:\SET-BETA-Spring2023\ros2_ws\src\publisher'
[3.396s] [34mcolcon.colcon_core.shell[0m [1;30mINFO[0m Skip shell extension 'powershell' for command environment: Not usable outside of PowerShell
[5.164s] [34mcolcon.colcon_core.event_handler.log_command[0m [1;30mDEBUG[0m [32mInvoking command in 'c:\SET-BETA-Spring2023\ros2_ws\src\shoulder_mvmt': PYTHONPATH=c:\SET-BETA-Spring2023\ros2_ws\build\shoulder_mvmt\prefix_override;c:\SET-BETA-Spring2023\ros2_ws\install\Lib\site-packages;%PYTHONPATH% c:\python38\python.exe setup.py egg_info --egg-base ..\..\build\shoulder_mvmt build --build-base c:\SET-BETA-Spring2023\ros2_ws\build\shoulder_mvmt\build install --record c:\SET-BETA-Spring2023\ros2_ws\build\shoulder_mvmt\install.log --single-version-externally-managed[0m
[5.170s] [34mcolcon.colcon_core.event_handler.log_command[0m [1;30mDEBUG[0m [32mInvoking command in 'c:\SET-BETA-Spring2023\ros2_ws\src\publisher': PYTHONPATH=c:\SET-BETA-Spring2023\ros2_ws\build\publisher\prefix_override;c:\SET-BETA-Spring2023\ros2_ws\install\Lib\site-packages;%PYTHONPATH% c:\python38\python.exe setup.py egg_info --egg-base ..\..\build\publisher build --build-base c:\SET-BETA-Spring2023\ros2_ws\build\publisher\build install --record c:\SET-BETA-Spring2023\ros2_ws\build\publisher\install.log --single-version-externally-managed[0m
[6.022s] [34mcolcon.colcon_core.event_handler.log_command[0m [1;30mDEBUG[0m [32mInvoked command in 'c:\SET-BETA-Spring2023\ros2_ws\src\shoulder_mvmt' returned '0': PYTHONPATH=c:\SET-BETA-Spring2023\ros2_ws\build\shoulder_mvmt\prefix_override;c:\SET-BETA-Spring2023\ros2_ws\install\Lib\site-packages;%PYTHONPATH% c:\python38\python.exe setup.py egg_info --egg-base ..\..\build\shoulder_mvmt build --build-base c:\SET-BETA-Spring2023\ros2_ws\build\shoulder_mvmt\build install --record c:\SET-BETA-Spring2023\ros2_ws\build\shoulder_mvmt\install.log --single-version-externally-managed[0m
[6.058s] [34mcolcon.colcon_core.environment[0m [1;30mLevel 1[0m checking 'c:\SET-BETA-Spring2023\ros2_ws\install' for CMake module files
[6.060s] [34mcolcon.colcon_core.environment[0m [1;30mLevel 1[0m checking 'c:\SET-BETA-Spring2023\ros2_ws\install' for CMake config files
[6.070s] [34mcolcon.colcon_core.shell[0m [1;30mLevel 1[0m create_environment_hook('shoulder_mvmt', 'cmake_prefix_path')
[6.079s] [34mcolcon.colcon_core.shell[0m [1;30mINFO[0m Creating environment hook 'c:\SET-BETA-Spring2023\ros2_ws\install\share\shoulder_mvmt\hook\cmake_prefix_path.ps1'
[6.080s] [34mcolcon.colcon_core.shell[0m [1;30mINFO[0m Creating environment hook 'c:\SET-BETA-Spring2023\ros2_ws\install\share\shoulder_mvmt\hook\cmake_prefix_path.bat'
[6.082s] [34mcolcon.colcon_core.shell[0m [1;30mINFO[0m Creating environment descriptor 'c:\SET-BETA-Spring2023\ros2_ws\install\share\shoulder_mvmt\hook\cmake_prefix_path.dsv'
[6.083s] [34mcolcon.colcon_core.environment[0m [1;30mLevel 1[0m checking 'c:\SET-BETA-Spring2023\ros2_ws\install\bin'
[6.084s] [34mcolcon.colcon_core.shell[0m [1;30mLevel 1[0m create_environment_hook('shoulder_mvmt', 'path_dll')
[6.091s] [34mcolcon.colcon_core.shell[0m [1;30mINFO[0m Creating environment hook 'c:\SET-BETA-Spring2023\ros2_ws\install\share\shoulder_mvmt\hook\path_dll.ps1'
[6.092s] [34mcolcon.colcon_core.shell[0m [1;30mINFO[0m Creating environment hook 'c:\SET-BETA-Spring2023\ros2_ws\install\share\shoulder_mvmt\hook\path_dll.bat'
[6.094s] [34mcolcon.colcon_core.shell[0m [1;30mINFO[0m Creating environment descriptor 'c:\SET-BETA-Spring2023\ros2_ws\install\share\shoulder_mvmt\hook\path_dll.dsv'
[6.095s] [34mcolcon.colcon_core.environment[0m [1;30mLevel 1[0m checking 'c:\SET-BETA-Spring2023\ros2_ws\install\bin'
[6.095s] [34mcolcon.colcon_core.shell[0m [1;30mLevel 1[0m create_environment_hook('shoulder_mvmt', 'path')
[6.102s] [34mcolcon.colcon_core.shell[0m [1;30mINFO[0m Creating environment hook 'c:\SET-BETA-Spring2023\ros2_ws\install\share\shoulder_mvmt\hook\path.ps1'
[6.103s] [34mcolcon.colcon_core.shell[0m [1;30mINFO[0m Creating environment hook 'c:\SET-BETA-Spring2023\ros2_ws\install\share\shoulder_mvmt\hook\path.bat'
[6.105s] [34mcolcon.colcon_core.shell[0m [1;30mINFO[0m Creating environment descriptor 'c:\SET-BETA-Spring2023\ros2_ws\install\share\shoulder_mvmt\hook\path.dsv'
[6.106s] [34mcolcon.colcon_core.environment[0m [1;30mLevel 1[0m checking 'c:\SET-BETA-Spring2023\ros2_ws\install\lib\pkgconfig\shoulder_mvmt.pc'
[6.107s] [34mcolcon.colcon_core.environment[0m [1;30mLevel 1[0m checking 'c:\SET-BETA-Spring2023\ros2_ws\install\Lib\site-packages'
[6.107s] [34mcolcon.colcon_core.shell[0m [1;30mLevel 1[0m create_environment_hook('shoulder_mvmt', 'pythonpath')
[6.114s] [34mcolcon.colcon_core.shell[0m [1;30mINFO[0m Creating environment hook 'c:\SET-BETA-Spring2023\ros2_ws\install\share\shoulder_mvmt\hook\pythonpath.ps1'
[6.115s] [34mcolcon.colcon_core.shell[0m [1;30mINFO[0m Creating environment hook 'c:\SET-BETA-Spring2023\ros2_ws\install\share\shoulder_mvmt\hook\pythonpath.bat'
[6.117s] [34mcolcon.colcon_core.shell[0m [1;30mINFO[0m Creating environment descriptor 'c:\SET-BETA-Spring2023\ros2_ws\install\share\shoulder_mvmt\hook\pythonpath.dsv'
[6.118s] [34mcolcon.colcon_core.environment[0m [1;30mLevel 1[0m checking 'c:\SET-BETA-Spring2023\ros2_ws\install\Scripts'
[6.118s] [34mcolcon.colcon_core.environment[0m [1;30mLevel 1[0m create_environment_scripts_only(shoulder_mvmt)
[6.127s] [34mcolcon.colcon_core.shell[0m [1;30mINFO[0m Creating package script 'c:\SET-BETA-Spring2023\ros2_ws\install\share\shoulder_mvmt\package.ps1'
[6.130s] [34mcolcon.colcon_core.shell[0m [1;30mINFO[0m Creating package script 'c:\SET-BETA-Spring2023\ros2_ws\install\share\shoulder_mvmt\package.bat'
[6.133s] [34mcolcon.colcon_core.shell[0m [1;30mINFO[0m Creating package descriptor 'c:\SET-BETA-Spring2023\ros2_ws\install\share\shoulder_mvmt\package.dsv'
[6.135s] [34mcolcon.colcon_core.environment[0m [1;30mLevel 1[0m create_file_with_runtime_dependencies(c:\SET-BETA-Spring2023\ros2_ws\install\share\colcon-core\packages\shoulder_mvmt)
[6.150s] [34mcolcon.colcon_core.environment[0m [1;30mLevel 1[0m checking 'c:\SET-BETA-Spring2023\ros2_ws\install' for CMake module files
[6.155s] [34mcolcon.colcon_core.environment[0m [1;30mLevel 1[0m checking 'c:\SET-BETA-Spring2023\ros2_ws\install' for CMake config files
[6.160s] [34mcolcon.colcon_core.event_handler.log_command[0m [1;30mDEBUG[0m [32mInvoked command in 'c:\SET-BETA-Spring2023\ros2_ws\src\publisher' returned '0': PYTHONPATH=c:\SET-BETA-Spring2023\ros2_ws\build\publisher\prefix_override;c:\SET-BETA-Spring2023\ros2_ws\install\Lib\site-packages;%PYTHONPATH% c:\python38\python.exe setup.py egg_info --egg-base ..\..\build\publisher build --build-base c:\SET-BETA-Spring2023\ros2_ws\build\publisher\build install --record c:\SET-BETA-Spring2023\ros2_ws\build\publisher\install.log --single-version-externally-managed[0m
[6.166s] [34mcolcon.colcon_core.shell[0m [1;30mLevel 1[0m create_environment_hook('publisher', 'cmake_prefix_path')
[6.173s] [34mcolcon.colcon_core.shell[0m [1;30mINFO[0m Creating environment hook 'c:\SET-BETA-Spring2023\ros2_ws\install\share\publisher\hook\cmake_prefix_path.ps1'
[6.175s] [34mcolcon.colcon_core.shell[0m [1;30mINFO[0m Creating environment hook 'c:\SET-BETA-Spring2023\ros2_ws\install\share\publisher\hook\cmake_prefix_path.bat'
[6.177s] [34mcolcon.colcon_core.shell[0m [1;30mINFO[0m Creating environment descriptor 'c:\SET-BETA-Spring2023\ros2_ws\install\share\publisher\hook\cmake_prefix_path.dsv'
[6.178s] [34mcolcon.colcon_core.environment[0m [1;30mLevel 1[0m checking 'c:\SET-BETA-Spring2023\ros2_ws\install\bin'
[6.179s] [34mcolcon.colcon_core.shell[0m [1;30mLevel 1[0m create_environment_hook('publisher', 'path_dll')
[6.185s] [34mcolcon.colcon_core.shell[0m [1;30mINFO[0m Creating environment hook 'c:\SET-BETA-Spring2023\ros2_ws\install\share\publisher\hook\path_dll.ps1'
[6.187s] [34mcolcon.colcon_core.shell[0m [1;30mINFO[0m Creating environment hook 'c:\SET-BETA-Spring2023\ros2_ws\install\share\publisher\hook\path_dll.bat'
[6.188s] [34mcolcon.colcon_core.shell[0m [1;30mINFO[0m Creating environment descriptor 'c:\SET-BETA-Spring2023\ros2_ws\install\share\publisher\hook\path_dll.dsv'
[6.190s] [34mcolcon.colcon_core.environment[0m [1;30mLevel 1[0m checking 'c:\SET-BETA-Spring2023\ros2_ws\install\bin'
[6.190s] [34mcolcon.colcon_core.shell[0m [1;30mLevel 1[0m create_environment_hook('publisher', 'path')
[6.197s] [34mcolcon.colcon_core.shell[0m [1;30mINFO[0m Creating environment hook 'c:\SET-BETA-Spring2023\ros2_ws\install\share\publisher\hook\path.ps1'
[6.198s] [34mcolcon.colcon_core.shell[0m [1;30mINFO[0m Creating environment hook 'c:\SET-BETA-Spring2023\ros2_ws\install\share\publisher\hook\path.bat'
[6.200s] [34mcolcon.colcon_core.shell[0m [1;30mINFO[0m Creating environment descriptor 'c:\SET-BETA-Spring2023\ros2_ws\install\share\publisher\hook\path.dsv'
[6.201s] [34mcolcon.colcon_core.environment[0m [1;30mLevel 1[0m checking 'c:\SET-BETA-Spring2023\ros2_ws\install\lib\pkgconfig\publisher.pc'
[6.201s] [34mcolcon.colcon_core.environment[0m [1;30mLevel 1[0m checking 'c:\SET-BETA-Spring2023\ros2_ws\install\Lib\site-packages'
[6.202s] [34mcolcon.colcon_core.shell[0m [1;30mLevel 1[0m create_environment_hook('publisher', 'pythonpath')
[6.208s] [34mcolcon.colcon_core.shell[0m [1;30mINFO[0m Creating environment hook 'c:\SET-BETA-Spring2023\ros2_ws\install\share\publisher\hook\pythonpath.ps1'
[6.210s] [34mcolcon.colcon_core.shell[0m [1;30mINFO[0m Creating environment hook 'c:\SET-BETA-Spring2023\ros2_ws\install\share\publisher\hook\pythonpath.bat'
[6.212s] [34mcolcon.colcon_core.shell[0m [1;30mINFO[0m Creating environment descriptor 'c:\SET-BETA-Spring2023\ros2_ws\install\share\publisher\hook\pythonpath.dsv'
[6.213s] [34mcolcon.colcon_core.environment[0m [1;30mLevel 1[0m checking 'c:\SET-BETA-Spring2023\ros2_ws\install\Scripts'
[6.213s] [34mcolcon.colcon_core.environment[0m [1;30mLevel 1[0m create_environment_scripts_only(publisher)
[6.221s] [34mcolcon.colcon_core.shell[0m [1;30mINFO[0m Creating package script 'c:\SET-BETA-Spring2023\ros2_ws\install\share\publisher\package.ps1'
[6.222s] [34mcolcon.colcon_core.shell[0m [1;30mINFO[0m Creating package script 'c:\SET-BETA-Spring2023\ros2_ws\install\share\publisher\package.bat'
[6.224s] [34mcolcon.colcon_core.shell[0m [1;30mINFO[0m Creating package descriptor 'c:\SET-BETA-Spring2023\ros2_ws\install\share\publisher\package.dsv'
[6.226s] [34mcolcon.colcon_core.environment[0m [1;30mLevel 1[0m create_file_with_runtime_dependencies(c:\SET-BETA-Spring2023\ros2_ws\install\share\colcon-core\packages\publisher)
[6.227s] [34mcolcon.colcon_parallel_executor.executor.parallel[0m [1;30mDEBUG[0m [32mrun_until_complete finished with '0'[0m
[6.227s] [34mcolcon.colcon_core.event_reactor[0m [1;30mDEBUG[0m [32mjoining thread[0m
[6.248s] [34mcolcon.colcon_core.plugin_system[0m [1;30mINFO[0m Skipping extension 'colcon_notification.desktop_notification.notify2': 'notify2' not found
[6.249s] [34mcolcon.colcon_core.plugin_system[0m [1;30mINFO[0m Skipping extension 'colcon_notification.desktop_notification.notify_send': Not used on non-Linux systems
[6.250s] [34mcolcon.colcon_core.plugin_system[0m [1;30mINFO[0m Skipping extension 'colcon_notification.desktop_notification.terminal_notifier': Not used on non-Darwin systems
[6.250s] [34mcolcon.colcon_notification.desktop_notification[0m [1;30mINFO[0m Sending desktop notification using 'win32'
[11.367s] [34mcolcon.colcon_core.event_reactor[0m [1;30mDEBUG[0m [32mjoined thread[0m
[11.379s] [34mcolcon.colcon_core.shell[0m [1;30mINFO[0m Creating prefix script 'c:\SET-BETA-Spring2023\ros2_ws\install\local_setup.ps1'
[11.382s] [34mcolcon.colcon_core.shell[0m [1;30mINFO[0m Creating prefix util module 'c:\SET-BETA-Spring2023\ros2_ws\install\_local_setup_util_ps1.py'
[11.385s] [34mcolcon.colcon_core.shell[0m [1;30mINFO[0m Creating prefix chain script 'c:\SET-BETA-Spring2023\ros2_ws\install\setup.ps1'
[11.398s] [34mcolcon.colcon_core.shell[0m [1;30mINFO[0m Creating prefix script 'c:\SET-BETA-Spring2023\ros2_ws\install\local_setup.bat'
[11.400s] [34mcolcon.colcon_core.shell[0m [1;30mINFO[0m Creating prefix util module 'c:\SET-BETA-Spring2023\ros2_ws\install\_local_setup_util_bat.py'
[11.402s] [34mcolcon.colcon_core.shell[0m [1;30mINFO[0m Creating prefix chain script 'c:\SET-BETA-Spring2023\ros2_ws\install\setup.bat'
