running egg_info
creating ..\..\..\..\..\build\examples_rclpy_minimal_publisher\examples_rclpy_minimal_publisher.egg-info
writing ..\..\..\..\..\build\examples_rclpy_minimal_publisher\examples_rclpy_minimal_publisher.egg-info\PKG-INFO
writing dependency_links to ..\..\..\..\..\build\examples_rclpy_minimal_publisher\examples_rclpy_minimal_publisher.egg-info\dependency_links.txt
writing entry points to ..\..\..\..\..\build\examples_rclpy_minimal_publisher\examples_rclpy_minimal_publisher.egg-info\entry_points.txt
writing requirements to ..\..\..\..\..\build\examples_rclpy_minimal_publisher\examples_rclpy_minimal_publisher.egg-info\requires.txt
writing top-level names to ..\..\..\..\..\build\examples_rclpy_minimal_publisher\examples_rclpy_minimal_publisher.egg-info\top_level.txt
writing manifest file '..\..\..\..\..\build\examples_rclpy_minimal_publisher\examples_rclpy_minimal_publisher.egg-info\SOURCES.txt'
reading manifest file '..\..\..\..\..\build\examples_rclpy_minimal_publisher\examples_rclpy_minimal_publisher.egg-info\SOURCES.txt'
writing manifest file '..\..\..\..\..\build\examples_rclpy_minimal_publisher\examples_rclpy_minimal_publisher.egg-info\SOURCES.txt'
running build
running build_py
creating C:\dev\ros2_ws\build\examples_rclpy_minimal_publisher\build
creating C:\dev\ros2_ws\build\examples_rclpy_minimal_publisher\build\lib
creating C:\dev\ros2_ws\build\examples_rclpy_minimal_publisher\build\lib\examples_rclpy_minimal_publisher
copying examples_rclpy_minimal_publisher\publisher_local_function.py -> C:\dev\ros2_ws\build\examples_rclpy_minimal_publisher\build\lib\examples_rclpy_minimal_publisher
copying examples_rclpy_minimal_publisher\publisher_member_function.py -> C:\dev\ros2_ws\build\examples_rclpy_minimal_publisher\build\lib\examples_rclpy_minimal_publisher
copying examples_rclpy_minimal_publisher\publisher_old_school.py -> C:\dev\ros2_ws\build\examples_rclpy_minimal_publisher\build\lib\examples_rclpy_minimal_publisher
copying examples_rclpy_minimal_publisher\__init__.py -> C:\dev\ros2_ws\build\examples_rclpy_minimal_publisher\build\lib\examples_rclpy_minimal_publisher
running install
running install_lib
creating C:\dev\ros2_ws\install\Lib\site-packages\examples_rclpy_minimal_publisher
copying C:\dev\ros2_ws\build\examples_rclpy_minimal_publisher\build\lib\examples_rclpy_minimal_publisher\publisher_local_function.py -> C:\dev\ros2_ws\install\Lib\site-packages\examples_rclpy_minimal_publisher
copying C:\dev\ros2_ws\build\examples_rclpy_minimal_publisher\build\lib\examples_rclpy_minimal_publisher\publisher_member_function.py -> C:\dev\ros2_ws\install\Lib\site-packages\examples_rclpy_minimal_publisher
copying C:\dev\ros2_ws\build\examples_rclpy_minimal_publisher\build\lib\examples_rclpy_minimal_publisher\publisher_old_school.py -> C:\dev\ros2_ws\install\Lib\site-packages\examples_rclpy_minimal_publisher
copying C:\dev\ros2_ws\build\examples_rclpy_minimal_publisher\build\lib\examples_rclpy_minimal_publisher\__init__.py -> C:\dev\ros2_ws\install\Lib\site-packages\examples_rclpy_minimal_publisher
byte-compiling C:\dev\ros2_ws\install\Lib\site-packages\examples_rclpy_minimal_publisher\publisher_local_function.py to publisher_local_function.cpython-38.pyc
byte-compiling C:\dev\ros2_ws\install\Lib\site-packages\examples_rclpy_minimal_publisher\publisher_member_function.py to publisher_member_function.cpython-38.pyc
byte-compiling C:\dev\ros2_ws\install\Lib\site-packages\examples_rclpy_minimal_publisher\publisher_old_school.py to publisher_old_school.cpython-38.pyc
byte-compiling C:\dev\ros2_ws\install\Lib\site-packages\examples_rclpy_minimal_publisher\__init__.py to __init__.cpython-38.pyc
running install_data
copying resource\examples_rclpy_minimal_publisher -> C:\dev\ros2_ws\install\share\ament_index\resource_index\packages
copying package.xml -> C:\dev\ros2_ws\install\share\examples_rclpy_minimal_publisher
running install_egg_info
Copying ..\..\..\..\..\build\examples_rclpy_minimal_publisher\examples_rclpy_minimal_publisher.egg-info to C:\dev\ros2_ws\install\Lib\site-packages\examples_rclpy_minimal_publisher-0.17.1-py3.8.egg-info
running install_scripts
Installing publisher_local_function-script.py script to C:\dev\ros2_ws\install\lib\examples_rclpy_minimal_publisher
Installing publisher_local_function.exe script to C:\dev\ros2_ws\install\lib\examples_rclpy_minimal_publisher
Installing publisher_member_function-script.py script to C:\dev\ros2_ws\install\lib\examples_rclpy_minimal_publisher
Installing publisher_member_function.exe script to C:\dev\ros2_ws\install\lib\examples_rclpy_minimal_publisher
Installing publisher_old_school-script.py script to C:\dev\ros2_ws\install\lib\examples_rclpy_minimal_publisher
Installing publisher_old_school.exe script to C:\dev\ros2_ws\install\lib\examples_rclpy_minimal_publisher
writing list of installed files to 'C:\dev\ros2_ws\build\examples_rclpy_minimal_publisher\install.log'
