[1.652s] [34mcolcon[0m [1;30mDEBUG[0m [32mCommand line arguments: ['C:\\Python38\\Scripts\\colcon', 'build', '--merge-install'][0m
[1.653s] [34mcolcon[0m [1;30mDEBUG[0m [32mParsed command line arguments: Namespace(ament_cmake_args=None, base_paths=['.'], build_base='build', catkin_cmake_args=None, catkin_skip_building_tests=False, cmake_args=None, cmake_clean_cache=False, cmake_clean_first=False, cmake_force_configure=False, cmake_target=None, cmake_target_skip_unavailable=False, continue_on_error=False, event_handlers=None, executor='parallel', ignore_user_meta=False, install_base='install', log_base=None, log_level=None, main=<bound method BuildVerb.main of <colcon_core.verb.build.BuildVerb object at 0x000001BEE2A1FB20>>, merge_install=True, metas=['./colcon.meta'], packages_above=None, packages_above_and_dependencies=None, packages_above_depth=None, packages_end=None, packages_ignore=None, packages_ignore_regex=None, packages_select=None, packages_select_build_failed=False, packages_select_by_dep=None, packages_select_regex=None, packages_select_test_failures=False, packages_skip=None, packages_skip_build_finished=False, packages_skip_by_dep=None, packages_skip_regex=None, packages_skip_test_passed=False, packages_skip_up_to=None, packages_start=None, packages_up_to=None, packages_up_to_regex=None, parallel_workers=16, paths=None, symlink_install=False, test_result_base=None, verb_extension=<colcon_core.verb.build.BuildVerb object at 0x000001BEE2A1FB20>, verb_name='build', verb_parser=<colcon_defaults.argument_parser.defaults.DefaultArgumentsDecorator object at 0x000001BEE2A2E040>)[0m
[1.824s] [34mcolcon.colcon_core.package_discovery[0m [1;30mLevel 1[0m discover_packages(colcon_meta) check parameters
[1.824s] [34mcolcon.colcon_core.package_discovery[0m [1;30mLevel 1[0m discover_packages(recursive) check parameters
[1.824s] [34mcolcon.colcon_core.package_discovery[0m [1;30mLevel 1[0m discover_packages(ignore) check parameters
[1.825s] [34mcolcon.colcon_core.package_discovery[0m [1;30mLevel 1[0m discover_packages(path) check parameters
[1.825s] [34mcolcon.colcon_core.package_discovery[0m [1;30mLevel 1[0m discover_packages(colcon_meta) discover
[1.825s] [34mcolcon.colcon_core.package_discovery[0m [1;30mLevel 1[0m discover_packages(recursive) discover
[1.825s] [34mcolcon.colcon_core.package_discovery[0m [1;30mINFO[0m Crawling recursively for packages in 'C:\SET-BETA-Spring2023\ros2_ws'
[1.826s] [34mcolcon.colcon_core.package_identification[0m [1;30mLevel 1[0m _identify(.) by extensions ['ignore', 'ignore_ament_install']
[1.826s] [34mcolcon.colcon_core.package_identification[0m [1;30mLevel 1[0m _identify(.) by extension 'ignore'
[1.827s] [34mcolcon.colcon_core.package_identification[0m [1;30mLevel 1[0m _identify(.) by extension 'ignore_ament_install'
[1.827s] [34mcolcon.colcon_core.package_identification[0m [1;30mLevel 1[0m _identify(.) by extensions ['colcon_pkg']
[1.827s] [34mcolcon.colcon_core.package_identification[0m [1;30mLevel 1[0m _identify(.) by extension 'colcon_pkg'
[1.827s] [34mcolcon.colcon_core.package_identification[0m [1;30mLevel 1[0m _identify(.) by extensions ['colcon_meta']
[1.827s] [34mcolcon.colcon_core.package_identification[0m [1;30mLevel 1[0m _identify(.) by extension 'colcon_meta'
[1.828s] [34mcolcon.colcon_core.package_identification[0m [1;30mLevel 1[0m _identify(.) by extensions ['ros']
[1.828s] [34mcolcon.colcon_core.package_identification[0m [1;30mLevel 1[0m _identify(.) by extension 'ros'
[1.916s] [34mcolcon.colcon_core.package_identification[0m [1;30mLevel 1[0m _identify(.) by extensions ['cmake', 'python']
[1.917s] [34mcolcon.colcon_core.package_identification[0m [1;30mLevel 1[0m _identify(.) by extension 'cmake'
[1.917s] [34mcolcon.colcon_core.package_identification[0m [1;30mLevel 1[0m _identify(.) by extension 'python'
[1.917s] [34mcolcon.colcon_core.package_identification[0m [1;30mLevel 1[0m _identify(.) by extensions ['python_setup_py']
[1.917s] [34mcolcon.colcon_core.package_identification[0m [1;30mLevel 1[0m _identify(.) by extension 'python_setup_py'
[1.918s] [34mcolcon.colcon_core.package_identification[0m [1;30mLevel 1[0m _identify(build) by extensions ['ignore', 'ignore_ament_install']
[1.919s] [34mcolcon.colcon_core.package_identification[0m [1;30mLevel 1[0m _identify(build) by extension 'ignore'
[1.919s] [34mcolcon.colcon_core.package_identification[0m [1;30mLevel 1[0m _identify(build) ignored
[1.920s] [34mcolcon.colcon_core.package_identification[0m [1;30mLevel 1[0m _identify(install) by extensions ['ignore', 'ignore_ament_install']
[1.920s] [34mcolcon.colcon_core.package_identification[0m [1;30mLevel 1[0m _identify(install) by extension 'ignore'
[1.920s] [34mcolcon.colcon_core.package_identification[0m [1;30mLevel 1[0m _identify(install) ignored
[1.922s] [34mcolcon.colcon_core.package_identification[0m [1;30mLevel 1[0m _identify(log) by extensions ['ignore', 'ignore_ament_install']
[1.922s] [34mcolcon.colcon_core.package_identification[0m [1;30mLevel 1[0m _identify(log) by extension 'ignore'
[1.923s] [34mcolcon.colcon_core.package_identification[0m [1;30mLevel 1[0m _identify(log) ignored
[1.923s] [34mcolcon.colcon_core.package_identification[0m [1;30mLevel 1[0m _identify(src) by extensions ['ignore', 'ignore_ament_install']
[1.923s] [34mcolcon.colcon_core.package_identification[0m [1;30mLevel 1[0m _identify(src) by extension 'ignore'
[1.924s] [34mcolcon.colcon_core.package_identification[0m [1;30mLevel 1[0m _identify(src) by extension 'ignore_ament_install'
[1.924s] [34mcolcon.colcon_core.package_identification[0m [1;30mLevel 1[0m _identify(src) by extensions ['colcon_pkg']
[1.924s] [34mcolcon.colcon_core.package_identification[0m [1;30mLevel 1[0m _identify(src) by extension 'colcon_pkg'
[1.924s] [34mcolcon.colcon_core.package_identification[0m [1;30mLevel 1[0m _identify(src) by extensions ['colcon_meta']
[1.924s] [34mcolcon.colcon_core.package_identification[0m [1;30mLevel 1[0m _identify(src) by extension 'colcon_meta'
[1.925s] [34mcolcon.colcon_core.package_identification[0m [1;30mLevel 1[0m _identify(src) by extensions ['ros']
[1.925s] [34mcolcon.colcon_core.package_identification[0m [1;30mLevel 1[0m _identify(src) by extension 'ros'
[1.925s] [34mcolcon.colcon_core.package_identification[0m [1;30mLevel 1[0m _identify(src) by extensions ['cmake', 'python']
[1.925s] [34mcolcon.colcon_core.package_identification[0m [1;30mLevel 1[0m _identify(src) by extension 'cmake'
[1.926s] [34mcolcon.colcon_core.package_identification[0m [1;30mLevel 1[0m _identify(src) by extension 'python'
[1.926s] [34mcolcon.colcon_core.package_identification[0m [1;30mLevel 1[0m _identify(src) by extensions ['python_setup_py']
[1.926s] [34mcolcon.colcon_core.package_identification[0m [1;30mLevel 1[0m _identify(src) by extension 'python_setup_py'
[1.927s] [34mcolcon.colcon_core.package_identification[0m [1;30mLevel 1[0m _identify(src\publisher) by extensions ['ignore', 'ignore_ament_install']
[1.927s] [34mcolcon.colcon_core.package_identification[0m [1;30mLevel 1[0m _identify(src\publisher) by extension 'ignore'
[1.928s] [34mcolcon.colcon_core.package_identification[0m [1;30mLevel 1[0m _identify(src\publisher) by extension 'ignore_ament_install'
[1.928s] [34mcolcon.colcon_core.package_identification[0m [1;30mLevel 1[0m _identify(src\publisher) by extensions ['colcon_pkg']
[1.928s] [34mcolcon.colcon_core.package_identification[0m [1;30mLevel 1[0m _identify(src\publisher) by extension 'colcon_pkg'
[1.928s] [34mcolcon.colcon_core.package_identification[0m [1;30mLevel 1[0m _identify(src\publisher) by extensions ['colcon_meta']
[1.928s] [34mcolcon.colcon_core.package_identification[0m [1;30mLevel 1[0m _identify(src\publisher) by extension 'colcon_meta'
[1.929s] [34mcolcon.colcon_core.package_identification[0m [1;30mLevel 1[0m _identify(src\publisher) by extensions ['ros']
[1.929s] [34mcolcon.colcon_core.package_identification[0m [1;30mLevel 1[0m _identify(src\publisher) by extension 'ros'
[1.939s] [34mcolcon.colcon_core.package_identification[0m [1;30mDEBUG[0m [32mPackage 'src\publisher' with type 'ros.ament_python' and name 'publisher'[0m
[1.940s] [34mcolcon.colcon_core.package_identification[0m [1;30mLevel 1[0m _identify(src\shoulder_mvmt) by extensions ['ignore', 'ignore_ament_install']
[1.941s] [34mcolcon.colcon_core.package_identification[0m [1;30mLevel 1[0m _identify(src\shoulder_mvmt) by extension 'ignore'
[1.941s] [34mcolcon.colcon_core.package_identification[0m [1;30mLevel 1[0m _identify(src\shoulder_mvmt) by extension 'ignore_ament_install'
[1.941s] [34mcolcon.colcon_core.package_identification[0m [1;30mLevel 1[0m _identify(src\shoulder_mvmt) by extensions ['colcon_pkg']
[1.942s] [34mcolcon.colcon_core.package_identification[0m [1;30mLevel 1[0m _identify(src\shoulder_mvmt) by extension 'colcon_pkg'
[1.942s] [34mcolcon.colcon_core.package_identification[0m [1;30mLevel 1[0m _identify(src\shoulder_mvmt) by extensions ['colcon_meta']
[1.942s] [34mcolcon.colcon_core.package_identification[0m [1;30mLevel 1[0m _identify(src\shoulder_mvmt) by extension 'colcon_meta'
[1.942s] [34mcolcon.colcon_core.package_identification[0m [1;30mLevel 1[0m _identify(src\shoulder_mvmt) by extensions ['ros']
[1.942s] [34mcolcon.colcon_core.package_identification[0m [1;30mLevel 1[0m _identify(src\shoulder_mvmt) by extension 'ros'
[1.945s] [34mcolcon.colcon_core.package_identification[0m [1;30mDEBUG[0m [32mFound ROS schema reference in package manifest in 'src\shoulder_mvmt'[0m
[1.946s] [34mcolcon.colcon_core.package_identification[0m [1;30mWARNING[0m [33mFailed to parse ROS package manifest in 'src\shoulder_mvmt': The "maintainer" tag must have the attribute "email"[0m
[1.947s] [34mcolcon.colcon_core.package_identification[0m [1;30mLevel 1[0m _identify(src\shoulder_mvmt) by extensions ['cmake', 'python']
[1.947s] [34mcolcon.colcon_core.package_identification[0m [1;30mLevel 1[0m _identify(src\shoulder_mvmt) by extension 'cmake'
[1.948s] [34mcolcon.colcon_core.package_identification[0m [1;30mLevel 1[0m _identify(src\shoulder_mvmt) by extension 'python'
[1.949s] [34mcolcon.colcon_core.package_identification[0m [1;30mDEBUG[0m [32mPython package in 'src\shoulder_mvmt' passes arguments to the setup() function which requires a different identification extension than 'python'[0m
[1.949s] [34mcolcon.colcon_core.package_identification[0m [1;30mLevel 1[0m _identify(src\shoulder_mvmt) by extensions ['python_setup_py']
[1.949s] [34mcolcon.colcon_core.package_identification[0m [1;30mLevel 1[0m _identify(src\shoulder_mvmt) by extension 'python_setup_py'
[3.001s] [34mcolcon.colcon_core.package_identification[0m [1;30mDEBUG[0m [32mPackage 'src\shoulder_mvmt' with type 'python' and name 'shoulder_mvmt'[0m
[3.001s] [34mcolcon.colcon_core.package_discovery[0m [1;30mLevel 1[0m discover_packages(recursive) using defaults
[3.001s] [34mcolcon.colcon_core.package_discovery[0m [1;30mLevel 1[0m discover_packages(ignore) discover
[3.001s] [34mcolcon.colcon_core.package_discovery[0m [1;30mLevel 1[0m discover_packages(ignore) using defaults
[3.001s] [34mcolcon.colcon_core.package_discovery[0m [1;30mLevel 1[0m discover_packages(path) discover
[3.001s] [34mcolcon.colcon_core.package_discovery[0m [1;30mLevel 1[0m discover_packages(path) using defaults
[3.111s] [34mcolcon.colcon_core.verb[0m [1;30mLevel 5[0m set package 'publisher' build argument 'cmake_args' from command line to 'None'
[3.111s] [34mcolcon.colcon_core.verb[0m [1;30mLevel 5[0m set package 'publisher' build argument 'cmake_target' from command line to 'None'
[3.111s] [34mcolcon.colcon_core.verb[0m [1;30mLevel 5[0m set package 'publisher' build argument 'cmake_target_skip_unavailable' from command line to 'False'
[3.111s] [34mcolcon.colcon_core.verb[0m [1;30mLevel 5[0m set package 'publisher' build argument 'cmake_clean_cache' from command line to 'False'
[3.111s] [34mcolcon.colcon_core.verb[0m [1;30mLevel 5[0m set package 'publisher' build argument 'cmake_clean_first' from command line to 'False'
[3.111s] [34mcolcon.colcon_core.verb[0m [1;30mLevel 5[0m set package 'publisher' build argument 'cmake_force_configure' from command line to 'False'
[3.111s] [34mcolcon.colcon_core.verb[0m [1;30mLevel 5[0m set package 'publisher' build argument 'ament_cmake_args' from command line to 'None'
[3.111s] [34mcolcon.colcon_core.verb[0m [1;30mLevel 5[0m set package 'publisher' build argument 'catkin_cmake_args' from command line to 'None'
[3.111s] [34mcolcon.colcon_core.verb[0m [1;30mLevel 5[0m set package 'publisher' build argument 'catkin_skip_building_tests' from command line to 'False'
[3.112s] [34mcolcon.colcon_core.verb[0m [1;30mDEBUG[0m [32mBuilding package 'publisher' with the following arguments: {'ament_cmake_args': None, 'build_base': 'C:\\SET-BETA-Spring2023\\ros2_ws\\build\\publisher', 'catkin_cmake_args': None, 'catkin_skip_building_tests': False, 'cmake_args': None, 'cmake_clean_cache': False, 'cmake_clean_first': False, 'cmake_force_configure': False, 'cmake_target': None, 'cmake_target_skip_unavailable': False, 'install_base': 'C:\\SET-BETA-Spring2023\\ros2_ws\\install', 'merge_install': True, 'path': 'C:\\SET-BETA-Spring2023\\ros2_ws\\src\\publisher', 'symlink_install': False, 'test_result_base': None}[0m
[3.126s] [34mcolcon.colcon_core.verb[0m [1;30mLevel 5[0m set package 'shoulder_mvmt' build argument 'cmake_args' from command line to 'None'
[3.126s] [34mcolcon.colcon_core.verb[0m [1;30mLevel 5[0m set package 'shoulder_mvmt' build argument 'cmake_target' from command line to 'None'
[3.126s] [34mcolcon.colcon_core.verb[0m [1;30mLevel 5[0m set package 'shoulder_mvmt' build argument 'cmake_target_skip_unavailable' from command line to 'False'
[3.126s] [34mcolcon.colcon_core.verb[0m [1;30mLevel 5[0m set package 'shoulder_mvmt' build argument 'cmake_clean_cache' from command line to 'False'
[3.126s] [34mcolcon.colcon_core.verb[0m [1;30mLevel 5[0m set package 'shoulder_mvmt' build argument 'cmake_clean_first' from command line to 'False'
[3.126s] [34mcolcon.colcon_core.verb[0m [1;30mLevel 5[0m set package 'shoulder_mvmt' build argument 'cmake_force_configure' from command line to 'False'
[3.127s] [34mcolcon.colcon_core.verb[0m [1;30mLevel 5[0m set package 'shoulder_mvmt' build argument 'ament_cmake_args' from command line to 'None'
[3.127s] [34mcolcon.colcon_core.verb[0m [1;30mLevel 5[0m set package 'shoulder_mvmt' build argument 'catkin_cmake_args' from command line to 'None'
[3.127s] [34mcolcon.colcon_core.verb[0m [1;30mLevel 5[0m set package 'shoulder_mvmt' build argument 'catkin_skip_building_tests' from command line to 'False'
[3.127s] [34mcolcon.colcon_core.verb[0m [1;30mDEBUG[0m [32mBuilding package 'shoulder_mvmt' with the following arguments: {'ament_cmake_args': None, 'build_base': 'C:\\SET-BETA-Spring2023\\ros2_ws\\build\\shoulder_mvmt', 'catkin_cmake_args': None, 'catkin_skip_building_tests': False, 'cmake_args': None, 'cmake_clean_cache': False, 'cmake_clean_first': False, 'cmake_force_configure': False, 'cmake_target': None, 'cmake_target_skip_unavailable': False, 'install_base': 'C:\\SET-BETA-Spring2023\\ros2_ws\\install', 'merge_install': True, 'path': 'C:\\SET-BETA-Spring2023\\ros2_ws\\src\\shoulder_mvmt', 'symlink_install': False, 'test_result_base': None}[0m
[3.130s] [34mcolcon.colcon_core.executor[0m [1;30mINFO[0m Executing jobs using 'parallel' executor
[3.156s] [34mcolcon.colcon_parallel_executor.executor.parallel[0m [1;30mDEBUG[0m [32mrun_until_complete[0m
[3.156s] [34mcolcon.colcon_ros.task.ament_python.build[0m [1;30mINFO[0m Building ROS package in 'C:\SET-BETA-Spring2023\ros2_ws\src\publisher' with build type 'ament_python'
[3.156s] [34mcolcon.colcon_core.shell[0m [1;30mLevel 1[0m create_environment_hook('publisher', 'ament_prefix_path')
[3.168s] [34mcolcon.colcon_core.plugin_system[0m [1;30mINFO[0m Skipping extension 'colcon_core.shell.sh': Not used on Windows systems
[3.168s] [34mcolcon.colcon_core.shell[0m [1;30mINFO[0m Creating environment hook 'C:\SET-BETA-Spring2023\ros2_ws\install\share\publisher\hook\ament_prefix_path.ps1'
[3.170s] [34mcolcon.colcon_core.shell[0m [1;30mINFO[0m Creating environment hook 'C:\SET-BETA-Spring2023\ros2_ws\install\share\publisher\hook\ament_prefix_path.bat'
[3.172s] [34mcolcon.colcon_core.shell[0m [1;30mINFO[0m Creating environment descriptor 'C:\SET-BETA-Spring2023\ros2_ws\install\share\publisher\hook\ament_prefix_path.dsv'
[3.181s] [34mcolcon.colcon_core.shell[0m [1;30mINFO[0m Skip shell extension 'powershell' for command environment: Not usable outside of PowerShell
[3.330s] [34mcolcon.colcon_core.task.python.build[0m [1;30mINFO[0m Building Python package in 'C:\SET-BETA-Spring2023\ros2_ws\src\shoulder_mvmt'
[3.338s] [34mcolcon.colcon_core.shell[0m [1;30mINFO[0m Skip shell extension 'powershell' for command environment: Not usable outside of PowerShell
[4.127s] [34mcolcon.colcon_core.task.python.build[0m [1;30mINFO[0m Building Python package in 'C:\SET-BETA-Spring2023\ros2_ws\src\publisher'
[4.135s] [34mcolcon.colcon_core.shell[0m [1;30mINFO[0m Skip shell extension 'powershell' for command environment: Not usable outside of PowerShell
[7.007s] [34mcolcon.colcon_core.event_handler.log_command[0m [1;30mDEBUG[0m [32mInvoking command in 'C:\SET-BETA-Spring2023\ros2_ws\src\shoulder_mvmt': PYTHONPATH=C:\SET-BETA-Spring2023\ros2_ws\build\shoulder_mvmt\prefix_override;C:\SET-BETA-Spring2023\ros2_ws\install\Lib\site-packages;%PYTHONPATH% c:\python38\python.exe setup.py egg_info --egg-base ..\..\build\shoulder_mvmt build --build-base C:\SET-BETA-Spring2023\ros2_ws\build\shoulder_mvmt\build install --record C:\SET-BETA-Spring2023\ros2_ws\build\shoulder_mvmt\install.log --single-version-externally-managed[0m
[7.044s] [34mcolcon.colcon_core.event_handler.log_command[0m [1;30mDEBUG[0m [32mInvoking command in 'C:\SET-BETA-Spring2023\ros2_ws\src\publisher': PYTHONPATH=C:\SET-BETA-Spring2023\ros2_ws\build\publisher\prefix_override;C:\SET-BETA-Spring2023\ros2_ws\install\Lib\site-packages;%PYTHONPATH% c:\python38\python.exe setup.py egg_info --egg-base ..\..\build\publisher build --build-base C:\SET-BETA-Spring2023\ros2_ws\build\publisher\build install --record C:\SET-BETA-Spring2023\ros2_ws\build\publisher\install.log --single-version-externally-managed[0m
[7.771s] [34mcolcon.colcon_core.event_handler.log_command[0m [1;30mDEBUG[0m [32mInvoked command in 'C:\SET-BETA-Spring2023\ros2_ws\src\shoulder_mvmt' returned '0': PYTHONPATH=C:\SET-BETA-Spring2023\ros2_ws\build\shoulder_mvmt\prefix_override;C:\SET-BETA-Spring2023\ros2_ws\install\Lib\site-packages;%PYTHONPATH% c:\python38\python.exe setup.py egg_info --egg-base ..\..\build\shoulder_mvmt build --build-base C:\SET-BETA-Spring2023\ros2_ws\build\shoulder_mvmt\build install --record C:\SET-BETA-Spring2023\ros2_ws\build\shoulder_mvmt\install.log --single-version-externally-managed[0m
[7.793s] [34mcolcon.colcon_core.environment[0m [1;30mLevel 1[0m checking 'C:\SET-BETA-Spring2023\ros2_ws\install' for CMake module files
[7.793s] [34mcolcon.colcon_core.environment[0m [1;30mLevel 1[0m checking 'C:\SET-BETA-Spring2023\ros2_ws\install' for CMake config files
[7.800s] [34mcolcon.colcon_core.shell[0m [1;30mLevel 1[0m create_environment_hook('shoulder_mvmt', 'cmake_prefix_path')
[7.805s] [34mcolcon.colcon_core.shell[0m [1;30mINFO[0m Creating environment hook 'C:\SET-BETA-Spring2023\ros2_ws\install\share\shoulder_mvmt\hook\cmake_prefix_path.ps1'
[7.806s] [34mcolcon.colcon_core.shell[0m [1;30mINFO[0m Creating environment hook 'C:\SET-BETA-Spring2023\ros2_ws\install\share\shoulder_mvmt\hook\cmake_prefix_path.bat'
[7.808s] [34mcolcon.colcon_core.shell[0m [1;30mINFO[0m Creating environment descriptor 'C:\SET-BETA-Spring2023\ros2_ws\install\share\shoulder_mvmt\hook\cmake_prefix_path.dsv'
[7.809s] [34mcolcon.colcon_core.environment[0m [1;30mLevel 1[0m checking 'C:\SET-BETA-Spring2023\ros2_ws\install\bin'
[7.809s] [34mcolcon.colcon_core.shell[0m [1;30mLevel 1[0m create_environment_hook('shoulder_mvmt', 'path_dll')
[7.815s] [34mcolcon.colcon_core.shell[0m [1;30mINFO[0m Creating environment hook 'C:\SET-BETA-Spring2023\ros2_ws\install\share\shoulder_mvmt\hook\path_dll.ps1'
[7.817s] [34mcolcon.colcon_core.shell[0m [1;30mINFO[0m Creating environment hook 'C:\SET-BETA-Spring2023\ros2_ws\install\share\shoulder_mvmt\hook\path_dll.bat'
[7.819s] [34mcolcon.colcon_core.shell[0m [1;30mINFO[0m Creating environment descriptor 'C:\SET-BETA-Spring2023\ros2_ws\install\share\shoulder_mvmt\hook\path_dll.dsv'
[7.821s] [34mcolcon.colcon_core.environment[0m [1;30mLevel 1[0m checking 'C:\SET-BETA-Spring2023\ros2_ws\install\bin'
[7.821s] [34mcolcon.colcon_core.shell[0m [1;30mLevel 1[0m create_environment_hook('shoulder_mvmt', 'path')
[7.831s] [34mcolcon.colcon_core.shell[0m [1;30mINFO[0m Creating environment hook 'C:\SET-BETA-Spring2023\ros2_ws\install\share\shoulder_mvmt\hook\path.ps1'
[7.833s] [34mcolcon.colcon_core.shell[0m [1;30mINFO[0m Creating environment hook 'C:\SET-BETA-Spring2023\ros2_ws\install\share\shoulder_mvmt\hook\path.bat'
[7.835s] [34mcolcon.colcon_core.shell[0m [1;30mINFO[0m Creating environment descriptor 'C:\SET-BETA-Spring2023\ros2_ws\install\share\shoulder_mvmt\hook\path.dsv'
[7.836s] [34mcolcon.colcon_core.environment[0m [1;30mLevel 1[0m checking 'C:\SET-BETA-Spring2023\ros2_ws\install\lib\pkgconfig\shoulder_mvmt.pc'
[7.836s] [34mcolcon.colcon_core.environment[0m [1;30mLevel 1[0m checking 'C:\SET-BETA-Spring2023\ros2_ws\install\Lib\site-packages'
[7.836s] [34mcolcon.colcon_core.shell[0m [1;30mLevel 1[0m create_environment_hook('shoulder_mvmt', 'pythonpath')
[7.841s] [34mcolcon.colcon_core.shell[0m [1;30mINFO[0m Creating environment hook 'C:\SET-BETA-Spring2023\ros2_ws\install\share\shoulder_mvmt\hook\pythonpath.ps1'
[7.842s] [34mcolcon.colcon_core.shell[0m [1;30mINFO[0m Creating environment hook 'C:\SET-BETA-Spring2023\ros2_ws\install\share\shoulder_mvmt\hook\pythonpath.bat'
[7.843s] [34mcolcon.colcon_core.shell[0m [1;30mINFO[0m Creating environment descriptor 'C:\SET-BETA-Spring2023\ros2_ws\install\share\shoulder_mvmt\hook\pythonpath.dsv'
[7.844s] [34mcolcon.colcon_core.environment[0m [1;30mLevel 1[0m checking 'C:\SET-BETA-Spring2023\ros2_ws\install\Scripts'
[7.845s] [34mcolcon.colcon_core.environment[0m [1;30mLevel 1[0m create_environment_scripts_only(shoulder_mvmt)
[7.850s] [34mcolcon.colcon_core.shell[0m [1;30mINFO[0m Creating package script 'C:\SET-BETA-Spring2023\ros2_ws\install\share\shoulder_mvmt\package.ps1'
[7.852s] [34mcolcon.colcon_core.shell[0m [1;30mINFO[0m Creating package script 'C:\SET-BETA-Spring2023\ros2_ws\install\share\shoulder_mvmt\package.bat'
[7.854s] [34mcolcon.colcon_core.shell[0m [1;30mINFO[0m Creating package descriptor 'C:\SET-BETA-Spring2023\ros2_ws\install\share\shoulder_mvmt\package.dsv'
[7.856s] [34mcolcon.colcon_core.environment[0m [1;30mLevel 1[0m create_file_with_runtime_dependencies(C:\SET-BETA-Spring2023\ros2_ws\install\share\colcon-core\packages\shoulder_mvmt)
[7.866s] [34mcolcon.colcon_core.environment[0m [1;30mLevel 1[0m checking 'C:\SET-BETA-Spring2023\ros2_ws\install' for CMake module files
[7.870s] [34mcolcon.colcon_core.environment[0m [1;30mLevel 1[0m checking 'C:\SET-BETA-Spring2023\ros2_ws\install' for CMake config files
[7.870s] [34mcolcon.colcon_core.event_handler.log_command[0m [1;30mDEBUG[0m [32mInvoked command in 'C:\SET-BETA-Spring2023\ros2_ws\src\publisher' returned '0': PYTHONPATH=C:\SET-BETA-Spring2023\ros2_ws\build\publisher\prefix_override;C:\SET-BETA-Spring2023\ros2_ws\install\Lib\site-packages;%PYTHONPATH% c:\python38\python.exe setup.py egg_info --egg-base ..\..\build\publisher build --build-base C:\SET-BETA-Spring2023\ros2_ws\build\publisher\build install --record C:\SET-BETA-Spring2023\ros2_ws\build\publisher\install.log --single-version-externally-managed[0m
[7.877s] [34mcolcon.colcon_core.shell[0m [1;30mLevel 1[0m create_environment_hook('publisher', 'cmake_prefix_path')
[7.884s] [34mcolcon.colcon_core.shell[0m [1;30mINFO[0m Creating environment hook 'C:\SET-BETA-Spring2023\ros2_ws\install\share\publisher\hook\cmake_prefix_path.ps1'
[7.885s] [34mcolcon.colcon_core.shell[0m [1;30mINFO[0m Creating environment hook 'C:\SET-BETA-Spring2023\ros2_ws\install\share\publisher\hook\cmake_prefix_path.bat'
[7.886s] [34mcolcon.colcon_core.shell[0m [1;30mINFO[0m Creating environment descriptor 'C:\SET-BETA-Spring2023\ros2_ws\install\share\publisher\hook\cmake_prefix_path.dsv'
[7.887s] [34mcolcon.colcon_core.environment[0m [1;30mLevel 1[0m checking 'C:\SET-BETA-Spring2023\ros2_ws\install\bin'
[7.888s] [34mcolcon.colcon_core.shell[0m [1;30mLevel 1[0m create_environment_hook('publisher', 'path_dll')
[7.893s] [34mcolcon.colcon_core.shell[0m [1;30mINFO[0m Creating environment hook 'C:\SET-BETA-Spring2023\ros2_ws\install\share\publisher\hook\path_dll.ps1'
[7.894s] [34mcolcon.colcon_core.shell[0m [1;30mINFO[0m Creating environment hook 'C:\SET-BETA-Spring2023\ros2_ws\install\share\publisher\hook\path_dll.bat'
[7.896s] [34mcolcon.colcon_core.shell[0m [1;30mINFO[0m Creating environment descriptor 'C:\SET-BETA-Spring2023\ros2_ws\install\share\publisher\hook\path_dll.dsv'
[7.897s] [34mcolcon.colcon_core.environment[0m [1;30mLevel 1[0m checking 'C:\SET-BETA-Spring2023\ros2_ws\install\bin'
[7.897s] [34mcolcon.colcon_core.shell[0m [1;30mLevel 1[0m create_environment_hook('publisher', 'path')
[7.902s] [34mcolcon.colcon_core.shell[0m [1;30mINFO[0m Creating environment hook 'C:\SET-BETA-Spring2023\ros2_ws\install\share\publisher\hook\path.ps1'
[7.903s] [34mcolcon.colcon_core.shell[0m [1;30mINFO[0m Creating environment hook 'C:\SET-BETA-Spring2023\ros2_ws\install\share\publisher\hook\path.bat'
[7.904s] [34mcolcon.colcon_core.shell[0m [1;30mINFO[0m Creating environment descriptor 'C:\SET-BETA-Spring2023\ros2_ws\install\share\publisher\hook\path.dsv'
[7.905s] [34mcolcon.colcon_core.environment[0m [1;30mLevel 1[0m checking 'C:\SET-BETA-Spring2023\ros2_ws\install\lib\pkgconfig\publisher.pc'
[7.905s] [34mcolcon.colcon_core.environment[0m [1;30mLevel 1[0m checking 'C:\SET-BETA-Spring2023\ros2_ws\install\Lib\site-packages'
[7.905s] [34mcolcon.colcon_core.shell[0m [1;30mLevel 1[0m create_environment_hook('publisher', 'pythonpath')
[7.910s] [34mcolcon.colcon_core.shell[0m [1;30mINFO[0m Creating environment hook 'C:\SET-BETA-Spring2023\ros2_ws\install\share\publisher\hook\pythonpath.ps1'
[7.911s] [34mcolcon.colcon_core.shell[0m [1;30mINFO[0m Creating environment hook 'C:\SET-BETA-Spring2023\ros2_ws\install\share\publisher\hook\pythonpath.bat'
[7.913s] [34mcolcon.colcon_core.shell[0m [1;30mINFO[0m Creating environment descriptor 'C:\SET-BETA-Spring2023\ros2_ws\install\share\publisher\hook\pythonpath.dsv'
[7.914s] [34mcolcon.colcon_core.environment[0m [1;30mLevel 1[0m checking 'C:\SET-BETA-Spring2023\ros2_ws\install\Scripts'
[7.914s] [34mcolcon.colcon_core.environment[0m [1;30mLevel 1[0m create_environment_scripts_only(publisher)
[7.919s] [34mcolcon.colcon_core.shell[0m [1;30mINFO[0m Creating package script 'C:\SET-BETA-Spring2023\ros2_ws\install\share\publisher\package.ps1'
[7.921s] [34mcolcon.colcon_core.shell[0m [1;30mINFO[0m Creating package script 'C:\SET-BETA-Spring2023\ros2_ws\install\share\publisher\package.bat'
[7.922s] [34mcolcon.colcon_core.shell[0m [1;30mINFO[0m Creating package descriptor 'C:\SET-BETA-Spring2023\ros2_ws\install\share\publisher\package.dsv'
[7.923s] [34mcolcon.colcon_core.environment[0m [1;30mLevel 1[0m create_file_with_runtime_dependencies(C:\SET-BETA-Spring2023\ros2_ws\install\share\colcon-core\packages\publisher)
[7.924s] [34mcolcon.colcon_parallel_executor.executor.parallel[0m [1;30mDEBUG[0m [32mrun_until_complete finished with '0'[0m
[7.924s] [34mcolcon.colcon_core.event_reactor[0m [1;30mDEBUG[0m [32mjoining thread[0m
[7.938s] [34mcolcon.colcon_core.plugin_system[0m [1;30mINFO[0m Skipping extension 'colcon_notification.desktop_notification.notify2': 'notify2' not found
[7.938s] [34mcolcon.colcon_core.plugin_system[0m [1;30mINFO[0m Skipping extension 'colcon_notification.desktop_notification.notify_send': Not used on non-Linux systems
[7.938s] [34mcolcon.colcon_core.plugin_system[0m [1;30mINFO[0m Skipping extension 'colcon_notification.desktop_notification.terminal_notifier': Not used on non-Darwin systems
[7.938s] [34mcolcon.colcon_notification.desktop_notification[0m [1;30mINFO[0m Sending desktop notification using 'win32'
[13.015s] [34mcolcon.colcon_core.event_reactor[0m [1;30mDEBUG[0m [32mjoined thread[0m
[13.025s] [34mcolcon.colcon_core.shell[0m [1;30mINFO[0m Creating prefix script 'C:\SET-BETA-Spring2023\ros2_ws\install\local_setup.ps1'
[13.029s] [34mcolcon.colcon_core.shell[0m [1;30mINFO[0m Creating prefix util module 'C:\SET-BETA-Spring2023\ros2_ws\install\_local_setup_util_ps1.py'
[13.032s] [34mcolcon.colcon_core.shell[0m [1;30mINFO[0m Creating prefix chain script 'C:\SET-BETA-Spring2023\ros2_ws\install\setup.ps1'
[13.043s] [34mcolcon.colcon_core.shell[0m [1;30mINFO[0m Creating prefix script 'C:\SET-BETA-Spring2023\ros2_ws\install\local_setup.bat'
[13.044s] [34mcolcon.colcon_core.shell[0m [1;30mINFO[0m Creating prefix util module 'C:\SET-BETA-Spring2023\ros2_ws\install\_local_setup_util_bat.py'
[13.046s] [34mcolcon.colcon_core.shell[0m [1;30mINFO[0m Creating prefix chain script 'C:\SET-BETA-Spring2023\ros2_ws\install\setup.bat'
