[2.735s] Invoking command in 'C:\SET-BETA-Spring2023\ros2_ws\src\publisher': PYTHONPATH=C:\SET-BETA-Spring2023\ros2_ws\build\publisher\prefix_override;C:\SET-BETA-Spring2023\ros2_ws\install\Lib\site-packages;%PYTHONPATH% c:\python38\python.exe setup.py egg_info --egg-base ..\..\build\publisher build --build-base C:\SET-BETA-Spring2023\ros2_ws\build\publisher\build install --record C:\SET-BETA-Spring2023\ros2_ws\build\publisher\install.log --single-version-externally-managed
[3.328s] running egg_info
[3.344s] writing ..\..\build\publisher\publisher.egg-info\PKG-INFO
[3.344s] writing dependency_links to ..\..\build\publisher\publisher.egg-info\dependency_links.txt
[3.344s] writing entry points to ..\..\build\publisher\publisher.egg-info\entry_points.txt
[3.344s] writing requirements to ..\..\build\publisher\publisher.egg-info\requires.txt
[3.344s] writing top-level names to ..\..\build\publisher\publisher.egg-info\top_level.txt
[3.375s] reading manifest file '..\..\build\publisher\publisher.egg-info\SOURCES.txt'
[3.375s] writing manifest file '..\..\build\publisher\publisher.egg-info\SOURCES.txt'
[3.375s] running build
[3.375s] running build_py
[3.391s] running install
[3.391s] running install_lib
[3.391s] running install_data
[3.391s] running install_egg_info
[3.407s] removing 'C:\SET-BETA-Spring2023\ros2_ws\install\Lib\site-packages\publisher-0.0.0-py3.8.egg-info' (and everything under it)
[3.407s] Copying ..\..\build\publisher\publisher.egg-info to C:\SET-BETA-Spring2023\ros2_ws\install\Lib\site-packages\publisher-0.0.0-py3.8.egg-info
[3.422s] running install_scripts
[3.469s] Installing listener-script.py script to C:\SET-BETA-Spring2023\ros2_ws\install\lib\publisher
[3.469s] Installing listener.exe script to C:\SET-BETA-Spring2023\ros2_ws\install\lib\publisher
[3.469s] Installing servos-script.py script to C:\SET-BETA-Spring2023\ros2_ws\install\lib\publisher
[3.485s] Installing servos.exe script to C:\SET-BETA-Spring2023\ros2_ws\install\lib\publisher
[3.485s] Installing talker-script.py script to C:\SET-BETA-Spring2023\ros2_ws\install\lib\publisher
[3.485s] Installing talker.exe script to C:\SET-BETA-Spring2023\ros2_ws\install\lib\publisher
[3.485s] Installing wheels-script.py script to C:\SET-BETA-Spring2023\ros2_ws\install\lib\publisher
[3.485s] Installing wheels.exe script to C:\SET-BETA-Spring2023\ros2_ws\install\lib\publisher
[3.485s] writing list of installed files to 'C:\SET-BETA-Spring2023\ros2_ws\build\publisher\install.log'
[3.641s] Invoked command in 'C:\SET-BETA-Spring2023\ros2_ws\src\publisher' returned '0': PYTHONPATH=C:\SET-BETA-Spring2023\ros2_ws\build\publisher\prefix_override;C:\SET-BETA-Spring2023\ros2_ws\install\Lib\site-packages;%PYTHONPATH% c:\python38\python.exe setup.py egg_info --egg-base ..\..\build\publisher build --build-base C:\SET-BETA-Spring2023\ros2_ws\build\publisher\build install --record C:\SET-BETA-Spring2023\ros2_ws\build\publisher\install.log --single-version-externally-managed
