[0.000000] (-) TimerEvent: {}
[0.000000] (-) JobUnselected: {'identifier': 'examples_rclcpp_async_client'}
[0.000000] (-) JobUnselected: {'identifier': 'examples_rclcpp_cbg_executor'}
[0.000000] (-) JobUnselected: {'identifier': 'examples_rclcpp_minimal_action_client'}
[0.000000] (-) JobUnselected: {'identifier': 'examples_rclcpp_minimal_action_server'}
[0.000000] (-) JobUnselected: {'identifier': 'examples_rclcpp_minimal_client'}
[0.000000] (-) JobUnselected: {'identifier': 'examples_rclcpp_minimal_composition'}
[0.000000] (-) JobUnselected: {'identifier': 'examples_rclcpp_minimal_publisher'}
[0.000000] (-) JobUnselected: {'identifier': 'examples_rclcpp_minimal_service'}
[0.000000] (-) JobUnselected: {'identifier': 'examples_rclcpp_minimal_subscriber'}
[0.016000] (-) JobUnselected: {'identifier': 'examples_rclcpp_minimal_timer'}
[0.016000] (-) JobUnselected: {'identifier': 'examples_rclcpp_multithreaded_executor'}
[0.016000] (-) JobUnselected: {'identifier': 'examples_rclcpp_wait_set'}
[0.016000] (-) JobUnselected: {'identifier': 'examples_rclpy_executors'}
[0.016000] (-) JobUnselected: {'identifier': 'examples_rclpy_guard_conditions'}
[0.016000] (-) JobUnselected: {'identifier': 'examples_rclpy_minimal_action_client'}
[0.016000] (-) JobUnselected: {'identifier': 'examples_rclpy_minimal_action_server'}
[0.016000] (-) JobUnselected: {'identifier': 'examples_rclpy_minimal_client'}
[0.016000] (-) JobUnselected: {'identifier': 'examples_rclpy_minimal_publisher'}
[0.016000] (-) JobUnselected: {'identifier': 'examples_rclpy_minimal_service'}
[0.016000] (-) JobUnselected: {'identifier': 'examples_rclpy_minimal_subscriber'}
[0.016000] (-) JobUnselected: {'identifier': 'examples_rclpy_pointcloud_publisher'}
[0.016000] (-) JobUnselected: {'identifier': 'launch_testing_examples'}
[0.016000] (-) JobUnselected: {'identifier': 'new_package'}
[0.016000] (-) JobUnselected: {'identifier': 'pkg'}
[0.016000] (my_package) JobQueued: {'identifier': 'my_package', 'dependencies': OrderedDict()}
[0.016000] (my_package) JobStarted: {'identifier': 'my_package'}
[0.109000] (-) TimerEvent: {}
[0.109000] (my_package) JobProgress: {'identifier': 'my_package', 'progress': 'cmake'}
[0.109000] (my_package) StderrLine: {'line': b'Traceback (most recent call last):\n  File "c:\\python38\\lib\\site-packages\\colcon_core\\executor\\__init__.py", line 91, in __call__\n    rc = await self.task(*args, **kwargs)\n  File "c:\\python38\\lib\\site-packages\\colcon_core\\task\\__init__.py", line 93, in __call__\n    return await task_method(*args, **kwargs)\n  File "c:\\python38\\lib\\site-packages\\colcon_ros\\task\\ament_cmake\\build.py", line 59, in build\n    rc = await extension.build(\n  File "c:\\python38\\lib\\site-packages\\colcon_cmake\\task\\cmake\\build.py", line 87, in build\n    rc = await self._reconfigure(args, env)\n  File "c:\\python38\\lib\\site-packages\\colcon_cmake\\task\\cmake\\build.py", line 153, in _reconfigure\n    raise RuntimeError(\nRuntimeError: VisualStudioVersion is not set, please run within a Visual Studio Command Prompt.\n'}
[0.125000] (my_package) JobEnded: {'identifier': 'my_package', 'rc': 1}
[0.141000] (-) EventReactorShutdown: {}
