running egg_info
creating ..\..\..\..\..\build\examples_rclpy_minimal_action_server\examples_rclpy_minimal_action_server.egg-info
writing ..\..\..\..\..\build\examples_rclpy_minimal_action_server\examples_rclpy_minimal_action_server.egg-info\PKG-INFO
writing dependency_links to ..\..\..\..\..\build\examples_rclpy_minimal_action_server\examples_rclpy_minimal_action_server.egg-info\dependency_links.txt
writing entry points to ..\..\..\..\..\build\examples_rclpy_minimal_action_server\examples_rclpy_minimal_action_server.egg-info\entry_points.txt
writing requirements to ..\..\..\..\..\build\examples_rclpy_minimal_action_server\examples_rclpy_minimal_action_server.egg-info\requires.txt
writing top-level names to ..\..\..\..\..\build\examples_rclpy_minimal_action_server\examples_rclpy_minimal_action_server.egg-info\top_level.txt
writing manifest file '..\..\..\..\..\build\examples_rclpy_minimal_action_server\examples_rclpy_minimal_action_server.egg-info\SOURCES.txt'
reading manifest file '..\..\..\..\..\build\examples_rclpy_minimal_action_server\examples_rclpy_minimal_action_server.egg-info\SOURCES.txt'
writing manifest file '..\..\..\..\..\build\examples_rclpy_minimal_action_server\examples_rclpy_minimal_action_server.egg-info\SOURCES.txt'
running build
running build_py
creating C:\dev\ros2_ws\build\examples_rclpy_minimal_action_server\build
creating C:\dev\ros2_ws\build\examples_rclpy_minimal_action_server\build\lib
creating C:\dev\ros2_ws\build\examples_rclpy_minimal_action_server\build\lib\examples_rclpy_minimal_action_server
copying examples_rclpy_minimal_action_server\server.py -> C:\dev\ros2_ws\build\examples_rclpy_minimal_action_server\build\lib\examples_rclpy_minimal_action_server
copying examples_rclpy_minimal_action_server\server_defer.py -> C:\dev\ros2_ws\build\examples_rclpy_minimal_action_server\build\lib\examples_rclpy_minimal_action_server
copying examples_rclpy_minimal_action_server\server_not_composable.py -> C:\dev\ros2_ws\build\examples_rclpy_minimal_action_server\build\lib\examples_rclpy_minimal_action_server
copying examples_rclpy_minimal_action_server\server_queue_goals.py -> C:\dev\ros2_ws\build\examples_rclpy_minimal_action_server\build\lib\examples_rclpy_minimal_action_server
copying examples_rclpy_minimal_action_server\server_single_goal.py -> C:\dev\ros2_ws\build\examples_rclpy_minimal_action_server\build\lib\examples_rclpy_minimal_action_server
copying examples_rclpy_minimal_action_server\__init__.py -> C:\dev\ros2_ws\build\examples_rclpy_minimal_action_server\build\lib\examples_rclpy_minimal_action_server
running install
running install_lib
creating C:\dev\ros2_ws\install\Lib\site-packages\examples_rclpy_minimal_action_server
copying C:\dev\ros2_ws\build\examples_rclpy_minimal_action_server\build\lib\examples_rclpy_minimal_action_server\server.py -> C:\dev\ros2_ws\install\Lib\site-packages\examples_rclpy_minimal_action_server
copying C:\dev\ros2_ws\build\examples_rclpy_minimal_action_server\build\lib\examples_rclpy_minimal_action_server\server_defer.py -> C:\dev\ros2_ws\install\Lib\site-packages\examples_rclpy_minimal_action_server
copying C:\dev\ros2_ws\build\examples_rclpy_minimal_action_server\build\lib\examples_rclpy_minimal_action_server\server_not_composable.py -> C:\dev\ros2_ws\install\Lib\site-packages\examples_rclpy_minimal_action_server
copying C:\dev\ros2_ws\build\examples_rclpy_minimal_action_server\build\lib\examples_rclpy_minimal_action_server\server_queue_goals.py -> C:\dev\ros2_ws\install\Lib\site-packages\examples_rclpy_minimal_action_server
copying C:\dev\ros2_ws\build\examples_rclpy_minimal_action_server\build\lib\examples_rclpy_minimal_action_server\server_single_goal.py -> C:\dev\ros2_ws\install\Lib\site-packages\examples_rclpy_minimal_action_server
copying C:\dev\ros2_ws\build\examples_rclpy_minimal_action_server\build\lib\examples_rclpy_minimal_action_server\__init__.py -> C:\dev\ros2_ws\install\Lib\site-packages\examples_rclpy_minimal_action_server
byte-compiling C:\dev\ros2_ws\install\Lib\site-packages\examples_rclpy_minimal_action_server\server.py to server.cpython-38.pyc
byte-compiling C:\dev\ros2_ws\install\Lib\site-packages\examples_rclpy_minimal_action_server\server_defer.py to server_defer.cpython-38.pyc
byte-compiling C:\dev\ros2_ws\install\Lib\site-packages\examples_rclpy_minimal_action_server\server_not_composable.py to server_not_composable.cpython-38.pyc
byte-compiling C:\dev\ros2_ws\install\Lib\site-packages\examples_rclpy_minimal_action_server\server_queue_goals.py to server_queue_goals.cpython-38.pyc
byte-compiling C:\dev\ros2_ws\install\Lib\site-packages\examples_rclpy_minimal_action_server\server_single_goal.py to server_single_goal.cpython-38.pyc
byte-compiling C:\dev\ros2_ws\install\Lib\site-packages\examples_rclpy_minimal_action_server\__init__.py to __init__.cpython-38.pyc
running install_data
copying resource\examples_rclpy_minimal_action_server -> C:\dev\ros2_ws\install\share\ament_index\resource_index\packages
copying package.xml -> C:\dev\ros2_ws\install\share\examples_rclpy_minimal_action_server
running install_egg_info
Copying ..\..\..\..\..\build\examples_rclpy_minimal_action_server\examples_rclpy_minimal_action_server.egg-info to C:\dev\ros2_ws\install\Lib\site-packages\examples_rclpy_minimal_action_server-0.17.1-py3.8.egg-info
running install_scripts
Installing server-script.py script to C:\dev\ros2_ws\install\lib\examples_rclpy_minimal_action_server
Installing server.exe script to C:\dev\ros2_ws\install\lib\examples_rclpy_minimal_action_server
Installing server_defer-script.py script to C:\dev\ros2_ws\install\lib\examples_rclpy_minimal_action_server
Installing server_defer.exe script to C:\dev\ros2_ws\install\lib\examples_rclpy_minimal_action_server
Installing server_not_composable-script.py script to C:\dev\ros2_ws\install\lib\examples_rclpy_minimal_action_server
Installing server_not_composable.exe script to C:\dev\ros2_ws\install\lib\examples_rclpy_minimal_action_server
Installing server_queue_goals-script.py script to C:\dev\ros2_ws\install\lib\examples_rclpy_minimal_action_server
Installing server_queue_goals.exe script to C:\dev\ros2_ws\install\lib\examples_rclpy_minimal_action_server
Installing server_single_goal-script.py script to C:\dev\ros2_ws\install\lib\examples_rclpy_minimal_action_server
Installing server_single_goal.exe script to C:\dev\ros2_ws\install\lib\examples_rclpy_minimal_action_server
writing list of installed files to 'C:\dev\ros2_ws\build\examples_rclpy_minimal_action_server\install.log'
