[9.266s] Invoking command in 'C:\dev\ros2_ws\src\examples\rclpy\actions\minimal_action_server': PYTHONPATH=C:\dev\ros2_ws\build\examples_rclpy_minimal_action_server\prefix_override;C:\dev\ros2_ws\install\Lib\site-packages;%PYTHONPATH% c:\python38\python.exe setup.py egg_info --egg-base ..\..\..\..\..\build\examples_rclpy_minimal_action_server build --build-base C:\dev\ros2_ws\build\examples_rclpy_minimal_action_server\build install --record C:\dev\ros2_ws\build\examples_rclpy_minimal_action_server\install.log --single-version-externally-managed
[10.969s] running egg_info
[10.969s] creating ..\..\..\..\..\build\examples_rclpy_minimal_action_server\examples_rclpy_minimal_action_server.egg-info
[10.969s] writing ..\..\..\..\..\build\examples_rclpy_minimal_action_server\examples_rclpy_minimal_action_server.egg-info\PKG-INFO
[10.969s] writing dependency_links to ..\..\..\..\..\build\examples_rclpy_minimal_action_server\examples_rclpy_minimal_action_server.egg-info\dependency_links.txt
[10.969s] writing entry points to ..\..\..\..\..\build\examples_rclpy_minimal_action_server\examples_rclpy_minimal_action_server.egg-info\entry_points.txt
[10.969s] writing requirements to ..\..\..\..\..\build\examples_rclpy_minimal_action_server\examples_rclpy_minimal_action_server.egg-info\requires.txt
[10.969s] writing top-level names to ..\..\..\..\..\build\examples_rclpy_minimal_action_server\examples_rclpy_minimal_action_server.egg-info\top_level.txt
[10.969s] writing manifest file '..\..\..\..\..\build\examples_rclpy_minimal_action_server\examples_rclpy_minimal_action_server.egg-info\SOURCES.txt'
[11.047s] reading manifest file '..\..\..\..\..\build\examples_rclpy_minimal_action_server\examples_rclpy_minimal_action_server.egg-info\SOURCES.txt'
[11.047s] writing manifest file '..\..\..\..\..\build\examples_rclpy_minimal_action_server\examples_rclpy_minimal_action_server.egg-info\SOURCES.txt'
[11.047s] running build
[11.047s] running build_py
[11.047s] creating C:\dev\ros2_ws\build\examples_rclpy_minimal_action_server\build
[11.047s] creating C:\dev\ros2_ws\build\examples_rclpy_minimal_action_server\build\lib
[11.047s] creating C:\dev\ros2_ws\build\examples_rclpy_minimal_action_server\build\lib\examples_rclpy_minimal_action_server
[11.047s] copying examples_rclpy_minimal_action_server\server.py -> C:\dev\ros2_ws\build\examples_rclpy_minimal_action_server\build\lib\examples_rclpy_minimal_action_server
[11.047s] copying examples_rclpy_minimal_action_server\server_defer.py -> C:\dev\ros2_ws\build\examples_rclpy_minimal_action_server\build\lib\examples_rclpy_minimal_action_server
[11.063s] copying examples_rclpy_minimal_action_server\server_not_composable.py -> C:\dev\ros2_ws\build\examples_rclpy_minimal_action_server\build\lib\examples_rclpy_minimal_action_server
[11.063s] copying examples_rclpy_minimal_action_server\server_queue_goals.py -> C:\dev\ros2_ws\build\examples_rclpy_minimal_action_server\build\lib\examples_rclpy_minimal_action_server
[11.063s] copying examples_rclpy_minimal_action_server\server_single_goal.py -> C:\dev\ros2_ws\build\examples_rclpy_minimal_action_server\build\lib\examples_rclpy_minimal_action_server
[11.063s] copying examples_rclpy_minimal_action_server\__init__.py -> C:\dev\ros2_ws\build\examples_rclpy_minimal_action_server\build\lib\examples_rclpy_minimal_action_server
[11.063s] running install
[11.063s] running install_lib
[11.078s] creating C:\dev\ros2_ws\install\Lib\site-packages\examples_rclpy_minimal_action_server
[11.078s] copying C:\dev\ros2_ws\build\examples_rclpy_minimal_action_server\build\lib\examples_rclpy_minimal_action_server\server.py -> C:\dev\ros2_ws\install\Lib\site-packages\examples_rclpy_minimal_action_server
[11.688s] copying C:\dev\ros2_ws\build\examples_rclpy_minimal_action_server\build\lib\examples_rclpy_minimal_action_server\server_defer.py -> C:\dev\ros2_ws\install\Lib\site-packages\examples_rclpy_minimal_action_server
[11.688s] copying C:\dev\ros2_ws\build\examples_rclpy_minimal_action_server\build\lib\examples_rclpy_minimal_action_server\server_not_composable.py -> C:\dev\ros2_ws\install\Lib\site-packages\examples_rclpy_minimal_action_server
[11.703s] copying C:\dev\ros2_ws\build\examples_rclpy_minimal_action_server\build\lib\examples_rclpy_minimal_action_server\server_queue_goals.py -> C:\dev\ros2_ws\install\Lib\site-packages\examples_rclpy_minimal_action_server
[11.703s] copying C:\dev\ros2_ws\build\examples_rclpy_minimal_action_server\build\lib\examples_rclpy_minimal_action_server\server_single_goal.py -> C:\dev\ros2_ws\install\Lib\site-packages\examples_rclpy_minimal_action_server
[11.766s] copying C:\dev\ros2_ws\build\examples_rclpy_minimal_action_server\build\lib\examples_rclpy_minimal_action_server\__init__.py -> C:\dev\ros2_ws\install\Lib\site-packages\examples_rclpy_minimal_action_server
[11.766s] byte-compiling C:\dev\ros2_ws\install\Lib\site-packages\examples_rclpy_minimal_action_server\server.py to server.cpython-38.pyc
[11.766s] byte-compiling C:\dev\ros2_ws\install\Lib\site-packages\examples_rclpy_minimal_action_server\server_defer.py to server_defer.cpython-38.pyc
[11.766s] byte-compiling C:\dev\ros2_ws\install\Lib\site-packages\examples_rclpy_minimal_action_server\server_not_composable.py to server_not_composable.cpython-38.pyc
[11.766s] byte-compiling C:\dev\ros2_ws\install\Lib\site-packages\examples_rclpy_minimal_action_server\server_queue_goals.py to server_queue_goals.cpython-38.pyc
[11.766s] byte-compiling C:\dev\ros2_ws\install\Lib\site-packages\examples_rclpy_minimal_action_server\server_single_goal.py to server_single_goal.cpython-38.pyc
[11.781s] byte-compiling C:\dev\ros2_ws\install\Lib\site-packages\examples_rclpy_minimal_action_server\__init__.py to __init__.cpython-38.pyc
[11.781s] running install_data
[11.781s] copying resource\examples_rclpy_minimal_action_server -> C:\dev\ros2_ws\install\share\ament_index\resource_index\packages
[11.781s] copying package.xml -> C:\dev\ros2_ws\install\share\examples_rclpy_minimal_action_server
[11.781s] running install_egg_info
[11.781s] Copying ..\..\..\..\..\build\examples_rclpy_minimal_action_server\examples_rclpy_minimal_action_server.egg-info to C:\dev\ros2_ws\install\Lib\site-packages\examples_rclpy_minimal_action_server-0.17.1-py3.8.egg-info
[11.781s] running install_scripts
[11.781s] Installing server-script.py script to C:\dev\ros2_ws\install\lib\examples_rclpy_minimal_action_server
[11.781s] Installing server.exe script to C:\dev\ros2_ws\install\lib\examples_rclpy_minimal_action_server
[11.781s] Installing server_defer-script.py script to C:\dev\ros2_ws\install\lib\examples_rclpy_minimal_action_server
[11.781s] Installing server_defer.exe script to C:\dev\ros2_ws\install\lib\examples_rclpy_minimal_action_server
[11.781s] Installing server_not_composable-script.py script to C:\dev\ros2_ws\install\lib\examples_rclpy_minimal_action_server
[11.781s] Installing server_not_composable.exe script to C:\dev\ros2_ws\install\lib\examples_rclpy_minimal_action_server
[11.797s] Installing server_queue_goals-script.py script to C:\dev\ros2_ws\install\lib\examples_rclpy_minimal_action_server
[11.797s] Installing server_queue_goals.exe script to C:\dev\ros2_ws\install\lib\examples_rclpy_minimal_action_server
[11.797s] Installing server_single_goal-script.py script to C:\dev\ros2_ws\install\lib\examples_rclpy_minimal_action_server
[11.813s] Installing server_single_goal.exe script to C:\dev\ros2_ws\install\lib\examples_rclpy_minimal_action_server
[11.813s] writing list of installed files to 'C:\dev\ros2_ws\build\examples_rclpy_minimal_action_server\install.log'
[12.078s] Invoked command in 'C:\dev\ros2_ws\src\examples\rclpy\actions\minimal_action_server' returned '0': PYTHONPATH=C:\dev\ros2_ws\build\examples_rclpy_minimal_action_server\prefix_override;C:\dev\ros2_ws\install\Lib\site-packages;%PYTHONPATH% c:\python38\python.exe setup.py egg_info --egg-base ..\..\..\..\..\build\examples_rclpy_minimal_action_server build --build-base C:\dev\ros2_ws\build\examples_rclpy_minimal_action_server\build install --record C:\dev\ros2_ws\build\examples_rclpy_minimal_action_server\install.log --single-version-externally-managed
