running egg_info
creating ..\..\..\..\..\build\examples_rclpy_minimal_action_client\examples_rclpy_minimal_action_client.egg-info
writing ..\..\..\..\..\build\examples_rclpy_minimal_action_client\examples_rclpy_minimal_action_client.egg-info\PKG-INFO
writing dependency_links to ..\..\..\..\..\build\examples_rclpy_minimal_action_client\examples_rclpy_minimal_action_client.egg-info\dependency_links.txt
writing entry points to ..\..\..\..\..\build\examples_rclpy_minimal_action_client\examples_rclpy_minimal_action_client.egg-info\entry_points.txt
writing requirements to ..\..\..\..\..\build\examples_rclpy_minimal_action_client\examples_rclpy_minimal_action_client.egg-info\requires.txt
writing top-level names to ..\..\..\..\..\build\examples_rclpy_minimal_action_client\examples_rclpy_minimal_action_client.egg-info\top_level.txt
writing manifest file '..\..\..\..\..\build\examples_rclpy_minimal_action_client\examples_rclpy_minimal_action_client.egg-info\SOURCES.txt'
reading manifest file '..\..\..\..\..\build\examples_rclpy_minimal_action_client\examples_rclpy_minimal_action_client.egg-info\SOURCES.txt'
writing manifest file '..\..\..\..\..\build\examples_rclpy_minimal_action_client\examples_rclpy_minimal_action_client.egg-info\SOURCES.txt'
running build
running build_py
creating C:\dev\ros2_ws\build\examples_rclpy_minimal_action_client\build
creating C:\dev\ros2_ws\build\examples_rclpy_minimal_action_client\build\lib
creating C:\dev\ros2_ws\build\examples_rclpy_minimal_action_client\build\lib\examples_rclpy_minimal_action_client
copying examples_rclpy_minimal_action_client\client.py -> C:\dev\ros2_ws\build\examples_rclpy_minimal_action_client\build\lib\examples_rclpy_minimal_action_client
copying examples_rclpy_minimal_action_client\client_asyncio.py -> C:\dev\ros2_ws\build\examples_rclpy_minimal_action_client\build\lib\examples_rclpy_minimal_action_client
copying examples_rclpy_minimal_action_client\client_cancel.py -> C:\dev\ros2_ws\build\examples_rclpy_minimal_action_client\build\lib\examples_rclpy_minimal_action_client
copying examples_rclpy_minimal_action_client\client_not_composable.py -> C:\dev\ros2_ws\build\examples_rclpy_minimal_action_client\build\lib\examples_rclpy_minimal_action_client
copying examples_rclpy_minimal_action_client\__init__.py -> C:\dev\ros2_ws\build\examples_rclpy_minimal_action_client\build\lib\examples_rclpy_minimal_action_client
running install
running install_lib
creating C:\dev\ros2_ws\install\Lib\site-packages\examples_rclpy_minimal_action_client
copying C:\dev\ros2_ws\build\examples_rclpy_minimal_action_client\build\lib\examples_rclpy_minimal_action_client\client.py -> C:\dev\ros2_ws\install\Lib\site-packages\examples_rclpy_minimal_action_client
copying C:\dev\ros2_ws\build\examples_rclpy_minimal_action_client\build\lib\examples_rclpy_minimal_action_client\client_asyncio.py -> C:\dev\ros2_ws\install\Lib\site-packages\examples_rclpy_minimal_action_client
copying C:\dev\ros2_ws\build\examples_rclpy_minimal_action_client\build\lib\examples_rclpy_minimal_action_client\client_cancel.py -> C:\dev\ros2_ws\install\Lib\site-packages\examples_rclpy_minimal_action_client
copying C:\dev\ros2_ws\build\examples_rclpy_minimal_action_client\build\lib\examples_rclpy_minimal_action_client\client_not_composable.py -> C:\dev\ros2_ws\install\Lib\site-packages\examples_rclpy_minimal_action_client
copying C:\dev\ros2_ws\build\examples_rclpy_minimal_action_client\build\lib\examples_rclpy_minimal_action_client\__init__.py -> C:\dev\ros2_ws\install\Lib\site-packages\examples_rclpy_minimal_action_client
byte-compiling C:\dev\ros2_ws\install\Lib\site-packages\examples_rclpy_minimal_action_client\client.py to client.cpython-38.pyc
byte-compiling C:\dev\ros2_ws\install\Lib\site-packages\examples_rclpy_minimal_action_client\client_asyncio.py to client_asyncio.cpython-38.pyc
byte-compiling C:\dev\ros2_ws\install\Lib\site-packages\examples_rclpy_minimal_action_client\client_cancel.py to client_cancel.cpython-38.pyc
byte-compiling C:\dev\ros2_ws\install\Lib\site-packages\examples_rclpy_minimal_action_client\client_not_composable.py to client_not_composable.cpython-38.pyc
byte-compiling C:\dev\ros2_ws\install\Lib\site-packages\examples_rclpy_minimal_action_client\__init__.py to __init__.cpython-38.pyc
running install_data
copying resource\examples_rclpy_minimal_action_client -> C:\dev\ros2_ws\install\share\ament_index\resource_index\packages
copying package.xml -> C:\dev\ros2_ws\install\share\examples_rclpy_minimal_action_client
running install_egg_info
Copying ..\..\..\..\..\build\examples_rclpy_minimal_action_client\examples_rclpy_minimal_action_client.egg-info to C:\dev\ros2_ws\install\Lib\site-packages\examples_rclpy_minimal_action_client-0.17.1-py3.8.egg-info
running install_scripts
Installing client-script.py script to C:\dev\ros2_ws\install\lib\examples_rclpy_minimal_action_client
Installing client.exe script to C:\dev\ros2_ws\install\lib\examples_rclpy_minimal_action_client
Installing client_asyncio-script.py script to C:\dev\ros2_ws\install\lib\examples_rclpy_minimal_action_client
Installing client_asyncio.exe script to C:\dev\ros2_ws\install\lib\examples_rclpy_minimal_action_client
Installing client_cancel-script.py script to C:\dev\ros2_ws\install\lib\examples_rclpy_minimal_action_client
Installing client_cancel.exe script to C:\dev\ros2_ws\install\lib\examples_rclpy_minimal_action_client
Installing client_not_composable-script.py script to C:\dev\ros2_ws\install\lib\examples_rclpy_minimal_action_client
Installing client_not_composable.exe script to C:\dev\ros2_ws\install\lib\examples_rclpy_minimal_action_client
writing list of installed files to 'C:\dev\ros2_ws\build\examples_rclpy_minimal_action_client\install.log'
