[9.047s] Invoking command in 'C:\dev\ros2_ws\src\examples\rclpy\actions\minimal_action_client': PYTHONPATH=C:\dev\ros2_ws\build\examples_rclpy_minimal_action_client\prefix_override;C:\dev\ros2_ws\install\Lib\site-packages;%PYTHONPATH% c:\python38\python.exe setup.py egg_info --egg-base ..\..\..\..\..\build\examples_rclpy_minimal_action_client build --build-base C:\dev\ros2_ws\build\examples_rclpy_minimal_action_client\build install --record C:\dev\ros2_ws\build\examples_rclpy_minimal_action_client\install.log --single-version-externally-managed
[10.672s] running egg_info
[10.672s] creating ..\..\..\..\..\build\examples_rclpy_minimal_action_client\examples_rclpy_minimal_action_client.egg-info
[10.672s] writing ..\..\..\..\..\build\examples_rclpy_minimal_action_client\examples_rclpy_minimal_action_client.egg-info\PKG-INFO
[10.672s] writing dependency_links to ..\..\..\..\..\build\examples_rclpy_minimal_action_client\examples_rclpy_minimal_action_client.egg-info\dependency_links.txt
[10.672s] writing entry points to ..\..\..\..\..\build\examples_rclpy_minimal_action_client\examples_rclpy_minimal_action_client.egg-info\entry_points.txt
[10.688s] writing requirements to ..\..\..\..\..\build\examples_rclpy_minimal_action_client\examples_rclpy_minimal_action_client.egg-info\requires.txt
[10.688s] writing top-level names to ..\..\..\..\..\build\examples_rclpy_minimal_action_client\examples_rclpy_minimal_action_client.egg-info\top_level.txt
[10.688s] writing manifest file '..\..\..\..\..\build\examples_rclpy_minimal_action_client\examples_rclpy_minimal_action_client.egg-info\SOURCES.txt'
[10.797s] reading manifest file '..\..\..\..\..\build\examples_rclpy_minimal_action_client\examples_rclpy_minimal_action_client.egg-info\SOURCES.txt'
[10.797s] writing manifest file '..\..\..\..\..\build\examples_rclpy_minimal_action_client\examples_rclpy_minimal_action_client.egg-info\SOURCES.txt'
[10.797s] running build
[10.797s] running build_py
[10.797s] creating C:\dev\ros2_ws\build\examples_rclpy_minimal_action_client\build
[10.797s] creating C:\dev\ros2_ws\build\examples_rclpy_minimal_action_client\build\lib
[10.797s] creating C:\dev\ros2_ws\build\examples_rclpy_minimal_action_client\build\lib\examples_rclpy_minimal_action_client
[10.797s] copying examples_rclpy_minimal_action_client\client.py -> C:\dev\ros2_ws\build\examples_rclpy_minimal_action_client\build\lib\examples_rclpy_minimal_action_client
[10.797s] copying examples_rclpy_minimal_action_client\client_asyncio.py -> C:\dev\ros2_ws\build\examples_rclpy_minimal_action_client\build\lib\examples_rclpy_minimal_action_client
[10.813s] copying examples_rclpy_minimal_action_client\client_cancel.py -> C:\dev\ros2_ws\build\examples_rclpy_minimal_action_client\build\lib\examples_rclpy_minimal_action_client
[10.813s] copying examples_rclpy_minimal_action_client\client_not_composable.py -> C:\dev\ros2_ws\build\examples_rclpy_minimal_action_client\build\lib\examples_rclpy_minimal_action_client
[10.813s] copying examples_rclpy_minimal_action_client\__init__.py -> C:\dev\ros2_ws\build\examples_rclpy_minimal_action_client\build\lib\examples_rclpy_minimal_action_client
[10.813s] running install
[10.813s] running install_lib
[10.813s] creating C:\dev\ros2_ws\install\Lib\site-packages\examples_rclpy_minimal_action_client
[10.829s] copying C:\dev\ros2_ws\build\examples_rclpy_minimal_action_client\build\lib\examples_rclpy_minimal_action_client\client.py -> C:\dev\ros2_ws\install\Lib\site-packages\examples_rclpy_minimal_action_client
[10.860s] copying C:\dev\ros2_ws\build\examples_rclpy_minimal_action_client\build\lib\examples_rclpy_minimal_action_client\client_asyncio.py -> C:\dev\ros2_ws\install\Lib\site-packages\examples_rclpy_minimal_action_client
[10.860s] copying C:\dev\ros2_ws\build\examples_rclpy_minimal_action_client\build\lib\examples_rclpy_minimal_action_client\client_cancel.py -> C:\dev\ros2_ws\install\Lib\site-packages\examples_rclpy_minimal_action_client
[10.875s] copying C:\dev\ros2_ws\build\examples_rclpy_minimal_action_client\build\lib\examples_rclpy_minimal_action_client\client_not_composable.py -> C:\dev\ros2_ws\install\Lib\site-packages\examples_rclpy_minimal_action_client
[10.907s] copying C:\dev\ros2_ws\build\examples_rclpy_minimal_action_client\build\lib\examples_rclpy_minimal_action_client\__init__.py -> C:\dev\ros2_ws\install\Lib\site-packages\examples_rclpy_minimal_action_client
[10.907s] byte-compiling C:\dev\ros2_ws\install\Lib\site-packages\examples_rclpy_minimal_action_client\client.py to client.cpython-38.pyc
[10.922s] byte-compiling C:\dev\ros2_ws\install\Lib\site-packages\examples_rclpy_minimal_action_client\client_asyncio.py to client_asyncio.cpython-38.pyc
[10.922s] byte-compiling C:\dev\ros2_ws\install\Lib\site-packages\examples_rclpy_minimal_action_client\client_cancel.py to client_cancel.cpython-38.pyc
[10.938s] byte-compiling C:\dev\ros2_ws\install\Lib\site-packages\examples_rclpy_minimal_action_client\client_not_composable.py to client_not_composable.cpython-38.pyc
[10.938s] byte-compiling C:\dev\ros2_ws\install\Lib\site-packages\examples_rclpy_minimal_action_client\__init__.py to __init__.cpython-38.pyc
[10.938s] running install_data
[10.954s] copying resource\examples_rclpy_minimal_action_client -> C:\dev\ros2_ws\install\share\ament_index\resource_index\packages
[10.954s] copying package.xml -> C:\dev\ros2_ws\install\share\examples_rclpy_minimal_action_client
[10.954s] running install_egg_info
[10.954s] Copying ..\..\..\..\..\build\examples_rclpy_minimal_action_client\examples_rclpy_minimal_action_client.egg-info to C:\dev\ros2_ws\install\Lib\site-packages\examples_rclpy_minimal_action_client-0.17.1-py3.8.egg-info
[11.032s] running install_scripts
[11.094s] Installing client-script.py script to C:\dev\ros2_ws\install\lib\examples_rclpy_minimal_action_client
[11.094s] Installing client.exe script to C:\dev\ros2_ws\install\lib\examples_rclpy_minimal_action_client
[11.110s] Installing client_asyncio-script.py script to C:\dev\ros2_ws\install\lib\examples_rclpy_minimal_action_client
[11.110s] Installing client_asyncio.exe script to C:\dev\ros2_ws\install\lib\examples_rclpy_minimal_action_client
[11.110s] Installing client_cancel-script.py script to C:\dev\ros2_ws\install\lib\examples_rclpy_minimal_action_client
[11.110s] Installing client_cancel.exe script to C:\dev\ros2_ws\install\lib\examples_rclpy_minimal_action_client
[11.110s] Installing client_not_composable-script.py script to C:\dev\ros2_ws\install\lib\examples_rclpy_minimal_action_client
[11.110s] Installing client_not_composable.exe script to C:\dev\ros2_ws\install\lib\examples_rclpy_minimal_action_client
[11.110s] writing list of installed files to 'C:\dev\ros2_ws\build\examples_rclpy_minimal_action_client\install.log'
[11.797s] Invoked command in 'C:\dev\ros2_ws\src\examples\rclpy\actions\minimal_action_client' returned '0': PYTHONPATH=C:\dev\ros2_ws\build\examples_rclpy_minimal_action_client\prefix_override;C:\dev\ros2_ws\install\Lib\site-packages;%PYTHONPATH% c:\python38\python.exe setup.py egg_info --egg-base ..\..\..\..\..\build\examples_rclpy_minimal_action_client build --build-base C:\dev\ros2_ws\build\examples_rclpy_minimal_action_client\build install --record C:\dev\ros2_ws\build\examples_rclpy_minimal_action_client\install.log --single-version-externally-managed
