[1.172s] Invoking command in 'C:\dev\ros2_ws\build\examples_rclcpp_minimal_action_server': C:\Python38\Scripts\cmake.EXE C:\dev\ros2_ws\src\examples\rclcpp\actions\minimal_action_server -DCMAKE_INSTALL_PREFIX=C:\dev\ros2_ws\install -G Visual Studio 17 2022
[5.891s] -- Selecting Windows SDK version 10.0.19041.0 to target Windows 10.0.22000.
[5.891s] -- The C compiler identification is MSVC 19.30.30705.0
[7.438s] -- The CXX compiler identification is MSVC 19.30.30705.0
[7.438s] -- Detecting C compiler ABI info
[9.016s] -- Detecting C compiler ABI info - done
[9.063s] -- Check for working C compiler: C:/Program Files/Microsoft Visual Studio/2022/Community/VC/Tools/MSVC/14.30.30705/bin/Hostx64/x64/cl.exe - skipped
[9.078s] -- Detecting C compile features
[9.078s] -- Detecting C compile features - done
[9.110s] -- Detecting CXX compiler ABI info
[11.750s] -- Detecting CXX compiler ABI info - done
[11.797s] -- Check for working CXX compiler: C:/Program Files/Microsoft Visual Studio/2022/Community/VC/Tools/MSVC/14.30.30705/bin/Hostx64/x64/cl.exe - skipped
[11.797s] -- Detecting CXX compile features
[11.813s] -- Detecting CXX compile features - done
[11.828s] -- Found ament_cmake: 1.3.3 (C:/dev/ros2/ros2-windows/share/ament_cmake/cmake)
[20.657s] -- Found Python3: C:/Python38/python.exe (found version "3.8.3") found components: Interpreter 
[21.250s] -- Found example_interfaces: 0.9.3 (C:/dev/ros2/ros2-windows/share/example_interfaces/cmake)
[21.610s] -- Found rosidl_generator_c: 3.1.4 (C:/dev/ros2/ros2-windows/share/rosidl_generator_c/cmake)
[21.610s] -- Found rosidl_adapter: 3.1.4 (C:/dev/ros2/ros2-windows/share/rosidl_adapter/cmake)
[21.610s] -- Found rosidl_generator_cpp: 3.1.4 (C:/dev/ros2/ros2-windows/share/rosidl_generator_cpp/cmake)
[22.032s] -- Using all available rosidl_typesupport_c: rosidl_typesupport_fastrtps_c;rosidl_typesupport_introspection_c
[22.735s] -- Using all available rosidl_typesupport_cpp: rosidl_typesupport_fastrtps_cpp;rosidl_typesupport_introspection_cpp
[23.813s] -- Found rclcpp: 16.0.3 (C:/dev/ros2/ros2-windows/share/rclcpp/cmake)
[24.141s] -- Found rmw_implementation_cmake: 6.1.1 (C:/dev/ros2/ros2-windows/share/rmw_implementation_cmake/cmake)
[24.172s] -- Found rmw_fastrtps_cpp: 6.2.2 (C:/dev/ros2/ros2-windows/share/rmw_fastrtps_cpp/cmake)
[24.922s] -- Found FastRTPS: C:/dev/ros2/ros2-windows/include  
[25.016s] -- Using RMW implementation 'rmw_fastrtps_cpp' as default
[25.282s] -- Performing Test CMAKE_HAVE_LIBC_PTHREAD
[27.219s] -- Performing Test CMAKE_HAVE_LIBC_PTHREAD - Failed
[27.219s] -- Looking for pthread_create in pthreads
[29.250s] -- Looking for pthread_create in pthreads - not found
[29.250s] -- Looking for pthread_create in pthread
[31.469s] -- Looking for pthread_create in pthread - not found
[31.469s] -- Found Threads: TRUE  
[32.625s] -- Found rclcpp_action: 16.0.3 (C:/dev/ros2/ros2-windows/share/rclcpp_action/cmake)
[32.969s] -- Found ament_lint_auto: 0.12.5 (C:/dev/ros2/ros2-windows/share/ament_lint_auto/cmake)
[33.516s] -- Added test 'copyright' to check source files copyright and LICENSE
[33.532s] -- Added test 'cppcheck' to perform static code analysis on C / C++ code
[33.532s] -- Configured cppcheck include dirs: 
[33.532s] -- Configured cppcheck exclude dirs and/or files: 
[33.547s] -- Added test 'cpplint' to check C / C++ code against the Google style
[33.547s] -- Configured cpplint exclude dirs and/or files: 
[33.563s] -- Added test 'lint_cmake' to check CMake code style
[33.563s] -- Added test 'uncrustify' to check C / C++ code style
[33.563s] -- Configured uncrustify additional arguments: 
[33.578s] -- Added test 'xmllint' to check XML markup files
[33.641s] -- Configuring done (32.3s)
[34.891s] -- Generating done (1.1s)
[34.969s] -- Build files have been written to: C:/dev/ros2_ws/build/examples_rclcpp_minimal_action_server
[35.047s] Invoked command in 'C:\dev\ros2_ws\build\examples_rclcpp_minimal_action_server' returned '0': C:\Python38\Scripts\cmake.EXE C:\dev\ros2_ws\src\examples\rclcpp\actions\minimal_action_server -DCMAKE_INSTALL_PREFIX=C:\dev\ros2_ws\install -G Visual Studio 17 2022
[35.063s] Invoking command in 'C:\dev\ros2_ws\build\examples_rclcpp_minimal_action_server': CL=/MP C:\Python38\Scripts\cmake.EXE --build C:\dev\ros2_ws\build\examples_rclcpp_minimal_action_server --config Release
[35.719s] Microsoft (R) Build Engine version 17.0.0+c9eb9dd64 for .NET Framework
[35.719s] Copyright (C) Microsoft Corporation. All rights reserved.
[35.719s] 
[36.735s]   Checking Build System
[37.141s]   Building Custom Rule C:/dev/ros2_ws/src/examples/rclcpp/actions/minimal_action_server/CMakeLists.txt
[37.532s]   member_functions.cpp
[52.469s]   action_server_member_functions.vcxproj -> C:\dev\ros2_ws\build\examples_rclcpp_minimal_action_server\Release\action_server_member_functions.exe
[52.719s]   Building Custom Rule C:/dev/ros2_ws/src/examples/rclcpp/actions/minimal_action_server/CMakeLists.txt
[53.250s]   not_composable.cpp
[65.938s]   action_server_not_composable.vcxproj -> C:\dev\ros2_ws\build\examples_rclcpp_minimal_action_server\Release\action_server_not_composable.exe
[66.047s]   Building Custom Rule C:/dev/ros2_ws/src/examples/rclcpp/actions/minimal_action_server/CMakeLists.txt
[66.219s] Invoked command in 'C:\dev\ros2_ws\build\examples_rclcpp_minimal_action_server' returned '0': CL=/MP C:\Python38\Scripts\cmake.EXE --build C:\dev\ros2_ws\build\examples_rclcpp_minimal_action_server --config Release
[66.219s] Invoking command in 'C:\dev\ros2_ws\build\examples_rclcpp_minimal_action_server': C:\Python38\Scripts\cmake.EXE --install C:\dev\ros2_ws\build\examples_rclcpp_minimal_action_server --config Release
[66.407s] -- Installing: C:/dev/ros2_ws/install/lib/examples_rclcpp_minimal_action_server/action_server_not_composable.exe
[66.438s] -- Installing: C:/dev/ros2_ws/install/lib/examples_rclcpp_minimal_action_server/action_server_member_functions.exe
[66.453s] -- Installing: C:/dev/ros2_ws/install/share/ament_index/resource_index/package_run_dependencies/examples_rclcpp_minimal_action_server
[66.453s] -- Installing: C:/dev/ros2_ws/install/share/ament_index/resource_index/parent_prefix_path/examples_rclcpp_minimal_action_server
[66.453s] -- Installing: C:/dev/ros2_ws/install/share/examples_rclcpp_minimal_action_server/environment/ament_prefix_path.bat
[66.469s] -- Installing: C:/dev/ros2_ws/install/share/examples_rclcpp_minimal_action_server/environment/ament_prefix_path.dsv
[66.469s] -- Installing: C:/dev/ros2_ws/install/share/examples_rclcpp_minimal_action_server/environment/path.bat
[66.469s] -- Installing: C:/dev/ros2_ws/install/share/examples_rclcpp_minimal_action_server/environment/path.dsv
[66.469s] -- Installing: C:/dev/ros2_ws/install/share/examples_rclcpp_minimal_action_server/local_setup.bat
[66.485s] -- Installing: C:/dev/ros2_ws/install/share/examples_rclcpp_minimal_action_server/local_setup.dsv
[66.500s] -- Installing: C:/dev/ros2_ws/install/share/examples_rclcpp_minimal_action_server/package.dsv
[66.500s] -- Installing: C:/dev/ros2_ws/install/share/ament_index/resource_index/packages/examples_rclcpp_minimal_action_server
[66.500s] -- Installing: C:/dev/ros2_ws/install/share/examples_rclcpp_minimal_action_server/cmake/examples_rclcpp_minimal_action_serverConfig.cmake
[66.516s] -- Installing: C:/dev/ros2_ws/install/share/examples_rclcpp_minimal_action_server/cmake/examples_rclcpp_minimal_action_serverConfig-version.cmake
[66.516s] -- Installing: C:/dev/ros2_ws/install/share/examples_rclcpp_minimal_action_server/package.xml
[66.563s] Invoked command in 'C:\dev\ros2_ws\build\examples_rclcpp_minimal_action_server' returned '0': C:\Python38\Scripts\cmake.EXE --install C:\dev\ros2_ws\build\examples_rclcpp_minimal_action_server --config Release
