[0.953s] Invoking command in 'C:\dev\ros2_ws\build\examples_rclcpp_minimal_publisher': C:\Python38\Scripts\cmake.EXE C:\dev\ros2_ws\src\examples\rclcpp\topics\minimal_publisher -DCMAKE_INSTALL_PREFIX=C:\dev\ros2_ws\install -G Visual Studio 17 2022
[5.641s] -- Selecting Windows SDK version 10.0.19041.0 to target Windows 10.0.22000.
[5.641s] -- The C compiler identification is MSVC 19.30.30705.0
[7.188s] -- The CXX compiler identification is MSVC 19.30.30705.0
[7.188s] -- Detecting C compiler ABI info
[8.375s] -- Detecting C compiler ABI info - done
[8.438s] -- Check for working C compiler: C:/Program Files/Microsoft Visual Studio/2022/Community/VC/Tools/MSVC/14.30.30705/bin/Hostx64/x64/cl.exe - skipped
[8.438s] -- Detecting C compile features
[8.453s] -- Detecting C compile features - done
[8.485s] -- Detecting CXX compiler ABI info
[10.922s] -- Detecting CXX compiler ABI info - done
[10.985s] -- Check for working CXX compiler: C:/Program Files/Microsoft Visual Studio/2022/Community/VC/Tools/MSVC/14.30.30705/bin/Hostx64/x64/cl.exe - skipped
[11.016s] -- Detecting CXX compile features
[11.016s] -- Detecting CXX compile features - done
[11.016s] -- Found ament_cmake: 1.3.3 (C:/dev/ros2/ros2-windows/share/ament_cmake/cmake)
[18.157s] -- Found Python3: C:/Python38/python.exe (found version "3.8.3") found components: Interpreter 
[18.422s] -- Found rclcpp: 16.0.3 (C:/dev/ros2/ros2-windows/share/rclcpp/cmake)
[20.578s] -- Found rosidl_generator_c: 3.1.4 (C:/dev/ros2/ros2-windows/share/rosidl_generator_c/cmake)
[20.750s] -- Found rosidl_adapter: 3.1.4 (C:/dev/ros2/ros2-windows/share/rosidl_adapter/cmake)
[21.360s] -- Found rosidl_generator_cpp: 3.1.4 (C:/dev/ros2/ros2-windows/share/rosidl_generator_cpp/cmake)
[21.782s] -- Using all available rosidl_typesupport_c: rosidl_typesupport_fastrtps_c;rosidl_typesupport_introspection_c
[22.485s] -- Using all available rosidl_typesupport_cpp: rosidl_typesupport_fastrtps_cpp;rosidl_typesupport_introspection_cpp
[23.219s] -- Found rmw_implementation_cmake: 6.1.1 (C:/dev/ros2/ros2-windows/share/rmw_implementation_cmake/cmake)
[23.219s] -- Found rmw_fastrtps_cpp: 6.2.2 (C:/dev/ros2/ros2-windows/share/rmw_fastrtps_cpp/cmake)
[24.672s] -- Found FastRTPS: C:/dev/ros2/ros2-windows/include  
[24.782s] -- Using RMW implementation 'rmw_fastrtps_cpp' as default
[25.032s] -- Performing Test CMAKE_HAVE_LIBC_PTHREAD
[26.797s] -- Performing Test CMAKE_HAVE_LIBC_PTHREAD - Failed
[26.797s] -- Looking for pthread_create in pthreads
[28.750s] -- Looking for pthread_create in pthreads - not found
[28.750s] -- Looking for pthread_create in pthread
[30.719s] -- Looking for pthread_create in pthread - not found
[30.719s] -- Found Threads: TRUE  
[32.375s] -- Found std_msgs: 4.2.3 (C:/dev/ros2/ros2-windows/share/std_msgs/cmake)
[32.985s] -- Found ament_lint_auto: 0.12.5 (C:/dev/ros2/ros2-windows/share/ament_lint_auto/cmake)
[33.547s] -- Added test 'copyright' to check source files copyright and LICENSE
[33.563s] -- Added test 'cppcheck' to perform static code analysis on C / C++ code
[33.563s] -- Configured cppcheck include dirs: 
[33.563s] -- Configured cppcheck exclude dirs and/or files: 
[33.563s] -- Added test 'cpplint' to check C / C++ code against the Google style
[33.563s] -- Configured cpplint exclude dirs and/or files: 
[33.578s] -- Added test 'lint_cmake' to check CMake code style
[33.594s] -- Added test 'uncrustify' to check C / C++ code style
[33.594s] -- Configured uncrustify additional arguments: 
[33.594s] -- Added test 'xmllint' to check XML markup files
[33.657s] -- Configuring done (32.5s)
[35.000s] -- Generating done (1.2s)
[35.078s] -- Build files have been written to: C:/dev/ros2_ws/build/examples_rclcpp_minimal_publisher
[35.453s] Invoked command in 'C:\dev\ros2_ws\build\examples_rclcpp_minimal_publisher' returned '0': C:\Python38\Scripts\cmake.EXE C:\dev\ros2_ws\src\examples\rclcpp\topics\minimal_publisher -DCMAKE_INSTALL_PREFIX=C:\dev\ros2_ws\install -G Visual Studio 17 2022
[35.453s] Invoking command in 'C:\dev\ros2_ws\build\examples_rclcpp_minimal_publisher': CL=/MP C:\Python38\Scripts\cmake.EXE --build C:\dev\ros2_ws\build\examples_rclcpp_minimal_publisher --config Release
[36.141s] Microsoft (R) Build Engine version 17.0.0+c9eb9dd64 for .NET Framework
[36.141s] Copyright (C) Microsoft Corporation. All rights reserved.
[36.141s] 
[37.110s]   Checking Build System
[37.532s]   Building Custom Rule C:/dev/ros2_ws/src/examples/rclcpp/topics/minimal_publisher/CMakeLists.txt
[37.953s]   lambda.cpp
[53.266s]   publisher_lambda.vcxproj -> C:\dev\ros2_ws\build\examples_rclcpp_minimal_publisher\Release\publisher_lambda.exe
[53.594s]   Building Custom Rule C:/dev/ros2_ws/src/examples/rclcpp/topics/minimal_publisher/CMakeLists.txt
[54.532s]   member_function.cpp
[66.110s]   publisher_member_function.vcxproj -> C:\dev\ros2_ws\build\examples_rclcpp_minimal_publisher\Release\publisher_member_function.exe
[66.250s]   Building Custom Rule C:/dev/ros2_ws/src/examples/rclcpp/topics/minimal_publisher/CMakeLists.txt
[66.438s]   member_function_with_type_adapter.cpp
[76.985s]   publisher_member_function_with_type_adapter.vcxproj -> C:\dev\ros2_ws\build\examples_rclcpp_minimal_publisher\Release\publisher_member_function_with_type_adapter.exe
[77.094s]   Building Custom Rule C:/dev/ros2_ws/src/examples/rclcpp/topics/minimal_publisher/CMakeLists.txt
[77.219s]   member_function_with_unique_network_flow_endpoints.cpp
[86.000s]   publisher_member_function_with_unique_network_flow_endpoints.vcxproj -> C:\dev\ros2_ws\build\examples_rclcpp_minimal_publisher\Release\publisher_member_function_with_unique_network_flow_endpoints.exe
[86.172s]   Building Custom Rule C:/dev/ros2_ws/src/examples/rclcpp/topics/minimal_publisher/CMakeLists.txt
[86.360s]   not_composable.cpp
[91.782s]   publisher_not_composable.vcxproj -> C:\dev\ros2_ws\build\examples_rclcpp_minimal_publisher\Release\publisher_not_composable.exe
[91.860s]   Building Custom Rule C:/dev/ros2_ws/src/examples/rclcpp/topics/minimal_publisher/CMakeLists.txt
[92.000s]   member_function_with_wait_for_all_acked.cpp
[97.110s]   publisher_wait_for_all_acked.vcxproj -> C:\dev\ros2_ws\build\examples_rclcpp_minimal_publisher\Release\publisher_wait_for_all_acked.exe
[97.235s]   Building Custom Rule C:/dev/ros2_ws/src/examples/rclcpp/topics/minimal_publisher/CMakeLists.txt
[97.391s] Invoked command in 'C:\dev\ros2_ws\build\examples_rclcpp_minimal_publisher' returned '0': CL=/MP C:\Python38\Scripts\cmake.EXE --build C:\dev\ros2_ws\build\examples_rclcpp_minimal_publisher --config Release
[97.391s] Invoking command in 'C:\dev\ros2_ws\build\examples_rclcpp_minimal_publisher': C:\Python38\Scripts\cmake.EXE --install C:\dev\ros2_ws\build\examples_rclcpp_minimal_publisher --config Release
[97.563s] -- Installing: C:/dev/ros2_ws/install/lib/examples_rclcpp_minimal_publisher/publisher_lambda.exe
[97.578s] -- Installing: C:/dev/ros2_ws/install/lib/examples_rclcpp_minimal_publisher/publisher_member_function.exe
[97.594s] -- Installing: C:/dev/ros2_ws/install/lib/examples_rclcpp_minimal_publisher/publisher_member_function_with_type_adapter.exe
[97.625s] -- Installing: C:/dev/ros2_ws/install/lib/examples_rclcpp_minimal_publisher/publisher_member_function_with_unique_network_flow_endpoints.exe
[97.641s] -- Installing: C:/dev/ros2_ws/install/lib/examples_rclcpp_minimal_publisher/publisher_wait_for_all_acked.exe
[97.657s] -- Installing: C:/dev/ros2_ws/install/lib/examples_rclcpp_minimal_publisher/publisher_not_composable.exe
[97.657s] -- Installing: C:/dev/ros2_ws/install/share/ament_index/resource_index/package_run_dependencies/examples_rclcpp_minimal_publisher
[97.657s] -- Installing: C:/dev/ros2_ws/install/share/ament_index/resource_index/parent_prefix_path/examples_rclcpp_minimal_publisher
[97.672s] -- Installing: C:/dev/ros2_ws/install/share/examples_rclcpp_minimal_publisher/environment/ament_prefix_path.bat
[97.672s] -- Installing: C:/dev/ros2_ws/install/share/examples_rclcpp_minimal_publisher/environment/ament_prefix_path.dsv
[97.672s] -- Installing: C:/dev/ros2_ws/install/share/examples_rclcpp_minimal_publisher/environment/path.bat
[97.672s] -- Installing: C:/dev/ros2_ws/install/share/examples_rclcpp_minimal_publisher/environment/path.dsv
[97.672s] -- Installing: C:/dev/ros2_ws/install/share/examples_rclcpp_minimal_publisher/local_setup.bat
[97.688s] -- Installing: C:/dev/ros2_ws/install/share/examples_rclcpp_minimal_publisher/local_setup.dsv
[97.688s] -- Installing: C:/dev/ros2_ws/install/share/examples_rclcpp_minimal_publisher/package.dsv
[97.688s] -- Installing: C:/dev/ros2_ws/install/share/ament_index/resource_index/packages/examples_rclcpp_minimal_publisher
[97.703s] -- Installing: C:/dev/ros2_ws/install/share/examples_rclcpp_minimal_publisher/cmake/examples_rclcpp_minimal_publisherConfig.cmake
[97.703s] -- Installing: C:/dev/ros2_ws/install/share/examples_rclcpp_minimal_publisher/cmake/examples_rclcpp_minimal_publisherConfig-version.cmake
[97.703s] -- Installing: C:/dev/ros2_ws/install/share/examples_rclcpp_minimal_publisher/package.xml
[97.719s] Invoked command in 'C:\dev\ros2_ws\build\examples_rclcpp_minimal_publisher' returned '0': C:\Python38\Scripts\cmake.EXE --install C:\dev\ros2_ws\build\examples_rclcpp_minimal_publisher --config Release
