[1.016s] Invoking command in 'C:\dev\ros2_ws\build\examples_rclcpp_minimal_composition': C:\Python38\Scripts\cmake.EXE C:\dev\ros2_ws\src\examples\rclcpp\composition\minimal_composition -DCMAKE_INSTALL_PREFIX=C:\dev\ros2_ws\install -G Visual Studio 17 2022
[5.719s] -- Selecting Windows SDK version 10.0.19041.0 to target Windows 10.0.22000.
[5.719s] -- The C compiler identification is MSVC 19.30.30705.0
[7.266s] -- The CXX compiler identification is MSVC 19.30.30705.0
[7.266s] -- Detecting C compiler ABI info
[8.735s] -- Detecting C compiler ABI info - done
[8.813s] -- Check for working C compiler: C:/Program Files/Microsoft Visual Studio/2022/Community/VC/Tools/MSVC/14.30.30705/bin/Hostx64/x64/cl.exe - skipped
[8.813s] -- Detecting C compile features
[8.828s] -- Detecting C compile features - done
[8.844s] -- Detecting CXX compiler ABI info
[11.391s] -- Detecting CXX compiler ABI info - done
[11.422s] -- Check for working CXX compiler: C:/Program Files/Microsoft Visual Studio/2022/Community/VC/Tools/MSVC/14.30.30705/bin/Hostx64/x64/cl.exe - skipped
[11.438s] -- Detecting CXX compile features
[11.438s] -- Detecting CXX compile features - done
[11.485s] -- Found ament_cmake: 1.3.3 (C:/dev/ros2/ros2-windows/share/ament_cmake/cmake)
[20.016s] -- Found Python3: C:/Python38/python.exe (found version "3.8.3") found components: Interpreter 
[20.594s] -- Found rclcpp: 16.0.3 (C:/dev/ros2/ros2-windows/share/rclcpp/cmake)
[20.922s] -- Found rosidl_generator_c: 3.1.4 (C:/dev/ros2/ros2-windows/share/rosidl_generator_c/cmake)
[20.953s] -- Found rosidl_adapter: 3.1.4 (C:/dev/ros2/ros2-windows/share/rosidl_adapter/cmake)
[21.438s] -- Found rosidl_generator_cpp: 3.1.4 (C:/dev/ros2/ros2-windows/share/rosidl_generator_cpp/cmake)
[21.860s] -- Using all available rosidl_typesupport_c: rosidl_typesupport_fastrtps_c;rosidl_typesupport_introspection_c
[22.563s] -- Using all available rosidl_typesupport_cpp: rosidl_typesupport_fastrtps_cpp;rosidl_typesupport_introspection_cpp
[23.297s] -- Found rmw_implementation_cmake: 6.1.1 (C:/dev/ros2/ros2-windows/share/rmw_implementation_cmake/cmake)
[23.297s] -- Found rmw_fastrtps_cpp: 6.2.2 (C:/dev/ros2/ros2-windows/share/rmw_fastrtps_cpp/cmake)
[24.735s] -- Found FastRTPS: C:/dev/ros2/ros2-windows/include  
[24.844s] -- Using RMW implementation 'rmw_fastrtps_cpp' as default
[25.110s] -- Performing Test CMAKE_HAVE_LIBC_PTHREAD
[27.047s] -- Performing Test CMAKE_HAVE_LIBC_PTHREAD - Failed
[27.047s] -- Looking for pthread_create in pthreads
[29.281s] -- Looking for pthread_create in pthreads - not found
[29.281s] -- Looking for pthread_create in pthread
[31.328s] -- Looking for pthread_create in pthread - not found
[31.328s] -- Found Threads: TRUE  
[32.453s] -- Found rclcpp_components: 16.0.3 (C:/dev/ros2/ros2-windows/share/rclcpp_components/cmake)
[33.563s] -- Found std_msgs: 4.2.3 (C:/dev/ros2/ros2-windows/share/std_msgs/cmake)
[33.735s] -- Found ament_lint_auto: 0.12.5 (C:/dev/ros2/ros2-windows/share/ament_lint_auto/cmake)
[34.235s] -- Added test 'copyright' to check source files copyright and LICENSE
[34.250s] -- Added test 'cppcheck' to perform static code analysis on C / C++ code
[34.250s] -- Configured cppcheck include dirs: C:/dev/ros2_ws/src/examples/rclcpp/composition/minimal_composition/include
[34.250s] -- Configured cppcheck exclude dirs and/or files: 
[34.266s] -- Added test 'cpplint' to check C / C++ code against the Google style
[34.266s] -- Configured cpplint exclude dirs and/or files: 
[34.297s] -- Added test 'lint_cmake' to check CMake code style
[34.313s] -- Added test 'uncrustify' to check C / C++ code style
[34.313s] -- Configured uncrustify additional arguments: 
[34.328s] -- Added test 'xmllint' to check XML markup files
[34.406s] -- Configuring done (33.2s)
[35.735s] -- Generating done (1.2s)
[35.797s] -- Build files have been written to: C:/dev/ros2_ws/build/examples_rclcpp_minimal_composition
[35.891s] Invoked command in 'C:\dev\ros2_ws\build\examples_rclcpp_minimal_composition' returned '0': C:\Python38\Scripts\cmake.EXE C:\dev\ros2_ws\src\examples\rclcpp\composition\minimal_composition -DCMAKE_INSTALL_PREFIX=C:\dev\ros2_ws\install -G Visual Studio 17 2022
[35.891s] Invoking command in 'C:\dev\ros2_ws\build\examples_rclcpp_minimal_composition': CL=/MP C:\Python38\Scripts\cmake.EXE --build C:\dev\ros2_ws\build\examples_rclcpp_minimal_composition --config Release
[36.516s] Microsoft (R) Build Engine version 17.0.0+c9eb9dd64 for .NET Framework
[36.516s] Copyright (C) Microsoft Corporation. All rights reserved.
[36.516s] 
[37.610s]   Checking Build System
[38.125s]   Building Custom Rule C:/dev/ros2_ws/src/examples/rclcpp/composition/minimal_composition/CMakeLists.txt
[38.610s]   publisher_node.cpp
[38.610s]   subscriber_node.cpp
[58.063s]      Creating library C:/dev/ros2_ws/build/examples_rclcpp_minimal_composition/Release/composition_nodes.lib and object C:/dev/ros2_ws/build/examples_rclcpp_minimal_composition/Release/composition_nodes.exp
[58.141s]   composition_nodes.vcxproj -> C:\dev\ros2_ws\build\examples_rclcpp_minimal_composition\Release\composition_nodes.dll
[58.266s]   Building Custom Rule C:/dev/ros2_ws/src/examples/rclcpp/composition/minimal_composition/CMakeLists.txt
[58.625s]   composed.cpp
[67.344s]   composition_composed.vcxproj -> C:\dev\ros2_ws\build\examples_rclcpp_minimal_composition\Release\composition_composed.exe
[67.500s]   Building Custom Rule C:/dev/ros2_ws/src/examples/rclcpp/composition/minimal_composition/CMakeLists.txt
[67.656s]   standalone_publisher.cpp
[76.672s]   composition_publisher.vcxproj -> C:\dev\ros2_ws\build\examples_rclcpp_minimal_composition\Release\composition_publisher.exe
[76.813s]   Building Custom Rule C:/dev/ros2_ws/src/examples/rclcpp/composition/minimal_composition/CMakeLists.txt
[77.000s]   standalone_subscriber.cpp
[83.922s]   composition_subscriber.vcxproj -> C:\dev\ros2_ws\build\examples_rclcpp_minimal_composition\Release\composition_subscriber.exe
[84.000s]   Building Custom Rule C:/dev/ros2_ws/src/examples/rclcpp/composition/minimal_composition/CMakeLists.txt
[84.188s] Invoked command in 'C:\dev\ros2_ws\build\examples_rclcpp_minimal_composition' returned '0': CL=/MP C:\Python38\Scripts\cmake.EXE --build C:\dev\ros2_ws\build\examples_rclcpp_minimal_composition --config Release
[84.188s] Invoking command in 'C:\dev\ros2_ws\build\examples_rclcpp_minimal_composition': C:\Python38\Scripts\cmake.EXE --install C:\dev\ros2_ws\build\examples_rclcpp_minimal_composition --config Release
[84.485s] -- Installing: C:/dev/ros2_ws/install/lib/composition_nodes.lib
[84.531s] -- Installing: C:/dev/ros2_ws/install/bin/composition_nodes.dll
[84.563s] -- Installing: C:/dev/ros2_ws/install/lib/examples_rclcpp_minimal_composition/composition_publisher.exe
[84.594s] -- Installing: C:/dev/ros2_ws/install/lib/examples_rclcpp_minimal_composition/composition_subscriber.exe
[84.625s] -- Installing: C:/dev/ros2_ws/install/lib/examples_rclcpp_minimal_composition/composition_composed.exe
[84.641s] -- Installing: C:/dev/ros2_ws/install/share/ament_index/resource_index/package_run_dependencies/examples_rclcpp_minimal_composition
[84.656s] -- Installing: C:/dev/ros2_ws/install/share/ament_index/resource_index/parent_prefix_path/examples_rclcpp_minimal_composition
[84.656s] -- Installing: C:/dev/ros2_ws/install/share/examples_rclcpp_minimal_composition/environment/ament_prefix_path.bat
[84.656s] -- Installing: C:/dev/ros2_ws/install/share/examples_rclcpp_minimal_composition/environment/ament_prefix_path.dsv
[84.656s] -- Installing: C:/dev/ros2_ws/install/share/examples_rclcpp_minimal_composition/environment/path.bat
[84.672s] -- Installing: C:/dev/ros2_ws/install/share/examples_rclcpp_minimal_composition/environment/path.dsv
[84.672s] -- Installing: C:/dev/ros2_ws/install/share/examples_rclcpp_minimal_composition/local_setup.bat
[84.672s] -- Installing: C:/dev/ros2_ws/install/share/examples_rclcpp_minimal_composition/local_setup.dsv
[84.688s] -- Installing: C:/dev/ros2_ws/install/share/examples_rclcpp_minimal_composition/package.dsv
[84.688s] -- Installing: C:/dev/ros2_ws/install/share/ament_index/resource_index/packages/examples_rclcpp_minimal_composition
[84.688s] -- Installing: C:/dev/ros2_ws/install/share/examples_rclcpp_minimal_composition/cmake/examples_rclcpp_minimal_compositionConfig.cmake
[84.703s] -- Installing: C:/dev/ros2_ws/install/share/examples_rclcpp_minimal_composition/cmake/examples_rclcpp_minimal_compositionConfig-version.cmake
[84.703s] -- Installing: C:/dev/ros2_ws/install/share/examples_rclcpp_minimal_composition/package.xml
[84.735s] Invoked command in 'C:\dev\ros2_ws\build\examples_rclcpp_minimal_composition' returned '0': C:\Python38\Scripts\cmake.EXE --install C:\dev\ros2_ws\build\examples_rclcpp_minimal_composition --config Release
