[1.431s] [34mcolcon[0m [1;30mDEBUG[0m [32mCommand line arguments: ['C:\\Python38\\Scripts\\colcon', 'build', '--merge-install'][0m
[1.431s] [34mcolcon[0m [1;30mDEBUG[0m [32mParsed command line arguments: Namespace(ament_cmake_args=None, base_paths=['.'], build_base='build', catkin_cmake_args=None, catkin_skip_building_tests=False, cmake_args=None, cmake_clean_cache=False, cmake_clean_first=False, cmake_force_configure=False, cmake_target=None, cmake_target_skip_unavailable=False, continue_on_error=False, event_handlers=None, executor='parallel', ignore_user_meta=False, install_base='install', log_base=None, log_level=None, main=<bound method BuildVerb.main of <colcon_core.verb.build.BuildVerb object at 0x0000024F82D9F190>>, merge_install=True, metas=['./colcon.meta'], packages_above=None, packages_above_and_dependencies=None, packages_above_depth=None, packages_end=None, packages_ignore=None, packages_ignore_regex=None, packages_select=None, packages_select_build_failed=False, packages_select_by_dep=None, packages_select_regex=None, packages_select_test_failures=False, packages_skip=None, packages_skip_build_finished=False, packages_skip_by_dep=None, packages_skip_regex=None, packages_skip_test_passed=False, packages_skip_up_to=None, packages_start=None, packages_up_to=None, packages_up_to_regex=None, parallel_workers=16, paths=None, symlink_install=False, test_result_base=None, verb_extension=<colcon_core.verb.build.BuildVerb object at 0x0000024F82D9F190>, verb_name='build', verb_parser=<colcon_defaults.argument_parser.defaults.DefaultArgumentsDecorator object at 0x0000024F82D9F640>)[0m
[1.573s] [34mcolcon.colcon_core.package_discovery[0m [1;30mLevel 1[0m discover_packages(colcon_meta) check parameters
[1.573s] [34mcolcon.colcon_core.package_discovery[0m [1;30mLevel 1[0m discover_packages(recursive) check parameters
[1.574s] [34mcolcon.colcon_core.package_discovery[0m [1;30mLevel 1[0m discover_packages(ignore) check parameters
[1.574s] [34mcolcon.colcon_core.package_discovery[0m [1;30mLevel 1[0m discover_packages(path) check parameters
[1.574s] [34mcolcon.colcon_core.package_discovery[0m [1;30mLevel 1[0m discover_packages(colcon_meta) discover
[1.574s] [34mcolcon.colcon_core.package_discovery[0m [1;30mLevel 1[0m discover_packages(recursive) discover
[1.574s] [34mcolcon.colcon_core.package_discovery[0m [1;30mINFO[0m Crawling recursively for packages in 'c:\SET-BETA-Spring2023\ros2_ws'
[1.574s] [34mcolcon.colcon_core.package_identification[0m [1;30mLevel 1[0m _identify(.) by extensions ['ignore', 'ignore_ament_install']
[1.575s] [34mcolcon.colcon_core.package_identification[0m [1;30mLevel 1[0m _identify(.) by extension 'ignore'
[1.575s] [34mcolcon.colcon_core.package_identification[0m [1;30mLevel 1[0m _identify(.) by extension 'ignore_ament_install'
[1.575s] [34mcolcon.colcon_core.package_identification[0m [1;30mLevel 1[0m _identify(.) by extensions ['colcon_pkg']
[1.575s] [34mcolcon.colcon_core.package_identification[0m [1;30mLevel 1[0m _identify(.) by extension 'colcon_pkg'
[1.575s] [34mcolcon.colcon_core.package_identification[0m [1;30mLevel 1[0m _identify(.) by extensions ['colcon_meta']
[1.575s] [34mcolcon.colcon_core.package_identification[0m [1;30mLevel 1[0m _identify(.) by extension 'colcon_meta'
[1.575s] [34mcolcon.colcon_core.package_identification[0m [1;30mLevel 1[0m _identify(.) by extensions ['ros']
[1.575s] [34mcolcon.colcon_core.package_identification[0m [1;30mLevel 1[0m _identify(.) by extension 'ros'
[1.633s] [34mcolcon.colcon_core.package_identification[0m [1;30mLevel 1[0m _identify(.) by extensions ['cmake', 'python']
[1.633s] [34mcolcon.colcon_core.package_identification[0m [1;30mLevel 1[0m _identify(.) by extension 'cmake'
[1.633s] [34mcolcon.colcon_core.package_identification[0m [1;30mLevel 1[0m _identify(.) by extension 'python'
[1.633s] [34mcolcon.colcon_core.package_identification[0m [1;30mLevel 1[0m _identify(.) by extensions ['python_setup_py']
[1.633s] [34mcolcon.colcon_core.package_identification[0m [1;30mLevel 1[0m _identify(.) by extension 'python_setup_py'
[1.634s] [34mcolcon.colcon_core.package_identification[0m [1;30mLevel 1[0m _identify(build) by extensions ['ignore', 'ignore_ament_install']
[1.634s] [34mcolcon.colcon_core.package_identification[0m [1;30mLevel 1[0m _identify(build) by extension 'ignore'
[1.634s] [34mcolcon.colcon_core.package_identification[0m [1;30mLevel 1[0m _identify(build) ignored
[1.635s] [34mcolcon.colcon_core.package_identification[0m [1;30mLevel 1[0m _identify(install) by extensions ['ignore', 'ignore_ament_install']
[1.635s] [34mcolcon.colcon_core.package_identification[0m [1;30mLevel 1[0m _identify(install) by extension 'ignore'
[1.635s] [34mcolcon.colcon_core.package_identification[0m [1;30mLevel 1[0m _identify(install) ignored
[1.636s] [34mcolcon.colcon_core.package_identification[0m [1;30mLevel 1[0m _identify(log) by extensions ['ignore', 'ignore_ament_install']
[1.636s] [34mcolcon.colcon_core.package_identification[0m [1;30mLevel 1[0m _identify(log) by extension 'ignore'
[1.636s] [34mcolcon.colcon_core.package_identification[0m [1;30mLevel 1[0m _identify(log) ignored
[1.637s] [34mcolcon.colcon_core.package_identification[0m [1;30mLevel 1[0m _identify(src) by extensions ['ignore', 'ignore_ament_install']
[1.637s] [34mcolcon.colcon_core.package_identification[0m [1;30mLevel 1[0m _identify(src) by extension 'ignore'
[1.637s] [34mcolcon.colcon_core.package_identification[0m [1;30mLevel 1[0m _identify(src) by extension 'ignore_ament_install'
[1.637s] [34mcolcon.colcon_core.package_identification[0m [1;30mLevel 1[0m _identify(src) by extensions ['colcon_pkg']
[1.637s] [34mcolcon.colcon_core.package_identification[0m [1;30mLevel 1[0m _identify(src) by extension 'colcon_pkg'
[1.637s] [34mcolcon.colcon_core.package_identification[0m [1;30mLevel 1[0m _identify(src) by extensions ['colcon_meta']
[1.637s] [34mcolcon.colcon_core.package_identification[0m [1;30mLevel 1[0m _identify(src) by extension 'colcon_meta'
[1.638s] [34mcolcon.colcon_core.package_identification[0m [1;30mLevel 1[0m _identify(src) by extensions ['ros']
[1.638s] [34mcolcon.colcon_core.package_identification[0m [1;30mLevel 1[0m _identify(src) by extension 'ros'
[1.638s] [34mcolcon.colcon_core.package_identification[0m [1;30mLevel 1[0m _identify(src) by extensions ['cmake', 'python']
[1.638s] [34mcolcon.colcon_core.package_identification[0m [1;30mLevel 1[0m _identify(src) by extension 'cmake'
[1.638s] [34mcolcon.colcon_core.package_identification[0m [1;30mLevel 1[0m _identify(src) by extension 'python'
[1.638s] [34mcolcon.colcon_core.package_identification[0m [1;30mLevel 1[0m _identify(src) by extensions ['python_setup_py']
[1.638s] [34mcolcon.colcon_core.package_identification[0m [1;30mLevel 1[0m _identify(src) by extension 'python_setup_py'
[1.639s] [34mcolcon.colcon_core.package_identification[0m [1;30mLevel 1[0m _identify(src\keyboard) by extensions ['ignore', 'ignore_ament_install']
[1.639s] [34mcolcon.colcon_core.package_identification[0m [1;30mLevel 1[0m _identify(src\keyboard) by extension 'ignore'
[1.639s] [34mcolcon.colcon_core.package_identification[0m [1;30mLevel 1[0m _identify(src\keyboard) by extension 'ignore_ament_install'
[1.639s] [34mcolcon.colcon_core.package_identification[0m [1;30mLevel 1[0m _identify(src\keyboard) by extensions ['colcon_pkg']
[1.639s] [34mcolcon.colcon_core.package_identification[0m [1;30mLevel 1[0m _identify(src\keyboard) by extension 'colcon_pkg'
[1.639s] [34mcolcon.colcon_core.package_identification[0m [1;30mLevel 1[0m _identify(src\keyboard) by extensions ['colcon_meta']
[1.639s] [34mcolcon.colcon_core.package_identification[0m [1;30mLevel 1[0m _identify(src\keyboard) by extension 'colcon_meta'
[1.640s] [34mcolcon.colcon_core.package_identification[0m [1;30mLevel 1[0m _identify(src\keyboard) by extensions ['ros']
[1.640s] [34mcolcon.colcon_core.package_identification[0m [1;30mLevel 1[0m _identify(src\keyboard) by extension 'ros'
[1.641s] [34mcolcon.colcon_core.package_identification[0m [1;30mLevel 1[0m _identify(src\keyboard) by extensions ['cmake', 'python']
[1.641s] [34mcolcon.colcon_core.package_identification[0m [1;30mLevel 1[0m _identify(src\keyboard) by extension 'cmake'
[1.641s] [34mcolcon.colcon_core.package_identification[0m [1;30mLevel 1[0m _identify(src\keyboard) by extension 'python'
[1.641s] [34mcolcon.colcon_core.package_identification[0m [1;30mLevel 1[0m _identify(src\keyboard) by extensions ['python_setup_py']
[1.641s] [34mcolcon.colcon_core.package_identification[0m [1;30mLevel 1[0m _identify(src\keyboard) by extension 'python_setup_py'
[1.642s] [34mcolcon.colcon_core.package_identification[0m [1;30mLevel 1[0m _identify(src\publisher) by extensions ['ignore', 'ignore_ament_install']
[1.642s] [34mcolcon.colcon_core.package_identification[0m [1;30mLevel 1[0m _identify(src\publisher) by extension 'ignore'
[1.642s] [34mcolcon.colcon_core.package_identification[0m [1;30mLevel 1[0m _identify(src\publisher) by extension 'ignore_ament_install'
[1.642s] [34mcolcon.colcon_core.package_identification[0m [1;30mLevel 1[0m _identify(src\publisher) by extensions ['colcon_pkg']
[1.642s] [34mcolcon.colcon_core.package_identification[0m [1;30mLevel 1[0m _identify(src\publisher) by extension 'colcon_pkg'
[1.642s] [34mcolcon.colcon_core.package_identification[0m [1;30mLevel 1[0m _identify(src\publisher) by extensions ['colcon_meta']
[1.642s] [34mcolcon.colcon_core.package_identification[0m [1;30mLevel 1[0m _identify(src\publisher) by extension 'colcon_meta'
[1.643s] [34mcolcon.colcon_core.package_identification[0m [1;30mLevel 1[0m _identify(src\publisher) by extensions ['ros']
[1.643s] [34mcolcon.colcon_core.package_identification[0m [1;30mLevel 1[0m _identify(src\publisher) by extension 'ros'
[1.651s] [34mcolcon.colcon_core.package_identification[0m [1;30mDEBUG[0m [32mPackage 'src\publisher' with type 'ros.ament_python' and name 'publisher'[0m
[1.651s] [34mcolcon.colcon_core.package_identification[0m [1;30mLevel 1[0m _identify(src\shoulder_mvmt) by extensions ['ignore', 'ignore_ament_install']
[1.652s] [34mcolcon.colcon_core.package_identification[0m [1;30mLevel 1[0m _identify(src\shoulder_mvmt) by extension 'ignore'
[1.652s] [34mcolcon.colcon_core.package_identification[0m [1;30mLevel 1[0m _identify(src\shoulder_mvmt) by extension 'ignore_ament_install'
[1.652s] [34mcolcon.colcon_core.package_identification[0m [1;30mLevel 1[0m _identify(src\shoulder_mvmt) by extensions ['colcon_pkg']
[1.652s] [34mcolcon.colcon_core.package_identification[0m [1;30mLevel 1[0m _identify(src\shoulder_mvmt) by extension 'colcon_pkg'
[1.652s] [34mcolcon.colcon_core.package_identification[0m [1;30mLevel 1[0m _identify(src\shoulder_mvmt) by extensions ['colcon_meta']
[1.652s] [34mcolcon.colcon_core.package_identification[0m [1;30mLevel 1[0m _identify(src\shoulder_mvmt) by extension 'colcon_meta'
[1.653s] [34mcolcon.colcon_core.package_identification[0m [1;30mLevel 1[0m _identify(src\shoulder_mvmt) by extensions ['ros']
[1.653s] [34mcolcon.colcon_core.package_identification[0m [1;30mLevel 1[0m _identify(src\shoulder_mvmt) by extension 'ros'
[1.655s] [34mcolcon.colcon_core.package_identification[0m [1;30mDEBUG[0m [32mFound ROS schema reference in package manifest in 'src\shoulder_mvmt'[0m
[1.655s] [34mcolcon.colcon_core.package_identification[0m [1;30mWARNING[0m [33mFailed to parse ROS package manifest in 'src\shoulder_mvmt': The "maintainer" tag must have the attribute "email"[0m
[1.656s] [34mcolcon.colcon_core.package_identification[0m [1;30mLevel 1[0m _identify(src\shoulder_mvmt) by extensions ['cmake', 'python']
[1.656s] [34mcolcon.colcon_core.package_identification[0m [1;30mLevel 1[0m _identify(src\shoulder_mvmt) by extension 'cmake'
[1.656s] [34mcolcon.colcon_core.package_identification[0m [1;30mLevel 1[0m _identify(src\shoulder_mvmt) by extension 'python'
[1.657s] [34mcolcon.colcon_core.package_identification[0m [1;30mDEBUG[0m [32mPython package in 'src\shoulder_mvmt' passes arguments to the setup() function which requires a different identification extension than 'python'[0m
[1.657s] [34mcolcon.colcon_core.package_identification[0m [1;30mLevel 1[0m _identify(src\shoulder_mvmt) by extensions ['python_setup_py']
[1.657s] [34mcolcon.colcon_core.package_identification[0m [1;30mLevel 1[0m _identify(src\shoulder_mvmt) by extension 'python_setup_py'
[2.441s] [34mcolcon.colcon_core.package_identification[0m [1;30mDEBUG[0m [32mPackage 'src\shoulder_mvmt' with type 'python' and name 'shoulder_mvmt'[0m
[2.441s] [34mcolcon.colcon_core.package_discovery[0m [1;30mLevel 1[0m discover_packages(recursive) using defaults
[2.441s] [34mcolcon.colcon_core.package_discovery[0m [1;30mLevel 1[0m discover_packages(ignore) discover
[2.441s] [34mcolcon.colcon_core.package_discovery[0m [1;30mLevel 1[0m discover_packages(ignore) using defaults
[2.441s] [34mcolcon.colcon_core.package_discovery[0m [1;30mLevel 1[0m discover_packages(path) discover
[2.441s] [34mcolcon.colcon_core.package_discovery[0m [1;30mLevel 1[0m discover_packages(path) using defaults
[2.562s] [34mcolcon.colcon_core.verb[0m [1;30mLevel 5[0m set package 'publisher' build argument 'cmake_args' from command line to 'None'
[2.563s] [34mcolcon.colcon_core.verb[0m [1;30mLevel 5[0m set package 'publisher' build argument 'cmake_target' from command line to 'None'
[2.563s] [34mcolcon.colcon_core.verb[0m [1;30mLevel 5[0m set package 'publisher' build argument 'cmake_target_skip_unavailable' from command line to 'False'
[2.563s] [34mcolcon.colcon_core.verb[0m [1;30mLevel 5[0m set package 'publisher' build argument 'cmake_clean_cache' from command line to 'False'
[2.563s] [34mcolcon.colcon_core.verb[0m [1;30mLevel 5[0m set package 'publisher' build argument 'cmake_clean_first' from command line to 'False'
[2.563s] [34mcolcon.colcon_core.verb[0m [1;30mLevel 5[0m set package 'publisher' build argument 'cmake_force_configure' from command line to 'False'
[2.563s] [34mcolcon.colcon_core.verb[0m [1;30mLevel 5[0m set package 'publisher' build argument 'ament_cmake_args' from command line to 'None'
[2.563s] [34mcolcon.colcon_core.verb[0m [1;30mLevel 5[0m set package 'publisher' build argument 'catkin_cmake_args' from command line to 'None'
[2.563s] [34mcolcon.colcon_core.verb[0m [1;30mLevel 5[0m set package 'publisher' build argument 'catkin_skip_building_tests' from command line to 'False'
[2.563s] [34mcolcon.colcon_core.verb[0m [1;30mDEBUG[0m [32mBuilding package 'publisher' with the following arguments: {'ament_cmake_args': None, 'build_base': 'c:\\SET-BETA-Spring2023\\ros2_ws\\build\\publisher', 'catkin_cmake_args': None, 'catkin_skip_building_tests': False, 'cmake_args': None, 'cmake_clean_cache': False, 'cmake_clean_first': False, 'cmake_force_configure': False, 'cmake_target': None, 'cmake_target_skip_unavailable': False, 'install_base': 'c:\\SET-BETA-Spring2023\\ros2_ws\\install', 'merge_install': True, 'path': 'c:\\SET-BETA-Spring2023\\ros2_ws\\src\\publisher', 'symlink_install': False, 'test_result_base': None}[0m
[2.578s] [34mcolcon.colcon_core.verb[0m [1;30mLevel 5[0m set package 'shoulder_mvmt' build argument 'cmake_args' from command line to 'None'
[2.578s] [34mcolcon.colcon_core.verb[0m [1;30mLevel 5[0m set package 'shoulder_mvmt' build argument 'cmake_target' from command line to 'None'
[2.578s] [34mcolcon.colcon_core.verb[0m [1;30mLevel 5[0m set package 'shoulder_mvmt' build argument 'cmake_target_skip_unavailable' from command line to 'False'
[2.578s] [34mcolcon.colcon_core.verb[0m [1;30mLevel 5[0m set package 'shoulder_mvmt' build argument 'cmake_clean_cache' from command line to 'False'
[2.578s] [34mcolcon.colcon_core.verb[0m [1;30mLevel 5[0m set package 'shoulder_mvmt' build argument 'cmake_clean_first' from command line to 'False'
[2.578s] [34mcolcon.colcon_core.verb[0m [1;30mLevel 5[0m set package 'shoulder_mvmt' build argument 'cmake_force_configure' from command line to 'False'
[2.579s] [34mcolcon.colcon_core.verb[0m [1;30mLevel 5[0m set package 'shoulder_mvmt' build argument 'ament_cmake_args' from command line to 'None'
[2.579s] [34mcolcon.colcon_core.verb[0m [1;30mLevel 5[0m set package 'shoulder_mvmt' build argument 'catkin_cmake_args' from command line to 'None'
[2.579s] [34mcolcon.colcon_core.verb[0m [1;30mLevel 5[0m set package 'shoulder_mvmt' build argument 'catkin_skip_building_tests' from command line to 'False'
[2.579s] [34mcolcon.colcon_core.verb[0m [1;30mDEBUG[0m [32mBuilding package 'shoulder_mvmt' with the following arguments: {'ament_cmake_args': None, 'build_base': 'c:\\SET-BETA-Spring2023\\ros2_ws\\build\\shoulder_mvmt', 'catkin_cmake_args': None, 'catkin_skip_building_tests': False, 'cmake_args': None, 'cmake_clean_cache': False, 'cmake_clean_first': False, 'cmake_force_configure': False, 'cmake_target': None, 'cmake_target_skip_unavailable': False, 'install_base': 'c:\\SET-BETA-Spring2023\\ros2_ws\\install', 'merge_install': True, 'path': 'c:\\SET-BETA-Spring2023\\ros2_ws\\src\\shoulder_mvmt', 'symlink_install': False, 'test_result_base': None}[0m
[2.583s] [34mcolcon.colcon_core.executor[0m [1;30mINFO[0m Executing jobs using 'parallel' executor
[2.608s] [34mcolcon.colcon_parallel_executor.executor.parallel[0m [1;30mDEBUG[0m [32mrun_until_complete[0m
[2.609s] [34mcolcon.colcon_ros.task.ament_python.build[0m [1;30mINFO[0m Building ROS package in 'c:\SET-BETA-Spring2023\ros2_ws\src\publisher' with build type 'ament_python'
[2.609s] [34mcolcon.colcon_core.shell[0m [1;30mLevel 1[0m create_environment_hook('publisher', 'ament_prefix_path')
[2.627s] [34mcolcon.colcon_core.plugin_system[0m [1;30mINFO[0m Skipping extension 'colcon_core.shell.sh': Not used on Windows systems
[2.627s] [34mcolcon.colcon_core.shell[0m [1;30mINFO[0m Creating environment hook 'c:\SET-BETA-Spring2023\ros2_ws\install\share\publisher\hook\ament_prefix_path.ps1'
[2.630s] [34mcolcon.colcon_core.shell[0m [1;30mINFO[0m Creating environment hook 'c:\SET-BETA-Spring2023\ros2_ws\install\share\publisher\hook\ament_prefix_path.bat'
[2.632s] [34mcolcon.colcon_core.shell[0m [1;30mINFO[0m Creating environment descriptor 'c:\SET-BETA-Spring2023\ros2_ws\install\share\publisher\hook\ament_prefix_path.dsv'
[2.647s] [34mcolcon.colcon_core.shell[0m [1;30mINFO[0m Skip shell extension 'powershell' for command environment: Not usable outside of PowerShell
[2.837s] [34mcolcon.colcon_core.task.python.build[0m [1;30mINFO[0m Building Python package in 'c:\SET-BETA-Spring2023\ros2_ws\src\shoulder_mvmt'
[2.848s] [34mcolcon.colcon_core.shell[0m [1;30mINFO[0m Skip shell extension 'powershell' for command environment: Not usable outside of PowerShell
[3.692s] [34mcolcon.colcon_core.task.python.build[0m [1;30mINFO[0m Building Python package in 'c:\SET-BETA-Spring2023\ros2_ws\src\publisher'
[3.699s] [34mcolcon.colcon_core.shell[0m [1;30mINFO[0m Skip shell extension 'powershell' for command environment: Not usable outside of PowerShell
[5.530s] [34mcolcon.colcon_core.event_handler.log_command[0m [1;30mDEBUG[0m [32mInvoking command in 'c:\SET-BETA-Spring2023\ros2_ws\src\shoulder_mvmt': PYTHONPATH=c:\SET-BETA-Spring2023\ros2_ws\build\shoulder_mvmt\prefix_override;c:\SET-BETA-Spring2023\ros2_ws\install\Lib\site-packages;%PYTHONPATH% c:\python38\python.exe setup.py egg_info --egg-base ..\..\build\shoulder_mvmt build --build-base c:\SET-BETA-Spring2023\ros2_ws\build\shoulder_mvmt\build install --record c:\SET-BETA-Spring2023\ros2_ws\build\shoulder_mvmt\install.log --single-version-externally-managed[0m
[5.536s] [34mcolcon.colcon_core.event_handler.log_command[0m [1;30mDEBUG[0m [32mInvoking command in 'c:\SET-BETA-Spring2023\ros2_ws\src\publisher': PYTHONPATH=c:\SET-BETA-Spring2023\ros2_ws\build\publisher\prefix_override;c:\SET-BETA-Spring2023\ros2_ws\install\Lib\site-packages;%PYTHONPATH% c:\python38\python.exe setup.py egg_info --egg-base ..\..\build\publisher build --build-base c:\SET-BETA-Spring2023\ros2_ws\build\publisher\build install --record c:\SET-BETA-Spring2023\ros2_ws\build\publisher\install.log --single-version-externally-managed[0m
[6.394s] [34mcolcon.colcon_core.event_handler.log_command[0m [1;30mDEBUG[0m [32mInvoked command in 'c:\SET-BETA-Spring2023\ros2_ws\src\shoulder_mvmt' returned '0': PYTHONPATH=c:\SET-BETA-Spring2023\ros2_ws\build\shoulder_mvmt\prefix_override;c:\SET-BETA-Spring2023\ros2_ws\install\Lib\site-packages;%PYTHONPATH% c:\python38\python.exe setup.py egg_info --egg-base ..\..\build\shoulder_mvmt build --build-base c:\SET-BETA-Spring2023\ros2_ws\build\shoulder_mvmt\build install --record c:\SET-BETA-Spring2023\ros2_ws\build\shoulder_mvmt\install.log --single-version-externally-managed[0m
[6.422s] [34mcolcon.colcon_core.environment[0m [1;30mLevel 1[0m checking 'c:\SET-BETA-Spring2023\ros2_ws\install' for CMake module files
[6.424s] [34mcolcon.colcon_core.environment[0m [1;30mLevel 1[0m checking 'c:\SET-BETA-Spring2023\ros2_ws\install' for CMake config files
[6.435s] [34mcolcon.colcon_core.shell[0m [1;30mLevel 1[0m create_environment_hook('shoulder_mvmt', 'cmake_prefix_path')
[6.441s] [34mcolcon.colcon_core.shell[0m [1;30mINFO[0m Creating environment hook 'c:\SET-BETA-Spring2023\ros2_ws\install\share\shoulder_mvmt\hook\cmake_prefix_path.ps1'
[6.443s] [34mcolcon.colcon_core.shell[0m [1;30mINFO[0m Creating environment hook 'c:\SET-BETA-Spring2023\ros2_ws\install\share\shoulder_mvmt\hook\cmake_prefix_path.bat'
[6.444s] [34mcolcon.colcon_core.shell[0m [1;30mINFO[0m Creating environment descriptor 'c:\SET-BETA-Spring2023\ros2_ws\install\share\shoulder_mvmt\hook\cmake_prefix_path.dsv'
[6.446s] [34mcolcon.colcon_core.environment[0m [1;30mLevel 1[0m checking 'c:\SET-BETA-Spring2023\ros2_ws\install\bin'
[6.447s] [34mcolcon.colcon_core.shell[0m [1;30mLevel 1[0m create_environment_hook('shoulder_mvmt', 'path_dll')
[6.454s] [34mcolcon.colcon_core.shell[0m [1;30mINFO[0m Creating environment hook 'c:\SET-BETA-Spring2023\ros2_ws\install\share\shoulder_mvmt\hook\path_dll.ps1'
[6.455s] [34mcolcon.colcon_core.shell[0m [1;30mINFO[0m Creating environment hook 'c:\SET-BETA-Spring2023\ros2_ws\install\share\shoulder_mvmt\hook\path_dll.bat'
[6.457s] [34mcolcon.colcon_core.shell[0m [1;30mINFO[0m Creating environment descriptor 'c:\SET-BETA-Spring2023\ros2_ws\install\share\shoulder_mvmt\hook\path_dll.dsv'
[6.458s] [34mcolcon.colcon_core.environment[0m [1;30mLevel 1[0m checking 'c:\SET-BETA-Spring2023\ros2_ws\install\bin'
[6.458s] [34mcolcon.colcon_core.shell[0m [1;30mLevel 1[0m create_environment_hook('shoulder_mvmt', 'path')
[6.465s] [34mcolcon.colcon_core.shell[0m [1;30mINFO[0m Creating environment hook 'c:\SET-BETA-Spring2023\ros2_ws\install\share\shoulder_mvmt\hook\path.ps1'
[6.466s] [34mcolcon.colcon_core.shell[0m [1;30mINFO[0m Creating environment hook 'c:\SET-BETA-Spring2023\ros2_ws\install\share\shoulder_mvmt\hook\path.bat'
[6.468s] [34mcolcon.colcon_core.shell[0m [1;30mINFO[0m Creating environment descriptor 'c:\SET-BETA-Spring2023\ros2_ws\install\share\shoulder_mvmt\hook\path.dsv'
[6.469s] [34mcolcon.colcon_core.environment[0m [1;30mLevel 1[0m checking 'c:\SET-BETA-Spring2023\ros2_ws\install\lib\pkgconfig\shoulder_mvmt.pc'
[6.469s] [34mcolcon.colcon_core.environment[0m [1;30mLevel 1[0m checking 'c:\SET-BETA-Spring2023\ros2_ws\install\Lib\site-packages'
[6.470s] [34mcolcon.colcon_core.shell[0m [1;30mLevel 1[0m create_environment_hook('shoulder_mvmt', 'pythonpath')
[6.476s] [34mcolcon.colcon_core.shell[0m [1;30mINFO[0m Creating environment hook 'c:\SET-BETA-Spring2023\ros2_ws\install\share\shoulder_mvmt\hook\pythonpath.ps1'
[6.478s] [34mcolcon.colcon_core.shell[0m [1;30mINFO[0m Creating environment hook 'c:\SET-BETA-Spring2023\ros2_ws\install\share\shoulder_mvmt\hook\pythonpath.bat'
[6.479s] [34mcolcon.colcon_core.shell[0m [1;30mINFO[0m Creating environment descriptor 'c:\SET-BETA-Spring2023\ros2_ws\install\share\shoulder_mvmt\hook\pythonpath.dsv'
[6.481s] [34mcolcon.colcon_core.environment[0m [1;30mLevel 1[0m checking 'c:\SET-BETA-Spring2023\ros2_ws\install\Scripts'
[6.481s] [34mcolcon.colcon_core.environment[0m [1;30mLevel 1[0m create_environment_scripts_only(shoulder_mvmt)
[6.488s] [34mcolcon.colcon_core.shell[0m [1;30mINFO[0m Creating package script 'c:\SET-BETA-Spring2023\ros2_ws\install\share\shoulder_mvmt\package.ps1'
[6.490s] [34mcolcon.colcon_core.shell[0m [1;30mINFO[0m Creating package script 'c:\SET-BETA-Spring2023\ros2_ws\install\share\shoulder_mvmt\package.bat'
[6.493s] [34mcolcon.colcon_core.shell[0m [1;30mINFO[0m Creating package descriptor 'c:\SET-BETA-Spring2023\ros2_ws\install\share\shoulder_mvmt\package.dsv'
[6.495s] [34mcolcon.colcon_core.environment[0m [1;30mLevel 1[0m create_file_with_runtime_dependencies(c:\SET-BETA-Spring2023\ros2_ws\install\share\colcon-core\packages\shoulder_mvmt)
[6.512s] [34mcolcon.colcon_core.environment[0m [1;30mLevel 1[0m checking 'c:\SET-BETA-Spring2023\ros2_ws\install' for CMake module files
[6.515s] [34mcolcon.colcon_core.environment[0m [1;30mLevel 1[0m checking 'c:\SET-BETA-Spring2023\ros2_ws\install' for CMake config files
[6.523s] [34mcolcon.colcon_core.event_handler.log_command[0m [1;30mDEBUG[0m [32mInvoked command in 'c:\SET-BETA-Spring2023\ros2_ws\src\publisher' returned '0': PYTHONPATH=c:\SET-BETA-Spring2023\ros2_ws\build\publisher\prefix_override;c:\SET-BETA-Spring2023\ros2_ws\install\Lib\site-packages;%PYTHONPATH% c:\python38\python.exe setup.py egg_info --egg-base ..\..\build\publisher build --build-base c:\SET-BETA-Spring2023\ros2_ws\build\publisher\build install --record c:\SET-BETA-Spring2023\ros2_ws\build\publisher\install.log --single-version-externally-managed[0m
[6.526s] [34mcolcon.colcon_core.shell[0m [1;30mLevel 1[0m create_environment_hook('publisher', 'cmake_prefix_path')
[6.533s] [34mcolcon.colcon_core.shell[0m [1;30mINFO[0m Creating environment hook 'c:\SET-BETA-Spring2023\ros2_ws\install\share\publisher\hook\cmake_prefix_path.ps1'
[6.534s] [34mcolcon.colcon_core.shell[0m [1;30mINFO[0m Creating environment hook 'c:\SET-BETA-Spring2023\ros2_ws\install\share\publisher\hook\cmake_prefix_path.bat'
[6.536s] [34mcolcon.colcon_core.shell[0m [1;30mINFO[0m Creating environment descriptor 'c:\SET-BETA-Spring2023\ros2_ws\install\share\publisher\hook\cmake_prefix_path.dsv'
[6.537s] [34mcolcon.colcon_core.environment[0m [1;30mLevel 1[0m checking 'c:\SET-BETA-Spring2023\ros2_ws\install\bin'
[6.538s] [34mcolcon.colcon_core.shell[0m [1;30mLevel 1[0m create_environment_hook('publisher', 'path_dll')
[6.546s] [34mcolcon.colcon_core.shell[0m [1;30mINFO[0m Creating environment hook 'c:\SET-BETA-Spring2023\ros2_ws\install\share\publisher\hook\path_dll.ps1'
[6.547s] [34mcolcon.colcon_core.shell[0m [1;30mINFO[0m Creating environment hook 'c:\SET-BETA-Spring2023\ros2_ws\install\share\publisher\hook\path_dll.bat'
[6.549s] [34mcolcon.colcon_core.shell[0m [1;30mINFO[0m Creating environment descriptor 'c:\SET-BETA-Spring2023\ros2_ws\install\share\publisher\hook\path_dll.dsv'
[6.550s] [34mcolcon.colcon_core.environment[0m [1;30mLevel 1[0m checking 'c:\SET-BETA-Spring2023\ros2_ws\install\bin'
[6.551s] [34mcolcon.colcon_core.shell[0m [1;30mLevel 1[0m create_environment_hook('publisher', 'path')
[6.558s] [34mcolcon.colcon_core.shell[0m [1;30mINFO[0m Creating environment hook 'c:\SET-BETA-Spring2023\ros2_ws\install\share\publisher\hook\path.ps1'
[6.559s] [34mcolcon.colcon_core.shell[0m [1;30mINFO[0m Creating environment hook 'c:\SET-BETA-Spring2023\ros2_ws\install\share\publisher\hook\path.bat'
[6.560s] [34mcolcon.colcon_core.shell[0m [1;30mINFO[0m Creating environment descriptor 'c:\SET-BETA-Spring2023\ros2_ws\install\share\publisher\hook\path.dsv'
[6.562s] [34mcolcon.colcon_core.environment[0m [1;30mLevel 1[0m checking 'c:\SET-BETA-Spring2023\ros2_ws\install\lib\pkgconfig\publisher.pc'
[6.562s] [34mcolcon.colcon_core.environment[0m [1;30mLevel 1[0m checking 'c:\SET-BETA-Spring2023\ros2_ws\install\Lib\site-packages'
[6.562s] [34mcolcon.colcon_core.shell[0m [1;30mLevel 1[0m create_environment_hook('publisher', 'pythonpath')
[6.569s] [34mcolcon.colcon_core.shell[0m [1;30mINFO[0m Creating environment hook 'c:\SET-BETA-Spring2023\ros2_ws\install\share\publisher\hook\pythonpath.ps1'
[6.571s] [34mcolcon.colcon_core.shell[0m [1;30mINFO[0m Creating environment hook 'c:\SET-BETA-Spring2023\ros2_ws\install\share\publisher\hook\pythonpath.bat'
[6.572s] [34mcolcon.colcon_core.shell[0m [1;30mINFO[0m Creating environment descriptor 'c:\SET-BETA-Spring2023\ros2_ws\install\share\publisher\hook\pythonpath.dsv'
[6.574s] [34mcolcon.colcon_core.environment[0m [1;30mLevel 1[0m checking 'c:\SET-BETA-Spring2023\ros2_ws\install\Scripts'
[6.574s] [34mcolcon.colcon_core.environment[0m [1;30mLevel 1[0m create_environment_scripts_only(publisher)
[6.581s] [34mcolcon.colcon_core.shell[0m [1;30mINFO[0m Creating package script 'c:\SET-BETA-Spring2023\ros2_ws\install\share\publisher\package.ps1'
[6.583s] [34mcolcon.colcon_core.shell[0m [1;30mINFO[0m Creating package script 'c:\SET-BETA-Spring2023\ros2_ws\install\share\publisher\package.bat'
[6.585s] [34mcolcon.colcon_core.shell[0m [1;30mINFO[0m Creating package descriptor 'c:\SET-BETA-Spring2023\ros2_ws\install\share\publisher\package.dsv'
[6.587s] [34mcolcon.colcon_core.environment[0m [1;30mLevel 1[0m create_file_with_runtime_dependencies(c:\SET-BETA-Spring2023\ros2_ws\install\share\colcon-core\packages\publisher)
[6.588s] [34mcolcon.colcon_parallel_executor.executor.parallel[0m [1;30mDEBUG[0m [32mrun_until_complete finished with '0'[0m
[6.588s] [34mcolcon.colcon_core.event_reactor[0m [1;30mDEBUG[0m [32mjoining thread[0m
[6.608s] [34mcolcon.colcon_core.plugin_system[0m [1;30mINFO[0m Skipping extension 'colcon_notification.desktop_notification.notify2': 'notify2' not found
[6.608s] [34mcolcon.colcon_core.plugin_system[0m [1;30mINFO[0m Skipping extension 'colcon_notification.desktop_notification.notify_send': Not used on non-Linux systems
[6.608s] [34mcolcon.colcon_core.plugin_system[0m [1;30mINFO[0m Skipping extension 'colcon_notification.desktop_notification.terminal_notifier': Not used on non-Darwin systems
[6.608s] [34mcolcon.colcon_notification.desktop_notification[0m [1;30mINFO[0m Sending desktop notification using 'win32'
[11.713s] [34mcolcon.colcon_core.event_reactor[0m [1;30mDEBUG[0m [32mjoined thread[0m
[11.724s] [34mcolcon.colcon_core.shell[0m [1;30mINFO[0m Creating prefix script 'c:\SET-BETA-Spring2023\ros2_ws\install\local_setup.ps1'
[11.727s] [34mcolcon.colcon_core.shell[0m [1;30mINFO[0m Creating prefix util module 'c:\SET-BETA-Spring2023\ros2_ws\install\_local_setup_util_ps1.py'
[11.732s] [34mcolcon.colcon_core.shell[0m [1;30mINFO[0m Creating prefix chain script 'c:\SET-BETA-Spring2023\ros2_ws\install\setup.ps1'
[11.743s] [34mcolcon.colcon_core.shell[0m [1;30mINFO[0m Creating prefix script 'c:\SET-BETA-Spring2023\ros2_ws\install\local_setup.bat'
[11.746s] [34mcolcon.colcon_core.shell[0m [1;30mINFO[0m Creating prefix util module 'c:\SET-BETA-Spring2023\ros2_ws\install\_local_setup_util_bat.py'
[11.748s] [34mcolcon.colcon_core.shell[0m [1;30mINFO[0m Creating prefix chain script 'c:\SET-BETA-Spring2023\ros2_ws\install\setup.bat'
