[0.000000] (-) TimerEvent: {}
[0.000000] (examples_rclcpp_async_client) JobQueued: {'identifier': 'examples_rclcpp_async_client', 'dependencies': OrderedDict()}
[0.000000] (examples_rclcpp_cbg_executor) JobQueued: {'identifier': 'examples_rclcpp_cbg_executor', 'dependencies': OrderedDict()}
[0.000000] (examples_rclcpp_minimal_action_client) JobQueued: {'identifier': 'examples_rclcpp_minimal_action_client', 'dependencies': OrderedDict()}
[0.000000] (examples_rclcpp_minimal_action_server) JobQueued: {'identifier': 'examples_rclcpp_minimal_action_server', 'dependencies': OrderedDict()}
[0.000000] (examples_rclcpp_minimal_client) JobQueued: {'identifier': 'examples_rclcpp_minimal_client', 'dependencies': OrderedDict()}
[0.015000] (examples_rclcpp_minimal_composition) JobQueued: {'identifier': 'examples_rclcpp_minimal_composition', 'dependencies': OrderedDict()}
[0.015000] (examples_rclcpp_minimal_publisher) JobQueued: {'identifier': 'examples_rclcpp_minimal_publisher', 'dependencies': OrderedDict()}
[0.015000] (examples_rclcpp_minimal_service) JobQueued: {'identifier': 'examples_rclcpp_minimal_service', 'dependencies': OrderedDict()}
[0.015000] (examples_rclcpp_minimal_subscriber) JobQueued: {'identifier': 'examples_rclcpp_minimal_subscriber', 'dependencies': OrderedDict()}
[0.015000] (examples_rclcpp_minimal_timer) JobQueued: {'identifier': 'examples_rclcpp_minimal_timer', 'dependencies': OrderedDict()}
[0.015000] (examples_rclcpp_multithreaded_executor) JobQueued: {'identifier': 'examples_rclcpp_multithreaded_executor', 'dependencies': OrderedDict()}
[0.015000] (examples_rclcpp_wait_set) JobQueued: {'identifier': 'examples_rclcpp_wait_set', 'dependencies': OrderedDict()}
[0.015000] (examples_rclpy_executors) JobQueued: {'identifier': 'examples_rclpy_executors', 'dependencies': OrderedDict()}
[0.015000] (examples_rclpy_guard_conditions) JobQueued: {'identifier': 'examples_rclpy_guard_conditions', 'dependencies': OrderedDict()}
[0.015000] (examples_rclpy_minimal_action_client) JobQueued: {'identifier': 'examples_rclpy_minimal_action_client', 'dependencies': OrderedDict()}
[0.015000] (examples_rclpy_minimal_action_server) JobQueued: {'identifier': 'examples_rclpy_minimal_action_server', 'dependencies': OrderedDict()}
[0.015000] (examples_rclpy_minimal_client) JobQueued: {'identifier': 'examples_rclpy_minimal_client', 'dependencies': OrderedDict()}
[0.015000] (examples_rclpy_minimal_publisher) JobQueued: {'identifier': 'examples_rclpy_minimal_publisher', 'dependencies': OrderedDict()}
[0.015000] (examples_rclpy_minimal_service) JobQueued: {'identifier': 'examples_rclpy_minimal_service', 'dependencies': OrderedDict()}
[0.015000] (examples_rclpy_minimal_subscriber) JobQueued: {'identifier': 'examples_rclpy_minimal_subscriber', 'dependencies': OrderedDict()}
[0.015000] (examples_rclpy_pointcloud_publisher) JobQueued: {'identifier': 'examples_rclpy_pointcloud_publisher', 'dependencies': OrderedDict()}
[0.015000] (launch_testing_examples) JobQueued: {'identifier': 'launch_testing_examples', 'dependencies': OrderedDict()}
[0.015000] (my_package) JobQueued: {'identifier': 'my_package', 'dependencies': OrderedDict()}
[0.015000] (new_package) JobQueued: {'identifier': 'new_package', 'dependencies': OrderedDict()}
[0.015000] (pkg) JobQueued: {'identifier': 'pkg', 'dependencies': OrderedDict()}
[0.015000] (examples_rclcpp_async_client) JobStarted: {'identifier': 'examples_rclcpp_async_client'}
[0.109000] (examples_rclcpp_cbg_executor) JobStarted: {'identifier': 'examples_rclcpp_cbg_executor'}
[0.125000] (-) TimerEvent: {}
[0.203000] (examples_rclcpp_minimal_action_client) JobStarted: {'identifier': 'examples_rclcpp_minimal_action_client'}
[0.234000] (-) TimerEvent: {}
[0.281000] (examples_rclcpp_minimal_action_server) JobStarted: {'identifier': 'examples_rclcpp_minimal_action_server'}
[0.344000] (-) TimerEvent: {}
[0.375000] (examples_rclcpp_minimal_client) JobStarted: {'identifier': 'examples_rclcpp_minimal_client'}
[0.453000] (-) TimerEvent: {}
[0.453000] (examples_rclcpp_minimal_composition) JobStarted: {'identifier': 'examples_rclcpp_minimal_composition'}
[0.531000] (examples_rclcpp_minimal_publisher) JobStarted: {'identifier': 'examples_rclcpp_minimal_publisher'}
[0.562000] (-) TimerEvent: {}
[0.640000] (examples_rclcpp_minimal_service) JobStarted: {'identifier': 'examples_rclcpp_minimal_service'}
[0.672000] (-) TimerEvent: {}
[0.719000] (examples_rclcpp_minimal_subscriber) JobStarted: {'identifier': 'examples_rclcpp_minimal_subscriber'}
[0.781000] (-) TimerEvent: {}
[0.797000] (examples_rclcpp_minimal_timer) JobStarted: {'identifier': 'examples_rclcpp_minimal_timer'}
[0.890000] (-) TimerEvent: {}
[0.890000] (examples_rclcpp_multithreaded_executor) JobStarted: {'identifier': 'examples_rclcpp_multithreaded_executor'}
[0.969000] (examples_rclcpp_wait_set) JobStarted: {'identifier': 'examples_rclcpp_wait_set'}
[1.000000] (-) TimerEvent: {}
[1.047000] (examples_rclpy_executors) JobStarted: {'identifier': 'examples_rclpy_executors'}
[1.109000] (-) TimerEvent: {}
[1.172000] (examples_rclpy_guard_conditions) JobStarted: {'identifier': 'examples_rclpy_guard_conditions'}
[1.219000] (-) TimerEvent: {}
[1.265000] (examples_rclpy_minimal_action_client) JobStarted: {'identifier': 'examples_rclpy_minimal_action_client'}
[1.328000] (-) TimerEvent: {}
[1.359000] (examples_rclpy_minimal_action_server) JobStarted: {'identifier': 'examples_rclpy_minimal_action_server'}
[1.437000] (-) TimerEvent: {}
[1.453000] (examples_rclcpp_async_client) JobProgress: {'identifier': 'examples_rclcpp_async_client', 'progress': 'cmake'}
[1.484000] (examples_rclcpp_async_client) StderrLine: {'line': b'Traceback (most recent call last):\n  File "c:\\python38\\lib\\site-packages\\colcon_core\\executor\\__init__.py", line 91, in __call__\n    rc = await self.task(*args, **kwargs)\n  File "c:\\python38\\lib\\site-packages\\colcon_core\\task\\__init__.py", line 93, in __call__\n    return await task_method(*args, **kwargs)\n  File "c:\\python38\\lib\\site-packages\\colcon_ros\\task\\ament_cmake\\build.py", line 59, in build\n    rc = await extension.build(\n  File "c:\\python38\\lib\\site-packages\\colcon_cmake\\task\\cmake\\build.py", line 87, in build\n    rc = await self._reconfigure(args, env)\n  File "c:\\python38\\lib\\site-packages\\colcon_cmake\\task\\cmake\\build.py", line 153, in _reconfigure\n    raise RuntimeError(\nRuntimeError: VisualStudioVersion is not set, please run within a Visual Studio Command Prompt.\n'}
[1.500000] (examples_rclcpp_async_client) JobEnded: {'identifier': 'examples_rclcpp_async_client', 'rc': 1}
[1.500000] (examples_rclcpp_cbg_executor) JobProgress: {'identifier': 'examples_rclcpp_cbg_executor', 'progress': 'cmake'}
[1.500000] (examples_rclcpp_cbg_executor) StderrLine: {'line': b'Traceback (most recent call last):\n  File "c:\\python38\\lib\\site-packages\\colcon_core\\executor\\__init__.py", line 91, in __call__\n    rc = await self.task(*args, **kwargs)\n  File "c:\\python38\\lib\\site-packages\\colcon_core\\task\\__init__.py", line 93, in __call__\n    return await task_method(*args, **kwargs)\n  File "c:\\python38\\lib\\site-packages\\colcon_ros\\task\\ament_cmake\\build.py", line 59, in build\n    rc = await extension.build(\n  File "c:\\python38\\lib\\site-packages\\colcon_cmake\\task\\cmake\\build.py", line 87, in build\n    rc = await self._reconfigure(args, env)\n  File "c:\\python38\\lib\\site-packages\\colcon_cmake\\task\\cmake\\build.py", line 153, in _reconfigure\n    raise RuntimeError(\nRuntimeError: VisualStudioVersion is not set, please run within a Visual Studio Command Prompt.\n'}
[1.500000] (examples_rclcpp_cbg_executor) JobEnded: {'identifier': 'examples_rclcpp_cbg_executor', 'rc': 1}
[1.500000] (examples_rclcpp_minimal_action_client) JobProgress: {'identifier': 'examples_rclcpp_minimal_action_client', 'progress': 'cmake'}
[1.500000] (examples_rclcpp_minimal_action_client) StderrLine: {'line': b'Traceback (most recent call last):\n  File "c:\\python38\\lib\\site-packages\\colcon_core\\executor\\__init__.py", line 91, in __call__\n    rc = await self.task(*args, **kwargs)\n  File "c:\\python38\\lib\\site-packages\\colcon_core\\task\\__init__.py", line 93, in __call__\n    return await task_method(*args, **kwargs)\n  File "c:\\python38\\lib\\site-packages\\colcon_ros\\task\\ament_cmake\\build.py", line 59, in build\n    rc = await extension.build(\n  File "c:\\python38\\lib\\site-packages\\colcon_cmake\\task\\cmake\\build.py", line 87, in build\n    rc = await self._reconfigure(args, env)\n  File "c:\\python38\\lib\\site-packages\\colcon_cmake\\task\\cmake\\build.py", line 153, in _reconfigure\n    raise RuntimeError(\nRuntimeError: VisualStudioVersion is not set, please run within a Visual Studio Command Prompt.\n'}
[1.500000] (examples_rclcpp_minimal_action_client) JobEnded: {'identifier': 'examples_rclcpp_minimal_action_client', 'rc': 1}
[1.500000] (examples_rclcpp_minimal_action_server) JobProgress: {'identifier': 'examples_rclcpp_minimal_action_server', 'progress': 'cmake'}
[1.500000] (examples_rclcpp_minimal_action_server) StderrLine: {'line': b'Traceback (most recent call last):\n  File "c:\\python38\\lib\\site-packages\\colcon_core\\executor\\__init__.py", line 91, in __call__\n    rc = await self.task(*args, **kwargs)\n  File "c:\\python38\\lib\\site-packages\\colcon_core\\task\\__init__.py", line 93, in __call__\n    return await task_method(*args, **kwargs)\n  File "c:\\python38\\lib\\site-packages\\colcon_ros\\task\\ament_cmake\\build.py", line 59, in build\n    rc = await extension.build(\n  File "c:\\python38\\lib\\site-packages\\colcon_cmake\\task\\cmake\\build.py", line 87, in build\n    rc = await self._reconfigure(args, env)\n  File "c:\\python38\\lib\\site-packages\\colcon_cmake\\task\\cmake\\build.py", line 153, in _reconfigure\n    raise RuntimeError(\nRuntimeError: VisualStudioVersion is not set, please run within a Visual Studio Command Prompt.\n'}
[1.500000] (examples_rclcpp_minimal_action_server) JobEnded: {'identifier': 'examples_rclcpp_minimal_action_server', 'rc': 1}
[1.515000] (examples_rclcpp_minimal_client) JobProgress: {'identifier': 'examples_rclcpp_minimal_client', 'progress': 'cmake'}
[1.515000] (examples_rclcpp_minimal_client) StderrLine: {'line': b'Traceback (most recent call last):\n  File "c:\\python38\\lib\\site-packages\\colcon_core\\executor\\__init__.py", line 91, in __call__\n    rc = await self.task(*args, **kwargs)\n  File "c:\\python38\\lib\\site-packages\\colcon_core\\task\\__init__.py", line 93, in __call__\n    return await task_method(*args, **kwargs)\n  File "c:\\python38\\lib\\site-packages\\colcon_ros\\task\\ament_cmake\\build.py", line 59, in build\n    rc = await extension.build(\n  File "c:\\python38\\lib\\site-packages\\colcon_cmake\\task\\cmake\\build.py", line 87, in build\n    rc = await self._reconfigure(args, env)\n  File "c:\\python38\\lib\\site-packages\\colcon_cmake\\task\\cmake\\build.py", line 153, in _reconfigure\n    raise RuntimeError(\nRuntimeError: VisualStudioVersion is not set, please run within a Visual Studio Command Prompt.\n'}
[1.515000] (examples_rclcpp_minimal_client) JobEnded: {'identifier': 'examples_rclcpp_minimal_client', 'rc': 1}
[1.515000] (examples_rclcpp_minimal_composition) JobProgress: {'identifier': 'examples_rclcpp_minimal_composition', 'progress': 'cmake'}
[1.515000] (examples_rclcpp_minimal_composition) StderrLine: {'line': b'Traceback (most recent call last):\n  File "c:\\python38\\lib\\site-packages\\colcon_core\\executor\\__init__.py", line 91, in __call__\n    rc = await self.task(*args, **kwargs)\n  File "c:\\python38\\lib\\site-packages\\colcon_core\\task\\__init__.py", line 93, in __call__\n    return await task_method(*args, **kwargs)\n  File "c:\\python38\\lib\\site-packages\\colcon_ros\\task\\ament_cmake\\build.py", line 59, in build\n    rc = await extension.build(\n  File "c:\\python38\\lib\\site-packages\\colcon_cmake\\task\\cmake\\build.py", line 87, in build\n    rc = await self._reconfigure(args, env)\n  File "c:\\python38\\lib\\site-packages\\colcon_cmake\\task\\cmake\\build.py", line 153, in _reconfigure\n    raise RuntimeError(\nRuntimeError: VisualStudioVersion is not set, please run within a Visual Studio Command Prompt.\n'}
[1.515000] (examples_rclcpp_minimal_composition) JobEnded: {'identifier': 'examples_rclcpp_minimal_composition', 'rc': 1}
[1.531000] (examples_rclcpp_minimal_publisher) JobProgress: {'identifier': 'examples_rclcpp_minimal_publisher', 'progress': 'cmake'}
[1.531000] (examples_rclcpp_minimal_publisher) StderrLine: {'line': b'Traceback (most recent call last):\n  File "c:\\python38\\lib\\site-packages\\colcon_core\\executor\\__init__.py", line 91, in __call__\n    rc = await self.task(*args, **kwargs)\n  File "c:\\python38\\lib\\site-packages\\colcon_core\\task\\__init__.py", line 93, in __call__\n    return await task_method(*args, **kwargs)\n  File "c:\\python38\\lib\\site-packages\\colcon_ros\\task\\ament_cmake\\build.py", line 59, in build\n    rc = await extension.build(\n  File "c:\\python38\\lib\\site-packages\\colcon_cmake\\task\\cmake\\build.py", line 87, in build\n    rc = await self._reconfigure(args, env)\n  File "c:\\python38\\lib\\site-packages\\colcon_cmake\\task\\cmake\\build.py", line 153, in _reconfigure\n    raise RuntimeError(\nRuntimeError: VisualStudioVersion is not set, please run within a Visual Studio Command Prompt.\n'}
[1.531000] (examples_rclcpp_minimal_publisher) JobEnded: {'identifier': 'examples_rclcpp_minimal_publisher', 'rc': 1}
[1.531000] (examples_rclcpp_minimal_service) JobProgress: {'identifier': 'examples_rclcpp_minimal_service', 'progress': 'cmake'}
[1.531000] (examples_rclcpp_minimal_service) StderrLine: {'line': b'Traceback (most recent call last):\n  File "c:\\python38\\lib\\site-packages\\colcon_core\\executor\\__init__.py", line 91, in __call__\n    rc = await self.task(*args, **kwargs)\n  File "c:\\python38\\lib\\site-packages\\colcon_core\\task\\__init__.py", line 93, in __call__\n    return await task_method(*args, **kwargs)\n  File "c:\\python38\\lib\\site-packages\\colcon_ros\\task\\ament_cmake\\build.py", line 59, in build\n    rc = await extension.build(\n  File "c:\\python38\\lib\\site-packages\\colcon_cmake\\task\\cmake\\build.py", line 87, in build\n    rc = await self._reconfigure(args, env)\n  File "c:\\python38\\lib\\site-packages\\colcon_cmake\\task\\cmake\\build.py", line 153, in _reconfigure\n    raise RuntimeError(\nRuntimeError: VisualStudioVersion is not set, please run within a Visual Studio Command Prompt.\n'}
[1.531000] (examples_rclcpp_minimal_service) JobEnded: {'identifier': 'examples_rclcpp_minimal_service', 'rc': 1}
[1.531000] (examples_rclcpp_minimal_subscriber) JobProgress: {'identifier': 'examples_rclcpp_minimal_subscriber', 'progress': 'cmake'}
[1.531000] (examples_rclcpp_minimal_subscriber) StderrLine: {'line': b'Traceback (most recent call last):\n  File "c:\\python38\\lib\\site-packages\\colcon_core\\executor\\__init__.py", line 91, in __call__\n    rc = await self.task(*args, **kwargs)\n  File "c:\\python38\\lib\\site-packages\\colcon_core\\task\\__init__.py", line 93, in __call__\n    return await task_method(*args, **kwargs)\n  File "c:\\python38\\lib\\site-packages\\colcon_ros\\task\\ament_cmake\\build.py", line 59, in build\n    rc = await extension.build(\n  File "c:\\python38\\lib\\site-packages\\colcon_cmake\\task\\cmake\\build.py", line 87, in build\n    rc = await self._reconfigure(args, env)\n  File "c:\\python38\\lib\\site-packages\\colcon_cmake\\task\\cmake\\build.py", line 153, in _reconfigure\n    raise RuntimeError(\nRuntimeError: VisualStudioVersion is not set, please run within a Visual Studio Command Prompt.\n'}
[1.547000] (-) TimerEvent: {}
[1.547000] (examples_rclcpp_minimal_subscriber) JobEnded: {'identifier': 'examples_rclcpp_minimal_subscriber', 'rc': 1}
[1.547000] (examples_rclcpp_minimal_timer) JobProgress: {'identifier': 'examples_rclcpp_minimal_timer', 'progress': 'cmake'}
[1.547000] (examples_rclcpp_minimal_timer) StderrLine: {'line': b'Traceback (most recent call last):\n  File "c:\\python38\\lib\\site-packages\\colcon_core\\executor\\__init__.py", line 91, in __call__\n    rc = await self.task(*args, **kwargs)\n  File "c:\\python38\\lib\\site-packages\\colcon_core\\task\\__init__.py", line 93, in __call__\n    return await task_method(*args, **kwargs)\n  File "c:\\python38\\lib\\site-packages\\colcon_ros\\task\\ament_cmake\\build.py", line 59, in build\n    rc = await extension.build(\n  File "c:\\python38\\lib\\site-packages\\colcon_cmake\\task\\cmake\\build.py", line 87, in build\n    rc = await self._reconfigure(args, env)\n  File "c:\\python38\\lib\\site-packages\\colcon_cmake\\task\\cmake\\build.py", line 153, in _reconfigure\n    raise RuntimeError(\nRuntimeError: VisualStudioVersion is not set, please run within a Visual Studio Command Prompt.\n'}
[1.547000] (examples_rclcpp_minimal_timer) JobEnded: {'identifier': 'examples_rclcpp_minimal_timer', 'rc': 1}
[1.547000] (examples_rclcpp_multithreaded_executor) JobProgress: {'identifier': 'examples_rclcpp_multithreaded_executor', 'progress': 'cmake'}
[1.547000] (examples_rclcpp_multithreaded_executor) StderrLine: {'line': b'Traceback (most recent call last):\n  File "c:\\python38\\lib\\site-packages\\colcon_core\\executor\\__init__.py", line 91, in __call__\n    rc = await self.task(*args, **kwargs)\n  File "c:\\python38\\lib\\site-packages\\colcon_core\\task\\__init__.py", line 93, in __call__\n    return await task_method(*args, **kwargs)\n  File "c:\\python38\\lib\\site-packages\\colcon_ros\\task\\ament_cmake\\build.py", line 59, in build\n    rc = await extension.build(\n  File "c:\\python38\\lib\\site-packages\\colcon_cmake\\task\\cmake\\build.py", line 87, in build\n    rc = await self._reconfigure(args, env)\n  File "c:\\python38\\lib\\site-packages\\colcon_cmake\\task\\cmake\\build.py", line 153, in _reconfigure\n    raise RuntimeError(\nRuntimeError: VisualStudioVersion is not set, please run within a Visual Studio Command Prompt.\n'}
[1.547000] (examples_rclcpp_multithreaded_executor) JobEnded: {'identifier': 'examples_rclcpp_multithreaded_executor', 'rc': 1}
[1.547000] (examples_rclcpp_wait_set) JobProgress: {'identifier': 'examples_rclcpp_wait_set', 'progress': 'cmake'}
[1.547000] (examples_rclcpp_wait_set) StderrLine: {'line': b'Traceback (most recent call last):\n  File "c:\\python38\\lib\\site-packages\\colcon_core\\executor\\__init__.py", line 91, in __call__\n    rc = await self.task(*args, **kwargs)\n  File "c:\\python38\\lib\\site-packages\\colcon_core\\task\\__init__.py", line 93, in __call__\n    return await task_method(*args, **kwargs)\n  File "c:\\python38\\lib\\site-packages\\colcon_ros\\task\\ament_cmake\\build.py", line 59, in build\n    rc = await extension.build(\n  File "c:\\python38\\lib\\site-packages\\colcon_cmake\\task\\cmake\\build.py", line 87, in build\n    rc = await self._reconfigure(args, env)\n  File "c:\\python38\\lib\\site-packages\\colcon_cmake\\task\\cmake\\build.py", line 153, in _reconfigure\n    raise RuntimeError(\nRuntimeError: VisualStudioVersion is not set, please run within a Visual Studio Command Prompt.\n'}
[1.562000] (examples_rclcpp_wait_set) JobEnded: {'identifier': 'examples_rclcpp_wait_set', 'rc': 1}
[1.672000] (-) TimerEvent: {}
[1.781000] (-) TimerEvent: {}
[1.890000] (-) TimerEvent: {}
[2.000000] (-) TimerEvent: {}
[2.109000] (-) TimerEvent: {}
[2.219000] (-) TimerEvent: {}
[2.328000] (-) TimerEvent: {}
[2.437000] (-) TimerEvent: {}
[2.547000] (-) TimerEvent: {}
[2.656000] (-) TimerEvent: {}
[2.765000] (-) TimerEvent: {}
[2.875000] (-) TimerEvent: {}
[2.906000] (examples_rclpy_executors) JobEnded: {'identifier': 'examples_rclpy_executors', 'rc': 'SIGINT'}
[2.906000] (examples_rclpy_guard_conditions) JobEnded: {'identifier': 'examples_rclpy_guard_conditions', 'rc': 'SIGINT'}
[2.906000] (examples_rclpy_minimal_action_client) JobEnded: {'identifier': 'examples_rclpy_minimal_action_client', 'rc': 'SIGINT'}
[2.906000] (examples_rclpy_minimal_action_server) JobEnded: {'identifier': 'examples_rclpy_minimal_action_server', 'rc': 'SIGINT'}
[2.922000] (examples_rclpy_minimal_client) JobSkipped: {'identifier': 'examples_rclpy_minimal_client'}
[2.922000] (examples_rclpy_minimal_publisher) JobSkipped: {'identifier': 'examples_rclpy_minimal_publisher'}
[2.922000] (examples_rclpy_minimal_service) JobSkipped: {'identifier': 'examples_rclpy_minimal_service'}
[2.922000] (examples_rclpy_minimal_subscriber) JobSkipped: {'identifier': 'examples_rclpy_minimal_subscriber'}
[2.922000] (examples_rclpy_pointcloud_publisher) JobSkipped: {'identifier': 'examples_rclpy_pointcloud_publisher'}
[2.922000] (launch_testing_examples) JobSkipped: {'identifier': 'launch_testing_examples'}
[2.922000] (my_package) JobSkipped: {'identifier': 'my_package'}
[2.922000] (new_package) JobSkipped: {'identifier': 'new_package'}
[2.922000] (pkg) JobSkipped: {'identifier': 'pkg'}
[2.922000] (-) EventReactorShutdown: {}
