[2.750s] Invoking command in 'C:\SET-BETA-Spring2023\ros2_ws\src\publisher': PYTHONPATH=C:\SET-BETA-Spring2023\ros2_ws\build\publisher\prefix_override;C:\SET-BETA-Spring2023\ros2_ws\install\Lib\site-packages;%PYTHONPATH% c:\python38\python.exe setup.py egg_info --egg-base ..\..\build\publisher build --build-base C:\SET-BETA-Spring2023\ros2_ws\build\publisher\build install --record C:\SET-BETA-Spring2023\ros2_ws\build\publisher\install.log --single-version-externally-managed
[3.391s] running egg_info
[3.391s] writing ..\..\build\publisher\publisher.egg-info\PKG-INFO
[3.391s] writing dependency_links to ..\..\build\publisher\publisher.egg-info\dependency_links.txt
[3.391s] writing entry points to ..\..\build\publisher\publisher.egg-info\entry_points.txt
[3.391s] writing requirements to ..\..\build\publisher\publisher.egg-info\requires.txt
[3.391s] writing top-level names to ..\..\build\publisher\publisher.egg-info\top_level.txt
[3.422s] reading manifest file '..\..\build\publisher\publisher.egg-info\SOURCES.txt'
[3.422s] writing manifest file '..\..\build\publisher\publisher.egg-info\SOURCES.txt'
[3.422s] running build
[3.422s] running build_py
[3.422s] copying publisher\publisher_function.py -> C:\SET-BETA-Spring2023\ros2_ws\build\publisher\build\lib\publisher
[3.438s] running install
[3.438s] running install_lib
[3.438s] copying C:\SET-BETA-Spring2023\ros2_ws\build\publisher\build\lib\publisher\publisher_function.py -> C:\SET-BETA-Spring2023\ros2_ws\install\Lib\site-packages\publisher
[3.453s] byte-compiling C:\SET-BETA-Spring2023\ros2_ws\install\Lib\site-packages\publisher\publisher_function.py to publisher_function.cpython-38.pyc
[3.453s] running install_data
[3.453s] running install_egg_info
[3.469s] removing 'C:\SET-BETA-Spring2023\ros2_ws\install\Lib\site-packages\publisher-0.0.0-py3.8.egg-info' (and everything under it)
[3.469s] Copying ..\..\build\publisher\publisher.egg-info to C:\SET-BETA-Spring2023\ros2_ws\install\Lib\site-packages\publisher-0.0.0-py3.8.egg-info
[3.484s] running install_scripts
[3.547s] Installing listener-script.py script to C:\SET-BETA-Spring2023\ros2_ws\install\lib\publisher
[3.547s] Installing listener.exe script to C:\SET-BETA-Spring2023\ros2_ws\install\lib\publisher
[3.547s] Installing servos-script.py script to C:\SET-BETA-Spring2023\ros2_ws\install\lib\publisher
[3.547s] Installing servos.exe script to C:\SET-BETA-Spring2023\ros2_ws\install\lib\publisher
[3.547s] error: [Errno 13] Permission denied: 'C:\\SET-BETA-Spring2023\\ros2_ws\\install\\lib\\publisher\\servos.exe'
[3.656s] Invoked command in 'C:\SET-BETA-Spring2023\ros2_ws\src\publisher' returned '1': PYTHONPATH=C:\SET-BETA-Spring2023\ros2_ws\build\publisher\prefix_override;C:\SET-BETA-Spring2023\ros2_ws\install\Lib\site-packages;%PYTHONPATH% c:\python38\python.exe setup.py egg_info --egg-base ..\..\build\publisher build --build-base C:\SET-BETA-Spring2023\ros2_ws\build\publisher\build install --record C:\SET-BETA-Spring2023\ros2_ws\build\publisher\install.log --single-version-externally-managed
