[2.812s] Invoking command in 'c:\SET-BETA-Spring2023\ros2_ws\src\publisher': PYTHONPATH=c:\SET-BETA-Spring2023\ros2_ws\build\publisher\prefix_override;c:\SET-BETA-Spring2023\ros2_ws\install\Lib\site-packages;%PYTHONPATH% c:\python38\python.exe setup.py egg_info --egg-base ..\..\build\publisher build --build-base c:\SET-BETA-Spring2023\ros2_ws\build\publisher\build install --record c:\SET-BETA-Spring2023\ros2_ws\build\publisher\install.log --single-version-externally-managed
[3.484s] running egg_info
[3.484s] writing ..\..\build\publisher\publisher.egg-info\PKG-INFO
[3.484s] writing dependency_links to ..\..\build\publisher\publisher.egg-info\dependency_links.txt
[3.484s] writing entry points to ..\..\build\publisher\publisher.egg-info\entry_points.txt
[3.484s] writing requirements to ..\..\build\publisher\publisher.egg-info\requires.txt
[3.484s] writing top-level names to ..\..\build\publisher\publisher.egg-info\top_level.txt
[3.531s] reading manifest file '..\..\build\publisher\publisher.egg-info\SOURCES.txt'
[3.531s] writing manifest file '..\..\build\publisher\publisher.egg-info\SOURCES.txt'
[3.531s] running build
[3.531s] running build_py
[3.531s] copying publisher\publisher_function.py -> c:\SET-BETA-Spring2023\ros2_ws\build\publisher\build\lib\publisher
[3.547s] copying publisher\wheel_drive.py -> c:\SET-BETA-Spring2023\ros2_ws\build\publisher\build\lib\publisher
[3.562s] running install
[3.562s] running install_lib
[3.578s] copying c:\SET-BETA-Spring2023\ros2_ws\build\publisher\build\lib\publisher\publisher_function.py -> c:\SET-BETA-Spring2023\ros2_ws\install\Lib\site-packages\publisher
[3.578s] copying c:\SET-BETA-Spring2023\ros2_ws\build\publisher\build\lib\publisher\wheel_drive.py -> c:\SET-BETA-Spring2023\ros2_ws\install\Lib\site-packages\publisher
[3.578s] byte-compiling c:\SET-BETA-Spring2023\ros2_ws\install\Lib\site-packages\publisher\publisher_function.py to publisher_function.cpython-38.pyc
[3.594s] byte-compiling c:\SET-BETA-Spring2023\ros2_ws\install\Lib\site-packages\publisher\wheel_drive.py to wheel_drive.cpython-38.pyc
[3.594s] running install_data
[3.594s] running install_egg_info
[3.609s] removing 'c:\SET-BETA-Spring2023\ros2_ws\install\Lib\site-packages\publisher-0.0.0-py3.8.egg-info' (and everything under it)
[3.609s] Copying ..\..\build\publisher\publisher.egg-info to c:\SET-BETA-Spring2023\ros2_ws\install\Lib\site-packages\publisher-0.0.0-py3.8.egg-info
[3.625s] running install_scripts
[3.672s] Installing listener-script.py script to c:\SET-BETA-Spring2023\ros2_ws\install\lib\publisher
[3.672s] Installing listener.exe script to c:\SET-BETA-Spring2023\ros2_ws\install\lib\publisher
[3.672s] Installing servos-script.py script to c:\SET-BETA-Spring2023\ros2_ws\install\lib\publisher
[3.687s] Installing servos.exe script to c:\SET-BETA-Spring2023\ros2_ws\install\lib\publisher
[3.687s] Installing talker-script.py script to c:\SET-BETA-Spring2023\ros2_ws\install\lib\publisher
[3.812s] Installing talker.exe script to c:\SET-BETA-Spring2023\ros2_ws\install\lib\publisher
[3.812s] Installing wheels-script.py script to c:\SET-BETA-Spring2023\ros2_ws\install\lib\publisher
[3.812s] Installing wheels.exe script to c:\SET-BETA-Spring2023\ros2_ws\install\lib\publisher
[3.812s] writing list of installed files to 'c:\SET-BETA-Spring2023\ros2_ws\build\publisher\install.log'
[3.812s] Invoked command in 'c:\SET-BETA-Spring2023\ros2_ws\src\publisher' returned '0': PYTHONPATH=c:\SET-BETA-Spring2023\ros2_ws\build\publisher\prefix_override;c:\SET-BETA-Spring2023\ros2_ws\install\Lib\site-packages;%PYTHONPATH% c:\python38\python.exe setup.py egg_info --egg-base ..\..\build\publisher build --build-base c:\SET-BETA-Spring2023\ros2_ws\build\publisher\build install --record c:\SET-BETA-Spring2023\ros2_ws\build\publisher\install.log --single-version-externally-managed
