running egg_info
creating ..\..\..\..\..\build\examples_rclpy_pointcloud_publisher\examples_rclpy_pointcloud_publisher.egg-info
writing ..\..\..\..\..\build\examples_rclpy_pointcloud_publisher\examples_rclpy_pointcloud_publisher.egg-info\PKG-INFO
writing dependency_links to ..\..\..\..\..\build\examples_rclpy_pointcloud_publisher\examples_rclpy_pointcloud_publisher.egg-info\dependency_links.txt
writing entry points to ..\..\..\..\..\build\examples_rclpy_pointcloud_publisher\examples_rclpy_pointcloud_publisher.egg-info\entry_points.txt
writing requirements to ..\..\..\..\..\build\examples_rclpy_pointcloud_publisher\examples_rclpy_pointcloud_publisher.egg-info\requires.txt
writing top-level names to ..\..\..\..\..\build\examples_rclpy_pointcloud_publisher\examples_rclpy_pointcloud_publisher.egg-info\top_level.txt
writing manifest file '..\..\..\..\..\build\examples_rclpy_pointcloud_publisher\examples_rclpy_pointcloud_publisher.egg-info\SOURCES.txt'
reading manifest file '..\..\..\..\..\build\examples_rclpy_pointcloud_publisher\examples_rclpy_pointcloud_publisher.egg-info\SOURCES.txt'
writing manifest file '..\..\..\..\..\build\examples_rclpy_pointcloud_publisher\examples_rclpy_pointcloud_publisher.egg-info\SOURCES.txt'
running build
running build_py
creating C:\dev\ros2_ws\build\examples_rclpy_pointcloud_publisher\build
creating C:\dev\ros2_ws\build\examples_rclpy_pointcloud_publisher\build\lib
creating C:\dev\ros2_ws\build\examples_rclpy_pointcloud_publisher\build\lib\examples_rclpy_pointcloud_publisher
copying examples_rclpy_pointcloud_publisher\pointcloud_publisher.py -> C:\dev\ros2_ws\build\examples_rclpy_pointcloud_publisher\build\lib\examples_rclpy_pointcloud_publisher
copying examples_rclpy_pointcloud_publisher\__init__.py -> C:\dev\ros2_ws\build\examples_rclpy_pointcloud_publisher\build\lib\examples_rclpy_pointcloud_publisher
running install
running install_lib
creating C:\dev\ros2_ws\install\Lib\site-packages\examples_rclpy_pointcloud_publisher
copying C:\dev\ros2_ws\build\examples_rclpy_pointcloud_publisher\build\lib\examples_rclpy_pointcloud_publisher\pointcloud_publisher.py -> C:\dev\ros2_ws\install\Lib\site-packages\examples_rclpy_pointcloud_publisher
copying C:\dev\ros2_ws\build\examples_rclpy_pointcloud_publisher\build\lib\examples_rclpy_pointcloud_publisher\__init__.py -> C:\dev\ros2_ws\install\Lib\site-packages\examples_rclpy_pointcloud_publisher
byte-compiling C:\dev\ros2_ws\install\Lib\site-packages\examples_rclpy_pointcloud_publisher\pointcloud_publisher.py to pointcloud_publisher.cpython-38.pyc
byte-compiling C:\dev\ros2_ws\install\Lib\site-packages\examples_rclpy_pointcloud_publisher\__init__.py to __init__.cpython-38.pyc
running install_data
copying resource\examples_rclpy_pointcloud_publisher -> C:\dev\ros2_ws\install\share\ament_index\resource_index\packages
copying package.xml -> C:\dev\ros2_ws\install\share\examples_rclpy_pointcloud_publisher
running install_egg_info
Copying ..\..\..\..\..\build\examples_rclpy_pointcloud_publisher\examples_rclpy_pointcloud_publisher.egg-info to C:\dev\ros2_ws\install\Lib\site-packages\examples_rclpy_pointcloud_publisher-0.17.1-py3.8.egg-info
running install_scripts
Installing pointcloud_publisher-script.py script to C:\dev\ros2_ws\install\lib\examples_rclpy_pointcloud_publisher
Installing pointcloud_publisher.exe script to C:\dev\ros2_ws\install\lib\examples_rclpy_pointcloud_publisher
writing list of installed files to 'C:\dev\ros2_ws\build\examples_rclpy_pointcloud_publisher\install.log'
