[0.000000] (-) TimerEvent: {}
[0.000000] (-) JobUnselected: {'identifier': 'examples_rclcpp_async_client'}
[0.000000] (-) JobUnselected: {'identifier': 'examples_rclcpp_cbg_executor'}
[0.000000] (-) JobUnselected: {'identifier': 'examples_rclcpp_minimal_action_client'}
[0.000000] (-) JobUnselected: {'identifier': 'examples_rclcpp_minimal_action_server'}
[0.000000] (-) JobUnselected: {'identifier': 'examples_rclcpp_minimal_client'}
[0.000000] (-) JobUnselected: {'identifier': 'examples_rclcpp_minimal_composition'}
[0.000000] (-) JobUnselected: {'identifier': 'examples_rclcpp_minimal_publisher'}
[0.000000] (-) JobUnselected: {'identifier': 'examples_rclcpp_minimal_service'}
[0.000000] (-) JobUnselected: {'identifier': 'examples_rclcpp_minimal_subscriber'}
[0.000000] (-) JobUnselected: {'identifier': 'examples_rclcpp_minimal_timer'}
[0.000000] (-) JobUnselected: {'identifier': 'examples_rclcpp_multithreaded_executor'}
[0.000000] (-) JobUnselected: {'identifier': 'examples_rclcpp_wait_set'}
[0.000000] (-) JobUnselected: {'identifier': 'examples_rclpy_executors'}
[0.000000] (-) JobUnselected: {'identifier': 'examples_rclpy_guard_conditions'}
[0.000000] (-) JobUnselected: {'identifier': 'examples_rclpy_minimal_action_client'}
[0.000000] (-) JobUnselected: {'identifier': 'examples_rclpy_minimal_action_server'}
[0.000000] (-) JobUnselected: {'identifier': 'examples_rclpy_minimal_client'}
[0.000000] (-) JobUnselected: {'identifier': 'examples_rclpy_minimal_publisher'}
[0.000000] (-) JobUnselected: {'identifier': 'examples_rclpy_minimal_service'}
[0.000000] (-) JobUnselected: {'identifier': 'examples_rclpy_minimal_subscriber'}
[0.000000] (-) JobUnselected: {'identifier': 'examples_rclpy_pointcloud_publisher'}
[0.000000] (-) JobUnselected: {'identifier': 'launch_testing_examples'}
[0.000000] (-) JobUnselected: {'identifier': 'my_package'}
[0.000000] (shoulder_mvmt) JobQueued: {'identifier': 'shoulder_mvmt', 'dependencies': OrderedDict()}
[0.015000] (shoulder_mvmt) JobStarted: {'identifier': 'shoulder_mvmt'}
[0.109000] (-) TimerEvent: {}
[0.218000] (-) TimerEvent: {}
[0.328000] (-) TimerEvent: {}
[0.437000] (-) TimerEvent: {}
[0.547000] (-) TimerEvent: {}
[0.656000] (-) TimerEvent: {}
[0.765000] (-) TimerEvent: {}
[0.875000] (-) TimerEvent: {}
[0.984000] (-) TimerEvent: {}
[1.093000] (-) TimerEvent: {}
[1.125000] (shoulder_mvmt) Command: {'cmd': ['c:\\python38\\python.exe', 'setup.py', 'egg_info', '--egg-base', '..\\..\\build\\shoulder_mvmt', 'build', '--build-base', 'C:\\dev\\ros2_ws\\build\\shoulder_mvmt\\build', 'install', '--record', 'C:\\dev\\ros2_ws\\build\\shoulder_mvmt\\install.log', '--single-version-externally-managed'], 'cwd': 'C:\\dev\\ros2_ws\\src\\shoulder_mvmt', 'env': {'ALLUSERSPROFILE': 'C:\\ProgramData', 'AMENT_PREFIX_PATH': 'C:\\dev\\ros2_ws\\src\\install;C:\\dev\\ros2_ws\\install;c:\\dev\\ros2\\ros2-windows', 'APPDATA': 'C:\\Users\\maxma\\AppData\\Roaming', 'ChocolateyInstall': 'C:\\ProgramData\\chocolatey', 'ChocolateyLastPathUpdate': '133219389049248558', 'CMAKE_PREFIX_PATH': 'C:\\dev\\ros2_ws\\src\\install;C:\\dev\\ros2_ws\\install;c:\\dev\\ros2\\ros2-windows', 'COLCON': '1', 'COLCON_PREFIX_PATH': 'C:\\dev\\ros2_ws\\src\\install\\;C:\\dev\\ros2_ws\\install\\;c:\\dev\\ros2\\ros2-windows\\', 'CommandPromptType': 'Native', 'CommonProgramFiles': 'C:\\Program Files\\Common Files', 'CommonProgramFiles(x86)': 'C:\\Program Files (x86)\\Common Files', 'CommonProgramW6432': 'C:\\Program Files\\Common Files', 'COMPLUS_GCHeapCount': '2', 'COMPLUS_GCNoAffinitize': '1', 'COMPUTERNAME': 'DESKTOP-SVAIPN0', 'ComSpec': 'C:\\Windows\\system32\\cmd.exe', 'DevEnvDir': 'C:\\Program Files\\Microsoft Visual Studio\\2022\\Community\\Common7\\IDE\\', 'DriverData': 'C:\\Windows\\System32\\Drivers\\DriverData', 'ExtensionSdkDir': 'C:\\Program Files (x86)\\Microsoft SDKs\\Windows Kits\\10\\ExtensionSDKs', 'ForceIdentityAuthenticationType': 'Embedded', 'FPS_BROWSER_APP_PROFILE_STRING': 'Internet Explorer', 'FPS_BROWSER_USER_PROFILE_STRING': 'Default', 'Framework40Version': 'v4.0', 'FrameworkDir': 'C:\\Windows\\Microsoft.NET\\Framework\\', 'FrameworkDir32': 'C:\\Windows\\Microsoft.NET\\Framework\\', 'FrameworkVersion': 'v4.0.30319', 'FrameworkVersion32': 'v4.0.30319', 'GCExpConfigUsedInSession': '3', 'GOOGLE_APPLICATION_CREDENTIALS': 'C:\\source\\SwamphacksIX\\project_name\\authorization.json', 'HOMEDRIVE': 'C:', 'HOMEPATH': '\\Users\\maxma', 'INCLUDE': 'C:\\Program Files\\Microsoft Visual Studio\\2022\\Community\\VC\\Tools\\MSVC\\14.30.30705\\ATLMFC\\include;C:\\Program Files\\Microsoft Visual Studio\\2022\\Community\\VC\\Tools\\MSVC\\14.30.30705\\include;C:\\Program Files (x86)\\Windows Kits\\10\\include\\10.0.19041.0\\ucrt;C:\\Program Files (x86)\\Windows Kits\\10\\\\include\\10.0.19041.0\\\\shared;C:\\Program Files (x86)\\Windows Kits\\10\\\\include\\10.0.19041.0\\\\um;C:\\Program Files (x86)\\Windows Kits\\10\\\\include\\10.0.19041.0\\\\winrt;C:\\Program Files (x86)\\Windows Kits\\10\\\\include\\10.0.19041.0\\\\cppwinrt', 'LIB': 'C:\\Program Files\\Microsoft Visual Studio\\2022\\Community\\VC\\Tools\\MSVC\\14.30.30705\\ATLMFC\\lib\\x86;C:\\Program Files\\Microsoft Visual Studio\\2022\\Community\\VC\\Tools\\MSVC\\14.30.30705\\lib\\x86;C:\\Program Files (x86)\\Windows Kits\\10\\lib\\10.0.19041.0\\ucrt\\x86;C:\\Program Files (x86)\\Windows Kits\\10\\\\lib\\10.0.19041.0\\\\um\\x86', 'LIBPATH': 'C:\\Program Files\\Microsoft Visual Studio\\2022\\Community\\VC\\Tools\\MSVC\\14.30.30705\\ATLMFC\\lib\\x86;C:\\Program Files\\Microsoft Visual Studio\\2022\\Community\\VC\\Tools\\MSVC\\14.30.30705\\lib\\x86;C:\\Program Files\\Microsoft Visual Studio\\2022\\Community\\VC\\Tools\\MSVC\\14.30.30705\\lib\\x86\\store\\references;C:\\Program Files (x86)\\Windows Kits\\10\\UnionMetadata\\10.0.19041.0;C:\\Program Files (x86)\\Windows Kits\\10\\References\\10.0.19041.0;C:\\Windows\\Microsoft.NET\\Framework\\v4.0.30319', 'LOCALAPPDATA': 'C:\\Users\\maxma\\AppData\\Local', 'LOGONSERVER': '\\\\DESKTOP-SVAIPN0', 'mingw': 'C:\\msys64\\mingw64\\bin\\msys64', 'MSBuildLoadMicrosoftTargetsReadOnly': 'true', 'NUMBER_OF_PROCESSORS': '16', 'OneDrive': 'C:\\Users\\maxma\\OneDrive', 'OpenCV_DIR': 'C:\\opencv', 'OPENSSL_CONF': 'C:\\Program Files\\OpenSSL-Win64\\bin\\openssl.cfg', 'OS': 'Windows_NT', 'Path': 'C:\\dev\\ros2_ws\\install\\bin;c:\\dev\\ros2\\ros2-windows\\opt\\yaml_cpp_vendor\\bin;c:\\dev\\ros2\\ros2-windows\\opt\\rviz_ogre_vendor\\bin;c:\\dev\\ros2\\ros2-windows\\opt\\rviz_assimp_vendor\\bin;c:\\dev\\ros2\\ros2-windows\\opt\\libcurl_vendor\\bin;c:\\dev\\ros2\\ros2-windows\\Scripts;c:\\dev\\ros2\\ros2-windows\\bin;C:\\Program Files\\Microsoft Visual Studio\\2022\\Community\\Common7\\IDE\\\\Extensions\\Microsoft\\IntelliCode\\CLI;C:\\Program Files\\Microsoft Visual Studio\\2022\\Community\\VC\\Tools\\MSVC\\14.30.30705\\bin\\HostX86\\x86;C:\\Program Files\\Microsoft Visual Studio\\2022\\Community\\Common7\\IDE\\VC\\VCPackages;C:\\Program Files\\Microsoft Visual Studio\\2022\\Community\\Common7\\IDE\\CommonExtensions\\Microsoft\\TestWindow;C:\\Program Files\\Microsoft Visual Studio\\2022\\Community\\Common7\\IDE\\CommonExtensions\\Microsoft\\TeamFoundation\\Team Explorer;C:\\Program Files\\Microsoft Visual Studio\\2022\\Community\\MSBuild\\Current\\bin\\Roslyn;C:\\Program Files\\Microsoft Visual Studio\\2022\\Community\\Team Tools\\Performance Tools;C:\\Program Files (x86)\\Windows Kits\\10\\bin\\10.0.19041.0\\\\x86;C:\\Program Files (x86)\\Windows Kits\\10\\bin\\\\x86;C:\\Program Files\\Microsoft Visual Studio\\2022\\Community\\\\MSBuild\\Current\\Bin\\amd64;C:\\Windows\\Microsoft.NET\\Framework\\v4.0.30319;C:\\Program Files\\Microsoft Visual Studio\\2022\\Community\\Common7\\IDE\\;C:\\Program Files\\Microsoft Visual Studio\\2022\\Community\\Common7\\Tools\\;C:\\Python38\\Scripts\\;C:\\Python38\\;C:\\Windows\\system32;C:\\Windows;C:\\Windows\\System32\\Wbem;C:\\Windows\\System32\\WindowsPowerShell\\v1.0\\;C:\\Windows\\System32\\OpenSSH\\;C:\\msys64\\mingw64\\bin;C:\\Program Files\\dotnet\\;C:\\Program Files\\Docker\\Docker\\resources\\bin;C:\\ProgramData\\DockerDesktop\\version-bin;C:\\Program Files\\nodejs\\;C:\\ProgramData\\chocolatey\\bin;C:\\Program Files\\OpenSSL-Win64\\bin\\;C:\\Program Files\\CMake\\bin\\;C:\\Program Files\\Graphviz\\bin;C:\\Program Files\\PuTTY\\;C:\\Ruby32-x64\\bin;C:\\Users\\maxma\\AppData\\Local\\Microsoft\\WindowsApps;C:\\Users\\maxma\\AppData\\Local\\GitHubDesktop\\bin;C:\\intelFPGA_lite\\19.1\\modelsim_ase\\win32aloem;C:\\Users\\maxma\\AppData\\Roaming\\npm;C:\\Program Files\\Microsoft Visual Studio\\2022\\Community\\Common7\\IDE\\CommonExtensions\\Microsoft\\CMake\\CMake\\bin;C:\\Program Files\\Microsoft Visual Studio\\2022\\Community\\Common7\\IDE\\CommonExtensions\\Microsoft\\CMake\\Ninja', 'PATHEXT': '.COM;.EXE;.BAT;.CMD;.VBS;.VBE;.JS;.JSE;.WSF;.WSH;.MSC;.PY;.PYW;.RB;.RBW', 'PkgDefApplicationConfigFile': 'C:\\Users\\maxma\\AppData\\Local\\Microsoft\\VisualStudio\\17.0_c3b82307\\devenv.exe.config', 'PKG_CONFIG_PATH': 'c:\\dev\\ros2\\ros2-windows\\lib\\pkgconfig', 'PROCESSOR_ARCHITECTURE': 'AMD64', 'PROCESSOR_IDENTIFIER': 'AMD64 Family 23 Model 104 Stepping 1, AuthenticAMD', 'PROCESSOR_LEVEL': '23', 'PROCESSOR_REVISION': '6801', 'ProgramData': 'C:\\ProgramData', 'ProgramFiles': 'C:\\Program Files', 'ProgramFiles(x86)': 'C:\\Program Files (x86)', 'ProgramW6432': 'C:\\Program Files', 'PROMPT': '$P$G', 'PSModulePath': 'C:\\Users\\maxma\\Documents\\WindowsPowerShell\\Modules;C:\\Users\\maxma\\AppData\\Local\\Google\\Cloud SDK\\google-cloud-sdk\\platform\\PowerShell', 'PUBLIC': 'C:\\Users\\Public', 'PYTHONPATH': 'C:\\dev\\ros2_ws\\build\\shoulder_mvmt\\prefix_override;C:\\dev\\ros2_ws\\install\\Lib\\site-packages;C:\\dev\\ros2_ws\\install\\Lib\\site-packages;C:\\ci\\ws\\install\\lib\\python3.8\\dist-packages;c:\\dev\\ros2\\ros2-windows\\Lib\\site-packages', 'QSYS_ROOTDIR': 'C:\\intelFPGA_lite\\19.1\\quartus\\sopc_builder\\bin', 'Qt5_DIR': 'C:\\Qt\\Qt5.12.12\\5.12.12\\msvc2017_64', 'QT_QPA_PLATFORM_PLUGIN_PATH': 'C:\\Qt\\Qt5.12.12\\5.12.12\\msvc2017\\plugins\\platforms', 'QUARTUS_ROOTDIR': 'C:\\intelFPGA_lite\\19.1\\quartus', 'ROS_DISTRO': 'humble', 'ROS_LOCALHOST_ONLY': '0', 'ROS_PYTHON_VERSION': '3', 'ROS_VERSION': '2', 'ServiceHubLogSessionKey': '89212D20', 'SESSIONNAME': 'Console', 'SignInWithHomeTenantOnly': 'False', 'SOPC_KIT_NIOS2': 'C:\\intelFPGA_lite\\19.1\\nios2eds', 'SystemDrive': 'C:', 'SystemRoot': 'C:\\Windows', 'TEMP': 'C:\\Users\\maxma\\AppData\\Local\\Temp', 'ThreadedWaitDialogDpiContext': '-4', 'TMP': 'C:\\Users\\maxma\\AppData\\Local\\Temp', 'UCRTVersion': '10.0.19041.0', 'UniversalCRTSdkDir': 'C:\\Program Files (x86)\\Windows Kits\\10\\', 'USERDOMAIN': 'DESKTOP-SVAIPN0', 'USERDOMAIN_ROAMINGPROFILE': 'DESKTOP-SVAIPN0', 'USERNAME': 'maxma', 'USERPROFILE': 'C:\\Users\\maxma', 'VCIDEInstallDir': 'C:\\Program Files\\Microsoft Visual Studio\\2022\\Community\\Common7\\IDE\\VC\\', 'VCINSTALLDIR': 'C:\\Program Files\\Microsoft Visual Studio\\2022\\Community\\VC\\', 'VCToolsInstallDir': 'C:\\Program Files\\Microsoft Visual Studio\\2022\\Community\\VC\\Tools\\MSVC\\14.30.30705\\', 'VCToolsRedistDir': 'C:\\Program Files\\Microsoft Visual Studio\\2022\\Community\\VC\\Redist\\MSVC\\14.30.30704\\', 'VCToolsVersion': '14.30.30705', 'VisualStudioDir': 'C:\\Users\\maxma\\Documents\\Visual Studio 2022', 'VisualStudioEdition': 'Microsoft Visual Studio Community 2022', 'VisualStudioVersion': '17.0', 'VS170COMNTOOLS': 'C:\\Program Files\\Microsoft Visual Studio\\2022\\Community\\Common7\\Tools\\', 'VSAPPIDDIR': 'C:\\Program Files\\Microsoft Visual Studio\\2022\\Community\\Common7\\IDE\\', 'VSAPPIDNAME': 'devenv.exe', 'VSCMD_ARG_app_plat': 'Desktop', 'VSCMD_ARG_HOST_ARCH': 'x86', 'VSCMD_ARG_TGT_ARCH': 'x86', 'VSCMD_VER': '17.0.1', 'VSINSTALLDIR': 'C:\\Program Files\\Microsoft Visual Studio\\2022\\Community\\', 'VSLANG': '1033', 'VSSKUEDITION': 'Community', 'windir': 'C:\\Windows', 'WindowsLibPath': 'C:\\Program Files (x86)\\Windows Kits\\10\\UnionMetadata\\10.0.19041.0;C:\\Program Files (x86)\\Windows Kits\\10\\References\\10.0.19041.0', 'WindowsSdkBinPath': 'C:\\Program Files (x86)\\Windows Kits\\10\\bin\\', 'WindowsSdkDir': 'C:\\Program Files (x86)\\Windows Kits\\10\\', 'WindowsSDKLibVersion': '10.0.19041.0\\', 'WindowsSdkVerBinPath': 'C:\\Program Files (x86)\\Windows Kits\\10\\bin\\10.0.19041.0\\', 'WindowsSDKVersion': '10.0.19041.0\\', '__DOTNET_ADD_32BIT': '1', '__DOTNET_PREFERRED_BITNESS': '32', '__VSCMD_PREINIT_PATH': 'C:\\Python38\\Scripts\\;C:\\Python38\\;C:\\Windows\\system32;C:\\Windows;C:\\Windows\\System32\\Wbem;C:\\Windows\\System32\\WindowsPowerShell\\v1.0\\;C:\\Windows\\System32\\OpenSSH\\;C:\\msys64\\mingw64\\bin;C:\\Program Files\\dotnet\\;C:\\Program Files\\Docker\\Docker\\resources\\bin;C:\\ProgramData\\DockerDesktop\\version-bin;C:\\Program Files\\nodejs\\;C:\\ProgramData\\chocolatey\\bin;C:\\Program Files\\OpenSSL-Win64\\bin\\;C:\\Program Files\\CMake\\bin\\;C:\\Program Files\\Graphviz\\bin;C:\\Program Files\\PuTTY\\;C:\\Ruby32-x64\\bin;C:\\Users\\maxma\\AppData\\Local\\Microsoft\\WindowsApps;C:\\Users\\maxma\\AppData\\Local\\GitHubDesktop\\bin;C:\\intelFPGA_lite\\19.1\\modelsim_ase\\win32aloem;C:\\Users\\maxma\\AppData\\Roaming\\npm', '__VSCMD_script_err_count': '0'}, 'shell': False}
[1.203000] (-) TimerEvent: {}
[1.312000] (-) TimerEvent: {}
[1.422000] (-) TimerEvent: {}
[1.531000] (-) TimerEvent: {}
[1.531000] (shoulder_mvmt) StdoutLine: {'line': b'running egg_info\r\n'}
[1.531000] (shoulder_mvmt) StdoutLine: {'line': b'writing ..\\..\\build\\shoulder_mvmt\\shoulder_mvmt.egg-info\\PKG-INFO\r\n'}
[1.531000] (shoulder_mvmt) StdoutLine: {'line': b'writing dependency_links to ..\\..\\build\\shoulder_mvmt\\shoulder_mvmt.egg-info\\dependency_links.txt\r\n'}
[1.531000] (shoulder_mvmt) StdoutLine: {'line': b'writing entry points to ..\\..\\build\\shoulder_mvmt\\shoulder_mvmt.egg-info\\entry_points.txt\r\n'}
[1.547000] (shoulder_mvmt) StdoutLine: {'line': b'writing requirements to ..\\..\\build\\shoulder_mvmt\\shoulder_mvmt.egg-info\\requires.txt\r\n'}
[1.547000] (shoulder_mvmt) StdoutLine: {'line': b'writing top-level names to ..\\..\\build\\shoulder_mvmt\\shoulder_mvmt.egg-info\\top_level.txt\r\n'}
[1.562000] (shoulder_mvmt) StdoutLine: {'line': b"reading manifest file '..\\..\\build\\shoulder_mvmt\\shoulder_mvmt.egg-info\\SOURCES.txt'\r\n"}
[1.562000] (shoulder_mvmt) StdoutLine: {'line': b"writing manifest file '..\\..\\build\\shoulder_mvmt\\shoulder_mvmt.egg-info\\SOURCES.txt'\r\n"}
[1.562000] (shoulder_mvmt) StdoutLine: {'line': b'running build\r\n'}
[1.562000] (shoulder_mvmt) StdoutLine: {'line': b'running build_py\r\n'}
[1.562000] (shoulder_mvmt) StdoutLine: {'line': b'copying shoulder_mvmt\\shoulder_servos.py -> C:\\dev\\ros2_ws\\build\\shoulder_mvmt\\build\\lib\\shoulder_mvmt\r\n'}
[1.578000] (shoulder_mvmt) StdoutLine: {'line': b'running install\r\n'}
[1.578000] (shoulder_mvmt) StdoutLine: {'line': b'running install_lib\r\n'}
[1.578000] (shoulder_mvmt) StdoutLine: {'line': b'copying C:\\dev\\ros2_ws\\build\\shoulder_mvmt\\build\\lib\\shoulder_mvmt\\shoulder_servos.py -> C:\\dev\\ros2_ws\\install\\Lib\\site-packages\\shoulder_mvmt\r\n'}
[1.578000] (shoulder_mvmt) StdoutLine: {'line': b'byte-compiling C:\\dev\\ros2_ws\\install\\Lib\\site-packages\\shoulder_mvmt\\shoulder_servos.py to shoulder_servos.cpython-38.pyc\r\n'}
[1.578000] (shoulder_mvmt) StdoutLine: {'line': b'running install_data\r\n'}
[1.578000] (shoulder_mvmt) StdoutLine: {'line': b'copying package.xml -> C:\\dev\\ros2_ws\\install\\share\\shoulder_mvmt\r\n'}
[1.578000] (shoulder_mvmt) StdoutLine: {'line': b'running install_egg_info\r\n'}
[1.593000] (shoulder_mvmt) StdoutLine: {'line': b"removing 'C:\\dev\\ros2_ws\\install\\Lib\\site-packages\\shoulder_mvmt-0.0.0-py3.8.egg-info' (and everything under it)\r\n"}
[1.593000] (shoulder_mvmt) StdoutLine: {'line': b'Copying ..\\..\\build\\shoulder_mvmt\\shoulder_mvmt.egg-info to C:\\dev\\ros2_ws\\install\\Lib\\site-packages\\shoulder_mvmt-0.0.0-py3.8.egg-info\r\n'}
[1.609000] (shoulder_mvmt) StdoutLine: {'line': b'running install_scripts\r\n'}
[1.640000] (-) TimerEvent: {}
[1.640000] (shoulder_mvmt) StdoutLine: {'line': b'Installing shoulder_servos-script.py script to C:\\dev\\ros2_ws\\install\\lib\\shoulder_mvmt\r\n'}
[1.640000] (shoulder_mvmt) StdoutLine: {'line': b'Installing shoulder_servos.exe script to C:\\dev\\ros2_ws\\install\\lib\\shoulder_mvmt\r\n'}
[1.640000] (shoulder_mvmt) StdoutLine: {'line': b"writing list of installed files to 'C:\\dev\\ros2_ws\\build\\shoulder_mvmt\\install.log'\r\n"}
[1.672000] (shoulder_mvmt) CommandEnded: {'returncode': 0}
[1.734000] (shoulder_mvmt) JobEnded: {'identifier': 'shoulder_mvmt', 'rc': 0}
[1.734000] (-) EventReactorShutdown: {}
