-- Selecting Windows SDK version 10.0.19041.0 to target Windows 10.0.22000.
-- The C compiler identification is MSVC 19.30.30705.0
-- The CXX compiler identification is MSVC 19.30.30705.0
-- Detecting C compiler ABI info
-- Detecting C compiler ABI info - done
-- Check for working C compiler: C:/Program Files/Microsoft Visual Studio/2022/Community/VC/Tools/MSVC/14.30.30705/bin/Hostx64/x64/cl.exe - skipped
-- Detecting C compile features
-- Detecting C compile features - done
-- Detecting CXX compiler ABI info
-- Detecting CXX compiler ABI info - done
-- Check for working CXX compiler: C:/Program Files/Microsoft Visual Studio/2022/Community/VC/Tools/MSVC/14.30.30705/bin/Hostx64/x64/cl.exe - skipped
-- Detecting CXX compile features
-- Detecting CXX compile features - done
-- Found ament_cmake: 1.3.3 (C:/dev/ros2/ros2-windows/share/ament_cmake/cmake)
-- Found Python3: C:/Python38/python.exe (found version "3.8.3") found components: Interpreter 
-- Found example_interfaces: 0.9.3 (C:/dev/ros2/ros2-windows/share/example_interfaces/cmake)
-- Found rosidl_generator_c: 3.1.4 (C:/dev/ros2/ros2-windows/share/rosidl_generator_c/cmake)
-- Found rosidl_adapter: 3.1.4 (C:/dev/ros2/ros2-windows/share/rosidl_adapter/cmake)
-- Found rosidl_generator_cpp: 3.1.4 (C:/dev/ros2/ros2-windows/share/rosidl_generator_cpp/cmake)
-- Using all available rosidl_typesupport_c: rosidl_typesupport_fastrtps_c;rosidl_typesupport_introspection_c
-- Using all available rosidl_typesupport_cpp: rosidl_typesupport_fastrtps_cpp;rosidl_typesupport_introspection_cpp
-- Found rclcpp: 16.0.3 (C:/dev/ros2/ros2-windows/share/rclcpp/cmake)
-- Found rmw_implementation_cmake: 6.1.1 (C:/dev/ros2/ros2-windows/share/rmw_implementation_cmake/cmake)
-- Found rmw_fastrtps_cpp: 6.2.2 (C:/dev/ros2/ros2-windows/share/rmw_fastrtps_cpp/cmake)
-- Found FastRTPS: C:/dev/ros2/ros2-windows/include  
-- Using RMW implementation 'rmw_fastrtps_cpp' as default
-- Performing Test CMAKE_HAVE_LIBC_PTHREAD
-- Performing Test CMAKE_HAVE_LIBC_PTHREAD - Failed
-- Looking for pthread_create in pthreads
-- Looking for pthread_create in pthreads - not found
-- Looking for pthread_create in pthread
-- Looking for pthread_create in pthread - not found
-- Found Threads: TRUE  
-- Found rclcpp_action: 16.0.3 (C:/dev/ros2/ros2-windows/share/rclcpp_action/cmake)
-- Found ament_lint_auto: 0.12.5 (C:/dev/ros2/ros2-windows/share/ament_lint_auto/cmake)
-- Added test 'copyright' to check source files copyright and LICENSE
-- Added test 'cppcheck' to perform static code analysis on C / C++ code
-- Configured cppcheck include dirs: 
-- Configured cppcheck exclude dirs and/or files: 
-- Added test 'cpplint' to check C / C++ code against the Google style
-- Configured cpplint exclude dirs and/or files: 
-- Added test 'lint_cmake' to check CMake code style
-- Added test 'uncrustify' to check C / C++ code style
-- Configured uncrustify additional arguments: 
-- Added test 'xmllint' to check XML markup files
-- Configuring done (32.3s)
-- Generating done (1.4s)
-- Build files have been written to: C:/dev/ros2_ws/build/examples_rclcpp_minimal_action_client
Microsoft (R) Build Engine version 17.0.0+c9eb9dd64 for .NET Framework
Copyright (C) Microsoft Corporation. All rights reserved.

  Checking Build System
  Building Custom Rule C:/dev/ros2_ws/src/examples/rclcpp/actions/minimal_action_client/CMakeLists.txt
  member_functions.cpp
  action_client_member_functions.vcxproj -> C:\dev\ros2_ws\build\examples_rclcpp_minimal_action_client\Release\action_client_member_functions.exe
  Building Custom Rule C:/dev/ros2_ws/src/examples/rclcpp/actions/minimal_action_client/CMakeLists.txt
  not_composable.cpp
  action_client_not_composable.vcxproj -> C:\dev\ros2_ws\build\examples_rclcpp_minimal_action_client\Release\action_client_not_composable.exe
  Building Custom Rule C:/dev/ros2_ws/src/examples/rclcpp/actions/minimal_action_client/CMakeLists.txt
  not_composable_with_cancel.cpp
  action_client_not_composable_with_cancel.vcxproj -> C:\dev\ros2_ws\build\examples_rclcpp_minimal_action_client\Release\action_client_not_composable_with_cancel.exe
  Building Custom Rule C:/dev/ros2_ws/src/examples/rclcpp/actions/minimal_action_client/CMakeLists.txt
  not_composable_with_feedback.cpp
  action_client_not_composable_with_feedback.vcxproj -> C:\dev\ros2_ws\build\examples_rclcpp_minimal_action_client\Release\action_client_not_composable_with_feedback.exe
  Building Custom Rule C:/dev/ros2_ws/src/examples/rclcpp/actions/minimal_action_client/CMakeLists.txt
-- Installing: C:/dev/ros2_ws/install/lib/examples_rclcpp_minimal_action_client/action_client_member_functions.exe
-- Installing: C:/dev/ros2_ws/install/lib/examples_rclcpp_minimal_action_client/action_client_not_composable.exe
-- Installing: C:/dev/ros2_ws/install/lib/examples_rclcpp_minimal_action_client/action_client_not_composable_with_cancel.exe
-- Installing: C:/dev/ros2_ws/install/lib/examples_rclcpp_minimal_action_client/action_client_not_composable_with_feedback.exe
-- Installing: C:/dev/ros2_ws/install/share/ament_index/resource_index/package_run_dependencies/examples_rclcpp_minimal_action_client
-- Installing: C:/dev/ros2_ws/install/share/ament_index/resource_index/parent_prefix_path/examples_rclcpp_minimal_action_client
-- Installing: C:/dev/ros2_ws/install/share/examples_rclcpp_minimal_action_client/environment/ament_prefix_path.bat
-- Installing: C:/dev/ros2_ws/install/share/examples_rclcpp_minimal_action_client/environment/ament_prefix_path.dsv
-- Installing: C:/dev/ros2_ws/install/share/examples_rclcpp_minimal_action_client/environment/path.bat
-- Installing: C:/dev/ros2_ws/install/share/examples_rclcpp_minimal_action_client/environment/path.dsv
-- Installing: C:/dev/ros2_ws/install/share/examples_rclcpp_minimal_action_client/local_setup.bat
-- Installing: C:/dev/ros2_ws/install/share/examples_rclcpp_minimal_action_client/local_setup.dsv
-- Installing: C:/dev/ros2_ws/install/share/examples_rclcpp_minimal_action_client/package.dsv
-- Installing: C:/dev/ros2_ws/install/share/ament_index/resource_index/packages/examples_rclcpp_minimal_action_client
-- Installing: C:/dev/ros2_ws/install/share/examples_rclcpp_minimal_action_client/cmake/examples_rclcpp_minimal_action_clientConfig.cmake
-- Installing: C:/dev/ros2_ws/install/share/examples_rclcpp_minimal_action_client/cmake/examples_rclcpp_minimal_action_clientConfig-version.cmake
-- Installing: C:/dev/ros2_ws/install/share/examples_rclcpp_minimal_action_client/package.xml
