[1.235s] Invoking command in 'C:\dev\ros2_ws\build\examples_rclcpp_minimal_action_client': C:\Python38\Scripts\cmake.EXE C:\dev\ros2_ws\src\examples\rclcpp\actions\minimal_action_client -DCMAKE_INSTALL_PREFIX=C:\dev\ros2_ws\install -G Visual Studio 17 2022
[5.969s] -- Selecting Windows SDK version 10.0.19041.0 to target Windows 10.0.22000.
[5.969s] -- The C compiler identification is MSVC 19.30.30705.0
[7.516s] -- The CXX compiler identification is MSVC 19.30.30705.0
[7.516s] -- Detecting C compiler ABI info
[8.844s] -- Detecting C compiler ABI info - done
[8.938s] -- Check for working C compiler: C:/Program Files/Microsoft Visual Studio/2022/Community/VC/Tools/MSVC/14.30.30705/bin/Hostx64/x64/cl.exe - skipped
[8.938s] -- Detecting C compile features
[8.953s] -- Detecting C compile features - done
[8.969s] -- Detecting CXX compiler ABI info
[11.375s] -- Detecting CXX compiler ABI info - done
[11.438s] -- Check for working CXX compiler: C:/Program Files/Microsoft Visual Studio/2022/Community/VC/Tools/MSVC/14.30.30705/bin/Hostx64/x64/cl.exe - skipped
[11.438s] -- Detecting CXX compile features
[11.438s] -- Detecting CXX compile features - done
[11.453s] -- Found ament_cmake: 1.3.3 (C:/dev/ros2/ros2-windows/share/ament_cmake/cmake)
[18.844s] -- Found Python3: C:/Python38/python.exe (found version "3.8.3") found components: Interpreter 
[19.391s] -- Found example_interfaces: 0.9.3 (C:/dev/ros2/ros2-windows/share/example_interfaces/cmake)
[20.906s] -- Found rosidl_generator_c: 3.1.4 (C:/dev/ros2/ros2-windows/share/rosidl_generator_c/cmake)
[21.078s] -- Found rosidl_adapter: 3.1.4 (C:/dev/ros2/ros2-windows/share/rosidl_adapter/cmake)
[21.688s] -- Found rosidl_generator_cpp: 3.1.4 (C:/dev/ros2/ros2-windows/share/rosidl_generator_cpp/cmake)
[22.110s] -- Using all available rosidl_typesupport_c: rosidl_typesupport_fastrtps_c;rosidl_typesupport_introspection_c
[22.813s] -- Using all available rosidl_typesupport_cpp: rosidl_typesupport_fastrtps_cpp;rosidl_typesupport_introspection_cpp
[23.891s] -- Found rclcpp: 16.0.3 (C:/dev/ros2/ros2-windows/share/rclcpp/cmake)
[24.250s] -- Found rmw_implementation_cmake: 6.1.1 (C:/dev/ros2/ros2-windows/share/rmw_implementation_cmake/cmake)
[24.266s] -- Found rmw_fastrtps_cpp: 6.2.2 (C:/dev/ros2/ros2-windows/share/rmw_fastrtps_cpp/cmake)
[24.985s] -- Found FastRTPS: C:/dev/ros2/ros2-windows/include  
[25.094s] -- Using RMW implementation 'rmw_fastrtps_cpp' as default
[25.360s] -- Performing Test CMAKE_HAVE_LIBC_PTHREAD
[27.125s] -- Performing Test CMAKE_HAVE_LIBC_PTHREAD - Failed
[27.125s] -- Looking for pthread_create in pthreads
[29.094s] -- Looking for pthread_create in pthreads - not found
[29.094s] -- Looking for pthread_create in pthread
[31.375s] -- Looking for pthread_create in pthread - not found
[31.375s] -- Found Threads: TRUE  
[32.703s] -- Found rclcpp_action: 16.0.3 (C:/dev/ros2/ros2-windows/share/rclcpp_action/cmake)
[33.047s] -- Found ament_lint_auto: 0.12.5 (C:/dev/ros2/ros2-windows/share/ament_lint_auto/cmake)
[33.594s] -- Added test 'copyright' to check source files copyright and LICENSE
[33.610s] -- Added test 'cppcheck' to perform static code analysis on C / C++ code
[33.610s] -- Configured cppcheck include dirs: 
[33.610s] -- Configured cppcheck exclude dirs and/or files: 
[33.625s] -- Added test 'cpplint' to check C / C++ code against the Google style
[33.625s] -- Configured cpplint exclude dirs and/or files: 
[33.641s] -- Added test 'lint_cmake' to check CMake code style
[33.656s] -- Added test 'uncrustify' to check C / C++ code style
[33.656s] -- Configured uncrustify additional arguments: 
[33.656s] -- Added test 'xmllint' to check XML markup files
[33.719s] -- Configuring done (32.3s)
[35.313s] -- Generating done (1.4s)
[35.391s] -- Build files have been written to: C:/dev/ros2_ws/build/examples_rclcpp_minimal_action_client
[35.766s] Invoked command in 'C:\dev\ros2_ws\build\examples_rclcpp_minimal_action_client' returned '0': C:\Python38\Scripts\cmake.EXE C:\dev\ros2_ws\src\examples\rclcpp\actions\minimal_action_client -DCMAKE_INSTALL_PREFIX=C:\dev\ros2_ws\install -G Visual Studio 17 2022
[35.766s] Invoking command in 'C:\dev\ros2_ws\build\examples_rclcpp_minimal_action_client': CL=/MP C:\Python38\Scripts\cmake.EXE --build C:\dev\ros2_ws\build\examples_rclcpp_minimal_action_client --config Release
[36.469s] Microsoft (R) Build Engine version 17.0.0+c9eb9dd64 for .NET Framework
[36.469s] Copyright (C) Microsoft Corporation. All rights reserved.
[36.469s] 
[37.360s]   Checking Build System
[37.735s]   Building Custom Rule C:/dev/ros2_ws/src/examples/rclcpp/actions/minimal_action_client/CMakeLists.txt
[38.203s]   member_functions.cpp
[53.516s]   action_client_member_functions.vcxproj -> C:\dev\ros2_ws\build\examples_rclcpp_minimal_action_client\Release\action_client_member_functions.exe
[53.922s]   Building Custom Rule C:/dev/ros2_ws/src/examples/rclcpp/actions/minimal_action_client/CMakeLists.txt
[54.953s]   not_composable.cpp
[66.766s]   action_client_not_composable.vcxproj -> C:\dev\ros2_ws\build\examples_rclcpp_minimal_action_client\Release\action_client_not_composable.exe
[66.906s]   Building Custom Rule C:/dev/ros2_ws/src/examples/rclcpp/actions/minimal_action_client/CMakeLists.txt
[67.063s]   not_composable_with_cancel.cpp
[77.953s]   action_client_not_composable_with_cancel.vcxproj -> C:\dev\ros2_ws\build\examples_rclcpp_minimal_action_client\Release\action_client_not_composable_with_cancel.exe
[78.063s]   Building Custom Rule C:/dev/ros2_ws/src/examples/rclcpp/actions/minimal_action_client/CMakeLists.txt
[78.203s]   not_composable_with_feedback.cpp
[87.047s]   action_client_not_composable_with_feedback.vcxproj -> C:\dev\ros2_ws\build\examples_rclcpp_minimal_action_client\Release\action_client_not_composable_with_feedback.exe
[87.110s]   Building Custom Rule C:/dev/ros2_ws/src/examples/rclcpp/actions/minimal_action_client/CMakeLists.txt
[87.219s] Invoked command in 'C:\dev\ros2_ws\build\examples_rclcpp_minimal_action_client' returned '0': CL=/MP C:\Python38\Scripts\cmake.EXE --build C:\dev\ros2_ws\build\examples_rclcpp_minimal_action_client --config Release
[87.219s] Invoking command in 'C:\dev\ros2_ws\build\examples_rclcpp_minimal_action_client': C:\Python38\Scripts\cmake.EXE --install C:\dev\ros2_ws\build\examples_rclcpp_minimal_action_client --config Release
[87.360s] -- Installing: C:/dev/ros2_ws/install/lib/examples_rclcpp_minimal_action_client/action_client_member_functions.exe
[87.391s] -- Installing: C:/dev/ros2_ws/install/lib/examples_rclcpp_minimal_action_client/action_client_not_composable.exe
[87.406s] -- Installing: C:/dev/ros2_ws/install/lib/examples_rclcpp_minimal_action_client/action_client_not_composable_with_cancel.exe
[87.422s] -- Installing: C:/dev/ros2_ws/install/lib/examples_rclcpp_minimal_action_client/action_client_not_composable_with_feedback.exe
[87.422s] -- Installing: C:/dev/ros2_ws/install/share/ament_index/resource_index/package_run_dependencies/examples_rclcpp_minimal_action_client
[87.438s] -- Installing: C:/dev/ros2_ws/install/share/ament_index/resource_index/parent_prefix_path/examples_rclcpp_minimal_action_client
[87.438s] -- Installing: C:/dev/ros2_ws/install/share/examples_rclcpp_minimal_action_client/environment/ament_prefix_path.bat
[87.438s] -- Installing: C:/dev/ros2_ws/install/share/examples_rclcpp_minimal_action_client/environment/ament_prefix_path.dsv
[87.438s] -- Installing: C:/dev/ros2_ws/install/share/examples_rclcpp_minimal_action_client/environment/path.bat
[87.438s] -- Installing: C:/dev/ros2_ws/install/share/examples_rclcpp_minimal_action_client/environment/path.dsv
[87.453s] -- Installing: C:/dev/ros2_ws/install/share/examples_rclcpp_minimal_action_client/local_setup.bat
[87.469s] -- Installing: C:/dev/ros2_ws/install/share/examples_rclcpp_minimal_action_client/local_setup.dsv
[87.469s] -- Installing: C:/dev/ros2_ws/install/share/examples_rclcpp_minimal_action_client/package.dsv
[87.469s] -- Installing: C:/dev/ros2_ws/install/share/ament_index/resource_index/packages/examples_rclcpp_minimal_action_client
[87.485s] -- Installing: C:/dev/ros2_ws/install/share/examples_rclcpp_minimal_action_client/cmake/examples_rclcpp_minimal_action_clientConfig.cmake
[87.485s] -- Installing: C:/dev/ros2_ws/install/share/examples_rclcpp_minimal_action_client/cmake/examples_rclcpp_minimal_action_clientConfig-version.cmake
[87.485s] -- Installing: C:/dev/ros2_ws/install/share/examples_rclcpp_minimal_action_client/package.xml
[87.516s] Invoked command in 'C:\dev\ros2_ws\build\examples_rclcpp_minimal_action_client' returned '0': C:\Python38\Scripts\cmake.EXE --install C:\dev\ros2_ws\build\examples_rclcpp_minimal_action_client --config Release
